<Event xmlns='http://schemas.microsoft.com/win/2004/08/events/event'><System><Provider Name='Microsoft-Windows-Sysmon' Guid='{5770385f-c22a-43e0-bf4c-06f5698ffbd9}'/><EventID>22</EventID><Version>5</Version><Level>4</Level><Task>22</Task><Opcode>0</Opcode><Keywords>0x8000000000000000</Keywords><TimeCreated SystemTime='2026-04-25T16:06:45.6525946Z'/><EventRecordID>608</EventRecordID><Correlation/><Execution ProcessID='2832' ThreadID='3732'/><Channel>Microsoft-Windows-Sysmon/Operational</Channel><Computer>DESKTOP-7JEP204</Computer><Security UserID='S-1-5-18'/></System><EventData><Data Name='RuleName'>-</Data><Data Name='UtcTime'>2026-03-30 03:26:28.912</Data><Data Name='ProcessGuid'>{2c24d1db-a332-69ec-6401-000000001400}</Data><Data Name='ProcessId'>972</Data><Data Name='QueryName'>ecs.office.com</Data><Data Name='QueryStatus'>1460</Data><Data Name='QueryResults'>-</Data><Data Name='Image'>C:\Users\User\AppData\Local\Microsoft\OneDrive\26.040.0301.0001\OneDrive.Sync.Service.exe</Data><Data Name='User'>DESKTOP-7JEP204\User</Data></EventData></Event>
<Event xmlns='http://schemas.microsoft.com/win/2004/08/events/event'><System><Provider Name='Microsoft-Windows-Sysmon' Guid='{5770385f-c22a-43e0-bf4c-06f5698ffbd9}'/><EventID>3</EventID><Version>5</Version><Level>4</Level><Task>3</Task><Opcode>0</Opcode><Keywords>0x8000000000000000</Keywords><TimeCreated SystemTime='2026-04-25T16:06:46.4713563Z'/><EventRecordID>609</EventRecordID><Correlation/><Execution ProcessID='2832' ThreadID='3708'/><Channel>Microsoft-Windows-Sysmon/Operational</Channel><Computer>DESKTOP-7JEP204</Computer><Security UserID='S-1-5-18'/></System><EventData><Data Name='RuleName'>Usermode</Data><Data Name='UtcTime'>2026-03-30 03:26:30.603</Data><Data Name='ProcessGuid'>{2c24d1db-e323-69ec-d201-000000001400}</Data><Data Name='ProcessId'>2728</Data><Data Name='Image'>C:\Users\User\AppData\Local\Programs\Python\Python314\python.exe</Data><Data Name='User'>DESKTOP-7JEP204\User</Data><Data Name='Protocol'>tcp</Data><Data Name='Initiated'>false</Data><Data Name='SourceIsIpv6'>false</Data><Data Name='SourceIp'>192.168.56.1</Data><Data Name='SourceHostname'>-</Data><Data Name='SourcePort'>52889</Data><Data Name='SourcePortName'>-</Data><Data Name='DestinationIsIpv6'>false</Data><Data Name='DestinationIp'>192.168.56.103</Data><Data Name='DestinationHostname'>DESKTOP-7JEP204</Data><Data Name='DestinationPort'>8000</Data><Data Name='DestinationPortName'>-</Data></EventData></Event>
<Event xmlns='http://schemas.microsoft.com/win/2004/08/events/event'><System><Provider Name='Microsoft-Windows-Sysmon' Guid='{5770385f-c22a-43e0-bf4c-06f5698ffbd9}'/><EventID>3</EventID><Version>5</Version><Level>4</Level><Task>3</Task><Opcode>0</Opcode><Keywords>0x8000000000000000</Keywords><TimeCreated SystemTime='2026-04-25T16:06:51.4592799Z'/><EventRecordID>610</EventRecordID><Correlation/><Execution ProcessID='2832' ThreadID='3708'/><Channel>Microsoft-Windows-Sysmon/Operational</Channel><Computer>DESKTOP-7JEP204</Computer><Security UserID='S-1-5-18'/></System><EventData><Data Name='RuleName'>Usermode</Data><Data Name='UtcTime'>2026-03-30 03:26:35.617</Data><Data Name='ProcessGuid'>{2c24d1db-e323-69ec-d201-000000001400}</Data><Data Name='ProcessId'>2728</Data><Data Name='Image'>C:\Users\User\AppData\Local\Programs\Python\Python314\python.exe</Data><Data Name='User'>DESKTOP-7JEP204\User</Data><Data Name='Protocol'>tcp</Data><Data Name='Initiated'>false</Data><Data Name='SourceIsIpv6'>false</Data><Data Name='SourceIp'>192.168.56.1</Data><Data Name='SourceHostname'>-</Data><Data Name='SourcePort'>52895</Data><Data Name='SourcePortName'>-</Data><Data Name='DestinationIsIpv6'>false</Data><Data Name='DestinationIp'>192.168.56.103</Data><Data Name='DestinationHostname'>DESKTOP-7JEP204</Data><Data Name='DestinationPort'>8000</Data><Data Name='DestinationPortName'>-</Data></EventData></Event>
<Event xmlns='http://schemas.microsoft.com/win/2004/08/events/event'><System><Provider Name='Microsoft-Windows-Sysmon' Guid='{5770385f-c22a-43e0-bf4c-06f5698ffbd9}'/><EventID>22</EventID><Version>5</Version><Level>4</Level><Task>22</Task><Opcode>0</Opcode><Keywords>0x8000000000000000</Keywords><TimeCreated SystemTime='2026-04-25T16:06:53.8394061Z'/><EventRecordID>611</EventRecordID><Correlation/><Execution ProcessID='2832' ThreadID='3732'/><Channel>Microsoft-Windows-Sysmon/Operational</Channel><Computer>DESKTOP-7JEP204</Computer><Security UserID='S-1-5-18'/></System><EventData><Data Name='RuleName'>-</Data><Data Name='UtcTime'>2026-03-30 03:26:38.935</Data><Data Name='ProcessGuid'>{2c24d1db-a332-69ec-6401-000000001400}</Data><Data Name='ProcessId'>972</Data><Data Name='QueryName'>ecs.office.com</Data><Data Name='QueryStatus'>1460</Data><Data Name='QueryResults'>-</Data><Data Name='Image'>C:\Users\User\AppData\Local\Microsoft\OneDrive\26.040.0301.0001\OneDrive.Sync.Service.exe</Data><Data Name='User'>DESKTOP-7JEP204\User</Data></EventData></Event>
<Event xmlns='http://schemas.microsoft.com/win/2004/08/events/event'><System><Provider Name='Microsoft-Windows-Sysmon' Guid='{5770385f-c22a-43e0-bf4c-06f5698ffbd9}'/><EventID>3</EventID><Version>5</Version><Level>4</Level><Task>3</Task><Opcode>0</Opcode><Keywords>0x8000000000000000</Keywords><TimeCreated SystemTime='2026-04-25T16:06:55.9878591Z'/><EventRecordID>612</EventRecordID><Correlation/><Execution ProcessID='2832' ThreadID='3708'/><Channel>Microsoft-Windows-Sysmon/Operational</Channel><Computer>DESKTOP-7JEP204</Computer><Security UserID='S-1-5-18'/></System><EventData><Data Name='RuleName'>Usermode</Data><Data Name='UtcTime'>2026-03-30 03:26:40.632</Data><Data Name='ProcessGuid'>{2c24d1db-e323-69ec-d201-000000001400}</Data><Data Name='ProcessId'>2728</Data><Data Name='Image'>C:\Users\User\AppData\Local\Programs\Python\Python314\python.exe</Data><Data Name='User'>DESKTOP-7JEP204\User</Data><Data Name='Protocol'>tcp</Data><Data Name='Initiated'>false</Data><Data Name='SourceIsIpv6'>false</Data><Data Name='SourceIp'>192.168.56.1</Data><Data Name='SourceHostname'>-</Data><Data Name='SourcePort'>52900</Data><Data Name='SourcePortName'>-</Data><Data Name='DestinationIsIpv6'>false</Data><Data Name='DestinationIp'>192.168.56.103</Data><Data Name='DestinationHostname'>DESKTOP-7JEP204</Data><Data Name='DestinationPort'>8000</Data><Data Name='DestinationPortName'>-</Data></EventData></Event>
<Event xmlns='http://schemas.microsoft.com/win/2004/08/events/event'><System><Provider Name='Microsoft-Windows-Sysmon' Guid='{5770385f-c22a-43e0-bf4c-06f5698ffbd9}'/><EventID>3</EventID><Version>5</Version><Level>4</Level><Task>3</Task><Opcode>0</Opcode><Keywords>0x8000000000000000</Keywords><TimeCreated SystemTime='2026-04-25T16:07:00.5837357Z'/><EventRecordID>613</EventRecordID><Correlation/><Execution ProcessID='2832' ThreadID='3708'/><Channel>Microsoft-Windows-Sysmon/Operational</Channel><Computer>DESKTOP-7JEP204</Computer><Security UserID='S-1-5-18'/></System><EventData><Data Name='RuleName'>Usermode</Data><Data Name='UtcTime'>2026-03-30 03:26:45.650</Data><Data Name='ProcessGuid'>{2c24d1db-e323-69ec-d201-000000001400}</Data><Data Name='ProcessId'>2728</Data><Data Name='Image'>C:\Users\User\AppData\Local\Programs\Python\Python314\python.exe</Data><Data Name='User'>DESKTOP-7JEP204\User</Data><Data Name='Protocol'>tcp</Data><Data Name='Initiated'>false</Data><Data Name='SourceIsIpv6'>false</Data><Data Name='SourceIp'>192.168.56.1</Data><Data Name='SourceHostname'>-</Data><Data Name='SourcePort'>52904</Data><Data Name='SourcePortName'>-</Data><Data Name='DestinationIsIpv6'>false</Data><Data Name='DestinationIp'>192.168.56.103</Data><Data Name='DestinationHostname'>DESKTOP-7JEP204</Data><Data Name='DestinationPort'>8000</Data><Data Name='DestinationPortName'>-</Data></EventData></Event>
<Event xmlns='http://schemas.microsoft.com/win/2004/08/events/event'><System><Provider Name='Microsoft-Windows-Sysmon' Guid='{5770385f-c22a-43e0-bf4c-06f5698ffbd9}'/><EventID>3</EventID><Version>5</Version><Level>4</Level><Task>3</Task><Opcode>0</Opcode><Keywords>0x8000000000000000</Keywords><TimeCreated SystemTime='2026-04-25T16:07:04.6227550Z'/><EventRecordID>614</EventRecordID><Correlation/><Execution ProcessID='2832' ThreadID='3708'/><Channel>Microsoft-Windows-Sysmon/Operational</Channel><Computer>DESKTOP-7JEP204</Computer><Security UserID='S-1-5-18'/></System><EventData><Data Name='RuleName'>Usermode</Data><Data Name='UtcTime'>2026-03-30 03:26:50.663</Data><Data Name='ProcessGuid'>{2c24d1db-e323-69ec-d201-000000001400}</Data><Data Name='ProcessId'>2728</Data><Data Name='Image'>C:\Users\User\AppData\Local\Programs\Python\Python314\python.exe</Data><Data Name='User'>DESKTOP-7JEP204\User</Data><Data Name='Protocol'>tcp</Data><Data Name='Initiated'>false</Data><Data Name='SourceIsIpv6'>false</Data><Data Name='SourceIp'>192.168.56.1</Data><Data Name='SourceHostname'>-</Data><Data Name='SourcePort'>52912</Data><Data Name='SourcePortName'>-</Data><Data Name='DestinationIsIpv6'>false</Data><Data Name='DestinationIp'>192.168.56.103</Data><Data Name='DestinationHostname'>DESKTOP-7JEP204</Data><Data Name='DestinationPort'>8000</Data><Data Name='DestinationPortName'>-</Data></EventData></Event>
<Event xmlns='http://schemas.microsoft.com/win/2004/08/events/event'><System><Provider Name='Microsoft-Windows-Sysmon' Guid='{5770385f-c22a-43e0-bf4c-06f5698ffbd9}'/><EventID>3</EventID><Version>5</Version><Level>4</Level><Task>3</Task><Opcode>0</Opcode><Keywords>0x8000000000000000</Keywords><TimeCreated SystemTime='2026-04-25T16:07:09.2880485Z'/><EventRecordID>615</EventRecordID><Correlation/><Execution ProcessID='2832' ThreadID='3708'/><Channel>Microsoft-Windows-Sysmon/Operational</Channel><Computer>DESKTOP-7JEP204</Computer><Security UserID='S-1-5-18'/></System><EventData><Data Name='RuleName'>Usermode</Data><Data Name='UtcTime'>2026-03-30 03:26:55.678</Data><Data Name='ProcessGuid'>{2c24d1db-e323-69ec-d201-000000001400}</Data><Data Name='ProcessId'>2728</Data><Data Name='Image'>C:\Users\User\AppData\Local\Programs\Python\Python314\python.exe</Data><Data Name='User'>DESKTOP-7JEP204\User</Data><Data Name='Protocol'>tcp</Data><Data Name='Initiated'>false</Data><Data Name='SourceIsIpv6'>false</Data><Data Name='SourceIp'>192.168.56.1</Data><Data Name='SourceHostname'>-</Data><Data Name='SourcePort'>52918</Data><Data Name='SourcePortName'>-</Data><Data Name='DestinationIsIpv6'>false</Data><Data Name='DestinationIp'>192.168.56.103</Data><Data Name='DestinationHostname'>DESKTOP-7JEP204</Data><Data Name='DestinationPort'>8000</Data><Data Name='DestinationPortName'>-</Data></EventData></Event>
<Event xmlns='http://schemas.microsoft.com/win/2004/08/events/event'><System><Provider Name='Microsoft-Windows-Sysmon' Guid='{5770385f-c22a-43e0-bf4c-06f5698ffbd9}'/><EventID>3</EventID><Version>5</Version><Level>4</Level><Task>3</Task><Opcode>0</Opcode><Keywords>0x8000000000000000</Keywords><TimeCreated SystemTime='2026-04-25T16:07:12.1993728Z'/><EventRecordID>616</EventRecordID><Correlation/><Execution ProcessID='2832' ThreadID='3708'/><Channel>Microsoft-Windows-Sysmon/Operational</Channel><Computer>DESKTOP-7JEP204</Computer><Security UserID='S-1-5-18'/></System><EventData><Data Name='RuleName'>Usermode</Data><Data Name='UtcTime'>2026-03-30 03:27:00.696</Data><Data Name='ProcessGuid'>{2c24d1db-e323-69ec-d201-000000001400}</Data><Data Name='ProcessId'>2728</Data><Data Name='Image'>C:\Users\User\AppData\Local\Programs\Python\Python314\python.exe</Data><Data Name='User'>DESKTOP-7JEP204\User</Data><Data Name='Protocol'>tcp</Data><Data Name='Initiated'>false</Data><Data Name='SourceIsIpv6'>false</Data><Data Name='SourceIp'>192.168.56.1</Data><Data Name='SourceHostname'>-</Data><Data Name='SourcePort'>52924</Data><Data Name='SourcePortName'>-</Data><Data Name='DestinationIsIpv6'>false</Data><Data Name='DestinationIp'>192.168.56.103</Data><Data Name='DestinationHostname'>DESKTOP-7JEP204</Data><Data Name='DestinationPort'>8000</Data><Data Name='DestinationPortName'>-</Data></EventData></Event>
<Event xmlns='http://schemas.microsoft.com/win/2004/08/events/event'><System><Provider Name='Microsoft-Windows-Sysmon' Guid='{5770385f-c22a-43e0-bf4c-06f5698ffbd9}'/><EventID>3</EventID><Version>5</Version><Level>4</Level><Task>3</Task><Opcode>0</Opcode><Keywords>0x8000000000000000</Keywords><TimeCreated SystemTime='2026-04-25T16:07:16.5116056Z'/><EventRecordID>617</EventRecordID><Correlation/><Execution ProcessID='2832' ThreadID='3708'/><Channel>Microsoft-Windows-Sysmon/Operational</Channel><Computer>DESKTOP-7JEP204</Computer><Security UserID='S-1-5-18'/></System><EventData><Data Name='RuleName'>Usermode</Data><Data Name='UtcTime'>2026-03-30 03:27:05.722</Data><Data Name='ProcessGuid'>{2c24d1db-e323-69ec-d201-000000001400}</Data><Data Name='ProcessId'>2728</Data><Data Name='Image'>C:\Users\User\AppData\Local\Programs\Python\Python314\python.exe</Data><Data Name='User'>DESKTOP-7JEP204\User</Data><Data Name='Protocol'>tcp</Data><Data Name='Initiated'>false</Data><Data Name='SourceIsIpv6'>false</Data><Data Name='SourceIp'>192.168.56.1</Data><Data Name='SourceHostname'>-</Data><Data Name='SourcePort'>52927</Data><Data Name='SourcePortName'>-</Data><Data Name='DestinationIsIpv6'>false</Data><Data Name='DestinationIp'>192.168.56.103</Data><Data Name='DestinationHostname'>DESKTOP-7JEP204</Data><Data Name='DestinationPort'>8000</Data><Data Name='DestinationPortName'>-</Data></EventData></Event>
<Event xmlns='http://schemas.microsoft.com/win/2004/08/events/event'><System><Provider Name='Microsoft-Windows-Sysmon' Guid='{5770385f-c22a-43e0-bf4c-06f5698ffbd9}'/><EventID>3</EventID><Version>5</Version><Level>4</Level><Task>3</Task><Opcode>0</Opcode><Keywords>0x8000000000000000</Keywords><TimeCreated SystemTime='2026-04-25T16:07:19.8813909Z'/><EventRecordID>618</EventRecordID><Correlation/><Execution ProcessID='2832' ThreadID='3708'/><Channel>Microsoft-Windows-Sysmon/Operational</Channel><Computer>DESKTOP-7JEP204</Computer><Security UserID='S-1-5-18'/></System><EventData><Data Name='RuleName'>Usermode</Data><Data Name='UtcTime'>2026-03-30 03:27:10.731</Data><Data Name='ProcessGuid'>{2c24d1db-e323-69ec-d201-000000001400}</Data><Data Name='ProcessId'>2728</Data><Data Name='Image'>C:\Users\User\AppData\Local\Programs\Python\Python314\python.exe</Data><Data Name='User'>DESKTOP-7JEP204\User</Data><Data Name='Protocol'>tcp</Data><Data Name='Initiated'>false</Data><Data Name='SourceIsIpv6'>false</Data><Data Name='SourceIp'>192.168.56.1</Data><Data Name='SourceHostname'>-</Data><Data Name='SourcePort'>52933</Data><Data Name='SourcePortName'>-</Data><Data Name='DestinationIsIpv6'>false</Data><Data Name='DestinationIp'>192.168.56.103</Data><Data Name='DestinationHostname'>DESKTOP-7JEP204</Data><Data Name='DestinationPort'>8000</Data><Data Name='DestinationPortName'>-</Data></EventData></Event>
<Event xmlns='http://schemas.microsoft.com/win/2004/08/events/event'><System><Provider Name='Microsoft-Windows-Sysmon' Guid='{5770385f-c22a-43e0-bf4c-06f5698ffbd9}'/><EventID>3</EventID><Version>5</Version><Level>4</Level><Task>3</Task><Opcode>0</Opcode><Keywords>0x8000000000000000</Keywords><TimeCreated SystemTime='2026-04-25T16:07:23.0372142Z'/><EventRecordID>619</EventRecordID><Correlation/><Execution ProcessID='2832' ThreadID='3708'/><Channel>Microsoft-Windows-Sysmon/Operational</Channel><Computer>DESKTOP-7JEP204</Computer><Security UserID='S-1-5-18'/></System><EventData><Data Name='RuleName'>Usermode</Data><Data Name='UtcTime'>2026-03-30 03:27:15.741</Data><Data Name='ProcessGuid'>{2c24d1db-e323-69ec-d201-000000001400}</Data><Data Name='ProcessId'>2728</Data><Data Name='Image'>C:\Users\User\AppData\Local\Programs\Python\Python314\python.exe</Data><Data Name='User'>DESKTOP-7JEP204\User</Data><Data Name='Protocol'>tcp</Data><Data Name='Initiated'>false</Data><Data Name='SourceIsIpv6'>false</Data><Data Name='SourceIp'>192.168.56.1</Data><Data Name='SourceHostname'>-</Data><Data Name='SourcePort'>49670</Data><Data Name='SourcePortName'>-</Data><Data Name='DestinationIsIpv6'>false</Data><Data Name='DestinationIp'>192.168.56.103</Data><Data Name='DestinationHostname'>DESKTOP-7JEP204</Data><Data Name='DestinationPort'>8000</Data><Data Name='DestinationPortName'>-</Data></EventData></Event>
<Event xmlns='http://schemas.microsoft.com/win/2004/08/events/event'><System><Provider Name='Microsoft-Windows-Sysmon' Guid='{5770385f-c22a-43e0-bf4c-06f5698ffbd9}'/><EventID>3</EventID><Version>5</Version><Level>4</Level><Task>3</Task><Opcode>0</Opcode><Keywords>0x8000000000000000</Keywords><TimeCreated SystemTime='2026-04-25T16:07:25.3926710Z'/><EventRecordID>620</EventRecordID><Correlation/><Execution ProcessID='2832' ThreadID='3708'/><Channel>Microsoft-Windows-Sysmon/Operational</Channel><Computer>DESKTOP-7JEP204</Computer><Security UserID='S-1-5-18'/></System><EventData><Data Name='RuleName'>Usermode</Data><Data Name='UtcTime'>2026-03-30 03:27:20.755</Data><Data Name='ProcessGuid'>{2c24d1db-e323-69ec-d201-000000001400}</Data><Data Name='ProcessId'>2728</Data><Data Name='Image'>C:\Users\User\AppData\Local\Programs\Python\Python314\python.exe</Data><Data Name='User'>DESKTOP-7JEP204\User</Data><Data Name='Protocol'>tcp</Data><Data Name='Initiated'>false</Data><Data Name='SourceIsIpv6'>false</Data><Data Name='SourceIp'>192.168.56.1</Data><Data Name='SourceHostname'>-</Data><Data Name='SourcePort'>49679</Data><Data Name='SourcePortName'>-</Data><Data Name='DestinationIsIpv6'>false</Data><Data Name='DestinationIp'>192.168.56.103</Data><Data Name='DestinationHostname'>DESKTOP-7JEP204</Data><Data Name='DestinationPort'>8000</Data><Data Name='DestinationPortName'>-</Data></EventData></Event>
<Event xmlns='http://schemas.microsoft.com/win/2004/08/events/event'><System><Provider Name='Microsoft-Windows-Sysmon' Guid='{5770385f-c22a-43e0-bf4c-06f5698ffbd9}'/><EventID>3</EventID><Version>5</Version><Level>4</Level><Task>3</Task><Opcode>0</Opcode><Keywords>0x8000000000000000</Keywords><TimeCreated SystemTime='2026-04-25T16:07:28.3534273Z'/><EventRecordID>621</EventRecordID><Correlation/><Execution ProcessID='2832' ThreadID='3708'/><Channel>Microsoft-Windows-Sysmon/Operational</Channel><Computer>DESKTOP-7JEP204</Computer><Security UserID='S-1-5-18'/></System><EventData><Data Name='RuleName'>Usermode</Data><Data Name='UtcTime'>2026-03-30 03:27:25.761</Data><Data Name='ProcessGuid'>{2c24d1db-e323-69ec-d201-000000001400}</Data><Data Name='ProcessId'>2728</Data><Data Name='Image'>C:\Users\User\AppData\Local\Programs\Python\Python314\python.exe</Data><Data Name='User'>DESKTOP-7JEP204\User</Data><Data Name='Protocol'>tcp</Data><Data Name='Initiated'>false</Data><Data Name='SourceIsIpv6'>false</Data><Data Name='SourceIp'>192.168.56.1</Data><Data Name='SourceHostname'>-</Data><Data Name='SourcePort'>49698</Data><Data Name='SourcePortName'>-</Data><Data Name='DestinationIsIpv6'>false</Data><Data Name='DestinationIp'>192.168.56.103</Data><Data Name='DestinationHostname'>DESKTOP-7JEP204</Data><Data Name='DestinationPort'>8000</Data><Data Name='DestinationPortName'>-</Data></EventData></Event>
<Event xmlns='http://schemas.microsoft.com/win/2004/08/events/event'><System><Provider Name='Microsoft-Windows-Sysmon' Guid='{5770385f-c22a-43e0-bf4c-06f5698ffbd9}'/><EventID>3</EventID><Version>5</Version><Level>4</Level><Task>3</Task><Opcode>0</Opcode><Keywords>0x8000000000000000</Keywords><TimeCreated SystemTime='2026-04-25T16:07:32.3430451Z'/><EventRecordID>622</EventRecordID><Correlation/><Execution ProcessID='2832' ThreadID='3708'/><Channel>Microsoft-Windows-Sysmon/Operational</Channel><Computer>DESKTOP-7JEP204</Computer><Security UserID='S-1-5-18'/></System><EventData><Data Name='RuleName'>Usermode</Data><Data Name='UtcTime'>2026-03-30 03:27:30.776</Data><Data Name='ProcessGuid'>{2c24d1db-e323-69ec-d201-000000001400}</Data><Data Name='ProcessId'>2728</Data><Data Name='Image'>C:\Users\User\AppData\Local\Programs\Python\Python314\python.exe</Data><Data Name='User'>DESKTOP-7JEP204\User</Data><Data Name='Protocol'>tcp</Data><Data Name='Initiated'>false</Data><Data Name='SourceIsIpv6'>false</Data><Data Name='SourceIp'>192.168.56.1</Data><Data Name='SourceHostname'>-</Data><Data Name='SourcePort'>49707</Data><Data Name='SourcePortName'>-</Data><Data Name='DestinationIsIpv6'>false</Data><Data Name='DestinationIp'>192.168.56.103</Data><Data Name='DestinationHostname'>DESKTOP-7JEP204</Data><Data Name='DestinationPort'>8000</Data><Data Name='DestinationPortName'>-</Data></EventData></Event>
<Event xmlns='http://schemas.microsoft.com/win/2004/08/events/event'><System><Provider Name='Microsoft-Windows-Sysmon' Guid='{5770385f-c22a-43e0-bf4c-06f5698ffbd9}'/><EventID>3</EventID><Version>5</Version><Level>4</Level><Task>3</Task><Opcode>0</Opcode><Keywords>0x8000000000000000</Keywords><TimeCreated SystemTime='2026-04-25T16:07:35.5649732Z'/><EventRecordID>623</EventRecordID><Correlation/><Execution ProcessID='2832' ThreadID='3708'/><Channel>Microsoft-Windows-Sysmon/Operational</Channel><Computer>DESKTOP-7JEP204</Computer><Security UserID='S-1-5-18'/></System><EventData><Data Name='RuleName'>Usermode</Data><Data Name='UtcTime'>2026-03-30 03:27:35.790</Data><Data Name='ProcessGuid'>{2c24d1db-e323-69ec-d201-000000001400}</Data><Data Name='ProcessId'>2728</Data><Data Name='Image'>C:\Users\User\AppData\Local\Programs\Python\Python314\python.exe</Data><Data Name='User'>DESKTOP-7JEP204\User</Data><Data Name='Protocol'>tcp</Data><Data Name='Initiated'>false</Data><Data Name='SourceIsIpv6'>false</Data><Data Name='SourceIp'>192.168.56.1</Data><Data Name='SourceHostname'>-</Data><Data Name='SourcePort'>49714</Data><Data Name='SourcePortName'>-</Data><Data Name='DestinationIsIpv6'>false</Data><Data Name='DestinationIp'>192.168.56.103</Data><Data Name='DestinationHostname'>DESKTOP-7JEP204</Data><Data Name='DestinationPort'>8000</Data><Data Name='DestinationPortName'>-</Data></EventData></Event>
<Event xmlns='http://schemas.microsoft.com/win/2004/08/events/event'><System><Provider Name='Microsoft-Windows-Sysmon' Guid='{5770385f-c22a-43e0-bf4c-06f5698ffbd9}'/><EventID>3</EventID><Version>5</Version><Level>4</Level><Task>3</Task><Opcode>0</Opcode><Keywords>0x8000000000000000</Keywords><TimeCreated SystemTime='2026-04-25T16:07:38.4163051Z'/><EventRecordID>624</EventRecordID><Correlation/><Execution ProcessID='2832' ThreadID='3708'/><Channel>Microsoft-Windows-Sysmon/Operational</Channel><Computer>DESKTOP-7JEP204</Computer><Security UserID='S-1-5-18'/></System><EventData><Data Name='RuleName'>Usermode</Data><Data Name='UtcTime'>2026-03-30 03:27:40.804</Data><Data Name='ProcessGuid'>{2c24d1db-e323-69ec-d201-000000001400}</Data><Data Name='ProcessId'>2728</Data><Data Name='Image'>C:\Users\User\AppData\Local\Programs\Python\Python314\python.exe</Data><Data Name='User'>DESKTOP-7JEP204\User</Data><Data Name='Protocol'>tcp</Data><Data Name='Initiated'>false</Data><Data Name='SourceIsIpv6'>false</Data><Data Name='SourceIp'>192.168.56.1</Data><Data Name='SourceHostname'>-</Data><Data Name='SourcePort'>49720</Data><Data Name='SourcePortName'>-</Data><Data Name='DestinationIsIpv6'>false</Data><Data Name='DestinationIp'>192.168.56.103</Data><Data Name='DestinationHostname'>DESKTOP-7JEP204</Data><Data Name='DestinationPort'>8000</Data><Data Name='DestinationPortName'>-</Data></EventData></Event>
<Event xmlns='http://schemas.microsoft.com/win/2004/08/events/event'><System><Provider Name='Microsoft-Windows-Sysmon' Guid='{5770385f-c22a-43e0-bf4c-06f5698ffbd9}'/><EventID>1</EventID><Version>5</Version><Level>4</Level><Task>1</Task><Opcode>0</Opcode><Keywords>0x8000000000000000</Keywords><TimeCreated SystemTime='2026-04-25T16:08:00.1800769Z'/><EventRecordID>625</EventRecordID><Correlation/><Execution ProcessID='2832' ThreadID='3692'/><Channel>Microsoft-Windows-Sysmon/Operational</Channel><Computer>DESKTOP-7JEP204</Computer><Security UserID='S-1-5-18'/></System><EventData><Data Name='RuleName'>-</Data><Data Name='UtcTime'>2026-04-25 16:08:00.177</Data><Data Name='ProcessGuid'>{2c24d1db-e6e0-69ec-da01-000000001400}</Data><Data Name='ProcessId'>6564</Data><Data Name='Image'>C:\Windows\System32\curl.exe</Data><Data Name='FileVersion'>7.83.1</Data><Data Name='Description'>The curl executable</Data><Data Name='Product'>The curl executable</Data><Data Name='Company'>curl, https://curl.se/</Data><Data Name='OriginalFileName'>curl.exe</Data><Data Name='CommandLine'>curl  http://localhost:8000/status</Data><Data Name='CurrentDirectory'>C:\Users\User\</Data><Data Name='User'>DESKTOP-7JEP204\User</Data><Data Name='LogonGuid'>{2c24d1db-e697-69c9-1653-050000000000}</Data><Data Name='LogonId'>0x55316</Data><Data Name='TerminalSessionId'>1</Data><Data Name='IntegrityLevel'>Medium</Data><Data Name='Hashes'>MD5=EAC53DDAFB5CC9E780A7CC086CE7B2B1,SHA256=D76D08C04DFA434DE033CA220456B5B87E6B3F0108667BD61304142C54ADDBE4,IMPHASH=EE9A6003E38C4807593881DBA7C0E2C4</Data><Data Name='ParentProcessGuid'>{2c24d1db-e33a-69ec-d301-000000001400}</Data><Data Name='ParentProcessId'>4068</Data><Data Name='ParentImage'>C:\Windows\System32\cmd.exe</Data><Data Name='ParentCommandLine'>"C:\Windows\system32\cmd.exe" </Data><Data Name='ParentUser'>DESKTOP-7JEP204\User</Data></EventData></Event>
<Event xmlns='http://schemas.microsoft.com/win/2004/08/events/event'><System><Provider Name='Microsoft-Windows-Sysmon' Guid='{5770385f-c22a-43e0-bf4c-06f5698ffbd9}'/><EventID>1</EventID><Version>5</Version><Level>4</Level><Task>1</Task><Opcode>0</Opcode><Keywords>0x8000000000000000</Keywords><TimeCreated SystemTime='2026-04-25T16:09:33.4143744Z'/><EventRecordID>626</EventRecordID><Correlation/><Execution ProcessID='2832' ThreadID='3692'/><Channel>Microsoft-Windows-Sysmon/Operational</Channel><Computer>DESKTOP-7JEP204</Computer><Security UserID='S-1-5-18'/></System><EventData><Data Name='RuleName'>-</Data><Data Name='UtcTime'>2026-04-25 16:09:33.346</Data><Data Name='ProcessGuid'>{2c24d1db-e73d-69ec-db01-000000001400}</Data><Data Name='ProcessId'>8080</Data><Data Name='Image'>C:\Windows\System32\schtasks.exe</Data><Data Name='FileVersion'>10.0.19041.1503 (WinBuild.160101.0800)</Data><Data Name='Description'>Task Scheduler Configuration Tool</Data><Data Name='Product'>Microsoft® Windows® Operating System</Data><Data Name='Company'>Microsoft Corporation</Data><Data Name='OriginalFileName'>schtasks.exe</Data><Data Name='CommandLine'>schtasks  /run /tn "SandboxAgent"</Data><Data Name='CurrentDirectory'>C:\Users\User\</Data><Data Name='User'>DESKTOP-7JEP204\User</Data><Data Name='LogonGuid'>{2c24d1db-e697-69c9-1653-050000000000}</Data><Data Name='LogonId'>0x55316</Data><Data Name='TerminalSessionId'>1</Data><Data Name='IntegrityLevel'>Medium</Data><Data Name='Hashes'>MD5=76CD6626DD8834BD4A42E6A565104DC2,SHA256=013C013E0EFD13C9380FAD58418B7ACA8356E591A5CCEFFDB910F7D8B0AD28EF,IMPHASH=ECCE05491F2E8F279F4790BCB1318C05</Data><Data Name='ParentProcessGuid'>{2c24d1db-e33a-69ec-d301-000000001400}</Data><Data Name='ParentProcessId'>4068</Data><Data Name='ParentImage'>C:\Windows\System32\cmd.exe</Data><Data Name='ParentCommandLine'>"C:\Windows\system32\cmd.exe" </Data><Data Name='ParentUser'>DESKTOP-7JEP204\User</Data></EventData></Event>
<Event xmlns='http://schemas.microsoft.com/win/2004/08/events/event'><System><Provider Name='Microsoft-Windows-Sysmon' Guid='{5770385f-c22a-43e0-bf4c-06f5698ffbd9}'/><EventID>4</EventID><Version>3</Version><Level>4</Level><Task>4</Task><Opcode>0</Opcode><Keywords>0x8000000000000000</Keywords><TimeCreated SystemTime='2026-04-25T16:15:16.0009133Z'/><EventRecordID>627</EventRecordID><Correlation/><Execution ProcessID='2840' ThreadID='3920'/><Channel>Microsoft-Windows-Sysmon/Operational</Channel><Computer>DESKTOP-7JEP204</Computer><Security UserID='S-1-5-18'/></System><EventData><Data Name='UtcTime'>2026-04-25 16:15:15.987</Data><Data Name='State'>Started</Data><Data Name='Version'>15.20</Data><Data Name='SchemaVersion'>4.91</Data></EventData></Event>
<Event xmlns='http://schemas.microsoft.com/win/2004/08/events/event'><System><Provider Name='Microsoft-Windows-Sysmon' Guid='{5770385f-c22a-43e0-bf4c-06f5698ffbd9}'/><EventID>13</EventID><Version>2</Version><Level>4</Level><Task>13</Task><Opcode>0</Opcode><Keywords>0x8000000000000000</Keywords><TimeCreated SystemTime='2026-04-25T16:15:16.0652562Z'/><EventRecordID>628</EventRecordID><Correlation/><Execution ProcessID='2840' ThreadID='3920'/><Channel>Microsoft-Windows-Sysmon/Operational</Channel><Computer>DESKTOP-7JEP204</Computer><Security UserID='S-1-5-18'/></System><EventData><Data Name='RuleName'>Context,DeviceConnectedOrUpdated</Data><Data Name='EventType'>SetValue</Data><Data Name='UtcTime'>2026-04-26 00:14:33.263</Data><Data Name='ProcessGuid'>{2c24d1db-58e7-69ed-eb03-000000000000}</Data><Data Name='ProcessId'>4</Data><Data Name='Image'>System</Data><Data Name='TargetObject'>HKLM\System\CurrentControlSet\Control\DeviceClasses\{0a4252a0-7e70-11d0-a5d6-28db04c10000}\##?#ROOT#SYSTEM#0000#{0a4252a0-7e70-11d0-a5d6-28db04c10000}\#{cfd669f1-9bc2-11d0-8299-0000f822fe8a}&amp;{0A4252A0-7E70-11D0-A5D6-28DB04C10000}\Device Parameters\FriendlyName</Data><Data Name='Details'>Tee/Sink-to-Sink Converter</Data><Data Name='User'>NT AUTHORITY\SYSTEM</Data></EventData></Event>
<Event xmlns='http://schemas.microsoft.com/win/2004/08/events/event'><System><Provider Name='Microsoft-Windows-Sysmon' Guid='{5770385f-c22a-43e0-bf4c-06f5698ffbd9}'/><EventID>13</EventID><Version>2</Version><Level>4</Level><Task>13</Task><Opcode>0</Opcode><Keywords>0x8000000000000000</Keywords><TimeCreated SystemTime='2026-04-25T16:15:16.0662352Z'/><EventRecordID>629</EventRecordID><Correlation/><Execution ProcessID='2840' ThreadID='3920'/><Channel>Microsoft-Windows-Sysmon/Operational</Channel><Computer>DESKTOP-7JEP204</Computer><Security UserID='S-1-5-18'/></System><EventData><Data Name='RuleName'>Context,DeviceConnectedOrUpdated</Data><Data Name='EventType'>SetValue</Data><Data Name='UtcTime'>2026-04-26 00:14:33.263</Data><Data Name='ProcessGuid'>{2c24d1db-58e7-69ed-eb03-000000000000}</Data><Data Name='ProcessId'>4</Data><Data Name='Image'>System</Data><Data Name='TargetObject'>HKLM\System\CurrentControlSet\Control\DeviceClasses\{cf1dda2c-9743-11d0-a3ee-00a0c9223196}\##?#ROOT#SYSTEM#0000#{cf1dda2c-9743-11d0-a3ee-00a0c9223196}\#{cfd669f1-9bc2-11d0-8299-0000f822fe8a}&amp;{CF1DDA2C-9743-11D0-A3EE-00A0C9223196}\Device Parameters\FriendlyName</Data><Data Name='Details'>Tee/Sink-to-Sink Converter</Data><Data Name='User'>NT AUTHORITY\SYSTEM</Data></EventData></Event>
<Event xmlns='http://schemas.microsoft.com/win/2004/08/events/event'><System><Provider Name='Microsoft-Windows-Sysmon' Guid='{5770385f-c22a-43e0-bf4c-06f5698ffbd9}'/><EventID>13</EventID><Version>2</Version><Level>4</Level><Task>13</Task><Opcode>0</Opcode><Keywords>0x8000000000000000</Keywords><TimeCreated SystemTime='2026-04-25T16:15:16.0664914Z'/><EventRecordID>630</EventRecordID><Correlation/><Execution ProcessID='2840' ThreadID='3920'/><Channel>Microsoft-Windows-Sysmon/Operational</Channel><Computer>DESKTOP-7JEP204</Computer><Security UserID='S-1-5-18'/></System><EventData><Data Name='RuleName'>Context,DeviceConnectedOrUpdated</Data><Data Name='EventType'>SetValue</Data><Data Name='UtcTime'>2026-04-26 00:14:33.263</Data><Data Name='ProcessGuid'>{2c24d1db-58e7-69ed-eb03-000000000000}</Data><Data Name='ProcessId'>4</Data><Data Name='Image'>System</Data><Data Name='TargetObject'>HKLM\System\CurrentControlSet\Control\DeviceClasses\{ffbb6e3f-ccfe-4d84-90d9-421418b03a8e}\##?#ROOT#SYSTEM#0000#{ffbb6e3f-ccfe-4d84-90d9-421418b03a8e}\#{EEC12DB6-AD9C-4168-8658-B03DAEF417FE}&amp;{ABD61E00-9350-47e2-A632-4438B90C6641}\Device Parameters\FriendlyName</Data><Data Name='Details'>Microsoft Trusted Audio Drivers</Data><Data Name='User'>NT AUTHORITY\SYSTEM</Data></EventData></Event>
<Event xmlns='http://schemas.microsoft.com/win/2004/08/events/event'><System><Provider Name='Microsoft-Windows-Sysmon' Guid='{5770385f-c22a-43e0-bf4c-06f5698ffbd9}'/><EventID>1</EventID><Version>5</Version><Level>4</Level><Task>1</Task><Opcode>0</Opcode><Keywords>0x8000000000000000</Keywords><TimeCreated SystemTime='2026-04-25T16:15:16.1690404Z'/><EventRecordID>631</EventRecordID><Correlation/><Execution ProcessID='2840' ThreadID='3920'/><Channel>Microsoft-Windows-Sysmon/Operational</Channel><Computer>DESKTOP-7JEP204</Computer><Security UserID='S-1-5-18'/></System><EventData><Data Name='RuleName'>-</Data><Data Name='UtcTime'>2026-04-26 00:14:59.790</Data><Data Name='ProcessGuid'>{2c24d1db-5903-69ed-0500-000000001500}</Data><Data Name='ProcessId'>440</Data><Data Name='Image'>C:\Windows\System32\smss.exe</Data><Data Name='FileVersion'>10.0.19041.964 (WinBuild.160101.0800)</Data><Data Name='Description'>Windows Session Manager</Data><Data Name='Product'>Microsoft® Windows® Operating System</Data><Data Name='Company'>Microsoft Corporation</Data><Data Name='OriginalFileName'>smss.exe</Data><Data Name='CommandLine'>\SystemRoot\System32\smss.exe 000000c4 00000084 </Data><Data Name='CurrentDirectory'>C:\Windows\</Data><Data Name='User'>NT AUTHORITY\SYSTEM</Data><Data Name='LogonGuid'>{2c24d1db-5905-69ed-e703-000000000000}</Data><Data Name='LogonId'>0x3e7</Data><Data Name='TerminalSessionId'>0</Data><Data Name='IntegrityLevel'>System</Data><Data Name='Hashes'>MD5=2C3F91BB4C0994A7B36ED0B6B14EC9C7,SHA256=56AFE5133FDC5806EC6B19436F7B55F1499CFC94619740C171424FBCF7808FD3,IMPHASH=67B500D64F6BDF6FFD6C4F7F4DE9FDA6</Data><Data Name='ParentProcessGuid'>{2c24d1db-58e8-69ed-0300-000000001500}</Data><Data Name='ParentProcessId'>352</Data><Data Name='ParentImage'>C:\Windows\System32\smss.exe</Data><Data Name='ParentCommandLine'>\SystemRoot\System32\smss.exe</Data><Data Name='ParentUser'>NT AUTHORITY\SYSTEM</Data></EventData></Event>
<Event xmlns='http://schemas.microsoft.com/win/2004/08/events/event'><System><Provider Name='Microsoft-Windows-Sysmon' Guid='{5770385f-c22a-43e0-bf4c-06f5698ffbd9}'/><EventID>1</EventID><Version>5</Version><Level>4</Level><Task>1</Task><Opcode>0</Opcode><Keywords>0x8000000000000000</Keywords><TimeCreated SystemTime='2026-04-25T16:15:16.1703619Z'/><EventRecordID>632</EventRecordID><Correlation/><Execution ProcessID='2840' ThreadID='3920'/><Channel>Microsoft-Windows-Sysmon/Operational</Channel><Computer>DESKTOP-7JEP204</Computer><Security UserID='S-1-5-18'/></System><EventData><Data Name='RuleName'>-</Data><Data Name='UtcTime'>2026-04-26 00:15:00.328</Data><Data Name='ProcessGuid'>{2c24d1db-5904-69ed-0600-000000001500}</Data><Data Name='ProcessId'>452</Data><Data Name='Image'>C:\Windows\System32\csrss.exe</Data><Data Name='FileVersion'>10.0.19041.546 (WinBuild.160101.0800)</Data><Data Name='Description'>Client Server Runtime Process</Data><Data Name='Product'>Microsoft® Windows® Operating System</Data><Data Name='Company'>Microsoft Corporation</Data><Data Name='OriginalFileName'>CSRSS.Exe</Data><Data Name='CommandLine'>%%SystemRoot%%\system32\csrss.exe ObjectDirectory=\Windows SharedSection=1024,20480,768 Windows=On SubSystemType=Windows ServerDll=basesrv,1 ServerDll=winsrv:UserServerDllInitialization,3 ServerDll=sxssrv,4 ProfileControl=Off MaxRequestThreads=16</Data><Data Name='CurrentDirectory'>C:\Windows\system32\</Data><Data Name='User'>NT AUTHORITY\SYSTEM</Data><Data Name='LogonGuid'>{2c24d1db-5905-69ed-e703-000000000000}</Data><Data Name='LogonId'>0x3e7</Data><Data Name='TerminalSessionId'>0</Data><Data Name='IntegrityLevel'>System</Data><Data Name='Hashes'>MD5=72565E7A0145E0657E586F6CF7696DC7,SHA256=6F1C9B4C187669BC0371260D121CAF48D65F829A9104C483BEFBD8FC0BED24F5,IMPHASH=A96FA9912E09E361274AD77F1A4B252C</Data><Data Name='ParentProcessGuid'>{2c24d1db-5903-69ed-0500-000000001500}</Data><Data Name='ParentProcessId'>440</Data><Data Name='ParentImage'>C:\Windows\System32\smss.exe</Data><Data Name='ParentCommandLine'>\SystemRoot\System32\smss.exe 000000c4 00000084 </Data><Data Name='ParentUser'>NT AUTHORITY\SYSTEM</Data></EventData></Event>
<Event xmlns='http://schemas.microsoft.com/win/2004/08/events/event'><System><Provider Name='Microsoft-Windows-Sysmon' Guid='{5770385f-c22a-43e0-bf4c-06f5698ffbd9}'/><EventID>1</EventID><Version>5</Version><Level>4</Level><Task>1</Task><Opcode>0</Opcode><Keywords>0x8000000000000000</Keywords><TimeCreated SystemTime='2026-04-25T16:15:16.1845991Z'/><EventRecordID>633</EventRecordID><Correlation/><Execution ProcessID='2840' ThreadID='3920'/><Channel>Microsoft-Windows-Sysmon/Operational</Channel><Computer>DESKTOP-7JEP204</Computer><Security UserID='S-1-5-18'/></System><EventData><Data Name='RuleName'>-</Data><Data Name='UtcTime'>2026-04-26 00:15:01.071</Data><Data Name='ProcessGuid'>{2c24d1db-5905-69ed-0700-000000001500}</Data><Data Name='ProcessId'>536</Data><Data Name='Image'>C:\Windows\System32\smss.exe</Data><Data Name='FileVersion'>10.0.19041.964 (WinBuild.160101.0800)</Data><Data Name='Description'>Windows Session Manager</Data><Data Name='Product'>Microsoft® Windows® Operating System</Data><Data Name='Company'>Microsoft Corporation</Data><Data Name='OriginalFileName'>smss.exe</Data><Data Name='CommandLine'>\SystemRoot\System32\smss.exe 000000d0 00000084 </Data><Data Name='CurrentDirectory'>C:\Windows\</Data><Data Name='User'>NT AUTHORITY\SYSTEM</Data><Data Name='LogonGuid'>{2c24d1db-5905-69ed-e703-000000000000}</Data><Data Name='LogonId'>0x3e7</Data><Data Name='TerminalSessionId'>1</Data><Data Name='IntegrityLevel'>System</Data><Data Name='Hashes'>MD5=2C3F91BB4C0994A7B36ED0B6B14EC9C7,SHA256=56AFE5133FDC5806EC6B19436F7B55F1499CFC94619740C171424FBCF7808FD3,IMPHASH=67B500D64F6BDF6FFD6C4F7F4DE9FDA6</Data><Data Name='ParentProcessGuid'>{2c24d1db-58e8-69ed-0300-000000001500}</Data><Data Name='ParentProcessId'>352</Data><Data Name='ParentImage'>C:\Windows\System32\smss.exe</Data><Data Name='ParentCommandLine'>\SystemRoot\System32\smss.exe</Data><Data Name='ParentUser'>NT AUTHORITY\SYSTEM</Data></EventData></Event>
<Event xmlns='http://schemas.microsoft.com/win/2004/08/events/event'><System><Provider Name='Microsoft-Windows-Sysmon' Guid='{5770385f-c22a-43e0-bf4c-06f5698ffbd9}'/><EventID>1</EventID><Version>5</Version><Level>4</Level><Task>1</Task><Opcode>0</Opcode><Keywords>0x8000000000000000</Keywords><TimeCreated SystemTime='2026-04-25T16:15:16.1854550Z'/><EventRecordID>634</EventRecordID><Correlation/><Execution ProcessID='2840' ThreadID='3920'/><Channel>Microsoft-Windows-Sysmon/Operational</Channel><Computer>DESKTOP-7JEP204</Computer><Security UserID='S-1-5-18'/></System><EventData><Data Name='RuleName'>-</Data><Data Name='UtcTime'>2026-04-26 00:15:01.099</Data><Data Name='ProcessGuid'>{2c24d1db-5905-69ed-0900-000000001500}</Data><Data Name='ProcessId'>552</Data><Data Name='Image'>C:\Windows\System32\csrss.exe</Data><Data Name='FileVersion'>10.0.19041.546 (WinBuild.160101.0800)</Data><Data Name='Description'>Client Server Runtime Process</Data><Data Name='Product'>Microsoft® Windows® Operating System</Data><Data Name='Company'>Microsoft Corporation</Data><Data Name='OriginalFileName'>CSRSS.Exe</Data><Data Name='CommandLine'>%%SystemRoot%%\system32\csrss.exe ObjectDirectory=\Windows SharedSection=1024,20480,768 Windows=On SubSystemType=Windows ServerDll=basesrv,1 ServerDll=winsrv:UserServerDllInitialization,3 ServerDll=sxssrv,4 ProfileControl=Off MaxRequestThreads=16</Data><Data Name='CurrentDirectory'>C:\Windows\system32\</Data><Data Name='User'>NT AUTHORITY\SYSTEM</Data><Data Name='LogonGuid'>{2c24d1db-5905-69ed-e703-000000000000}</Data><Data Name='LogonId'>0x3e7</Data><Data Name='TerminalSessionId'>1</Data><Data Name='IntegrityLevel'>System</Data><Data Name='Hashes'>MD5=72565E7A0145E0657E586F6CF7696DC7,SHA256=6F1C9B4C187669BC0371260D121CAF48D65F829A9104C483BEFBD8FC0BED24F5,IMPHASH=A96FA9912E09E361274AD77F1A4B252C</Data><Data Name='ParentProcessGuid'>{2c24d1db-5905-69ed-0700-000000001500}</Data><Data Name='ParentProcessId'>536</Data><Data Name='ParentImage'>C:\Windows\System32\smss.exe</Data><Data Name='ParentCommandLine'>\SystemRoot\System32\smss.exe 000000d0 00000084 </Data><Data Name='ParentUser'>NT AUTHORITY\SYSTEM</Data></EventData></Event>
<Event xmlns='http://schemas.microsoft.com/win/2004/08/events/event'><System><Provider Name='Microsoft-Windows-Sysmon' Guid='{5770385f-c22a-43e0-bf4c-06f5698ffbd9}'/><EventID>1</EventID><Version>5</Version><Level>4</Level><Task>1</Task><Opcode>0</Opcode><Keywords>0x8000000000000000</Keywords><TimeCreated SystemTime='2026-04-25T16:15:16.1858611Z'/><EventRecordID>635</EventRecordID><Correlation/><Execution ProcessID='2840' ThreadID='3920'/><Channel>Microsoft-Windows-Sysmon/Operational</Channel><Computer>DESKTOP-7JEP204</Computer><Security UserID='S-1-5-18'/></System><EventData><Data Name='RuleName'>-</Data><Data Name='UtcTime'>2026-04-26 00:15:01.076</Data><Data Name='ProcessGuid'>{2c24d1db-5905-69ed-0800-000000001500}</Data><Data Name='ProcessId'>544</Data><Data Name='Image'>C:\Windows\System32\wininit.exe</Data><Data Name='FileVersion'>10.0.19041.1620 (WinBuild.160101.0800)</Data><Data Name='Description'>Windows Start-Up Application</Data><Data Name='Product'>Microsoft® Windows® Operating System</Data><Data Name='Company'>Microsoft Corporation</Data><Data Name='OriginalFileName'>WinInit.exe</Data><Data Name='CommandLine'>wininit.exe</Data><Data Name='CurrentDirectory'>C:\Windows\system32\</Data><Data Name='User'>NT AUTHORITY\SYSTEM</Data><Data Name='LogonGuid'>{2c24d1db-5905-69ed-e703-000000000000}</Data><Data Name='LogonId'>0x3e7</Data><Data Name='TerminalSessionId'>0</Data><Data Name='IntegrityLevel'>System</Data><Data Name='Hashes'>MD5=3588C1AC44DCE86A043310B07679C508,SHA256=FE7A0B26E504062B3A424D540E3F1F5CAB8F2DB5A421FBBB8B779122D11BD2AF,IMPHASH=5DD14AFAB46B0C83EA7A6093D7355FA9</Data><Data Name='ParentProcessGuid'>{2c24d1db-5903-69ed-0500-000000001500}</Data><Data Name='ParentProcessId'>440</Data><Data Name='ParentImage'>C:\Windows\System32\smss.exe</Data><Data Name='ParentCommandLine'>\SystemRoot\System32\smss.exe 000000c4 00000084 </Data><Data Name='ParentUser'>NT AUTHORITY\SYSTEM</Data></EventData></Event>
<Event xmlns='http://schemas.microsoft.com/win/2004/08/events/event'><System><Provider Name='Microsoft-Windows-Sysmon' Guid='{5770385f-c22a-43e0-bf4c-06f5698ffbd9}'/><EventID>1</EventID><Version>5</Version><Level>4</Level><Task>1</Task><Opcode>0</Opcode><Keywords>0x8000000000000000</Keywords><TimeCreated SystemTime='2026-04-25T16:15:16.1898720Z'/><EventRecordID>636</EventRecordID><Correlation/><Execution ProcessID='2840' ThreadID='3920'/><Channel>Microsoft-Windows-Sysmon/Operational</Channel><Computer>DESKTOP-7JEP204</Computer><Security UserID='S-1-5-18'/></System><EventData><Data Name='RuleName'>-</Data><Data Name='UtcTime'>2026-04-26 00:15:01.229</Data><Data Name='ProcessGuid'>{2c24d1db-5905-69ed-0a00-000000001500}</Data><Data Name='ProcessId'>612</Data><Data Name='Image'>C:\Windows\System32\winlogon.exe</Data><Data Name='FileVersion'>10.0.19041.1865 (WinBuild.160101.0800)</Data><Data Name='Description'>Windows Logon Application</Data><Data Name='Product'>Microsoft® Windows® Operating System</Data><Data Name='Company'>Microsoft Corporation</Data><Data Name='OriginalFileName'>WINLOGON.EXE</Data><Data Name='CommandLine'>winlogon.exe</Data><Data Name='CurrentDirectory'>C:\Windows\system32\</Data><Data Name='User'>NT AUTHORITY\SYSTEM</Data><Data Name='LogonGuid'>{2c24d1db-5905-69ed-e703-000000000000}</Data><Data Name='LogonId'>0x3e7</Data><Data Name='TerminalSessionId'>1</Data><Data Name='IntegrityLevel'>System</Data><Data Name='Hashes'>MD5=F8B41A1B3E569E7E6F990567F21DCE97,SHA256=D90D8D9A6B60071347891B312DF0AE13E5CF40BC554EC75BCA2F2444C589F1E5,IMPHASH=C399754881779489CBD0F5D180C41465</Data><Data Name='ParentProcessGuid'>{2c24d1db-5905-69ed-0700-000000001500}</Data><Data Name='ParentProcessId'>536</Data><Data Name='ParentImage'>C:\Windows\System32\smss.exe</Data><Data Name='ParentCommandLine'>\SystemRoot\System32\smss.exe 000000d0 00000084 </Data><Data Name='ParentUser'>NT AUTHORITY\SYSTEM</Data></EventData></Event>
<Event xmlns='http://schemas.microsoft.com/win/2004/08/events/event'><System><Provider Name='Microsoft-Windows-Sysmon' Guid='{5770385f-c22a-43e0-bf4c-06f5698ffbd9}'/><EventID>1</EventID><Version>5</Version><Level>4</Level><Task>1</Task><Opcode>0</Opcode><Keywords>0x8000000000000000</Keywords><TimeCreated SystemTime='2026-04-25T16:15:16.1934337Z'/><EventRecordID>637</EventRecordID><Correlation/><Execution ProcessID='2840' ThreadID='3920'/><Channel>Microsoft-Windows-Sysmon/Operational</Channel><Computer>DESKTOP-7JEP204</Computer><Security UserID='S-1-5-18'/></System><EventData><Data Name='RuleName'>-</Data><Data Name='UtcTime'>2026-04-26 00:15:01.426</Data><Data Name='ProcessGuid'>{2c24d1db-5905-69ed-0b00-000000001500}</Data><Data Name='ProcessId'>676</Data><Data Name='Image'>C:\Windows\System32\services.exe</Data><Data Name='FileVersion'>10.0.19041.928 (WinBuild.160101.0800)</Data><Data Name='Description'>Services and Controller app</Data><Data Name='Product'>Microsoft® Windows® Operating System</Data><Data Name='Company'>Microsoft Corporation</Data><Data Name='OriginalFileName'>services.exe</Data><Data Name='CommandLine'>C:\Windows\system32\services.exe</Data><Data Name='CurrentDirectory'>C:\Windows\system32\</Data><Data Name='User'>NT AUTHORITY\SYSTEM</Data><Data Name='LogonGuid'>{2c24d1db-5905-69ed-e703-000000000000}</Data><Data Name='LogonId'>0x3e7</Data><Data Name='TerminalSessionId'>0</Data><Data Name='IntegrityLevel'>System</Data><Data Name='Hashes'>MD5=D8E577BF078C45954F4531885478D5A9,SHA256=DFBEA9E8C316D9BC118B454B0C722CD674C30D0A256340200E2C3A7480CBA674,IMPHASH=D1098E3A37F227B6FF6BD36C1801EDFA</Data><Data Name='ParentProcessGuid'>{2c24d1db-5905-69ed-0800-000000001500}</Data><Data Name='ParentProcessId'>544</Data><Data Name='ParentImage'>C:\Windows\System32\wininit.exe</Data><Data Name='ParentCommandLine'>wininit.exe</Data><Data Name='ParentUser'>NT AUTHORITY\SYSTEM</Data></EventData></Event>
<Event xmlns='http://schemas.microsoft.com/win/2004/08/events/event'><System><Provider Name='Microsoft-Windows-Sysmon' Guid='{5770385f-c22a-43e0-bf4c-06f5698ffbd9}'/><EventID>1</EventID><Version>5</Version><Level>4</Level><Task>1</Task><Opcode>0</Opcode><Keywords>0x8000000000000000</Keywords><TimeCreated SystemTime='2026-04-25T16:15:16.1946876Z'/><EventRecordID>638</EventRecordID><Correlation/><Execution ProcessID='2840' ThreadID='3920'/><Channel>Microsoft-Windows-Sysmon/Operational</Channel><Computer>DESKTOP-7JEP204</Computer><Security UserID='S-1-5-18'/></System><EventData><Data Name='RuleName'>-</Data><Data Name='UtcTime'>2026-04-26 00:15:01.492</Data><Data Name='ProcessGuid'>{2c24d1db-5905-69ed-0c00-000000001500}</Data><Data Name='ProcessId'>692</Data><Data Name='Image'>C:\Windows\System32\lsass.exe</Data><Data Name='FileVersion'>10.0.19041.1586 (WinBuild.160101.0800)</Data><Data Name='Description'>Local Security Authority Process</Data><Data Name='Product'>Microsoft® Windows® Operating System</Data><Data Name='Company'>Microsoft Corporation</Data><Data Name='OriginalFileName'>lsass.exe</Data><Data Name='CommandLine'>C:\Windows\system32\lsass.exe</Data><Data Name='CurrentDirectory'>C:\Windows\system32\</Data><Data Name='User'>NT AUTHORITY\SYSTEM</Data><Data Name='LogonGuid'>{2c24d1db-5905-69ed-e703-000000000000}</Data><Data Name='LogonId'>0x3e7</Data><Data Name='TerminalSessionId'>0</Data><Data Name='IntegrityLevel'>System</Data><Data Name='Hashes'>MD5=A1CC00332BBF370654EE3DC8CDC8C95A,SHA256=E69356111240657E6435EDF2E3A4BBAC9C89957EF2D34FC620B8B7DBF564A862,IMPHASH=3924D1606F44D90586A3EC75785C2730</Data><Data Name='ParentProcessGuid'>{2c24d1db-5905-69ed-0800-000000001500}</Data><Data Name='ParentProcessId'>544</Data><Data Name='ParentImage'>C:\Windows\System32\wininit.exe</Data><Data Name='ParentCommandLine'>wininit.exe</Data><Data Name='ParentUser'>NT AUTHORITY\SYSTEM</Data></EventData></Event>
<Event xmlns='http://schemas.microsoft.com/win/2004/08/events/event'><System><Provider Name='Microsoft-Windows-Sysmon' Guid='{5770385f-c22a-43e0-bf4c-06f5698ffbd9}'/><EventID>13</EventID><Version>2</Version><Level>4</Level><Task>13</Task><Opcode>0</Opcode><Keywords>0x8000000000000000</Keywords><TimeCreated SystemTime='2026-04-25T16:15:16.1974776Z'/><EventRecordID>639</EventRecordID><Correlation/><Execution ProcessID='2840' ThreadID='3920'/><Channel>Microsoft-Windows-Sysmon/Operational</Channel><Computer>DESKTOP-7JEP204</Computer><Security UserID='S-1-5-18'/></System><EventData><Data Name='RuleName'>T1101</Data><Data Name='EventType'>SetValue</Data><Data Name='UtcTime'>2026-04-26 00:15:01.695</Data><Data Name='ProcessGuid'>{2c24d1db-5905-69ed-0c00-000000001500}</Data><Data Name='ProcessId'>692</Data><Data Name='Image'>C:\Windows\system32\lsass.exe</Data><Data Name='TargetObject'>HKLM\System\CurrentControlSet\Control\Lsa\LsaCfgFlagsDefault</Data><Data Name='Details'>DWORD (0x00000000)</Data><Data Name='User'>NT AUTHORITY\SYSTEM</Data></EventData></Event>
<Event xmlns='http://schemas.microsoft.com/win/2004/08/events/event'><System><Provider Name='Microsoft-Windows-Sysmon' Guid='{5770385f-c22a-43e0-bf4c-06f5698ffbd9}'/><EventID>13</EventID><Version>2</Version><Level>4</Level><Task>13</Task><Opcode>0</Opcode><Keywords>0x8000000000000000</Keywords><TimeCreated SystemTime='2026-04-25T16:15:16.1981005Z'/><EventRecordID>640</EventRecordID><Correlation/><Execution ProcessID='2840' ThreadID='3920'/><Channel>Microsoft-Windows-Sysmon/Operational</Channel><Computer>DESKTOP-7JEP204</Computer><Security UserID='S-1-5-18'/></System><EventData><Data Name='RuleName'>T1101</Data><Data Name='EventType'>SetValue</Data><Data Name='UtcTime'>2026-04-26 00:15:02.191</Data><Data Name='ProcessGuid'>{2c24d1db-5905-69ed-0c00-000000001500}</Data><Data Name='ProcessId'>692</Data><Data Name='Image'>C:\Windows\system32\lsass.exe</Data><Data Name='TargetObject'>HKLM\System\CurrentControlSet\Control\Lsa\ProductType</Data><Data Name='Details'>DWORD (0x00000004)</Data><Data Name='User'>NT AUTHORITY\SYSTEM</Data></EventData></Event>
