<Event xmlns='http://schemas.microsoft.com/win/2004/08/events/event'><System><Provider Name='Microsoft-Windows-Sysmon' Guid='{5770385f-c22a-43e0-bf4c-06f5698ffbd9}'/><EventID>1</EventID><Version>5</Version><Level>4</Level><Task>1</Task><Opcode>0</Opcode><Keywords>0x8000000000000000</Keywords><TimeCreated SystemTime='2026-04-25T16:15:16.5014392Z'/><EventRecordID>691</EventRecordID><Correlation/><Execution ProcessID='2840' ThreadID='3920'/><Channel>Microsoft-Windows-Sysmon/Operational</Channel><Computer>DESKTOP-7JEP204</Computer><Security UserID='S-1-5-18'/></System><EventData><Data Name='RuleName'>-</Data><Data Name='UtcTime'>2026-04-25 16:15:09.916</Data><Data Name='ProcessGuid'>{2c24d1db-e88d-69ec-4300-000000001500}</Data><Data Name='ProcessId'>2776</Data><Data Name='Image'>C:\ProgramData\Microsoft\Windows Defender\Platform\4.18.26020.6-0\MpDefenderCoreService.exe</Data><Data Name='FileVersion'>4.18.26020.6 (cd0aebd7c18a68cd2e3af14a117b45b178d088f4)</Data><Data Name='Description'>Antimalware Core Service</Data><Data Name='Product'>Microsoft® Windows® Operating System</Data><Data Name='Company'>Microsoft Corporation</Data><Data Name='OriginalFileName'>MpDefenderCoreService.exe</Data><Data Name='CommandLine'>"C:\ProgramData\Microsoft\Windows Defender\platform\4.18.26020.6-0\MpDefenderCoreService.exe"</Data><Data Name='CurrentDirectory'>C:\Windows\system32\</Data><Data Name='User'>NT AUTHORITY\SYSTEM</Data><Data Name='LogonGuid'>{2c24d1db-5905-69ed-e703-000000000000}</Data><Data Name='LogonId'>0x3e7</Data><Data Name='TerminalSessionId'>0</Data><Data Name='IntegrityLevel'>System</Data><Data Name='Hashes'>MD5=694784D86777BE207799EE7BF42314DF,SHA256=A5B33494BF5631932672F781C2EB3D720E9CC582AD299051CE3A16468278987D,IMPHASH=19A96598F7C079AC7FBBB7A790117D9B</Data><Data Name='ParentProcessGuid'>{00000000-0000-0000-0000-000000000000}</Data><Data Name='ParentProcessId'>676</Data><Data Name='ParentImage'>-</Data><Data Name='ParentCommandLine'>-</Data><Data Name='ParentUser'>-</Data></EventData></Event>
<Event xmlns='http://schemas.microsoft.com/win/2004/08/events/event'><System><Provider Name='Microsoft-Windows-Sysmon' Guid='{5770385f-c22a-43e0-bf4c-06f5698ffbd9}'/><EventID>1</EventID><Version>5</Version><Level>4</Level><Task>1</Task><Opcode>0</Opcode><Keywords>0x8000000000000000</Keywords><TimeCreated SystemTime='2026-04-25T16:15:16.5063599Z'/><EventRecordID>692</EventRecordID><Correlation/><Execution ProcessID='2840' ThreadID='3920'/><Channel>Microsoft-Windows-Sysmon/Operational</Channel><Computer>DESKTOP-7JEP204</Computer><Security UserID='S-1-5-18'/></System><EventData><Data Name='RuleName'>-</Data><Data Name='UtcTime'>2026-04-25 16:15:10.009</Data><Data Name='ProcessGuid'>{2c24d1db-e88e-69ec-4400-000000001500}</Data><Data Name='ProcessId'>2816</Data><Data Name='Image'>C:\Windows\System32\OpenSSH\sshd.exe</Data><Data Name='FileVersion'>7.7.2.3</Data><Data Name='Description'>-</Data><Data Name='Product'>OpenSSH for Windows</Data><Data Name='Company'>-</Data><Data Name='OriginalFileName'>-</Data><Data Name='CommandLine'>C:\Windows\System32\OpenSSH\sshd.exe</Data><Data Name='CurrentDirectory'>C:\Windows\system32\</Data><Data Name='User'>NT AUTHORITY\SYSTEM</Data><Data Name='LogonGuid'>{2c24d1db-5905-69ed-e703-000000000000}</Data><Data Name='LogonId'>0x3e7</Data><Data Name='TerminalSessionId'>0</Data><Data Name='IntegrityLevel'>System</Data><Data Name='Hashes'>MD5=BCFDD6927990AE7156026EDC32393740,SHA256=7D4F44FC14E9096032A4966FBE804E8827F7DDF8BB72687E0763D16D01FE949D,IMPHASH=E6B3B7A27E62B10DFD65C0DB931FE660</Data><Data Name='ParentProcessGuid'>{00000000-0000-0000-0000-000000000000}</Data><Data Name='ParentProcessId'>676</Data><Data Name='ParentImage'>-</Data><Data Name='ParentCommandLine'>-</Data><Data Name='ParentUser'>-</Data></EventData></Event>
<Event xmlns='http://schemas.microsoft.com/win/2004/08/events/event'><System><Provider Name='Microsoft-Windows-Sysmon' Guid='{5770385f-c22a-43e0-bf4c-06f5698ffbd9}'/><EventID>1</EventID><Version>5</Version><Level>4</Level><Task>1</Task><Opcode>0</Opcode><Keywords>0x8000000000000000</Keywords><TimeCreated SystemTime='2026-04-25T16:15:16.5114127Z'/><EventRecordID>693</EventRecordID><Correlation/><Execution ProcessID='2840' ThreadID='3920'/><Channel>Microsoft-Windows-Sysmon/Operational</Channel><Computer>DESKTOP-7JEP204</Computer><Security UserID='S-1-5-18'/></System><EventData><Data Name='RuleName'>-</Data><Data Name='UtcTime'>2026-04-25 16:15:10.041</Data><Data Name='ProcessGuid'>{2c24d1db-e88e-69ec-4500-000000001500}</Data><Data Name='ProcessId'>2828</Data><Data Name='Image'>C:\Windows\System32\svchost.exe</Data><Data Name='FileVersion'>10.0.19041.1806 (WinBuild.160101.0800)</Data><Data Name='Description'>Host Process for Windows Services</Data><Data Name='Product'>Microsoft® Windows® Operating System</Data><Data Name='Company'>Microsoft Corporation</Data><Data Name='OriginalFileName'>svchost.exe</Data><Data Name='CommandLine'>C:\Windows\system32\svchost.exe -k netsvcs -p -s LanmanServer</Data><Data Name='CurrentDirectory'>C:\Windows\system32\</Data><Data Name='User'>NT AUTHORITY\SYSTEM</Data><Data Name='LogonGuid'>{2c24d1db-5905-69ed-e703-000000000000}</Data><Data Name='LogonId'>0x3e7</Data><Data Name='TerminalSessionId'>0</Data><Data Name='IntegrityLevel'>System</Data><Data Name='Hashes'>MD5=B7F884C1B74A263F746EE12A5F7C9F6A,SHA256=ADD683A6910ABBBF0E28B557FAD0BA998166394932AE2ACA069D9AA19EA8FE88,IMPHASH=247B9220E5D9B720A82B2C8B5069AD69</Data><Data Name='ParentProcessGuid'>{00000000-0000-0000-0000-000000000000}</Data><Data Name='ParentProcessId'>676</Data><Data Name='ParentImage'>-</Data><Data Name='ParentCommandLine'>-</Data><Data Name='ParentUser'>-</Data></EventData></Event>
<Event xmlns='http://schemas.microsoft.com/win/2004/08/events/event'><System><Provider Name='Microsoft-Windows-Sysmon' Guid='{5770385f-c22a-43e0-bf4c-06f5698ffbd9}'/><EventID>1</EventID><Version>5</Version><Level>4</Level><Task>1</Task><Opcode>0</Opcode><Keywords>0x8000000000000000</Keywords><TimeCreated SystemTime='2026-04-25T16:15:16.5192947Z'/><EventRecordID>694</EventRecordID><Correlation/><Execution ProcessID='2840' ThreadID='3920'/><Channel>Microsoft-Windows-Sysmon/Operational</Channel><Computer>DESKTOP-7JEP204</Computer><Security UserID='S-1-5-18'/></System><EventData><Data Name='RuleName'>-</Data><Data Name='UtcTime'>2026-04-25 16:15:10.104</Data><Data Name='ProcessGuid'>{2c24d1db-e88e-69ec-4700-000000001500}</Data><Data Name='ProcessId'>2852</Data><Data Name='Image'>C:\Windows\System32\svchost.exe</Data><Data Name='FileVersion'>10.0.19041.1806 (WinBuild.160101.0800)</Data><Data Name='Description'>Host Process for Windows Services</Data><Data Name='Product'>Microsoft® Windows® Operating System</Data><Data Name='Company'>Microsoft Corporation</Data><Data Name='OriginalFileName'>svchost.exe</Data><Data Name='CommandLine'>C:\Windows\System32\svchost.exe -k LocalSystemNetworkRestricted -p -s TrkWks</Data><Data Name='CurrentDirectory'>C:\Windows\system32\</Data><Data Name='User'>NT AUTHORITY\SYSTEM</Data><Data Name='LogonGuid'>{2c24d1db-5905-69ed-e703-000000000000}</Data><Data Name='LogonId'>0x3e7</Data><Data Name='TerminalSessionId'>0</Data><Data Name='IntegrityLevel'>System</Data><Data Name='Hashes'>MD5=B7F884C1B74A263F746EE12A5F7C9F6A,SHA256=ADD683A6910ABBBF0E28B557FAD0BA998166394932AE2ACA069D9AA19EA8FE88,IMPHASH=247B9220E5D9B720A82B2C8B5069AD69</Data><Data Name='ParentProcessGuid'>{00000000-0000-0000-0000-000000000000}</Data><Data Name='ParentProcessId'>676</Data><Data Name='ParentImage'>-</Data><Data Name='ParentCommandLine'>-</Data><Data Name='ParentUser'>-</Data></EventData></Event>
<Event xmlns='http://schemas.microsoft.com/win/2004/08/events/event'><System><Provider Name='Microsoft-Windows-Sysmon' Guid='{5770385f-c22a-43e0-bf4c-06f5698ffbd9}'/><EventID>1</EventID><Version>5</Version><Level>4</Level><Task>1</Task><Opcode>0</Opcode><Keywords>0x8000000000000000</Keywords><TimeCreated SystemTime='2026-04-25T16:15:16.5200314Z'/><EventRecordID>695</EventRecordID><Correlation/><Execution ProcessID='2840' ThreadID='3920'/><Channel>Microsoft-Windows-Sysmon/Operational</Channel><Computer>DESKTOP-7JEP204</Computer><Security UserID='S-1-5-18'/></System><EventData><Data Name='RuleName'>-</Data><Data Name='UtcTime'>2026-04-25 16:15:10.183</Data><Data Name='ProcessGuid'>{2c24d1db-e88e-69ec-4800-000000001500}</Data><Data Name='ProcessId'>2872</Data><Data Name='Image'>C:\Windows\System32\wlms\wlms.exe</Data><Data Name='FileVersion'>10.0.19041.1 (WinBuild.160101.0800)</Data><Data Name='Description'>Windows License Monitoring Service</Data><Data Name='Product'>Microsoft® Windows® Operating System</Data><Data Name='Company'>Microsoft Corporation</Data><Data Name='OriginalFileName'>wlms.exe</Data><Data Name='CommandLine'>C:\Windows\system32\wlms\wlms.exe</Data><Data Name='CurrentDirectory'>C:\Windows\system32\</Data><Data Name='User'>NT AUTHORITY\SYSTEM</Data><Data Name='LogonGuid'>{2c24d1db-5905-69ed-e703-000000000000}</Data><Data Name='LogonId'>0x3e7</Data><Data Name='TerminalSessionId'>0</Data><Data Name='IntegrityLevel'>System</Data><Data Name='Hashes'>MD5=1DC6AB0E3063973866D24AFDB5CBB9F1,SHA256=B8CA06E71F3014DB30D8D98D934B10DE2F6A69E19108AABBBFD0C163B0BCCD31,IMPHASH=C4858787B32BE55BB0085C7B777727C2</Data><Data Name='ParentProcessGuid'>{00000000-0000-0000-0000-000000000000}</Data><Data Name='ParentProcessId'>676</Data><Data Name='ParentImage'>-</Data><Data Name='ParentCommandLine'>-</Data><Data Name='ParentUser'>-</Data></EventData></Event>
<Event xmlns='http://schemas.microsoft.com/win/2004/08/events/event'><System><Provider Name='Microsoft-Windows-Sysmon' Guid='{5770385f-c22a-43e0-bf4c-06f5698ffbd9}'/><EventID>1</EventID><Version>5</Version><Level>4</Level><Task>1</Task><Opcode>0</Opcode><Keywords>0x8000000000000000</Keywords><TimeCreated SystemTime='2026-04-25T16:15:16.5224180Z'/><EventRecordID>696</EventRecordID><Correlation/><Execution ProcessID='2840' ThreadID='3920'/><Channel>Microsoft-Windows-Sysmon/Operational</Channel><Computer>DESKTOP-7JEP204</Computer><Security UserID='S-1-5-18'/></System><EventData><Data Name='RuleName'>-</Data><Data Name='UtcTime'>2026-04-25 16:15:10.191</Data><Data Name='ProcessGuid'>{2c24d1db-e88e-69ec-4900-000000001500}</Data><Data Name='ProcessId'>2880</Data><Data Name='Image'>C:\ProgramData\Microsoft\Windows Defender\Platform\4.18.26020.6-0\MsMpEng.exe</Data><Data Name='FileVersion'>4.18.26020.6 (cd0aebd7c18a68cd2e3af14a117b45b178d088f4)</Data><Data Name='Description'>Antimalware Service Executable</Data><Data Name='Product'>Microsoft® Windows® Operating System</Data><Data Name='Company'>Microsoft Corporation</Data><Data Name='OriginalFileName'>MsMpEng.exe</Data><Data Name='CommandLine'>"C:\ProgramData\Microsoft\Windows Defender\platform\4.18.26020.6-0\MsMpEng.exe"</Data><Data Name='CurrentDirectory'>C:\Windows\system32\</Data><Data Name='User'>NT AUTHORITY\SYSTEM</Data><Data Name='LogonGuid'>{2c24d1db-5905-69ed-e703-000000000000}</Data><Data Name='LogonId'>0x3e7</Data><Data Name='TerminalSessionId'>0</Data><Data Name='IntegrityLevel'>System</Data><Data Name='Hashes'>MD5=A1C2318D318CB120555AC46351B5E426,SHA256=E6DF61405204F85417456E7BEB2D2ECCC81AE45E2869DF6518EF476178F43C67,IMPHASH=75AA09157E03E8930197125FB1114E25</Data><Data Name='ParentProcessGuid'>{00000000-0000-0000-0000-000000000000}</Data><Data Name='ParentProcessId'>676</Data><Data Name='ParentImage'>-</Data><Data Name='ParentCommandLine'>-</Data><Data Name='ParentUser'>-</Data></EventData></Event>
<Event xmlns='http://schemas.microsoft.com/win/2004/08/events/event'><System><Provider Name='Microsoft-Windows-Sysmon' Guid='{5770385f-c22a-43e0-bf4c-06f5698ffbd9}'/><EventID>1</EventID><Version>5</Version><Level>4</Level><Task>1</Task><Opcode>0</Opcode><Keywords>0x8000000000000000</Keywords><TimeCreated SystemTime='2026-04-25T16:15:16.5238211Z'/><EventRecordID>697</EventRecordID><Correlation/><Execution ProcessID='2840' ThreadID='3920'/><Channel>Microsoft-Windows-Sysmon/Operational</Channel><Computer>DESKTOP-7JEP204</Computer><Security UserID='S-1-5-18'/></System><EventData><Data Name='RuleName'>-</Data><Data Name='UtcTime'>2026-04-25 16:15:10.200</Data><Data Name='ProcessGuid'>{2c24d1db-e88e-69ec-4a00-000000001500}</Data><Data Name='ProcessId'>2904</Data><Data Name='Image'>C:\Windows\System32\svchost.exe</Data><Data Name='FileVersion'>10.0.19041.1806 (WinBuild.160101.0800)</Data><Data Name='Description'>Host Process for Windows Services</Data><Data Name='Product'>Microsoft® Windows® Operating System</Data><Data Name='Company'>Microsoft Corporation</Data><Data Name='OriginalFileName'>svchost.exe</Data><Data Name='CommandLine'>C:\Windows\system32\svchost.exe -k netsvcs -p -s WpnService</Data><Data Name='CurrentDirectory'>C:\Windows\system32\</Data><Data Name='User'>NT AUTHORITY\SYSTEM</Data><Data Name='LogonGuid'>{2c24d1db-5905-69ed-e703-000000000000}</Data><Data Name='LogonId'>0x3e7</Data><Data Name='TerminalSessionId'>0</Data><Data Name='IntegrityLevel'>System</Data><Data Name='Hashes'>MD5=B7F884C1B74A263F746EE12A5F7C9F6A,SHA256=ADD683A6910ABBBF0E28B557FAD0BA998166394932AE2ACA069D9AA19EA8FE88,IMPHASH=247B9220E5D9B720A82B2C8B5069AD69</Data><Data Name='ParentProcessGuid'>{00000000-0000-0000-0000-000000000000}</Data><Data Name='ParentProcessId'>676</Data><Data Name='ParentImage'>-</Data><Data Name='ParentCommandLine'>-</Data><Data Name='ParentUser'>-</Data></EventData></Event>
<Event xmlns='http://schemas.microsoft.com/win/2004/08/events/event'><System><Provider Name='Microsoft-Windows-Sysmon' Guid='{5770385f-c22a-43e0-bf4c-06f5698ffbd9}'/><EventID>1</EventID><Version>5</Version><Level>4</Level><Task>1</Task><Opcode>0</Opcode><Keywords>0x8000000000000000</Keywords><TimeCreated SystemTime='2026-04-25T16:15:16.5277635Z'/><EventRecordID>698</EventRecordID><Correlation/><Execution ProcessID='2840' ThreadID='3920'/><Channel>Microsoft-Windows-Sysmon/Operational</Channel><Computer>DESKTOP-7JEP204</Computer><Security UserID='S-1-5-18'/></System><EventData><Data Name='RuleName'>-</Data><Data Name='UtcTime'>2026-04-25 16:15:10.063</Data><Data Name='ProcessGuid'>{2c24d1db-e88e-69ec-4600-000000001500}</Data><Data Name='ProcessId'>2840</Data><Data Name='Image'>C:\Windows\Sysmon64.exe</Data><Data Name='FileVersion'>15.20</Data><Data Name='Description'>System activity monitor</Data><Data Name='Product'>Sysinternals Sysmon</Data><Data Name='Company'>Sysinternals - www.sysinternals.com</Data><Data Name='OriginalFileName'>-</Data><Data Name='CommandLine'>C:\Windows\Sysmon64.exe</Data><Data Name='CurrentDirectory'>C:\Windows\system32\</Data><Data Name='User'>NT AUTHORITY\SYSTEM</Data><Data Name='LogonGuid'>{2c24d1db-5905-69ed-e703-000000000000}</Data><Data Name='LogonId'>0x3e7</Data><Data Name='TerminalSessionId'>0</Data><Data Name='IntegrityLevel'>System</Data><Data Name='Hashes'>MD5=B1581E884727B450C4DBFA9360F3DB7C,SHA256=D8115212A7747010593DE813404B02D05B915E4B1D0231502B856B9ACE9274E8,IMPHASH=5C31CFDE3181A762CA91D21902DEF1B4</Data><Data Name='ParentProcessGuid'>{00000000-0000-0000-0000-000000000000}</Data><Data Name='ParentProcessId'>676</Data><Data Name='ParentImage'>-</Data><Data Name='ParentCommandLine'>-</Data><Data Name='ParentUser'>-</Data></EventData></Event>
<Event xmlns='http://schemas.microsoft.com/win/2004/08/events/event'><System><Provider Name='Microsoft-Windows-Sysmon' Guid='{5770385f-c22a-43e0-bf4c-06f5698ffbd9}'/><EventID>1</EventID><Version>5</Version><Level>4</Level><Task>1</Task><Opcode>0</Opcode><Keywords>0x8000000000000000</Keywords><TimeCreated SystemTime='2026-04-25T16:15:16.5423862Z'/><EventRecordID>699</EventRecordID><Correlation/><Execution ProcessID='2840' ThreadID='3920'/><Channel>Microsoft-Windows-Sysmon/Operational</Channel><Computer>DESKTOP-7JEP204</Computer><Security UserID='S-1-5-18'/></System><EventData><Data Name='RuleName'>-</Data><Data Name='UtcTime'>2026-04-25 16:15:10.392</Data><Data Name='ProcessGuid'>{2c24d1db-e88e-69ec-4b00-000000001500}</Data><Data Name='ProcessId'>2996</Data><Data Name='Image'>C:\Windows\System32\svchost.exe</Data><Data Name='FileVersion'>10.0.19041.1806 (WinBuild.160101.0800)</Data><Data Name='Description'>Host Process for Windows Services</Data><Data Name='Product'>Microsoft® Windows® Operating System</Data><Data Name='Company'>Microsoft Corporation</Data><Data Name='OriginalFileName'>svchost.exe</Data><Data Name='CommandLine'>C:\Windows\System32\svchost.exe -k NetSvcs -p -s iphlpsvc</Data><Data Name='CurrentDirectory'>C:\Windows\system32\</Data><Data Name='User'>NT AUTHORITY\SYSTEM</Data><Data Name='LogonGuid'>{2c24d1db-5905-69ed-e703-000000000000}</Data><Data Name='LogonId'>0x3e7</Data><Data Name='TerminalSessionId'>0</Data><Data Name='IntegrityLevel'>System</Data><Data Name='Hashes'>MD5=B7F884C1B74A263F746EE12A5F7C9F6A,SHA256=ADD683A6910ABBBF0E28B557FAD0BA998166394932AE2ACA069D9AA19EA8FE88,IMPHASH=247B9220E5D9B720A82B2C8B5069AD69</Data><Data Name='ParentProcessGuid'>{00000000-0000-0000-0000-000000000000}</Data><Data Name='ParentProcessId'>676</Data><Data Name='ParentImage'>-</Data><Data Name='ParentCommandLine'>-</Data><Data Name='ParentUser'>-</Data></EventData></Event>
<Event xmlns='http://schemas.microsoft.com/win/2004/08/events/event'><System><Provider Name='Microsoft-Windows-Sysmon' Guid='{5770385f-c22a-43e0-bf4c-06f5698ffbd9}'/><EventID>1</EventID><Version>5</Version><Level>4</Level><Task>1</Task><Opcode>0</Opcode><Keywords>0x8000000000000000</Keywords><TimeCreated SystemTime='2026-04-25T16:15:16.5491210Z'/><EventRecordID>700</EventRecordID><Correlation/><Execution ProcessID='2840' ThreadID='3920'/><Channel>Microsoft-Windows-Sysmon/Operational</Channel><Computer>DESKTOP-7JEP204</Computer><Security UserID='S-1-5-18'/></System><EventData><Data Name='RuleName'>-</Data><Data Name='UtcTime'>2026-04-25 16:15:10.410</Data><Data Name='ProcessGuid'>{2c24d1db-e88e-69ec-4c00-000000001500}</Data><Data Name='ProcessId'>3008</Data><Data Name='Image'>C:\Windows\System32\svchost.exe</Data><Data Name='FileVersion'>10.0.19041.1806 (WinBuild.160101.0800)</Data><Data Name='Description'>Host Process for Windows Services</Data><Data Name='Product'>Microsoft® Windows® Operating System</Data><Data Name='Company'>Microsoft Corporation</Data><Data Name='OriginalFileName'>svchost.exe</Data><Data Name='CommandLine'>C:\Windows\System32\svchost.exe -k LocalService -p -s WdiServiceHost</Data><Data Name='CurrentDirectory'>C:\Windows\system32\</Data><Data Name='User'>NT AUTHORITY\LOCAL SERVICE</Data><Data Name='LogonGuid'>{2c24d1db-5907-69ed-e503-000000000000}</Data><Data Name='LogonId'>0x3e5</Data><Data Name='TerminalSessionId'>0</Data><Data Name='IntegrityLevel'>System</Data><Data Name='Hashes'>MD5=B7F884C1B74A263F746EE12A5F7C9F6A,SHA256=ADD683A6910ABBBF0E28B557FAD0BA998166394932AE2ACA069D9AA19EA8FE88,IMPHASH=247B9220E5D9B720A82B2C8B5069AD69</Data><Data Name='ParentProcessGuid'>{00000000-0000-0000-0000-000000000000}</Data><Data Name='ParentProcessId'>676</Data><Data Name='ParentImage'>-</Data><Data Name='ParentCommandLine'>-</Data><Data Name='ParentUser'>-</Data></EventData></Event>
<Event xmlns='http://schemas.microsoft.com/win/2004/08/events/event'><System><Provider Name='Microsoft-Windows-Sysmon' Guid='{5770385f-c22a-43e0-bf4c-06f5698ffbd9}'/><EventID>1</EventID><Version>5</Version><Level>4</Level><Task>1</Task><Opcode>0</Opcode><Keywords>0x8000000000000000</Keywords><TimeCreated SystemTime='2026-04-25T16:15:16.5685683Z'/><EventRecordID>701</EventRecordID><Correlation/><Execution ProcessID='2840' ThreadID='3920'/><Channel>Microsoft-Windows-Sysmon/Operational</Channel><Computer>DESKTOP-7JEP204</Computer><Security UserID='S-1-5-18'/></System><EventData><Data Name='RuleName'>-</Data><Data Name='UtcTime'>2026-04-25 16:15:10.457</Data><Data Name='ProcessGuid'>{2c24d1db-e88e-69ec-4d00-000000001500}</Data><Data Name='ProcessId'>3044</Data><Data Name='Image'>C:\Windows\System32\OpenSSH\ssh-keygen.exe</Data><Data Name='FileVersion'>8.1.0.1</Data><Data Name='Description'>-</Data><Data Name='Product'>OpenSSH for Windows</Data><Data Name='Company'>-</Data><Data Name='OriginalFileName'>-</Data><Data Name='CommandLine'>ssh-keygen -A</Data><Data Name='CurrentDirectory'>C:\Windows\System32\OpenSSH\</Data><Data Name='User'>NT AUTHORITY\SYSTEM</Data><Data Name='LogonGuid'>{2c24d1db-5905-69ed-e703-000000000000}</Data><Data Name='LogonId'>0x3e7</Data><Data Name='TerminalSessionId'>0</Data><Data Name='IntegrityLevel'>System</Data><Data Name='Hashes'>MD5=F22288EF90CC363E97BDC9261A491EAC,SHA256=731BEFCB1A1655FE46EF91B3A02982B71D841E439DE362EF3B1ECA5644FC8DAE,IMPHASH=3521BE309D673737C666AE104349D5D8</Data><Data Name='ParentProcessGuid'>{2c24d1db-e88e-69ec-4400-000000001500}</Data><Data Name='ParentProcessId'>2816</Data><Data Name='ParentImage'>C:\Windows\System32\OpenSSH\sshd.exe</Data><Data Name='ParentCommandLine'>C:\Windows\System32\OpenSSH\sshd.exe</Data><Data Name='ParentUser'>NT AUTHORITY\SYSTEM</Data></EventData></Event>
<Event xmlns='http://schemas.microsoft.com/win/2004/08/events/event'><System><Provider Name='Microsoft-Windows-Sysmon' Guid='{5770385f-c22a-43e0-bf4c-06f5698ffbd9}'/><EventID>11</EventID><Version>2</Version><Level>4</Level><Task>11</Task><Opcode>0</Opcode><Keywords>0x8000000000000000</Keywords><TimeCreated SystemTime='2026-04-25T16:15:16.7455384Z'/><EventRecordID>702</EventRecordID><Correlation/><Execution ProcessID='2840' ThreadID='3920'/><Channel>Microsoft-Windows-Sysmon/Operational</Channel><Computer>DESKTOP-7JEP204</Computer><Security UserID='S-1-5-18'/></System><EventData><Data Name='RuleName'>-</Data><Data Name='UtcTime'>2026-04-25 16:15:12.000</Data><Data Name='ProcessGuid'>{2c24d1db-e88d-69ec-4200-000000001500}</Data><Data Name='ProcessId'>2756</Data><Data Name='Image'>C:\Windows\system32\svchost.exe</Data><Data Name='TargetFilename'>C:\Windows\System32\wbem\Repository\WRITABLE.TST</Data><Data Name='CreationUtcTime'>2026-04-25 16:15:12.000</Data><Data Name='User'>NT AUTHORITY\SYSTEM</Data></EventData></Event>
<Event xmlns='http://schemas.microsoft.com/win/2004/08/events/event'><System><Provider Name='Microsoft-Windows-Sysmon' Guid='{5770385f-c22a-43e0-bf4c-06f5698ffbd9}'/><EventID>13</EventID><Version>2</Version><Level>4</Level><Task>13</Task><Opcode>0</Opcode><Keywords>0x8000000000000000</Keywords><TimeCreated SystemTime='2026-04-25T16:15:16.9455343Z'/><EventRecordID>703</EventRecordID><Correlation/><Execution ProcessID='2840' ThreadID='3920'/><Channel>Microsoft-Windows-Sysmon/Operational</Channel><Computer>DESKTOP-7JEP204</Computer><Security UserID='S-1-5-18'/></System><EventData><Data Name='RuleName'>T1031,T1050</Data><Data Name='EventType'>SetValue</Data><Data Name='UtcTime'>2026-04-25 16:15:13.017</Data><Data Name='ProcessGuid'>{2c24d1db-5905-69ed-0b00-000000001500}</Data><Data Name='ProcessId'>676</Data><Data Name='Image'>C:\Windows\system32\services.exe</Data><Data Name='TargetObject'>HKLM\System\CurrentControlSet\Services\MDCoreSvc\Start</Data><Data Name='Details'>DWORD (0x00000002)</Data><Data Name='User'>NT AUTHORITY\SYSTEM</Data></EventData></Event>
<Event xmlns='http://schemas.microsoft.com/win/2004/08/events/event'><System><Provider Name='Microsoft-Windows-Sysmon' Guid='{5770385f-c22a-43e0-bf4c-06f5698ffbd9}'/><EventID>1</EventID><Version>5</Version><Level>4</Level><Task>1</Task><Opcode>0</Opcode><Keywords>0x8000000000000000</Keywords><TimeCreated SystemTime='2026-04-25T16:15:16.9508499Z'/><EventRecordID>704</EventRecordID><Correlation/><Execution ProcessID='2840' ThreadID='3920'/><Channel>Microsoft-Windows-Sysmon/Operational</Channel><Computer>DESKTOP-7JEP204</Computer><Security UserID='S-1-5-18'/></System><EventData><Data Name='RuleName'>-</Data><Data Name='UtcTime'>2026-04-25 16:15:13.149</Data><Data Name='ProcessGuid'>{2c24d1db-e891-69ec-5100-000000001500}</Data><Data Name='ProcessId'>3432</Data><Data Name='Image'>C:\Windows\System32\wevtutil.exe</Data><Data Name='FileVersion'>10.0.19041.1682 (WinBuild.160101.0800)</Data><Data Name='Description'>Eventing Command Line Utility</Data><Data Name='Product'>Microsoft® Windows® Operating System</Data><Data Name='Company'>Microsoft Corporation</Data><Data Name='OriginalFileName'>wevtutil.exe</Data><Data Name='CommandLine'>C:\Windows\system32\wevtutil.exe uninstall-manifest "C:\ProgramData\Microsoft\Windows Defender\platform\4.18.26020.6-0\Microsoft-Antimalware-AMFilter.man"</Data><Data Name='CurrentDirectory'>C:\Windows\system32\</Data><Data Name='User'>NT AUTHORITY\SYSTEM</Data><Data Name='LogonGuid'>{2c24d1db-5905-69ed-e703-000000000000}</Data><Data Name='LogonId'>0x3e7</Data><Data Name='TerminalSessionId'>0</Data><Data Name='IntegrityLevel'>System</Data><Data Name='Hashes'>MD5=1AAE26BD68B911D0420626A27070EB8D,SHA256=1256A1E89815AA5ADE26A8FDDDDEEBF056EB3D3A81EBFE0DD73636CC677A3D38,IMPHASH=ED2979722859B770F49D66059479B256</Data><Data Name='ParentProcessGuid'>{2c24d1db-e88e-69ec-4900-000000001500}</Data><Data Name='ParentProcessId'>2880</Data><Data Name='ParentImage'>C:\ProgramData\Microsoft\Windows Defender\Platform\4.18.26020.6-0\MsMpEng.exe</Data><Data Name='ParentCommandLine'>"C:\ProgramData\Microsoft\Windows Defender\platform\4.18.26020.6-0\MsMpEng.exe"</Data><Data Name='ParentUser'>NT AUTHORITY\SYSTEM</Data></EventData></Event>
<Event xmlns='http://schemas.microsoft.com/win/2004/08/events/event'><System><Provider Name='Microsoft-Windows-Sysmon' Guid='{5770385f-c22a-43e0-bf4c-06f5698ffbd9}'/><EventID>1</EventID><Version>5</Version><Level>4</Level><Task>1</Task><Opcode>0</Opcode><Keywords>0x8000000000000000</Keywords><TimeCreated SystemTime='2026-04-25T16:15:17.1153379Z'/><EventRecordID>705</EventRecordID><Correlation/><Execution ProcessID='2840' ThreadID='3920'/><Channel>Microsoft-Windows-Sysmon/Operational</Channel><Computer>DESKTOP-7JEP204</Computer><Security UserID='S-1-5-18'/></System><EventData><Data Name='RuleName'>-</Data><Data Name='UtcTime'>2026-04-25 16:15:14.196</Data><Data Name='ProcessGuid'>{2c24d1db-e892-69ec-5500-000000001500}</Data><Data Name='ProcessId'>3588</Data><Data Name='Image'>C:\Windows\System32\wbem\unsecapp.exe</Data><Data Name='FileVersion'>10.0.19041.1320 (WinBuild.160101.0800)</Data><Data Name='Description'>Sink to receive asynchronous callbacks for WMI client application</Data><Data Name='Product'>Microsoft® Windows® Operating System</Data><Data Name='Company'>Microsoft Corporation</Data><Data Name='OriginalFileName'>unsecapp.dll</Data><Data Name='CommandLine'>C:\Windows\system32\wbem\unsecapp.exe -Embedding</Data><Data Name='CurrentDirectory'>C:\Windows\system32\</Data><Data Name='User'>NT AUTHORITY\SYSTEM</Data><Data Name='LogonGuid'>{2c24d1db-5905-69ed-e703-000000000000}</Data><Data Name='LogonId'>0x3e7</Data><Data Name='TerminalSessionId'>0</Data><Data Name='IntegrityLevel'>System</Data><Data Name='Hashes'>MD5=9B782B1E1D7A2C28302755F963EAC907,SHA256=FABB8CC6DE82A79F1EED0976E5CE741FF3B9D5B1B40D90146052F4393CCA80A3,IMPHASH=87E54E3D04D772F26002D8B564B2426C</Data><Data Name='ParentProcessGuid'>{00000000-0000-0000-0000-000000000000}</Data><Data Name='ParentProcessId'>836</Data><Data Name='ParentImage'>-</Data><Data Name='ParentCommandLine'>-</Data><Data Name='ParentUser'>-</Data></EventData></Event>
<Event xmlns='http://schemas.microsoft.com/win/2004/08/events/event'><System><Provider Name='Microsoft-Windows-Sysmon' Guid='{5770385f-c22a-43e0-bf4c-06f5698ffbd9}'/><EventID>1</EventID><Version>5</Version><Level>4</Level><Task>1</Task><Opcode>0</Opcode><Keywords>0x8000000000000000</Keywords><TimeCreated SystemTime='2026-04-25T16:15:17.1372750Z'/><EventRecordID>706</EventRecordID><Correlation/><Execution ProcessID='2840' ThreadID='3920'/><Channel>Microsoft-Windows-Sysmon/Operational</Channel><Computer>DESKTOP-7JEP204</Computer><Security UserID='S-1-5-18'/></System><EventData><Data Name='RuleName'>-</Data><Data Name='UtcTime'>2026-04-25 16:15:14.810</Data><Data Name='ProcessGuid'>{2c24d1db-e892-69ec-5600-000000001500}</Data><Data Name='ProcessId'>3708</Data><Data Name='Image'>C:\Windows\System32\svchost.exe</Data><Data Name='FileVersion'>10.0.19041.1806 (WinBuild.160101.0800)</Data><Data Name='Description'>Host Process for Windows Services</Data><Data Name='Product'>Microsoft® Windows® Operating System</Data><Data Name='Company'>Microsoft Corporation</Data><Data Name='OriginalFileName'>svchost.exe</Data><Data Name='CommandLine'>C:\Windows\System32\svchost.exe -k LocalServiceNetworkRestricted -s RmSvc</Data><Data Name='CurrentDirectory'>C:\Windows\system32\</Data><Data Name='User'>NT AUTHORITY\LOCAL SERVICE</Data><Data Name='LogonGuid'>{2c24d1db-5907-69ed-e503-000000000000}</Data><Data Name='LogonId'>0x3e5</Data><Data Name='TerminalSessionId'>0</Data><Data Name='IntegrityLevel'>System</Data><Data Name='Hashes'>MD5=B7F884C1B74A263F746EE12A5F7C9F6A,SHA256=ADD683A6910ABBBF0E28B557FAD0BA998166394932AE2ACA069D9AA19EA8FE88,IMPHASH=247B9220E5D9B720A82B2C8B5069AD69</Data><Data Name='ParentProcessGuid'>{00000000-0000-0000-0000-000000000000}</Data><Data Name='ParentProcessId'>676</Data><Data Name='ParentImage'>-</Data><Data Name='ParentCommandLine'>-</Data><Data Name='ParentUser'>-</Data></EventData></Event>
<Event xmlns='http://schemas.microsoft.com/win/2004/08/events/event'><System><Provider Name='Microsoft-Windows-Sysmon' Guid='{5770385f-c22a-43e0-bf4c-06f5698ffbd9}'/><EventID>1</EventID><Version>5</Version><Level>4</Level><Task>1</Task><Opcode>0</Opcode><Keywords>0x8000000000000000</Keywords><TimeCreated SystemTime='2026-04-25T16:15:17.3490227Z'/><EventRecordID>707</EventRecordID><Correlation/><Execution ProcessID='2840' ThreadID='3920'/><Channel>Microsoft-Windows-Sysmon/Operational</Channel><Computer>DESKTOP-7JEP204</Computer><Security UserID='S-1-5-18'/></System><EventData><Data Name='RuleName'>-</Data><Data Name='UtcTime'>2026-04-25 16:15:15.651</Data><Data Name='ProcessGuid'>{2c24d1db-e893-69ec-5700-000000001500}</Data><Data Name='ProcessId'>3812</Data><Data Name='Image'>C:\Windows\System32\wevtutil.exe</Data><Data Name='FileVersion'>10.0.19041.1682 (WinBuild.160101.0800)</Data><Data Name='Description'>Eventing Command Line Utility</Data><Data Name='Product'>Microsoft® Windows® Operating System</Data><Data Name='Company'>Microsoft Corporation</Data><Data Name='OriginalFileName'>wevtutil.exe</Data><Data Name='CommandLine'>C:\Windows\system32\wevtutil.exe install-manifest "C:\ProgramData\Microsoft\Windows Defender\platform\4.18.26020.6-0\Microsoft-Antimalware-AMFilter.man" "/resourceFilePath:C:\ProgramData\Microsoft\Windows Defender\platform\4.18.26020.6-0\Drivers\WdFilter.sys" "/messageFilePath:C:\ProgramData\Microsoft\Windows Defender\platform\4.18.26020.6-0\Drivers\WdFilter.sys" "/parameterFilePath:C:\ProgramData\Microsoft\Windows Defender\platform\4.18.26020.6-0\Drivers\WdFilter.sys"</Data><Data Name='CurrentDirectory'>C:\Windows\system32\</Data><Data Name='User'>NT AUTHORITY\SYSTEM</Data><Data Name='LogonGuid'>{2c24d1db-5905-69ed-e703-000000000000}</Data><Data Name='LogonId'>0x3e7</Data><Data Name='TerminalSessionId'>0</Data><Data Name='IntegrityLevel'>System</Data><Data Name='Hashes'>MD5=1AAE26BD68B911D0420626A27070EB8D,SHA256=1256A1E89815AA5ADE26A8FDDDDEEBF056EB3D3A81EBFE0DD73636CC677A3D38,IMPHASH=ED2979722859B770F49D66059479B256</Data><Data Name='ParentProcessGuid'>{2c24d1db-e88e-69ec-4900-000000001500}</Data><Data Name='ParentProcessId'>2880</Data><Data Name='ParentImage'>C:\ProgramData\Microsoft\Windows Defender\Platform\4.18.26020.6-0\MsMpEng.exe</Data><Data Name='ParentCommandLine'>"C:\ProgramData\Microsoft\Windows Defender\platform\4.18.26020.6-0\MsMpEng.exe"</Data><Data Name='ParentUser'>NT AUTHORITY\SYSTEM</Data></EventData></Event>
<Event xmlns='http://schemas.microsoft.com/win/2004/08/events/event'><System><Provider Name='Microsoft-Windows-Sysmon' Guid='{5770385f-c22a-43e0-bf4c-06f5698ffbd9}'/><EventID>1</EventID><Version>5</Version><Level>4</Level><Task>1</Task><Opcode>0</Opcode><Keywords>0x8000000000000000</Keywords><TimeCreated SystemTime='2026-04-25T16:15:17.3764367Z'/><EventRecordID>708</EventRecordID><Correlation/><Execution ProcessID='2840' ThreadID='3920'/><Channel>Microsoft-Windows-Sysmon/Operational</Channel><Computer>DESKTOP-7JEP204</Computer><Security UserID='S-1-5-18'/></System><EventData><Data Name='RuleName'>-</Data><Data Name='UtcTime'>2026-04-25 16:15:16.238</Data><Data Name='ProcessGuid'>{2c24d1db-e894-69ec-5900-000000001500}</Data><Data Name='ProcessId'>4060</Data><Data Name='Image'>C:\Windows\System32\wevtutil.exe</Data><Data Name='FileVersion'>10.0.19041.1682 (WinBuild.160101.0800)</Data><Data Name='Description'>Eventing Command Line Utility</Data><Data Name='Product'>Microsoft® Windows® Operating System</Data><Data Name='Company'>Microsoft Corporation</Data><Data Name='OriginalFileName'>wevtutil.exe</Data><Data Name='CommandLine'>C:\Windows\system32\wevtutil.exe uninstall-manifest "C:\ProgramData\Microsoft\Windows Defender\platform\4.18.26020.6-0\Microsoft-Windows-Windows Defender.man"</Data><Data Name='CurrentDirectory'>C:\Windows\system32\</Data><Data Name='User'>NT AUTHORITY\SYSTEM</Data><Data Name='LogonGuid'>{2c24d1db-5905-69ed-e703-000000000000}</Data><Data Name='LogonId'>0x3e7</Data><Data Name='TerminalSessionId'>0</Data><Data Name='IntegrityLevel'>System</Data><Data Name='Hashes'>MD5=1AAE26BD68B911D0420626A27070EB8D,SHA256=1256A1E89815AA5ADE26A8FDDDDEEBF056EB3D3A81EBFE0DD73636CC677A3D38,IMPHASH=ED2979722859B770F49D66059479B256</Data><Data Name='ParentProcessGuid'>{2c24d1db-e88e-69ec-4900-000000001500}</Data><Data Name='ParentProcessId'>2880</Data><Data Name='ParentImage'>C:\ProgramData\Microsoft\Windows Defender\Platform\4.18.26020.6-0\MsMpEng.exe</Data><Data Name='ParentCommandLine'>"C:\ProgramData\Microsoft\Windows Defender\platform\4.18.26020.6-0\MsMpEng.exe"</Data><Data Name='ParentUser'>NT AUTHORITY\SYSTEM</Data></EventData></Event>
<Event xmlns='http://schemas.microsoft.com/win/2004/08/events/event'><System><Provider Name='Microsoft-Windows-Sysmon' Guid='{5770385f-c22a-43e0-bf4c-06f5698ffbd9}'/><EventID>12</EventID><Version>2</Version><Level>4</Level><Task>12</Task><Opcode>0</Opcode><Keywords>0x8000000000000000</Keywords><TimeCreated SystemTime='2026-04-25T16:15:17.3871425Z'/><EventRecordID>709</EventRecordID><Correlation/><Execution ProcessID='2840' ThreadID='3920'/><Channel>Microsoft-Windows-Sysmon/Operational</Channel><Computer>DESKTOP-7JEP204</Computer><Security UserID='S-1-5-18'/></System><EventData><Data Name='RuleName'>-</Data><Data Name='EventType'>DeleteKey</Data><Data Name='UtcTime'>2026-04-25 16:15:16.894</Data><Data Name='ProcessGuid'>{2c24d1db-e894-69ec-5900-000000001500}</Data><Data Name='ProcessId'>4060</Data><Data Name='Image'>C:\Windows\system32\wevtutil.exe</Data><Data Name='TargetObject'>HKLM\SOFTWARE\Microsoft\Windows\CurrentVersion\WINEVT\Channels\Microsoft-Windows-Windows Defender/Operational</Data><Data Name='User'>NT AUTHORITY\SYSTEM</Data></EventData></Event>
<Event xmlns='http://schemas.microsoft.com/win/2004/08/events/event'><System><Provider Name='Microsoft-Windows-Sysmon' Guid='{5770385f-c22a-43e0-bf4c-06f5698ffbd9}'/><EventID>12</EventID><Version>2</Version><Level>4</Level><Task>12</Task><Opcode>0</Opcode><Keywords>0x8000000000000000</Keywords><TimeCreated SystemTime='2026-04-25T16:15:17.3947262Z'/><EventRecordID>710</EventRecordID><Correlation/><Execution ProcessID='2840' ThreadID='3920'/><Channel>Microsoft-Windows-Sysmon/Operational</Channel><Computer>DESKTOP-7JEP204</Computer><Security UserID='S-1-5-18'/></System><EventData><Data Name='RuleName'>-</Data><Data Name='EventType'>DeleteValue</Data><Data Name='UtcTime'>2026-04-25 16:15:17.078</Data><Data Name='ProcessGuid'>{2c24d1db-5907-69ed-1200-000000001500}</Data><Data Name='ProcessId'>392</Data><Data Name='Image'>C:\Windows\system32\LogonUI.exe</Data><Data Name='TargetObject'>HKU\.DEFAULT\Keyboard Layout\Preload\1</Data><Data Name='User'>NT AUTHORITY\SYSTEM</Data></EventData></Event>
<Event xmlns='http://schemas.microsoft.com/win/2004/08/events/event'><System><Provider Name='Microsoft-Windows-Sysmon' Guid='{5770385f-c22a-43e0-bf4c-06f5698ffbd9}'/><EventID>12</EventID><Version>2</Version><Level>4</Level><Task>12</Task><Opcode>0</Opcode><Keywords>0x8000000000000000</Keywords><TimeCreated SystemTime='2026-04-25T16:15:17.3948613Z'/><EventRecordID>711</EventRecordID><Correlation/><Execution ProcessID='2840' ThreadID='3920'/><Channel>Microsoft-Windows-Sysmon/Operational</Channel><Computer>DESKTOP-7JEP204</Computer><Security UserID='S-1-5-18'/></System><EventData><Data Name='RuleName'>-</Data><Data Name='EventType'>DeleteValue</Data><Data Name='UtcTime'>2026-04-25 16:15:17.078</Data><Data Name='ProcessGuid'>{2c24d1db-5907-69ed-1200-000000001500}</Data><Data Name='ProcessId'>392</Data><Data Name='Image'>C:\Windows\system32\LogonUI.exe</Data><Data Name='TargetObject'>HKU\.DEFAULT\Keyboard Layout\Preload\2</Data><Data Name='User'>NT AUTHORITY\SYSTEM</Data></EventData></Event>
<Event xmlns='http://schemas.microsoft.com/win/2004/08/events/event'><System><Provider Name='Microsoft-Windows-Sysmon' Guid='{5770385f-c22a-43e0-bf4c-06f5698ffbd9}'/><EventID>12</EventID><Version>2</Version><Level>4</Level><Task>12</Task><Opcode>0</Opcode><Keywords>0x8000000000000000</Keywords><TimeCreated SystemTime='2026-04-25T16:15:17.3949692Z'/><EventRecordID>712</EventRecordID><Correlation/><Execution ProcessID='2840' ThreadID='3920'/><Channel>Microsoft-Windows-Sysmon/Operational</Channel><Computer>DESKTOP-7JEP204</Computer><Security UserID='S-1-5-18'/></System><EventData><Data Name='RuleName'>-</Data><Data Name='EventType'>DeleteValue</Data><Data Name='UtcTime'>2026-04-25 16:15:17.078</Data><Data Name='ProcessGuid'>{2c24d1db-5907-69ed-1200-000000001500}</Data><Data Name='ProcessId'>392</Data><Data Name='Image'>C:\Windows\system32\LogonUI.exe</Data><Data Name='TargetObject'>HKU\.DEFAULT\Keyboard Layout\Substitutes\d0010409</Data><Data Name='User'>NT AUTHORITY\SYSTEM</Data></EventData></Event>
<Event xmlns='http://schemas.microsoft.com/win/2004/08/events/event'><System><Provider Name='Microsoft-Windows-Sysmon' Guid='{5770385f-c22a-43e0-bf4c-06f5698ffbd9}'/><EventID>13</EventID><Version>2</Version><Level>4</Level><Task>13</Task><Opcode>0</Opcode><Keywords>0x8000000000000000</Keywords><TimeCreated SystemTime='2026-04-25T16:15:17.3950703Z'/><EventRecordID>713</EventRecordID><Correlation/><Execution ProcessID='2840' ThreadID='3920'/><Channel>Microsoft-Windows-Sysmon/Operational</Channel><Computer>DESKTOP-7JEP204</Computer><Security UserID='S-1-5-18'/></System><EventData><Data Name='RuleName'>-</Data><Data Name='EventType'>SetValue</Data><Data Name='UtcTime'>2026-04-25 16:15:17.078</Data><Data Name='ProcessGuid'>{2c24d1db-5907-69ed-1200-000000001500}</Data><Data Name='ProcessId'>392</Data><Data Name='Image'>C:\Windows\system32\LogonUI.exe</Data><Data Name='TargetObject'>HKU\.DEFAULT\Keyboard Layout\Preload\1</Data><Data Name='Details'>d0010409</Data><Data Name='User'>NT AUTHORITY\SYSTEM</Data></EventData></Event>
<Event xmlns='http://schemas.microsoft.com/win/2004/08/events/event'><System><Provider Name='Microsoft-Windows-Sysmon' Guid='{5770385f-c22a-43e0-bf4c-06f5698ffbd9}'/><EventID>13</EventID><Version>2</Version><Level>4</Level><Task>13</Task><Opcode>0</Opcode><Keywords>0x8000000000000000</Keywords><TimeCreated SystemTime='2026-04-25T16:15:17.3951737Z'/><EventRecordID>714</EventRecordID><Correlation/><Execution ProcessID='2840' ThreadID='3920'/><Channel>Microsoft-Windows-Sysmon/Operational</Channel><Computer>DESKTOP-7JEP204</Computer><Security UserID='S-1-5-18'/></System><EventData><Data Name='RuleName'>-</Data><Data Name='EventType'>SetValue</Data><Data Name='UtcTime'>2026-04-25 16:15:17.078</Data><Data Name='ProcessGuid'>{2c24d1db-5907-69ed-1200-000000001500}</Data><Data Name='ProcessId'>392</Data><Data Name='Image'>C:\Windows\system32\LogonUI.exe</Data><Data Name='TargetObject'>HKU\.DEFAULT\Keyboard Layout\Substitutes\d0010409</Data><Data Name='Details'>0000040c</Data><Data Name='User'>NT AUTHORITY\SYSTEM</Data></EventData></Event>
<Event xmlns='http://schemas.microsoft.com/win/2004/08/events/event'><System><Provider Name='Microsoft-Windows-Sysmon' Guid='{5770385f-c22a-43e0-bf4c-06f5698ffbd9}'/><EventID>13</EventID><Version>2</Version><Level>4</Level><Task>13</Task><Opcode>0</Opcode><Keywords>0x8000000000000000</Keywords><TimeCreated SystemTime='2026-04-25T16:15:17.3952808Z'/><EventRecordID>715</EventRecordID><Correlation/><Execution ProcessID='2840' ThreadID='3920'/><Channel>Microsoft-Windows-Sysmon/Operational</Channel><Computer>DESKTOP-7JEP204</Computer><Security UserID='S-1-5-18'/></System><EventData><Data Name='RuleName'>-</Data><Data Name='EventType'>SetValue</Data><Data Name='UtcTime'>2026-04-25 16:15:17.078</Data><Data Name='ProcessGuid'>{2c24d1db-5907-69ed-1200-000000001500}</Data><Data Name='ProcessId'>392</Data><Data Name='Image'>C:\Windows\system32\LogonUI.exe</Data><Data Name='TargetObject'>HKU\.DEFAULT\Keyboard Layout\Preload\2</Data><Data Name='Details'>00000409</Data><Data Name='User'>NT AUTHORITY\SYSTEM</Data></EventData></Event>
<Event xmlns='http://schemas.microsoft.com/win/2004/08/events/event'><System><Provider Name='Microsoft-Windows-Sysmon' Guid='{5770385f-c22a-43e0-bf4c-06f5698ffbd9}'/><EventID>12</EventID><Version>2</Version><Level>4</Level><Task>12</Task><Opcode>0</Opcode><Keywords>0x8000000000000000</Keywords><TimeCreated SystemTime='2026-04-25T16:15:17.4257725Z'/><EventRecordID>716</EventRecordID><Correlation/><Execution ProcessID='2840' ThreadID='3920'/><Channel>Microsoft-Windows-Sysmon/Operational</Channel><Computer>DESKTOP-7JEP204</Computer><Security UserID='S-1-5-18'/></System><EventData><Data Name='RuleName'>-</Data><Data Name='EventType'>DeleteKey</Data><Data Name='UtcTime'>2026-04-25 16:15:17.219</Data><Data Name='ProcessGuid'>{2c24d1db-e894-69ec-5900-000000001500}</Data><Data Name='ProcessId'>4060</Data><Data Name='Image'>C:\Windows\system32\wevtutil.exe</Data><Data Name='TargetObject'>HKLM\SOFTWARE\Microsoft\Windows\CurrentVersion\WINEVT\Channels\Microsoft-Windows-Windows Defender/WHC</Data><Data Name='User'>NT AUTHORITY\SYSTEM</Data></EventData></Event>
<Event xmlns='http://schemas.microsoft.com/win/2004/08/events/event'><System><Provider Name='Microsoft-Windows-Sysmon' Guid='{5770385f-c22a-43e0-bf4c-06f5698ffbd9}'/><EventID>1</EventID><Version>5</Version><Level>4</Level><Task>1</Task><Opcode>0</Opcode><Keywords>0x8000000000000000</Keywords><TimeCreated SystemTime='2026-04-25T16:15:17.4567499Z'/><EventRecordID>717</EventRecordID><Correlation/><Execution ProcessID='2840' ThreadID='3920'/><Channel>Microsoft-Windows-Sysmon/Operational</Channel><Computer>DESKTOP-7JEP204</Computer><Security UserID='S-1-5-18'/></System><EventData><Data Name='RuleName'>-</Data><Data Name='UtcTime'>2026-04-25 16:15:17.425</Data><Data Name='ProcessGuid'>{2c24d1db-e895-69ec-5e00-000000001500}</Data><Data Name='ProcessId'>3176</Data><Data Name='Image'>C:\Windows\System32\wevtutil.exe</Data><Data Name='FileVersion'>10.0.19041.1682 (WinBuild.160101.0800)</Data><Data Name='Description'>Eventing Command Line Utility</Data><Data Name='Product'>Microsoft® Windows® Operating System</Data><Data Name='Company'>Microsoft Corporation</Data><Data Name='OriginalFileName'>wevtutil.exe</Data><Data Name='CommandLine'>C:\Windows\system32\wevtutil.exe install-manifest "C:\ProgramData\Microsoft\Windows Defender\platform\4.18.26020.6-0\Microsoft-Windows-Windows Defender.man" "/resourceFilePath:C:\ProgramData\Microsoft\Windows Defender\platform\4.18.26020.6-0\MpEvMsg.dll" "/messageFilePath:C:\ProgramData\Microsoft\Windows Defender\platform\4.18.26020.6-0\MpEvMsg.dll" "/parameterFilePath:C:\ProgramData\Microsoft\Windows Defender\platform\4.18.26020.6-0\MpEvMsg.dll"</Data><Data Name='CurrentDirectory'>C:\Windows\system32\</Data><Data Name='User'>NT AUTHORITY\SYSTEM</Data><Data Name='LogonGuid'>{2c24d1db-5905-69ed-e703-000000000000}</Data><Data Name='LogonId'>0x3e7</Data><Data Name='TerminalSessionId'>0</Data><Data Name='IntegrityLevel'>System</Data><Data Name='Hashes'>MD5=1AAE26BD68B911D0420626A27070EB8D,SHA256=1256A1E89815AA5ADE26A8FDDDDEEBF056EB3D3A81EBFE0DD73636CC677A3D38,IMPHASH=ED2979722859B770F49D66059479B256</Data><Data Name='ParentProcessGuid'>{2c24d1db-e88e-69ec-4900-000000001500}</Data><Data Name='ParentProcessId'>2880</Data><Data Name='ParentImage'>C:\ProgramData\Microsoft\Windows Defender\Platform\4.18.26020.6-0\MsMpEng.exe</Data><Data Name='ParentCommandLine'>"C:\ProgramData\Microsoft\Windows Defender\platform\4.18.26020.6-0\MsMpEng.exe"</Data><Data Name='ParentUser'>NT AUTHORITY\SYSTEM</Data></EventData></Event>
<Event xmlns='http://schemas.microsoft.com/win/2004/08/events/event'><System><Provider Name='Microsoft-Windows-Sysmon' Guid='{5770385f-c22a-43e0-bf4c-06f5698ffbd9}'/><EventID>13</EventID><Version>2</Version><Level>4</Level><Task>13</Task><Opcode>0</Opcode><Keywords>0x8000000000000000</Keywords><TimeCreated SystemTime='2026-04-25T16:15:17.8037904Z'/><EventRecordID>718</EventRecordID><Correlation/><Execution ProcessID='2840' ThreadID='3920'/><Channel>Microsoft-Windows-Sysmon/Operational</Channel><Computer>DESKTOP-7JEP204</Computer><Security UserID='S-1-5-18'/></System><EventData><Data Name='RuleName'>-</Data><Data Name='EventType'>SetValue</Data><Data Name='UtcTime'>2026-04-25 16:15:17.784</Data><Data Name='ProcessGuid'>{2c24d1db-e895-69ec-5e00-000000001500}</Data><Data Name='ProcessId'>3176</Data><Data Name='Image'>C:\Windows\system32\wevtutil.exe</Data><Data Name='TargetObject'>HKLM\SOFTWARE\Microsoft\Windows\CurrentVersion\WINEVT\Channels\Microsoft-Windows-Windows Defender/Operational\OwningPublisher</Data><Data Name='Details'>{11cd958a-c507-4ef3-b3f2-5fd9dfbd2c78}</Data><Data Name='User'>NT AUTHORITY\SYSTEM</Data></EventData></Event>
<Event xmlns='http://schemas.microsoft.com/win/2004/08/events/event'><System><Provider Name='Microsoft-Windows-Sysmon' Guid='{5770385f-c22a-43e0-bf4c-06f5698ffbd9}'/><EventID>13</EventID><Version>2</Version><Level>4</Level><Task>13</Task><Opcode>0</Opcode><Keywords>0x8000000000000000</Keywords><TimeCreated SystemTime='2026-04-25T16:15:17.8041851Z'/><EventRecordID>719</EventRecordID><Correlation/><Execution ProcessID='2840' ThreadID='3920'/><Channel>Microsoft-Windows-Sysmon/Operational</Channel><Computer>DESKTOP-7JEP204</Computer><Security UserID='S-1-5-18'/></System><EventData><Data Name='RuleName'>-</Data><Data Name='EventType'>SetValue</Data><Data Name='UtcTime'>2026-04-25 16:15:17.784</Data><Data Name='ProcessGuid'>{2c24d1db-e895-69ec-5e00-000000001500}</Data><Data Name='ProcessId'>3176</Data><Data Name='Image'>C:\Windows\system32\wevtutil.exe</Data><Data Name='TargetObject'>HKLM\SOFTWARE\Microsoft\Windows\CurrentVersion\WINEVT\Channels\Microsoft-Windows-Windows Defender/Operational\Enabled</Data><Data Name='Details'>DWORD (0x00000001)</Data><Data Name='User'>NT AUTHORITY\SYSTEM</Data></EventData></Event>
<Event xmlns='http://schemas.microsoft.com/win/2004/08/events/event'><System><Provider Name='Microsoft-Windows-Sysmon' Guid='{5770385f-c22a-43e0-bf4c-06f5698ffbd9}'/><EventID>13</EventID><Version>2</Version><Level>4</Level><Task>13</Task><Opcode>0</Opcode><Keywords>0x8000000000000000</Keywords><TimeCreated SystemTime='2026-04-25T16:15:17.8042740Z'/><EventRecordID>720</EventRecordID><Correlation/><Execution ProcessID='2840' ThreadID='3920'/><Channel>Microsoft-Windows-Sysmon/Operational</Channel><Computer>DESKTOP-7JEP204</Computer><Security UserID='S-1-5-18'/></System><EventData><Data Name='RuleName'>-</Data><Data Name='EventType'>SetValue</Data><Data Name='UtcTime'>2026-04-25 16:15:17.784</Data><Data Name='ProcessGuid'>{2c24d1db-e895-69ec-5e00-000000001500}</Data><Data Name='ProcessId'>3176</Data><Data Name='Image'>C:\Windows\system32\wevtutil.exe</Data><Data Name='TargetObject'>HKLM\SOFTWARE\Microsoft\Windows\CurrentVersion\WINEVT\Channels\Microsoft-Windows-Windows Defender/Operational\Isolation</Data><Data Name='Details'>DWORD (0x00000001)</Data><Data Name='User'>NT AUTHORITY\SYSTEM</Data></EventData></Event>
<Event xmlns='http://schemas.microsoft.com/win/2004/08/events/event'><System><Provider Name='Microsoft-Windows-Sysmon' Guid='{5770385f-c22a-43e0-bf4c-06f5698ffbd9}'/><EventID>13</EventID><Version>2</Version><Level>4</Level><Task>13</Task><Opcode>0</Opcode><Keywords>0x8000000000000000</Keywords><TimeCreated SystemTime='2026-04-25T16:15:17.8046634Z'/><EventRecordID>721</EventRecordID><Correlation/><Execution ProcessID='2840' ThreadID='3920'/><Channel>Microsoft-Windows-Sysmon/Operational</Channel><Computer>DESKTOP-7JEP204</Computer><Security UserID='S-1-5-18'/></System><EventData><Data Name='RuleName'>-</Data><Data Name='EventType'>SetValue</Data><Data Name='UtcTime'>2026-04-25 16:15:17.784</Data><Data Name='ProcessGuid'>{2c24d1db-e895-69ec-5e00-000000001500}</Data><Data Name='ProcessId'>3176</Data><Data Name='Image'>C:\Windows\system32\wevtutil.exe</Data><Data Name='TargetObject'>HKLM\SOFTWARE\Microsoft\Windows\CurrentVersion\WINEVT\Channels\Microsoft-Windows-Windows Defender/Operational\ChannelAccess</Data><Data Name='Details'>O:BAG:SYD:(A;;0xf0007;;;SY)(A;;0x7;;;BA)(A;;0x3;;;BO)(A;;0x5;;;SO)(A;;0x1;;;IU)(A;;0x3;;;SU)(A;;0x1;;;S-1-5-3)(A;;0x2;;;S-1-5-33)(A;;0x1;;;S-1-5-32-573)</Data><Data Name='User'>NT AUTHORITY\SYSTEM</Data></EventData></Event>
