<Event xmlns='http://schemas.microsoft.com/win/2004/08/events/event'><System><Provider Name='Microsoft-Windows-Sysmon' Guid='{5770385f-c22a-43e0-bf4c-06f5698ffbd9}'/><EventID>3</EventID><Version>5</Version><Level>4</Level><Task>3</Task><Opcode>0</Opcode><Keywords>0x8000000000000000</Keywords><TimeCreated SystemTime='2026-04-25T15:42:09.9345432Z'/><EventRecordID>481</EventRecordID><Correlation/><Execution ProcessID='2832' ThreadID='3708'/><Channel>Microsoft-Windows-Sysmon/Operational</Channel><Computer>DESKTOP-7JEP204</Computer><Security UserID='S-1-5-18'/></System><EventData><Data Name='RuleName'>Usermode</Data><Data Name='UtcTime'>2026-03-30 03:12:48.283</Data><Data Name='ProcessGuid'>{2c24d1db-a360-69ec-6f01-000000001400}</Data><Data Name='ProcessId'>3200</Data><Data Name='Image'>C:\Users\User\AppData\Local\Programs\Python\Python314\python.exe</Data><Data Name='User'>DESKTOP-7JEP204\User</Data><Data Name='Protocol'>tcp</Data><Data Name='Initiated'>false</Data><Data Name='SourceIsIpv6'>false</Data><Data Name='SourceIp'>192.168.56.1</Data><Data Name='SourceHostname'>-</Data><Data Name='SourcePort'>61058</Data><Data Name='SourcePortName'>-</Data><Data Name='DestinationIsIpv6'>false</Data><Data Name='DestinationIp'>192.168.56.103</Data><Data Name='DestinationHostname'>DESKTOP-7JEP204</Data><Data Name='DestinationPort'>8000</Data><Data Name='DestinationPortName'>-</Data></EventData></Event>
<Event xmlns='http://schemas.microsoft.com/win/2004/08/events/event'><System><Provider Name='Microsoft-Windows-Sysmon' Guid='{5770385f-c22a-43e0-bf4c-06f5698ffbd9}'/><EventID>3</EventID><Version>5</Version><Level>4</Level><Task>3</Task><Opcode>0</Opcode><Keywords>0x8000000000000000</Keywords><TimeCreated SystemTime='2026-04-25T15:42:16.8054007Z'/><EventRecordID>482</EventRecordID><Correlation/><Execution ProcessID='2832' ThreadID='3708'/><Channel>Microsoft-Windows-Sysmon/Operational</Channel><Computer>DESKTOP-7JEP204</Computer><Security UserID='S-1-5-18'/></System><EventData><Data Name='RuleName'>Usermode</Data><Data Name='UtcTime'>2026-03-30 03:12:53.297</Data><Data Name='ProcessGuid'>{2c24d1db-a360-69ec-6f01-000000001400}</Data><Data Name='ProcessId'>3200</Data><Data Name='Image'>C:\Users\User\AppData\Local\Programs\Python\Python314\python.exe</Data><Data Name='User'>DESKTOP-7JEP204\User</Data><Data Name='Protocol'>tcp</Data><Data Name='Initiated'>false</Data><Data Name='SourceIsIpv6'>false</Data><Data Name='SourceIp'>192.168.56.1</Data><Data Name='SourceHostname'>-</Data><Data Name='SourcePort'>61064</Data><Data Name='SourcePortName'>-</Data><Data Name='DestinationIsIpv6'>false</Data><Data Name='DestinationIp'>192.168.56.103</Data><Data Name='DestinationHostname'>DESKTOP-7JEP204</Data><Data Name='DestinationPort'>8000</Data><Data Name='DestinationPortName'>-</Data></EventData></Event>
<Event xmlns='http://schemas.microsoft.com/win/2004/08/events/event'><System><Provider Name='Microsoft-Windows-Sysmon' Guid='{5770385f-c22a-43e0-bf4c-06f5698ffbd9}'/><EventID>22</EventID><Version>5</Version><Level>4</Level><Task>22</Task><Opcode>0</Opcode><Keywords>0x8000000000000000</Keywords><TimeCreated SystemTime='2026-04-25T15:42:20.5317769Z'/><EventRecordID>483</EventRecordID><Correlation/><Execution ProcessID='2832' ThreadID='3732'/><Channel>Microsoft-Windows-Sysmon/Operational</Channel><Computer>DESKTOP-7JEP204</Computer><Security UserID='S-1-5-18'/></System><EventData><Data Name='RuleName'>-</Data><Data Name='UtcTime'>2026-03-30 03:12:56.461</Data><Data Name='ProcessGuid'>{2c24d1db-a332-69ec-6401-000000001400}</Data><Data Name='ProcessId'>972</Data><Data Name='QueryName'>ecs.office.com</Data><Data Name='QueryStatus'>1460</Data><Data Name='QueryResults'>-</Data><Data Name='Image'>C:\Users\User\AppData\Local\Microsoft\OneDrive\26.040.0301.0001\OneDrive.Sync.Service.exe</Data><Data Name='User'>DESKTOP-7JEP204\User</Data></EventData></Event>
<Event xmlns='http://schemas.microsoft.com/win/2004/08/events/event'><System><Provider Name='Microsoft-Windows-Sysmon' Guid='{5770385f-c22a-43e0-bf4c-06f5698ffbd9}'/><EventID>3</EventID><Version>5</Version><Level>4</Level><Task>3</Task><Opcode>0</Opcode><Keywords>0x8000000000000000</Keywords><TimeCreated SystemTime='2026-04-25T15:42:24.3686313Z'/><EventRecordID>484</EventRecordID><Correlation/><Execution ProcessID='2832' ThreadID='3708'/><Channel>Microsoft-Windows-Sysmon/Operational</Channel><Computer>DESKTOP-7JEP204</Computer><Security UserID='S-1-5-18'/></System><EventData><Data Name='RuleName'>Usermode</Data><Data Name='UtcTime'>2026-03-30 03:12:58.312</Data><Data Name='ProcessGuid'>{2c24d1db-a360-69ec-6f01-000000001400}</Data><Data Name='ProcessId'>3200</Data><Data Name='Image'>C:\Users\User\AppData\Local\Programs\Python\Python314\python.exe</Data><Data Name='User'>DESKTOP-7JEP204\User</Data><Data Name='Protocol'>tcp</Data><Data Name='Initiated'>false</Data><Data Name='SourceIsIpv6'>false</Data><Data Name='SourceIp'>192.168.56.1</Data><Data Name='SourceHostname'>-</Data><Data Name='SourcePort'>61070</Data><Data Name='SourcePortName'>-</Data><Data Name='DestinationIsIpv6'>false</Data><Data Name='DestinationIp'>192.168.56.103</Data><Data Name='DestinationHostname'>DESKTOP-7JEP204</Data><Data Name='DestinationPort'>8000</Data><Data Name='DestinationPortName'>-</Data></EventData></Event>
<Event xmlns='http://schemas.microsoft.com/win/2004/08/events/event'><System><Provider Name='Microsoft-Windows-Sysmon' Guid='{5770385f-c22a-43e0-bf4c-06f5698ffbd9}'/><EventID>3</EventID><Version>5</Version><Level>4</Level><Task>3</Task><Opcode>0</Opcode><Keywords>0x8000000000000000</Keywords><TimeCreated SystemTime='2026-04-25T15:42:30.1750058Z'/><EventRecordID>485</EventRecordID><Correlation/><Execution ProcessID='2832' ThreadID='3708'/><Channel>Microsoft-Windows-Sysmon/Operational</Channel><Computer>DESKTOP-7JEP204</Computer><Security UserID='S-1-5-18'/></System><EventData><Data Name='RuleName'>Usermode</Data><Data Name='UtcTime'>2026-03-30 03:13:03.328</Data><Data Name='ProcessGuid'>{2c24d1db-a360-69ec-6f01-000000001400}</Data><Data Name='ProcessId'>3200</Data><Data Name='Image'>C:\Users\User\AppData\Local\Programs\Python\Python314\python.exe</Data><Data Name='User'>DESKTOP-7JEP204\User</Data><Data Name='Protocol'>tcp</Data><Data Name='Initiated'>false</Data><Data Name='SourceIsIpv6'>false</Data><Data Name='SourceIp'>192.168.56.1</Data><Data Name='SourceHostname'>-</Data><Data Name='SourcePort'>61076</Data><Data Name='SourcePortName'>-</Data><Data Name='DestinationIsIpv6'>false</Data><Data Name='DestinationIp'>192.168.56.103</Data><Data Name='DestinationHostname'>DESKTOP-7JEP204</Data><Data Name='DestinationPort'>8000</Data><Data Name='DestinationPortName'>-</Data></EventData></Event>
<Event xmlns='http://schemas.microsoft.com/win/2004/08/events/event'><System><Provider Name='Microsoft-Windows-Sysmon' Guid='{5770385f-c22a-43e0-bf4c-06f5698ffbd9}'/><EventID>22</EventID><Version>5</Version><Level>4</Level><Task>22</Task><Opcode>0</Opcode><Keywords>0x8000000000000000</Keywords><TimeCreated SystemTime='2026-04-25T15:42:32.4500695Z'/><EventRecordID>486</EventRecordID><Correlation/><Execution ProcessID='2832' ThreadID='3732'/><Channel>Microsoft-Windows-Sysmon/Operational</Channel><Computer>DESKTOP-7JEP204</Computer><Security UserID='S-1-5-18'/></System><EventData><Data Name='RuleName'>-</Data><Data Name='UtcTime'>2026-03-30 03:13:06.500</Data><Data Name='ProcessGuid'>{2c24d1db-a332-69ec-6401-000000001400}</Data><Data Name='ProcessId'>972</Data><Data Name='QueryName'>ecs.office.com</Data><Data Name='QueryStatus'>1460</Data><Data Name='QueryResults'>-</Data><Data Name='Image'>C:\Users\User\AppData\Local\Microsoft\OneDrive\26.040.0301.0001\OneDrive.Sync.Service.exe</Data><Data Name='User'>DESKTOP-7JEP204\User</Data></EventData></Event>
<Event xmlns='http://schemas.microsoft.com/win/2004/08/events/event'><System><Provider Name='Microsoft-Windows-Sysmon' Guid='{5770385f-c22a-43e0-bf4c-06f5698ffbd9}'/><EventID>3</EventID><Version>5</Version><Level>4</Level><Task>3</Task><Opcode>0</Opcode><Keywords>0x8000000000000000</Keywords><TimeCreated SystemTime='2026-04-25T15:42:34.5151720Z'/><EventRecordID>487</EventRecordID><Correlation/><Execution ProcessID='2832' ThreadID='3708'/><Channel>Microsoft-Windows-Sysmon/Operational</Channel><Computer>DESKTOP-7JEP204</Computer><Security UserID='S-1-5-18'/></System><EventData><Data Name='RuleName'>Usermode</Data><Data Name='UtcTime'>2026-03-30 03:13:08.342</Data><Data Name='ProcessGuid'>{2c24d1db-a360-69ec-6f01-000000001400}</Data><Data Name='ProcessId'>3200</Data><Data Name='Image'>C:\Users\User\AppData\Local\Programs\Python\Python314\python.exe</Data><Data Name='User'>DESKTOP-7JEP204\User</Data><Data Name='Protocol'>tcp</Data><Data Name='Initiated'>false</Data><Data Name='SourceIsIpv6'>false</Data><Data Name='SourceIp'>192.168.56.1</Data><Data Name='SourceHostname'>-</Data><Data Name='SourcePort'>61082</Data><Data Name='SourcePortName'>-</Data><Data Name='DestinationIsIpv6'>false</Data><Data Name='DestinationIp'>192.168.56.103</Data><Data Name='DestinationHostname'>DESKTOP-7JEP204</Data><Data Name='DestinationPort'>8000</Data><Data Name='DestinationPortName'>-</Data></EventData></Event>
<Event xmlns='http://schemas.microsoft.com/win/2004/08/events/event'><System><Provider Name='Microsoft-Windows-Sysmon' Guid='{5770385f-c22a-43e0-bf4c-06f5698ffbd9}'/><EventID>3</EventID><Version>5</Version><Level>4</Level><Task>3</Task><Opcode>0</Opcode><Keywords>0x8000000000000000</Keywords><TimeCreated SystemTime='2026-04-25T15:42:41.1694068Z'/><EventRecordID>488</EventRecordID><Correlation/><Execution ProcessID='2832' ThreadID='3708'/><Channel>Microsoft-Windows-Sysmon/Operational</Channel><Computer>DESKTOP-7JEP204</Computer><Security UserID='S-1-5-18'/></System><EventData><Data Name='RuleName'>Usermode</Data><Data Name='UtcTime'>2026-03-30 03:13:13.358</Data><Data Name='ProcessGuid'>{2c24d1db-a360-69ec-6f01-000000001400}</Data><Data Name='ProcessId'>3200</Data><Data Name='Image'>C:\Users\User\AppData\Local\Programs\Python\Python314\python.exe</Data><Data Name='User'>DESKTOP-7JEP204\User</Data><Data Name='Protocol'>tcp</Data><Data Name='Initiated'>false</Data><Data Name='SourceIsIpv6'>false</Data><Data Name='SourceIp'>192.168.56.1</Data><Data Name='SourceHostname'>-</Data><Data Name='SourcePort'>61088</Data><Data Name='SourcePortName'>-</Data><Data Name='DestinationIsIpv6'>false</Data><Data Name='DestinationIp'>192.168.56.103</Data><Data Name='DestinationHostname'>DESKTOP-7JEP204</Data><Data Name='DestinationPort'>8000</Data><Data Name='DestinationPortName'>-</Data></EventData></Event>
<Event xmlns='http://schemas.microsoft.com/win/2004/08/events/event'><System><Provider Name='Microsoft-Windows-Sysmon' Guid='{5770385f-c22a-43e0-bf4c-06f5698ffbd9}'/><EventID>3</EventID><Version>5</Version><Level>4</Level><Task>3</Task><Opcode>0</Opcode><Keywords>0x8000000000000000</Keywords><TimeCreated SystemTime='2026-04-25T15:42:45.1428070Z'/><EventRecordID>489</EventRecordID><Correlation/><Execution ProcessID='2832' ThreadID='3708'/><Channel>Microsoft-Windows-Sysmon/Operational</Channel><Computer>DESKTOP-7JEP204</Computer><Security UserID='S-1-5-18'/></System><EventData><Data Name='RuleName'>Usermode</Data><Data Name='UtcTime'>2026-03-30 03:13:18.373</Data><Data Name='ProcessGuid'>{2c24d1db-a360-69ec-6f01-000000001400}</Data><Data Name='ProcessId'>3200</Data><Data Name='Image'>C:\Users\User\AppData\Local\Programs\Python\Python314\python.exe</Data><Data Name='User'>DESKTOP-7JEP204\User</Data><Data Name='Protocol'>tcp</Data><Data Name='Initiated'>false</Data><Data Name='SourceIsIpv6'>false</Data><Data Name='SourceIp'>192.168.56.1</Data><Data Name='SourceHostname'>-</Data><Data Name='SourcePort'>61093</Data><Data Name='SourcePortName'>-</Data><Data Name='DestinationIsIpv6'>false</Data><Data Name='DestinationIp'>192.168.56.103</Data><Data Name='DestinationHostname'>DESKTOP-7JEP204</Data><Data Name='DestinationPort'>8000</Data><Data Name='DestinationPortName'>-</Data></EventData></Event>
<Event xmlns='http://schemas.microsoft.com/win/2004/08/events/event'><System><Provider Name='Microsoft-Windows-Sysmon' Guid='{5770385f-c22a-43e0-bf4c-06f5698ffbd9}'/><EventID>3</EventID><Version>5</Version><Level>4</Level><Task>3</Task><Opcode>0</Opcode><Keywords>0x8000000000000000</Keywords><TimeCreated SystemTime='2026-04-25T15:42:50.0655400Z'/><EventRecordID>490</EventRecordID><Correlation/><Execution ProcessID='2832' ThreadID='3708'/><Channel>Microsoft-Windows-Sysmon/Operational</Channel><Computer>DESKTOP-7JEP204</Computer><Security UserID='S-1-5-18'/></System><EventData><Data Name='RuleName'>Usermode</Data><Data Name='UtcTime'>2026-03-30 03:13:23.385</Data><Data Name='ProcessGuid'>{2c24d1db-a360-69ec-6f01-000000001400}</Data><Data Name='ProcessId'>3200</Data><Data Name='Image'>C:\Users\User\AppData\Local\Programs\Python\Python314\python.exe</Data><Data Name='User'>DESKTOP-7JEP204\User</Data><Data Name='Protocol'>tcp</Data><Data Name='Initiated'>false</Data><Data Name='SourceIsIpv6'>false</Data><Data Name='SourceIp'>192.168.56.1</Data><Data Name='SourceHostname'>-</Data><Data Name='SourcePort'>61099</Data><Data Name='SourcePortName'>-</Data><Data Name='DestinationIsIpv6'>false</Data><Data Name='DestinationIp'>192.168.56.103</Data><Data Name='DestinationHostname'>DESKTOP-7JEP204</Data><Data Name='DestinationPort'>8000</Data><Data Name='DestinationPortName'>-</Data></EventData></Event>
<Event xmlns='http://schemas.microsoft.com/win/2004/08/events/event'><System><Provider Name='Microsoft-Windows-Sysmon' Guid='{5770385f-c22a-43e0-bf4c-06f5698ffbd9}'/><EventID>3</EventID><Version>5</Version><Level>4</Level><Task>3</Task><Opcode>0</Opcode><Keywords>0x8000000000000000</Keywords><TimeCreated SystemTime='2026-04-25T15:42:54.6058619Z'/><EventRecordID>491</EventRecordID><Correlation/><Execution ProcessID='2832' ThreadID='3708'/><Channel>Microsoft-Windows-Sysmon/Operational</Channel><Computer>DESKTOP-7JEP204</Computer><Security UserID='S-1-5-18'/></System><EventData><Data Name='RuleName'>Usermode</Data><Data Name='UtcTime'>2026-03-30 03:13:28.399</Data><Data Name='ProcessGuid'>{2c24d1db-a360-69ec-6f01-000000001400}</Data><Data Name='ProcessId'>3200</Data><Data Name='Image'>C:\Users\User\AppData\Local\Programs\Python\Python314\python.exe</Data><Data Name='User'>DESKTOP-7JEP204\User</Data><Data Name='Protocol'>tcp</Data><Data Name='Initiated'>false</Data><Data Name='SourceIsIpv6'>false</Data><Data Name='SourceIp'>192.168.56.1</Data><Data Name='SourceHostname'>-</Data><Data Name='SourcePort'>64051</Data><Data Name='SourcePortName'>-</Data><Data Name='DestinationIsIpv6'>false</Data><Data Name='DestinationIp'>192.168.56.103</Data><Data Name='DestinationHostname'>DESKTOP-7JEP204</Data><Data Name='DestinationPort'>8000</Data><Data Name='DestinationPortName'>-</Data></EventData></Event>
<Event xmlns='http://schemas.microsoft.com/win/2004/08/events/event'><System><Provider Name='Microsoft-Windows-Sysmon' Guid='{5770385f-c22a-43e0-bf4c-06f5698ffbd9}'/><EventID>3</EventID><Version>5</Version><Level>4</Level><Task>3</Task><Opcode>0</Opcode><Keywords>0x8000000000000000</Keywords><TimeCreated SystemTime='2026-04-25T15:42:59.9800614Z'/><EventRecordID>492</EventRecordID><Correlation/><Execution ProcessID='2832' ThreadID='3708'/><Channel>Microsoft-Windows-Sysmon/Operational</Channel><Computer>DESKTOP-7JEP204</Computer><Security UserID='S-1-5-18'/></System><EventData><Data Name='RuleName'>Usermode</Data><Data Name='UtcTime'>2026-03-30 03:13:33.413</Data><Data Name='ProcessGuid'>{2c24d1db-a360-69ec-6f01-000000001400}</Data><Data Name='ProcessId'>3200</Data><Data Name='Image'>C:\Users\User\AppData\Local\Programs\Python\Python314\python.exe</Data><Data Name='User'>DESKTOP-7JEP204\User</Data><Data Name='Protocol'>tcp</Data><Data Name='Initiated'>false</Data><Data Name='SourceIsIpv6'>false</Data><Data Name='SourceIp'>192.168.56.1</Data><Data Name='SourceHostname'>-</Data><Data Name='SourcePort'>64058</Data><Data Name='SourcePortName'>-</Data><Data Name='DestinationIsIpv6'>false</Data><Data Name='DestinationIp'>192.168.56.103</Data><Data Name='DestinationHostname'>DESKTOP-7JEP204</Data><Data Name='DestinationPort'>8000</Data><Data Name='DestinationPortName'>-</Data></EventData></Event>
<Event xmlns='http://schemas.microsoft.com/win/2004/08/events/event'><System><Provider Name='Microsoft-Windows-Sysmon' Guid='{5770385f-c22a-43e0-bf4c-06f5698ffbd9}'/><EventID>3</EventID><Version>5</Version><Level>4</Level><Task>3</Task><Opcode>0</Opcode><Keywords>0x8000000000000000</Keywords><TimeCreated SystemTime='2026-04-25T15:43:03.1681446Z'/><EventRecordID>493</EventRecordID><Correlation/><Execution ProcessID='2832' ThreadID='3708'/><Channel>Microsoft-Windows-Sysmon/Operational</Channel><Computer>DESKTOP-7JEP204</Computer><Security UserID='S-1-5-18'/></System><EventData><Data Name='RuleName'>Usermode</Data><Data Name='UtcTime'>2026-03-30 03:13:38.417</Data><Data Name='ProcessGuid'>{2c24d1db-a360-69ec-6f01-000000001400}</Data><Data Name='ProcessId'>3200</Data><Data Name='Image'>C:\Users\User\AppData\Local\Programs\Python\Python314\python.exe</Data><Data Name='User'>DESKTOP-7JEP204\User</Data><Data Name='Protocol'>tcp</Data><Data Name='Initiated'>false</Data><Data Name='SourceIsIpv6'>false</Data><Data Name='SourceIp'>192.168.56.1</Data><Data Name='SourceHostname'>-</Data><Data Name='SourcePort'>64064</Data><Data Name='SourcePortName'>-</Data><Data Name='DestinationIsIpv6'>false</Data><Data Name='DestinationIp'>192.168.56.103</Data><Data Name='DestinationHostname'>DESKTOP-7JEP204</Data><Data Name='DestinationPort'>8000</Data><Data Name='DestinationPortName'>-</Data></EventData></Event>
<Event xmlns='http://schemas.microsoft.com/win/2004/08/events/event'><System><Provider Name='Microsoft-Windows-Sysmon' Guid='{5770385f-c22a-43e0-bf4c-06f5698ffbd9}'/><EventID>3</EventID><Version>5</Version><Level>4</Level><Task>3</Task><Opcode>0</Opcode><Keywords>0x8000000000000000</Keywords><TimeCreated SystemTime='2026-04-25T15:43:06.9887112Z'/><EventRecordID>494</EventRecordID><Correlation/><Execution ProcessID='2832' ThreadID='3708'/><Channel>Microsoft-Windows-Sysmon/Operational</Channel><Computer>DESKTOP-7JEP204</Computer><Security UserID='S-1-5-18'/></System><EventData><Data Name='RuleName'>Usermode</Data><Data Name='UtcTime'>2026-03-30 03:13:43.431</Data><Data Name='ProcessGuid'>{2c24d1db-a360-69ec-6f01-000000001400}</Data><Data Name='ProcessId'>3200</Data><Data Name='Image'>C:\Users\User\AppData\Local\Programs\Python\Python314\python.exe</Data><Data Name='User'>DESKTOP-7JEP204\User</Data><Data Name='Protocol'>tcp</Data><Data Name='Initiated'>false</Data><Data Name='SourceIsIpv6'>false</Data><Data Name='SourceIp'>192.168.56.1</Data><Data Name='SourceHostname'>-</Data><Data Name='SourcePort'>64070</Data><Data Name='SourcePortName'>-</Data><Data Name='DestinationIsIpv6'>false</Data><Data Name='DestinationIp'>192.168.56.103</Data><Data Name='DestinationHostname'>DESKTOP-7JEP204</Data><Data Name='DestinationPort'>8000</Data><Data Name='DestinationPortName'>-</Data></EventData></Event>
<Event xmlns='http://schemas.microsoft.com/win/2004/08/events/event'><System><Provider Name='Microsoft-Windows-Sysmon' Guid='{5770385f-c22a-43e0-bf4c-06f5698ffbd9}'/><EventID>22</EventID><Version>5</Version><Level>4</Level><Task>22</Task><Opcode>0</Opcode><Keywords>0x8000000000000000</Keywords><TimeCreated SystemTime='2026-04-25T15:43:12.0873144Z'/><EventRecordID>495</EventRecordID><Correlation/><Execution ProcessID='2832' ThreadID='3732'/><Channel>Microsoft-Windows-Sysmon/Operational</Channel><Computer>DESKTOP-7JEP204</Computer><Security UserID='S-1-5-18'/></System><EventData><Data Name='RuleName'>-</Data><Data Name='UtcTime'>2026-03-30 03:13:50.508</Data><Data Name='ProcessGuid'>{2c24d1db-a332-69ec-6401-000000001400}</Data><Data Name='ProcessId'>972</Data><Data Name='QueryName'>ecs.office.com</Data><Data Name='QueryStatus'>1460</Data><Data Name='QueryResults'>-</Data><Data Name='Image'>C:\Users\User\AppData\Local\Microsoft\OneDrive\26.040.0301.0001\OneDrive.Sync.Service.exe</Data><Data Name='User'>DESKTOP-7JEP204\User</Data></EventData></Event>
<Event xmlns='http://schemas.microsoft.com/win/2004/08/events/event'><System><Provider Name='Microsoft-Windows-Sysmon' Guid='{5770385f-c22a-43e0-bf4c-06f5698ffbd9}'/><EventID>22</EventID><Version>5</Version><Level>4</Level><Task>22</Task><Opcode>0</Opcode><Keywords>0x8000000000000000</Keywords><TimeCreated SystemTime='2026-04-25T15:43:18.8216824Z'/><EventRecordID>496</EventRecordID><Correlation/><Execution ProcessID='2832' ThreadID='3732'/><Channel>Microsoft-Windows-Sysmon/Operational</Channel><Computer>DESKTOP-7JEP204</Computer><Security UserID='S-1-5-18'/></System><EventData><Data Name='RuleName'>-</Data><Data Name='UtcTime'>2026-03-30 03:14:00.530</Data><Data Name='ProcessGuid'>{2c24d1db-a332-69ec-6401-000000001400}</Data><Data Name='ProcessId'>972</Data><Data Name='QueryName'>ecs.office.com</Data><Data Name='QueryStatus'>1460</Data><Data Name='QueryResults'>-</Data><Data Name='Image'>C:\Users\User\AppData\Local\Microsoft\OneDrive\26.040.0301.0001\OneDrive.Sync.Service.exe</Data><Data Name='User'>DESKTOP-7JEP204\User</Data></EventData></Event>
<Event xmlns='http://schemas.microsoft.com/win/2004/08/events/event'><System><Provider Name='Microsoft-Windows-Sysmon' Guid='{5770385f-c22a-43e0-bf4c-06f5698ffbd9}'/><EventID>22</EventID><Version>5</Version><Level>4</Level><Task>22</Task><Opcode>0</Opcode><Keywords>0x8000000000000000</Keywords><TimeCreated SystemTime='2026-04-25T15:43:25.4789946Z'/><EventRecordID>497</EventRecordID><Correlation/><Execution ProcessID='2832' ThreadID='3732'/><Channel>Microsoft-Windows-Sysmon/Operational</Channel><Computer>DESKTOP-7JEP204</Computer><Security UserID='S-1-5-18'/></System><EventData><Data Name='RuleName'>-</Data><Data Name='UtcTime'>2026-03-30 03:14:10.531</Data><Data Name='ProcessGuid'>{2c24d1db-a332-69ec-6401-000000001400}</Data><Data Name='ProcessId'>972</Data><Data Name='QueryName'>ecs.office.com</Data><Data Name='QueryStatus'>1460</Data><Data Name='QueryResults'>-</Data><Data Name='Image'>C:\Users\User\AppData\Local\Microsoft\OneDrive\26.040.0301.0001\OneDrive.Sync.Service.exe</Data><Data Name='User'>DESKTOP-7JEP204\User</Data></EventData></Event>
<Event xmlns='http://schemas.microsoft.com/win/2004/08/events/event'><System><Provider Name='Microsoft-Windows-Sysmon' Guid='{5770385f-c22a-43e0-bf4c-06f5698ffbd9}'/><EventID>22</EventID><Version>5</Version><Level>4</Level><Task>22</Task><Opcode>0</Opcode><Keywords>0x8000000000000000</Keywords><TimeCreated SystemTime='2026-04-25T15:43:30.8861560Z'/><EventRecordID>498</EventRecordID><Correlation/><Execution ProcessID='2832' ThreadID='3732'/><Channel>Microsoft-Windows-Sysmon/Operational</Channel><Computer>DESKTOP-7JEP204</Computer><Security UserID='S-1-5-18'/></System><EventData><Data Name='RuleName'>-</Data><Data Name='UtcTime'>2026-03-30 03:14:20.546</Data><Data Name='ProcessGuid'>{2c24d1db-a332-69ec-6401-000000001400}</Data><Data Name='ProcessId'>972</Data><Data Name='QueryName'>ecs.office.com</Data><Data Name='QueryStatus'>1460</Data><Data Name='QueryResults'>-</Data><Data Name='Image'>C:\Users\User\AppData\Local\Microsoft\OneDrive\26.040.0301.0001\OneDrive.Sync.Service.exe</Data><Data Name='User'>DESKTOP-7JEP204\User</Data></EventData></Event>
<Event xmlns='http://schemas.microsoft.com/win/2004/08/events/event'><System><Provider Name='Microsoft-Windows-Sysmon' Guid='{5770385f-c22a-43e0-bf4c-06f5698ffbd9}'/><EventID>22</EventID><Version>5</Version><Level>4</Level><Task>22</Task><Opcode>0</Opcode><Keywords>0x8000000000000000</Keywords><TimeCreated SystemTime='2026-04-25T15:43:35.9165143Z'/><EventRecordID>499</EventRecordID><Correlation/><Execution ProcessID='2832' ThreadID='3732'/><Channel>Microsoft-Windows-Sysmon/Operational</Channel><Computer>DESKTOP-7JEP204</Computer><Security UserID='S-1-5-18'/></System><EventData><Data Name='RuleName'>-</Data><Data Name='UtcTime'>2026-03-30 03:14:30.575</Data><Data Name='ProcessGuid'>{2c24d1db-a332-69ec-6401-000000001400}</Data><Data Name='ProcessId'>972</Data><Data Name='QueryName'>ecs.office.com</Data><Data Name='QueryStatus'>1460</Data><Data Name='QueryResults'>-</Data><Data Name='Image'>C:\Users\User\AppData\Local\Microsoft\OneDrive\26.040.0301.0001\OneDrive.Sync.Service.exe</Data><Data Name='User'>DESKTOP-7JEP204\User</Data></EventData></Event>
<Event xmlns='http://schemas.microsoft.com/win/2004/08/events/event'><System><Provider Name='Microsoft-Windows-Sysmon' Guid='{5770385f-c22a-43e0-bf4c-06f5698ffbd9}'/><EventID>22</EventID><Version>5</Version><Level>4</Level><Task>22</Task><Opcode>0</Opcode><Keywords>0x8000000000000000</Keywords><TimeCreated SystemTime='2026-04-25T15:43:42.0369956Z'/><EventRecordID>500</EventRecordID><Correlation/><Execution ProcessID='2832' ThreadID='3732'/><Channel>Microsoft-Windows-Sysmon/Operational</Channel><Computer>DESKTOP-7JEP204</Computer><Security UserID='S-1-5-18'/></System><EventData><Data Name='RuleName'>-</Data><Data Name='UtcTime'>2026-03-30 03:14:40.598</Data><Data Name='ProcessGuid'>{2c24d1db-a332-69ec-6401-000000001400}</Data><Data Name='ProcessId'>972</Data><Data Name='QueryName'>ecs.office.com</Data><Data Name='QueryStatus'>1460</Data><Data Name='QueryResults'>-</Data><Data Name='Image'>C:\Users\User\AppData\Local\Microsoft\OneDrive\26.040.0301.0001\OneDrive.Sync.Service.exe</Data><Data Name='User'>DESKTOP-7JEP204\User</Data></EventData></Event>
<Event xmlns='http://schemas.microsoft.com/win/2004/08/events/event'><System><Provider Name='Microsoft-Windows-Sysmon' Guid='{5770385f-c22a-43e0-bf4c-06f5698ffbd9}'/><EventID>22</EventID><Version>5</Version><Level>4</Level><Task>22</Task><Opcode>0</Opcode><Keywords>0x8000000000000000</Keywords><TimeCreated SystemTime='2026-04-25T15:43:48.4659595Z'/><EventRecordID>501</EventRecordID><Correlation/><Execution ProcessID='2832' ThreadID='3732'/><Channel>Microsoft-Windows-Sysmon/Operational</Channel><Computer>DESKTOP-7JEP204</Computer><Security UserID='S-1-5-18'/></System><EventData><Data Name='RuleName'>-</Data><Data Name='UtcTime'>2026-03-30 03:14:50.613</Data><Data Name='ProcessGuid'>{2c24d1db-a332-69ec-6401-000000001400}</Data><Data Name='ProcessId'>972</Data><Data Name='QueryName'>ecs.office.com</Data><Data Name='QueryStatus'>1460</Data><Data Name='QueryResults'>-</Data><Data Name='Image'>C:\Users\User\AppData\Local\Microsoft\OneDrive\26.040.0301.0001\OneDrive.Sync.Service.exe</Data><Data Name='User'>DESKTOP-7JEP204\User</Data></EventData></Event>
<Event xmlns='http://schemas.microsoft.com/win/2004/08/events/event'><System><Provider Name='Microsoft-Windows-Sysmon' Guid='{5770385f-c22a-43e0-bf4c-06f5698ffbd9}'/><EventID>22</EventID><Version>5</Version><Level>4</Level><Task>22</Task><Opcode>0</Opcode><Keywords>0x8000000000000000</Keywords><TimeCreated SystemTime='2026-04-25T15:43:55.9280497Z'/><EventRecordID>502</EventRecordID><Correlation/><Execution ProcessID='2832' ThreadID='3732'/><Channel>Microsoft-Windows-Sysmon/Operational</Channel><Computer>DESKTOP-7JEP204</Computer><Security UserID='S-1-5-18'/></System><EventData><Data Name='RuleName'>-</Data><Data Name='UtcTime'>2026-03-30 03:15:00.629</Data><Data Name='ProcessGuid'>{2c24d1db-a332-69ec-6401-000000001400}</Data><Data Name='ProcessId'>972</Data><Data Name='QueryName'>ecs.office.com</Data><Data Name='QueryStatus'>1460</Data><Data Name='QueryResults'>-</Data><Data Name='Image'>C:\Users\User\AppData\Local\Microsoft\OneDrive\26.040.0301.0001\OneDrive.Sync.Service.exe</Data><Data Name='User'>DESKTOP-7JEP204\User</Data></EventData></Event>
<Event xmlns='http://schemas.microsoft.com/win/2004/08/events/event'><System><Provider Name='Microsoft-Windows-Sysmon' Guid='{5770385f-c22a-43e0-bf4c-06f5698ffbd9}'/><EventID>22</EventID><Version>5</Version><Level>4</Level><Task>22</Task><Opcode>0</Opcode><Keywords>0x8000000000000000</Keywords><TimeCreated SystemTime='2026-04-25T15:44:05.1778999Z'/><EventRecordID>503</EventRecordID><Correlation/><Execution ProcessID='2832' ThreadID='3732'/><Channel>Microsoft-Windows-Sysmon/Operational</Channel><Computer>DESKTOP-7JEP204</Computer><Security UserID='S-1-5-18'/></System><EventData><Data Name='RuleName'>-</Data><Data Name='UtcTime'>2026-03-30 03:15:10.652</Data><Data Name='ProcessGuid'>{2c24d1db-a332-69ec-6401-000000001400}</Data><Data Name='ProcessId'>972</Data><Data Name='QueryName'>ecs.office.com</Data><Data Name='QueryStatus'>1460</Data><Data Name='QueryResults'>-</Data><Data Name='Image'>C:\Users\User\AppData\Local\Microsoft\OneDrive\26.040.0301.0001\OneDrive.Sync.Service.exe</Data><Data Name='User'>DESKTOP-7JEP204\User</Data></EventData></Event>
<Event xmlns='http://schemas.microsoft.com/win/2004/08/events/event'><System><Provider Name='Microsoft-Windows-Sysmon' Guid='{5770385f-c22a-43e0-bf4c-06f5698ffbd9}'/><EventID>5</EventID><Version>3</Version><Level>4</Level><Task>5</Task><Opcode>0</Opcode><Keywords>0x8000000000000000</Keywords><TimeCreated SystemTime='2026-04-25T15:44:08.6093091Z'/><EventRecordID>504</EventRecordID><Correlation/><Execution ProcessID='2832' ThreadID='3692'/><Channel>Microsoft-Windows-Sysmon/Operational</Channel><Computer>DESKTOP-7JEP204</Computer><Security UserID='S-1-5-18'/></System><EventData><Data Name='RuleName'>-</Data><Data Name='UtcTime'>2026-04-25 15:44:08.598</Data><Data Name='ProcessGuid'>{2c24d1db-a35f-69ec-6d01-000000001400}</Data><Data Name='ProcessId'>5828</Data><Data Name='Image'>C:\Users\User\AppData\Local\Programs\Python\Launcher\py.exe</Data><Data Name='User'>DESKTOP-7JEP204\User</Data></EventData></Event>
<Event xmlns='http://schemas.microsoft.com/win/2004/08/events/event'><System><Provider Name='Microsoft-Windows-Sysmon' Guid='{5770385f-c22a-43e0-bf4c-06f5698ffbd9}'/><EventID>13</EventID><Version>2</Version><Level>4</Level><Task>13</Task><Opcode>0</Opcode><Keywords>0x8000000000000000</Keywords><TimeCreated SystemTime='2026-04-25T15:44:13.2491706Z'/><EventRecordID>505</EventRecordID><Correlation/><Execution ProcessID='2832' ThreadID='3692'/><Channel>Microsoft-Windows-Sysmon/Operational</Channel><Computer>DESKTOP-7JEP204</Computer><Security UserID='S-1-5-18'/></System><EventData><Data Name='RuleName'>InvDB</Data><Data Name='EventType'>SetValue</Data><Data Name='UtcTime'>2026-04-25 15:44:13.243</Data><Data Name='ProcessGuid'>{2c24d1db-a310-69ec-5901-000000001400}</Data><Data Name='ProcessId'>4912</Data><Data Name='Image'>C:\Windows\system32\svchost.exe</Data><Data Name='TargetObject'>HKU\S-1-5-21-1667249613-324410992-874209505-1001\SOFTWARE\Microsoft\Windows NT\CurrentVersion\AppCompatFlags\Compatibility Assistant\Store\C:\Users\User\AppData\Local\Programs\Python\Launcher\py.exe</Data><Data Name='Details'>Binary Data</Data><Data Name='User'>NT AUTHORITY\SYSTEM</Data></EventData></Event>
<Event xmlns='http://schemas.microsoft.com/win/2004/08/events/event'><System><Provider Name='Microsoft-Windows-Sysmon' Guid='{5770385f-c22a-43e0-bf4c-06f5698ffbd9}'/><EventID>22</EventID><Version>5</Version><Level>4</Level><Task>22</Task><Opcode>0</Opcode><Keywords>0x8000000000000000</Keywords><TimeCreated SystemTime='2026-04-25T15:44:13.7591819Z'/><EventRecordID>506</EventRecordID><Correlation/><Execution ProcessID='2832' ThreadID='3732'/><Channel>Microsoft-Windows-Sysmon/Operational</Channel><Computer>DESKTOP-7JEP204</Computer><Security UserID='S-1-5-18'/></System><EventData><Data Name='RuleName'>-</Data><Data Name='UtcTime'>2026-03-30 03:15:20.691</Data><Data Name='ProcessGuid'>{2c24d1db-a332-69ec-6401-000000001400}</Data><Data Name='ProcessId'>972</Data><Data Name='QueryName'>ecs.office.com</Data><Data Name='QueryStatus'>1460</Data><Data Name='QueryResults'>-</Data><Data Name='Image'>C:\Users\User\AppData\Local\Microsoft\OneDrive\26.040.0301.0001\OneDrive.Sync.Service.exe</Data><Data Name='User'>DESKTOP-7JEP204\User</Data></EventData></Event>
<Event xmlns='http://schemas.microsoft.com/win/2004/08/events/event'><System><Provider Name='Microsoft-Windows-Sysmon' Guid='{5770385f-c22a-43e0-bf4c-06f5698ffbd9}'/><EventID>22</EventID><Version>5</Version><Level>4</Level><Task>22</Task><Opcode>0</Opcode><Keywords>0x8000000000000000</Keywords><TimeCreated SystemTime='2026-04-25T15:45:43.6884276Z'/><EventRecordID>507</EventRecordID><Correlation/><Execution ProcessID='2832' ThreadID='3732'/><Channel>Microsoft-Windows-Sysmon/Operational</Channel><Computer>DESKTOP-7JEP204</Computer><Security UserID='S-1-5-18'/></System><EventData><Data Name='RuleName'>-</Data><Data Name='UtcTime'>2026-03-30 03:16:30.913</Data><Data Name='ProcessGuid'>{2c24d1db-a332-69ec-6401-000000001400}</Data><Data Name='ProcessId'>972</Data><Data Name='QueryName'>ecs.office.com</Data><Data Name='QueryStatus'>1460</Data><Data Name='QueryResults'>-</Data><Data Name='Image'>C:\Users\User\AppData\Local\Microsoft\OneDrive\26.040.0301.0001\OneDrive.Sync.Service.exe</Data><Data Name='User'>DESKTOP-7JEP204\User</Data></EventData></Event>
<Event xmlns='http://schemas.microsoft.com/win/2004/08/events/event'><System><Provider Name='Microsoft-Windows-Sysmon' Guid='{5770385f-c22a-43e0-bf4c-06f5698ffbd9}'/><EventID>22</EventID><Version>5</Version><Level>4</Level><Task>22</Task><Opcode>0</Opcode><Keywords>0x8000000000000000</Keywords><TimeCreated SystemTime='2026-04-25T15:45:57.7747486Z'/><EventRecordID>508</EventRecordID><Correlation/><Execution ProcessID='2832' ThreadID='3732'/><Channel>Microsoft-Windows-Sysmon/Operational</Channel><Computer>DESKTOP-7JEP204</Computer><Security UserID='S-1-5-18'/></System><EventData><Data Name='RuleName'>-</Data><Data Name='UtcTime'>2026-03-30 03:16:40.947</Data><Data Name='ProcessGuid'>{2c24d1db-a332-69ec-6401-000000001400}</Data><Data Name='ProcessId'>972</Data><Data Name='QueryName'>ecs.office.com</Data><Data Name='QueryStatus'>1460</Data><Data Name='QueryResults'>-</Data><Data Name='Image'>C:\Users\User\AppData\Local\Microsoft\OneDrive\26.040.0301.0001\OneDrive.Sync.Service.exe</Data><Data Name='User'>DESKTOP-7JEP204\User</Data></EventData></Event>
<Event xmlns='http://schemas.microsoft.com/win/2004/08/events/event'><System><Provider Name='Microsoft-Windows-Sysmon' Guid='{5770385f-c22a-43e0-bf4c-06f5698ffbd9}'/><EventID>22</EventID><Version>5</Version><Level>4</Level><Task>22</Task><Opcode>0</Opcode><Keywords>0x8000000000000000</Keywords><TimeCreated SystemTime='2026-04-25T15:46:11.6998135Z'/><EventRecordID>509</EventRecordID><Correlation/><Execution ProcessID='2832' ThreadID='3732'/><Channel>Microsoft-Windows-Sysmon/Operational</Channel><Computer>DESKTOP-7JEP204</Computer><Security UserID='S-1-5-18'/></System><EventData><Data Name='RuleName'>-</Data><Data Name='UtcTime'>2026-03-30 03:16:50.988</Data><Data Name='ProcessGuid'>{2c24d1db-a332-69ec-6401-000000001400}</Data><Data Name='ProcessId'>972</Data><Data Name='QueryName'>ecs.office.com</Data><Data Name='QueryStatus'>1460</Data><Data Name='QueryResults'>-</Data><Data Name='Image'>C:\Users\User\AppData\Local\Microsoft\OneDrive\26.040.0301.0001\OneDrive.Sync.Service.exe</Data><Data Name='User'>DESKTOP-7JEP204\User</Data></EventData></Event>
<Event xmlns='http://schemas.microsoft.com/win/2004/08/events/event'><System><Provider Name='Microsoft-Windows-Sysmon' Guid='{5770385f-c22a-43e0-bf4c-06f5698ffbd9}'/><EventID>1</EventID><Version>5</Version><Level>4</Level><Task>1</Task><Opcode>0</Opcode><Keywords>0x8000000000000000</Keywords><TimeCreated SystemTime='2026-04-25T15:46:17.2193695Z'/><EventRecordID>510</EventRecordID><Correlation/><Execution ProcessID='2832' ThreadID='3692'/><Channel>Microsoft-Windows-Sysmon/Operational</Channel><Computer>DESKTOP-7JEP204</Computer><Security UserID='S-1-5-18'/></System><EventData><Data Name='RuleName'>-</Data><Data Name='UtcTime'>2026-04-25 15:46:17.211</Data><Data Name='ProcessGuid'>{2c24d1db-e1c9-69ec-8601-000000001400}</Data><Data Name='ProcessId'>5816</Data><Data Name='Image'>C:\Windows\System32\MoUsoCoreWorker.exe</Data><Data Name='FileVersion'>10.0.19041.1949 (WinBuild.160101.0800)</Data><Data Name='Description'>MoUSO Core Worker Process</Data><Data Name='Product'>Microsoft® Windows® Operating System</Data><Data Name='Company'>Microsoft Corporation</Data><Data Name='OriginalFileName'>MoUSOCoreWorker.exe</Data><Data Name='CommandLine'>C:\Windows\System32\mousocoreworker.exe -Embedding</Data><Data Name='CurrentDirectory'>C:\Windows\system32\</Data><Data Name='User'>NT AUTHORITY\SYSTEM</Data><Data Name='LogonGuid'>{2c24d1db-5703-69ca-e703-000000000000}</Data><Data Name='LogonId'>0x3e7</Data><Data Name='TerminalSessionId'>0</Data><Data Name='IntegrityLevel'>System</Data><Data Name='Hashes'>MD5=0FBA74C118D80D061FFCE102CCC0DF5E,SHA256=E64236C57B6BB53094DA53F63CBC1A404DE5B5D57B12EC1315144F51E6F79955,IMPHASH=72789ABFBC08A24E6F6A23DE50B7DE6A</Data><Data Name='ParentProcessGuid'>{2c24d1db-5704-69ca-0d00-000000001400}</Data><Data Name='ParentProcessId'>780</Data><Data Name='ParentImage'>C:\Windows\System32\svchost.exe</Data><Data Name='ParentCommandLine'>C:\Windows\system32\svchost.exe -k DcomLaunch -p</Data><Data Name='ParentUser'>NT AUTHORITY\SYSTEM</Data></EventData></Event>
<Event xmlns='http://schemas.microsoft.com/win/2004/08/events/event'><System><Provider Name='Microsoft-Windows-Sysmon' Guid='{5770385f-c22a-43e0-bf4c-06f5698ffbd9}'/><EventID>22</EventID><Version>5</Version><Level>4</Level><Task>22</Task><Opcode>0</Opcode><Keywords>0x8000000000000000</Keywords><TimeCreated SystemTime='2026-04-25T15:46:21.6455859Z'/><EventRecordID>511</EventRecordID><Correlation/><Execution ProcessID='2832' ThreadID='3732'/><Channel>Microsoft-Windows-Sysmon/Operational</Channel><Computer>DESKTOP-7JEP204</Computer><Security UserID='S-1-5-18'/></System><EventData><Data Name='RuleName'>-</Data><Data Name='UtcTime'>2026-03-30 03:17:01.007</Data><Data Name='ProcessGuid'>{2c24d1db-a332-69ec-6401-000000001400}</Data><Data Name='ProcessId'>972</Data><Data Name='QueryName'>ecs.office.com</Data><Data Name='QueryStatus'>1460</Data><Data Name='QueryResults'>-</Data><Data Name='Image'>C:\Users\User\AppData\Local\Microsoft\OneDrive\26.040.0301.0001\OneDrive.Sync.Service.exe</Data><Data Name='User'>DESKTOP-7JEP204\User</Data></EventData></Event>
<Event xmlns='http://schemas.microsoft.com/win/2004/08/events/event'><System><Provider Name='Microsoft-Windows-Sysmon' Guid='{5770385f-c22a-43e0-bf4c-06f5698ffbd9}'/><EventID>22</EventID><Version>5</Version><Level>4</Level><Task>22</Task><Opcode>0</Opcode><Keywords>0x8000000000000000</Keywords><TimeCreated SystemTime='2026-04-25T15:46:32.1262950Z'/><EventRecordID>512</EventRecordID><Correlation/><Execution ProcessID='2832' ThreadID='3732'/><Channel>Microsoft-Windows-Sysmon/Operational</Channel><Computer>DESKTOP-7JEP204</Computer><Security UserID='S-1-5-18'/></System><EventData><Data Name='RuleName'>-</Data><Data Name='UtcTime'>2026-03-30 03:17:11.017</Data><Data Name='ProcessGuid'>{2c24d1db-a332-69ec-6401-000000001400}</Data><Data Name='ProcessId'>972</Data><Data Name='QueryName'>ecs.office.com</Data><Data Name='QueryStatus'>1460</Data><Data Name='QueryResults'>-</Data><Data Name='Image'>C:\Users\User\AppData\Local\Microsoft\OneDrive\26.040.0301.0001\OneDrive.Sync.Service.exe</Data><Data Name='User'>DESKTOP-7JEP204\User</Data></EventData></Event>
<Event xmlns='http://schemas.microsoft.com/win/2004/08/events/event'><System><Provider Name='Microsoft-Windows-Sysmon' Guid='{5770385f-c22a-43e0-bf4c-06f5698ffbd9}'/><EventID>22</EventID><Version>5</Version><Level>4</Level><Task>22</Task><Opcode>0</Opcode><Keywords>0x8000000000000000</Keywords><TimeCreated SystemTime='2026-04-25T15:46:42.2694424Z'/><EventRecordID>513</EventRecordID><Correlation/><Execution ProcessID='2832' ThreadID='3732'/><Channel>Microsoft-Windows-Sysmon/Operational</Channel><Computer>DESKTOP-7JEP204</Computer><Security UserID='S-1-5-18'/></System><EventData><Data Name='RuleName'>-</Data><Data Name='UtcTime'>2026-03-30 03:17:21.055</Data><Data Name='ProcessGuid'>{2c24d1db-a332-69ec-6401-000000001400}</Data><Data Name='ProcessId'>972</Data><Data Name='QueryName'>ecs.office.com</Data><Data Name='QueryStatus'>1460</Data><Data Name='QueryResults'>-</Data><Data Name='Image'>C:\Users\User\AppData\Local\Microsoft\OneDrive\26.040.0301.0001\OneDrive.Sync.Service.exe</Data><Data Name='User'>DESKTOP-7JEP204\User</Data></EventData></Event>
<Event xmlns='http://schemas.microsoft.com/win/2004/08/events/event'><System><Provider Name='Microsoft-Windows-Sysmon' Guid='{5770385f-c22a-43e0-bf4c-06f5698ffbd9}'/><EventID>22</EventID><Version>5</Version><Level>4</Level><Task>22</Task><Opcode>0</Opcode><Keywords>0x8000000000000000</Keywords><TimeCreated SystemTime='2026-04-25T15:46:50.4669325Z'/><EventRecordID>514</EventRecordID><Correlation/><Execution ProcessID='2832' ThreadID='3732'/><Channel>Microsoft-Windows-Sysmon/Operational</Channel><Computer>DESKTOP-7JEP204</Computer><Security UserID='S-1-5-18'/></System><EventData><Data Name='RuleName'>-</Data><Data Name='UtcTime'>2026-03-30 03:17:31.062</Data><Data Name='ProcessGuid'>{2c24d1db-a332-69ec-6401-000000001400}</Data><Data Name='ProcessId'>972</Data><Data Name='QueryName'>ecs.office.com</Data><Data Name='QueryStatus'>1460</Data><Data Name='QueryResults'>-</Data><Data Name='Image'>C:\Users\User\AppData\Local\Microsoft\OneDrive\26.040.0301.0001\OneDrive.Sync.Service.exe</Data><Data Name='User'>DESKTOP-7JEP204\User</Data></EventData></Event>
<Event xmlns='http://schemas.microsoft.com/win/2004/08/events/event'><System><Provider Name='Microsoft-Windows-Sysmon' Guid='{5770385f-c22a-43e0-bf4c-06f5698ffbd9}'/><EventID>1</EventID><Version>5</Version><Level>4</Level><Task>1</Task><Opcode>0</Opcode><Keywords>0x8000000000000000</Keywords><TimeCreated SystemTime='2026-04-25T15:46:54.9483564Z'/><EventRecordID>515</EventRecordID><Correlation/><Execution ProcessID='2832' ThreadID='3692'/><Channel>Microsoft-Windows-Sysmon/Operational</Channel><Computer>DESKTOP-7JEP204</Computer><Security UserID='S-1-5-18'/></System><EventData><Data Name='RuleName'>-</Data><Data Name='UtcTime'>2026-04-25 15:46:54.943</Data><Data Name='ProcessGuid'>{2c24d1db-e1ee-69ec-8901-000000001400}</Data><Data Name='ProcessId'>1320</Data><Data Name='Image'>C:\Windows\System32\svchost.exe</Data><Data Name='FileVersion'>10.0.19041.1806 (WinBuild.160101.0800)</Data><Data Name='Description'>Host Process for Windows Services</Data><Data Name='Product'>Microsoft® Windows® Operating System</Data><Data Name='Company'>Microsoft Corporation</Data><Data Name='OriginalFileName'>svchost.exe</Data><Data Name='CommandLine'>C:\Windows\system32\svchost.exe -k netsvcs -p -s lfsvc</Data><Data Name='CurrentDirectory'>C:\Windows\system32\</Data><Data Name='User'>NT AUTHORITY\SYSTEM</Data><Data Name='LogonGuid'>{2c24d1db-5703-69ca-e703-000000000000}</Data><Data Name='LogonId'>0x3e7</Data><Data Name='TerminalSessionId'>0</Data><Data Name='IntegrityLevel'>System</Data><Data Name='Hashes'>MD5=B7F884C1B74A263F746EE12A5F7C9F6A,SHA256=ADD683A6910ABBBF0E28B557FAD0BA998166394932AE2ACA069D9AA19EA8FE88,IMPHASH=247B9220E5D9B720A82B2C8B5069AD69</Data><Data Name='ParentProcessGuid'>{00000000-0000-0000-0000-000000000000}</Data><Data Name='ParentProcessId'>660</Data><Data Name='ParentImage'>-</Data><Data Name='ParentCommandLine'>-</Data><Data Name='ParentUser'>-</Data></EventData></Event>
<Event xmlns='http://schemas.microsoft.com/win/2004/08/events/event'><System><Provider Name='Microsoft-Windows-Sysmon' Guid='{5770385f-c22a-43e0-bf4c-06f5698ffbd9}'/><EventID>22</EventID><Version>5</Version><Level>4</Level><Task>22</Task><Opcode>0</Opcode><Keywords>0x8000000000000000</Keywords><TimeCreated SystemTime='2026-04-25T15:46:57.2699029Z'/><EventRecordID>516</EventRecordID><Correlation/><Execution ProcessID='2832' ThreadID='3732'/><Channel>Microsoft-Windows-Sysmon/Operational</Channel><Computer>DESKTOP-7JEP204</Computer><Security UserID='S-1-5-18'/></System><EventData><Data Name='RuleName'>-</Data><Data Name='UtcTime'>2026-03-30 03:17:41.122</Data><Data Name='ProcessGuid'>{2c24d1db-a332-69ec-6401-000000001400}</Data><Data Name='ProcessId'>972</Data><Data Name='QueryName'>ecs.office.com</Data><Data Name='QueryStatus'>1460</Data><Data Name='QueryResults'>-</Data><Data Name='Image'>C:\Users\User\AppData\Local\Microsoft\OneDrive\26.040.0301.0001\OneDrive.Sync.Service.exe</Data><Data Name='User'>DESKTOP-7JEP204\User</Data></EventData></Event>
<Event xmlns='http://schemas.microsoft.com/win/2004/08/events/event'><System><Provider Name='Microsoft-Windows-Sysmon' Guid='{5770385f-c22a-43e0-bf4c-06f5698ffbd9}'/><EventID>22</EventID><Version>5</Version><Level>4</Level><Task>22</Task><Opcode>0</Opcode><Keywords>0x8000000000000000</Keywords><TimeCreated SystemTime='2026-04-25T15:47:03.3563990Z'/><EventRecordID>517</EventRecordID><Correlation/><Execution ProcessID='2832' ThreadID='3732'/><Channel>Microsoft-Windows-Sysmon/Operational</Channel><Computer>DESKTOP-7JEP204</Computer><Security UserID='S-1-5-18'/></System><EventData><Data Name='RuleName'>-</Data><Data Name='UtcTime'>2026-03-30 03:17:51.131</Data><Data Name='ProcessGuid'>{2c24d1db-a332-69ec-6401-000000001400}</Data><Data Name='ProcessId'>972</Data><Data Name='QueryName'>ecs.office.com</Data><Data Name='QueryStatus'>1460</Data><Data Name='QueryResults'>-</Data><Data Name='Image'>C:\Users\User\AppData\Local\Microsoft\OneDrive\26.040.0301.0001\OneDrive.Sync.Service.exe</Data><Data Name='User'>DESKTOP-7JEP204\User</Data></EventData></Event>
<Event xmlns='http://schemas.microsoft.com/win/2004/08/events/event'><System><Provider Name='Microsoft-Windows-Sysmon' Guid='{5770385f-c22a-43e0-bf4c-06f5698ffbd9}'/><EventID>22</EventID><Version>5</Version><Level>4</Level><Task>22</Task><Opcode>0</Opcode><Keywords>0x8000000000000000</Keywords><TimeCreated SystemTime='2026-04-25T15:47:09.6385287Z'/><EventRecordID>518</EventRecordID><Correlation/><Execution ProcessID='2832' ThreadID='3732'/><Channel>Microsoft-Windows-Sysmon/Operational</Channel><Computer>DESKTOP-7JEP204</Computer><Security UserID='S-1-5-18'/></System><EventData><Data Name='RuleName'>-</Data><Data Name='UtcTime'>2026-03-30 03:18:01.176</Data><Data Name='ProcessGuid'>{2c24d1db-a332-69ec-6401-000000001400}</Data><Data Name='ProcessId'>972</Data><Data Name='QueryName'>ecs.office.com</Data><Data Name='QueryStatus'>1460</Data><Data Name='QueryResults'>-</Data><Data Name='Image'>C:\Users\User\AppData\Local\Microsoft\OneDrive\26.040.0301.0001\OneDrive.Sync.Service.exe</Data><Data Name='User'>DESKTOP-7JEP204\User</Data></EventData></Event>
<Event xmlns='http://schemas.microsoft.com/win/2004/08/events/event'><System><Provider Name='Microsoft-Windows-Sysmon' Guid='{5770385f-c22a-43e0-bf4c-06f5698ffbd9}'/><EventID>1</EventID><Version>5</Version><Level>4</Level><Task>1</Task><Opcode>0</Opcode><Keywords>0x8000000000000000</Keywords><TimeCreated SystemTime='2026-04-25T15:47:27.9230706Z'/><EventRecordID>519</EventRecordID><Correlation/><Execution ProcessID='2832' ThreadID='3692'/><Channel>Microsoft-Windows-Sysmon/Operational</Channel><Computer>DESKTOP-7JEP204</Computer><Security UserID='S-1-5-18'/></System><EventData><Data Name='RuleName'>-</Data><Data Name='UtcTime'>2026-04-25 15:47:27.910</Data><Data Name='ProcessGuid'>{2c24d1db-e20f-69ec-8b01-000000001400}</Data><Data Name='ProcessId'>764</Data><Data Name='Image'>C:\Windows\System32\rundll32.exe</Data><Data Name='FileVersion'>10.0.19041.746 (WinBuild.160101.0800)</Data><Data Name='Description'>Windows host process (Rundll32)</Data><Data Name='Product'>Microsoft® Windows® Operating System</Data><Data Name='Company'>Microsoft Corporation</Data><Data Name='OriginalFileName'>RUNDLL32.EXE</Data><Data Name='CommandLine'>C:\Windows\System32\rundll32.exe C:\Windows\System32\shell32.dll,SHCreateLocalServerRunDll {9aa46009-3ce0-458a-a354-715610a075e6} -Embedding</Data><Data Name='CurrentDirectory'>C:\Windows\system32\</Data><Data Name='User'>DESKTOP-7JEP204\User</Data><Data Name='LogonGuid'>{2c24d1db-e697-69c9-1653-050000000000}</Data><Data Name='LogonId'>0x55316</Data><Data Name='TerminalSessionId'>1</Data><Data Name='IntegrityLevel'>Medium</Data><Data Name='Hashes'>MD5=EF3179D498793BF4234F708D3BE28633,SHA256=B53F3C0CD32D7F20849850768DA6431E5F876B7BFA61DB0AA0700B02873393FA,IMPHASH=4DB27267734D1576D75C991DC70F68AC</Data><Data Name='ParentProcessGuid'>{2c24d1db-5704-69ca-0d00-000000001400}</Data><Data Name='ParentProcessId'>780</Data><Data Name='ParentImage'>C:\Windows\System32\svchost.exe</Data><Data Name='ParentCommandLine'>C:\Windows\system32\svchost.exe -k DcomLaunch -p</Data><Data Name='ParentUser'>NT AUTHORITY\SYSTEM</Data></EventData></Event>
