<Event xmlns='http://schemas.microsoft.com/win/2004/08/events/event'><System><Provider Name='Microsoft-Windows-Sysmon' Guid='{5770385f-c22a-43e0-bf4c-06f5698ffbd9}'/><EventID>11</EventID><Version>2</Version><Level>4</Level><Task>11</Task><Opcode>0</Opcode><Keywords>0x8000000000000000</Keywords><TimeCreated SystemTime='2026-04-25T11:15:46.7712191Z'/><EventRecordID>376</EventRecordID><Correlation/><Execution ProcessID='2832' ThreadID='3692'/><Channel>Microsoft-Windows-Sysmon/Operational</Channel><Computer>DESKTOP-7JEP204</Computer><Security UserID='S-1-5-18'/></System><EventData><Data Name='RuleName'>DLL</Data><Data Name='UtcTime'>2026-04-25 11:15:46.729</Data><Data Name='ProcessGuid'>{2c24d1db-a261-69ec-1a01-000000001400}</Data><Data Name='ProcessId'>6520</Data><Data Name='Image'>C:\Windows\Microsoft.NET\Framework\v4.0.30319\mscorsvw.exe</Data><Data Name='TargetFilename'>C:\Windows\assembly\NativeImages_v4.0.30319_32\Temp\1978-0\Microsoft.Security.ApplicationId.PolicyManagement.PolicyModel.dll</Data><Data Name='CreationUtcTime'>2026-04-25 11:15:46.729</Data><Data Name='User'>NT AUTHORITY\SYSTEM</Data></EventData></Event>
<Event xmlns='http://schemas.microsoft.com/win/2004/08/events/event'><System><Provider Name='Microsoft-Windows-Sysmon' Guid='{5770385f-c22a-43e0-bf4c-06f5698ffbd9}'/><EventID>11</EventID><Version>2</Version><Level>4</Level><Task>11</Task><Opcode>0</Opcode><Keywords>0x8000000000000000</Keywords><TimeCreated SystemTime='2026-04-25T11:15:57.5263208Z'/><EventRecordID>377</EventRecordID><Correlation/><Execution ProcessID='2832' ThreadID='3692'/><Channel>Microsoft-Windows-Sysmon/Operational</Channel><Computer>DESKTOP-7JEP204</Computer><Security UserID='S-1-5-18'/></System><EventData><Data Name='RuleName'>DLL</Data><Data Name='UtcTime'>2026-04-25 11:15:55.715</Data><Data Name='ProcessGuid'>{2c24d1db-a266-69ec-1d01-000000001400}</Data><Data Name='ProcessId'>6792</Data><Data Name='Image'>C:\Windows\Microsoft.NET\Framework\v4.0.30319\mscorsvw.exe</Data><Data Name='TargetFilename'>C:\Windows\assembly\NativeImages_v4.0.30319_32\Temp\1a88-0\WindowsBase.dll</Data><Data Name='CreationUtcTime'>2026-04-25 11:15:55.715</Data><Data Name='User'>NT AUTHORITY\SYSTEM</Data></EventData></Event>
<Event xmlns='http://schemas.microsoft.com/win/2004/08/events/event'><System><Provider Name='Microsoft-Windows-Sysmon' Guid='{5770385f-c22a-43e0-bf4c-06f5698ffbd9}'/><EventID>5</EventID><Version>3</Version><Level>4</Level><Task>5</Task><Opcode>0</Opcode><Keywords>0x8000000000000000</Keywords><TimeCreated SystemTime='2026-04-25T11:16:02.5293239Z'/><EventRecordID>378</EventRecordID><Correlation/><Execution ProcessID='2832' ThreadID='3692'/><Channel>Microsoft-Windows-Sysmon/Operational</Channel><Computer>DESKTOP-7JEP204</Computer><Security UserID='S-1-5-18'/></System><EventData><Data Name='RuleName'>-</Data><Data Name='UtcTime'>2026-04-25 11:16:02.523</Data><Data Name='ProcessGuid'>{2c24d1db-a118-69ec-bd00-000000001400}</Data><Data Name='ProcessId'>7344</Data><Data Name='Image'>C:\Users\User\AppData\Local\Microsoft\OneDrive\OneDriveStandaloneUpdater.exe</Data><Data Name='User'>DESKTOP-7JEP204\User</Data></EventData></Event>
<Event xmlns='http://schemas.microsoft.com/win/2004/08/events/event'><System><Provider Name='Microsoft-Windows-Sysmon' Guid='{5770385f-c22a-43e0-bf4c-06f5698ffbd9}'/><EventID>11</EventID><Version>2</Version><Level>4</Level><Task>11</Task><Opcode>0</Opcode><Keywords>0x8000000000000000</Keywords><TimeCreated SystemTime='2026-04-25T11:16:12.1616699Z'/><EventRecordID>379</EventRecordID><Correlation/><Execution ProcessID='2832' ThreadID='3692'/><Channel>Microsoft-Windows-Sysmon/Operational</Channel><Computer>DESKTOP-7JEP204</Computer><Security UserID='S-1-5-18'/></System><EventData><Data Name='RuleName'>DLL</Data><Data Name='UtcTime'>2026-04-25 11:16:02.552</Data><Data Name='ProcessGuid'>{2c24d1db-a26e-69ec-1e01-000000001400}</Data><Data Name='ProcessId'>5868</Data><Data Name='Image'>C:\Windows\Microsoft.NET\Framework\v4.0.30319\mscorsvw.exe</Data><Data Name='TargetFilename'>C:\Windows\assembly\NativeImages_v4.0.30319_32\Temp\16ec-0\PresentationCore.dll</Data><Data Name='CreationUtcTime'>2026-04-25 11:16:02.552</Data><Data Name='User'>NT AUTHORITY\SYSTEM</Data></EventData></Event>
<Event xmlns='http://schemas.microsoft.com/win/2004/08/events/event'><System><Provider Name='Microsoft-Windows-Sysmon' Guid='{5770385f-c22a-43e0-bf4c-06f5698ffbd9}'/><EventID>11</EventID><Version>2</Version><Level>4</Level><Task>11</Task><Opcode>0</Opcode><Keywords>0x8000000000000000</Keywords><TimeCreated SystemTime='2026-04-25T11:16:34.0537256Z'/><EventRecordID>380</EventRecordID><Correlation/><Execution ProcessID='2832' ThreadID='3692'/><Channel>Microsoft-Windows-Sysmon/Operational</Channel><Computer>DESKTOP-7JEP204</Computer><Security UserID='S-1-5-18'/></System><EventData><Data Name='RuleName'>DLL</Data><Data Name='UtcTime'>2026-04-25 11:16:34.042</Data><Data Name='ProcessGuid'>{2c24d1db-a27e-69ec-2001-000000001400}</Data><Data Name='ProcessId'>6656</Data><Data Name='Image'>C:\Windows\Microsoft.NET\Framework\v4.0.30319\mscorsvw.exe</Data><Data Name='TargetFilename'>C:\Windows\assembly\NativeImages_v4.0.30319_32\Temp\1a00-0\PresentationFramework.dll</Data><Data Name='CreationUtcTime'>2026-04-25 11:16:32.659</Data><Data Name='User'>NT AUTHORITY\SYSTEM</Data></EventData></Event>
<Event xmlns='http://schemas.microsoft.com/win/2004/08/events/event'><System><Provider Name='Microsoft-Windows-Sysmon' Guid='{5770385f-c22a-43e0-bf4c-06f5698ffbd9}'/><EventID>11</EventID><Version>2</Version><Level>4</Level><Task>11</Task><Opcode>0</Opcode><Keywords>0x8000000000000000</Keywords><TimeCreated SystemTime='2026-04-25T11:16:36.4607457Z'/><EventRecordID>381</EventRecordID><Correlation/><Execution ProcessID='2832' ThreadID='3692'/><Channel>Microsoft-Windows-Sysmon/Operational</Channel><Computer>DESKTOP-7JEP204</Computer><Security UserID='S-1-5-18'/></System><EventData><Data Name='RuleName'>DLL</Data><Data Name='UtcTime'>2026-04-25 11:16:36.049</Data><Data Name='ProcessGuid'>{2c24d1db-a293-69ec-2201-000000001400}</Data><Data Name='ProcessId'>4460</Data><Data Name='Image'>C:\Windows\Microsoft.NET\Framework\v4.0.30319\mscorsvw.exe</Data><Data Name='TargetFilename'>C:\Windows\assembly\NativeImages_v4.0.30319_32\Temp\116c-0\PresentationFramework.Aero2.dll</Data><Data Name='CreationUtcTime'>2026-04-25 11:16:36.049</Data><Data Name='User'>NT AUTHORITY\SYSTEM</Data></EventData></Event>
<Event xmlns='http://schemas.microsoft.com/win/2004/08/events/event'><System><Provider Name='Microsoft-Windows-Sysmon' Guid='{5770385f-c22a-43e0-bf4c-06f5698ffbd9}'/><EventID>11</EventID><Version>2</Version><Level>4</Level><Task>11</Task><Opcode>0</Opcode><Keywords>0x8000000000000000</Keywords><TimeCreated SystemTime='2026-04-25T11:16:38.8948778Z'/><EventRecordID>382</EventRecordID><Correlation/><Execution ProcessID='2832' ThreadID='3692'/><Channel>Microsoft-Windows-Sysmon/Operational</Channel><Computer>DESKTOP-7JEP204</Computer><Security UserID='S-1-5-18'/></System><EventData><Data Name='RuleName'>DLL</Data><Data Name='UtcTime'>2026-04-25 11:16:38.338</Data><Data Name='ProcessGuid'>{2c24d1db-a295-69ec-2501-000000001400}</Data><Data Name='ProcessId'>3036</Data><Data Name='Image'>C:\Windows\Microsoft.NET\Framework\v4.0.30319\mscorsvw.exe</Data><Data Name='TargetFilename'>C:\Windows\assembly\NativeImages_v4.0.30319_32\Temp\bdc-0\System.Configuration.dll</Data><Data Name='CreationUtcTime'>2026-04-25 11:16:38.338</Data><Data Name='User'>NT AUTHORITY\SYSTEM</Data></EventData></Event>
<Event xmlns='http://schemas.microsoft.com/win/2004/08/events/event'><System><Provider Name='Microsoft-Windows-Sysmon' Guid='{5770385f-c22a-43e0-bf4c-06f5698ffbd9}'/><EventID>11</EventID><Version>2</Version><Level>4</Level><Task>11</Task><Opcode>0</Opcode><Keywords>0x8000000000000000</Keywords><TimeCreated SystemTime='2026-04-25T11:16:40.7516545Z'/><EventRecordID>383</EventRecordID><Correlation/><Execution ProcessID='2832' ThreadID='3692'/><Channel>Microsoft-Windows-Sysmon/Operational</Channel><Computer>DESKTOP-7JEP204</Computer><Security UserID='S-1-5-18'/></System><EventData><Data Name='RuleName'>DLL</Data><Data Name='UtcTime'>2026-04-25 11:16:40.746</Data><Data Name='ProcessGuid'>{2c24d1db-a298-69ec-2801-000000001400}</Data><Data Name='ProcessId'>7532</Data><Data Name='Image'>C:\Windows\Microsoft.NET\Framework\v4.0.30319\mscorsvw.exe</Data><Data Name='TargetFilename'>C:\Windows\assembly\NativeImages_v4.0.30319_32\Temp\1d6c-0\System.Net.Http.dll</Data><Data Name='CreationUtcTime'>2026-04-25 11:16:40.746</Data><Data Name='User'>NT AUTHORITY\SYSTEM</Data></EventData></Event>
<Event xmlns='http://schemas.microsoft.com/win/2004/08/events/event'><System><Provider Name='Microsoft-Windows-Sysmon' Guid='{5770385f-c22a-43e0-bf4c-06f5698ffbd9}'/><EventID>11</EventID><Version>2</Version><Level>4</Level><Task>11</Task><Opcode>0</Opcode><Keywords>0x8000000000000000</Keywords><TimeCreated SystemTime='2026-04-25T11:16:44.6610420Z'/><EventRecordID>384</EventRecordID><Correlation/><Execution ProcessID='2832' ThreadID='3692'/><Channel>Microsoft-Windows-Sysmon/Operational</Channel><Computer>DESKTOP-7JEP204</Computer><Security UserID='S-1-5-18'/></System><EventData><Data Name='RuleName'>DLL</Data><Data Name='UtcTime'>2026-04-25 11:16:42.038</Data><Data Name='ProcessGuid'>{2c24d1db-a299-69ec-2a01-000000001400}</Data><Data Name='ProcessId'>2100</Data><Data Name='Image'>C:\Windows\Microsoft.NET\Framework\v4.0.30319\mscorsvw.exe</Data><Data Name='TargetFilename'>C:\Windows\assembly\NativeImages_v4.0.30319_32\Temp\834-0\System.Runtime.Serialization.dll</Data><Data Name='CreationUtcTime'>2026-04-25 11:16:42.038</Data><Data Name='User'>NT AUTHORITY\SYSTEM</Data></EventData></Event>
<Event xmlns='http://schemas.microsoft.com/win/2004/08/events/event'><System><Provider Name='Microsoft-Windows-Sysmon' Guid='{5770385f-c22a-43e0-bf4c-06f5698ffbd9}'/><EventID>11</EventID><Version>2</Version><Level>4</Level><Task>11</Task><Opcode>0</Opcode><Keywords>0x8000000000000000</Keywords><TimeCreated SystemTime='2026-04-25T11:16:45.7879522Z'/><EventRecordID>385</EventRecordID><Correlation/><Execution ProcessID='2832' ThreadID='3692'/><Channel>Microsoft-Windows-Sysmon/Operational</Channel><Computer>DESKTOP-7JEP204</Computer><Security UserID='S-1-5-18'/></System><EventData><Data Name='RuleName'>DLL</Data><Data Name='UtcTime'>2026-04-25 11:16:45.770</Data><Data Name='ProcessGuid'>{2c24d1db-a29d-69ec-2c01-000000001400}</Data><Data Name='ProcessId'>3376</Data><Data Name='Image'>C:\Windows\Microsoft.NET\Framework\v4.0.30319\mscorsvw.exe</Data><Data Name='TargetFilename'>C:\Windows\assembly\NativeImages_v4.0.30319_32\Temp\d30-0\System.Runtime.WindowsRuntime.UI.Xaml.dll</Data><Data Name='CreationUtcTime'>2026-04-25 11:16:45.770</Data><Data Name='User'>NT AUTHORITY\SYSTEM</Data></EventData></Event>
<Event xmlns='http://schemas.microsoft.com/win/2004/08/events/event'><System><Provider Name='Microsoft-Windows-Sysmon' Guid='{5770385f-c22a-43e0-bf4c-06f5698ffbd9}'/><EventID>11</EventID><Version>2</Version><Level>4</Level><Task>11</Task><Opcode>0</Opcode><Keywords>0x8000000000000000</Keywords><TimeCreated SystemTime='2026-04-25T11:16:48.2217956Z'/><EventRecordID>386</EventRecordID><Correlation/><Execution ProcessID='2832' ThreadID='3692'/><Channel>Microsoft-Windows-Sysmon/Operational</Channel><Computer>DESKTOP-7JEP204</Computer><Security UserID='S-1-5-18'/></System><EventData><Data Name='RuleName'>DLL</Data><Data Name='UtcTime'>2026-04-25 11:16:48.214</Data><Data Name='ProcessGuid'>{2c24d1db-a29e-69ec-2e01-000000001400}</Data><Data Name='ProcessId'>2128</Data><Data Name='Image'>C:\Windows\Microsoft.NET\Framework\v4.0.30319\mscorsvw.exe</Data><Data Name='TargetFilename'>C:\Windows\assembly\NativeImages_v4.0.30319_32\Temp\850-0\System.Xaml.dll</Data><Data Name='CreationUtcTime'>2026-04-25 11:16:46.640</Data><Data Name='User'>NT AUTHORITY\SYSTEM</Data></EventData></Event>
<Event xmlns='http://schemas.microsoft.com/win/2004/08/events/event'><System><Provider Name='Microsoft-Windows-Sysmon' Guid='{5770385f-c22a-43e0-bf4c-06f5698ffbd9}'/><EventID>11</EventID><Version>2</Version><Level>4</Level><Task>11</Task><Opcode>0</Opcode><Keywords>0x8000000000000000</Keywords><TimeCreated SystemTime='2026-04-25T11:16:55.7527850Z'/><EventRecordID>387</EventRecordID><Correlation/><Execution ProcessID='2832' ThreadID='3692'/><Channel>Microsoft-Windows-Sysmon/Operational</Channel><Computer>DESKTOP-7JEP204</Computer><Security UserID='S-1-5-18'/></System><EventData><Data Name='RuleName'>DLL</Data><Data Name='UtcTime'>2026-04-25 11:16:50.093</Data><Data Name='ProcessGuid'>{2c24d1db-a2a1-69ec-3001-000000001400}</Data><Data Name='ProcessId'>3192</Data><Data Name='Image'>C:\Windows\Microsoft.NET\Framework\v4.0.30319\mscorsvw.exe</Data><Data Name='TargetFilename'>C:\Windows\assembly\NativeImages_v4.0.30319_32\Temp\c78-0\System.Xml.dll</Data><Data Name='CreationUtcTime'>2026-04-25 11:16:50.093</Data><Data Name='User'>NT AUTHORITY\SYSTEM</Data></EventData></Event>
<Event xmlns='http://schemas.microsoft.com/win/2004/08/events/event'><System><Provider Name='Microsoft-Windows-Sysmon' Guid='{5770385f-c22a-43e0-bf4c-06f5698ffbd9}'/><EventID>11</EventID><Version>2</Version><Level>4</Level><Task>11</Task><Opcode>0</Opcode><Keywords>0x8000000000000000</Keywords><TimeCreated SystemTime='2026-04-25T11:16:58.1238663Z'/><EventRecordID>388</EventRecordID><Correlation/><Execution ProcessID='2832' ThreadID='3692'/><Channel>Microsoft-Windows-Sysmon/Operational</Channel><Computer>DESKTOP-7JEP204</Computer><Security UserID='S-1-5-18'/></System><EventData><Data Name='RuleName'>DLL</Data><Data Name='UtcTime'>2026-04-25 11:16:57.772</Data><Data Name='ProcessGuid'>{2c24d1db-a2a9-69ec-3201-000000001400}</Data><Data Name='ProcessId'>7564</Data><Data Name='Image'>C:\Windows\Microsoft.NET\Framework\v4.0.30319\mscorsvw.exe</Data><Data Name='TargetFilename'>C:\Windows\assembly\NativeImages_v4.0.30319_32\Temp\1d8c-0\System.Xml.Linq.dll</Data><Data Name='CreationUtcTime'>2026-04-25 11:16:57.772</Data><Data Name='User'>NT AUTHORITY\SYSTEM</Data></EventData></Event>
<Event xmlns='http://schemas.microsoft.com/win/2004/08/events/event'><System><Provider Name='Microsoft-Windows-Sysmon' Guid='{5770385f-c22a-43e0-bf4c-06f5698ffbd9}'/><EventID>11</EventID><Version>2</Version><Level>4</Level><Task>11</Task><Opcode>0</Opcode><Keywords>0x8000000000000000</Keywords><TimeCreated SystemTime='2026-04-25T11:17:06.2561990Z'/><EventRecordID>389</EventRecordID><Correlation/><Execution ProcessID='2832' ThreadID='3692'/><Channel>Microsoft-Windows-Sysmon/Operational</Channel><Computer>DESKTOP-7JEP204</Computer><Security UserID='S-1-5-18'/></System><EventData><Data Name='RuleName'>DLL</Data><Data Name='UtcTime'>2026-04-25 11:17:06.228</Data><Data Name='ProcessGuid'>{2c24d1db-a2b0-69ec-4101-000000001400}</Data><Data Name='ProcessId'>7276</Data><Data Name='Image'>C:\Windows\Microsoft.NET\Framework64\v4.0.30319\mscorsvw.exe</Data><Data Name='TargetFilename'>C:\Windows\assembly\NativeImages_v4.0.30319_64\Temp\1c6c-0\mscorlib.ni.dll</Data><Data Name='CreationUtcTime'>2026-04-25 11:17:06.228</Data><Data Name='User'>NT AUTHORITY\SYSTEM</Data></EventData></Event>
<Event xmlns='http://schemas.microsoft.com/win/2004/08/events/event'><System><Provider Name='Microsoft-Windows-Sysmon' Guid='{5770385f-c22a-43e0-bf4c-06f5698ffbd9}'/><EventID>11</EventID><Version>2</Version><Level>4</Level><Task>11</Task><Opcode>0</Opcode><Keywords>0x8000000000000000</Keywords><TimeCreated SystemTime='2026-04-25T11:17:08.7184708Z'/><EventRecordID>390</EventRecordID><Correlation/><Execution ProcessID='2832' ThreadID='3692'/><Channel>Microsoft-Windows-Sysmon/Operational</Channel><Computer>DESKTOP-7JEP204</Computer><Security UserID='S-1-5-18'/></System><EventData><Data Name='RuleName'>DLL</Data><Data Name='UtcTime'>2026-04-25 11:17:08.615</Data><Data Name='ProcessGuid'>{2c24d1db-a2b3-69ec-4301-000000001400}</Data><Data Name='ProcessId'>1004</Data><Data Name='Image'>C:\Windows\Microsoft.NET\Framework64\v4.0.30319\mscorsvw.exe</Data><Data Name='TargetFilename'>C:\Windows\assembly\NativeImages_v4.0.30319_64\Temp\3ec-0\Accessibility.dll</Data><Data Name='CreationUtcTime'>2026-04-25 11:17:08.615</Data><Data Name='User'>NT AUTHORITY\SYSTEM</Data></EventData></Event>
<Event xmlns='http://schemas.microsoft.com/win/2004/08/events/event'><System><Provider Name='Microsoft-Windows-Sysmon' Guid='{5770385f-c22a-43e0-bf4c-06f5698ffbd9}'/><EventID>11</EventID><Version>2</Version><Level>4</Level><Task>11</Task><Opcode>0</Opcode><Keywords>0x8000000000000000</Keywords><TimeCreated SystemTime='2026-04-25T11:17:09.7548963Z'/><EventRecordID>391</EventRecordID><Correlation/><Execution ProcessID='2832' ThreadID='3692'/><Channel>Microsoft-Windows-Sysmon/Operational</Channel><Computer>DESKTOP-7JEP204</Computer><Security UserID='S-1-5-18'/></System><EventData><Data Name='RuleName'>DLL</Data><Data Name='UtcTime'>2026-04-25 11:17:09.729</Data><Data Name='ProcessGuid'>{2c24d1db-a2b5-69ec-4501-000000001400}</Data><Data Name='ProcessId'>4592</Data><Data Name='Image'>C:\Windows\Microsoft.NET\Framework64\v4.0.30319\mscorsvw.exe</Data><Data Name='TargetFilename'>C:\Windows\assembly\NativeImages_v4.0.30319_64\Temp\11f0-0\CustomMarshalers.dll</Data><Data Name='CreationUtcTime'>2026-04-25 11:17:09.729</Data><Data Name='User'>NT AUTHORITY\SYSTEM</Data></EventData></Event>
<Event xmlns='http://schemas.microsoft.com/win/2004/08/events/event'><System><Provider Name='Microsoft-Windows-Sysmon' Guid='{5770385f-c22a-43e0-bf4c-06f5698ffbd9}'/><EventID>1</EventID><Version>5</Version><Level>4</Level><Task>1</Task><Opcode>0</Opcode><Keywords>0x8000000000000000</Keywords><TimeCreated SystemTime='2026-04-25T11:17:27.6692659Z'/><EventRecordID>392</EventRecordID><Correlation/><Execution ProcessID='2832' ThreadID='3692'/><Channel>Microsoft-Windows-Sysmon/Operational</Channel><Computer>DESKTOP-7JEP204</Computer><Security UserID='S-1-5-18'/></System><EventData><Data Name='RuleName'>-</Data><Data Name='UtcTime'>2026-04-25 11:17:27.660</Data><Data Name='ProcessGuid'>{2c24d1db-a2c7-69ec-4901-000000001400}</Data><Data Name='ProcessId'>3640</Data><Data Name='Image'>C:\Program Files (x86)\Microsoft\EdgeUpdate\MicrosoftEdgeUpdate.exe</Data><Data Name='FileVersion'>1.3.225.7</Data><Data Name='Description'>Microsoft Edge Update</Data><Data Name='Product'>Microsoft Edge Update</Data><Data Name='Company'>Microsoft Corporation</Data><Data Name='OriginalFileName'>MicrosoftEdgeUpdate.exe</Data><Data Name='CommandLine'>"C:\Program Files (x86)\Microsoft\EdgeUpdate\MicrosoftEdgeUpdate.exe" /ua /installsource scheduler</Data><Data Name='CurrentDirectory'>C:\Windows\system32\</Data><Data Name='User'>NT AUTHORITY\SYSTEM</Data><Data Name='LogonGuid'>{2c24d1db-5703-69ca-e703-000000000000}</Data><Data Name='LogonId'>0x3e7</Data><Data Name='TerminalSessionId'>0</Data><Data Name='IntegrityLevel'>System</Data><Data Name='Hashes'>MD5=352C33641CBBD193AF127D306CB960C8,SHA256=F56701783D22D0E17E126D09ACA62B1969259D4B7B00DEDD9A0001C6D1ABEAD2,IMPHASH=CD3B2D99C6655A5D4A14E30E380F5BF9</Data><Data Name='ParentProcessGuid'>{2c24d1db-5705-69ca-1a00-000000001400}</Data><Data Name='ParentProcessId'>1168</Data><Data Name='ParentImage'>C:\Windows\System32\svchost.exe</Data><Data Name='ParentCommandLine'>C:\Windows\system32\svchost.exe -k netsvcs -p -s Schedule</Data><Data Name='ParentUser'>NT AUTHORITY\SYSTEM</Data></EventData></Event>
<Event xmlns='http://schemas.microsoft.com/win/2004/08/events/event'><System><Provider Name='Microsoft-Windows-Sysmon' Guid='{5770385f-c22a-43e0-bf4c-06f5698ffbd9}'/><EventID>11</EventID><Version>2</Version><Level>4</Level><Task>11</Task><Opcode>0</Opcode><Keywords>0x8000000000000000</Keywords><TimeCreated SystemTime='2026-04-25T11:17:29.3781559Z'/><EventRecordID>393</EventRecordID><Correlation/><Execution ProcessID='2832' ThreadID='3692'/><Channel>Microsoft-Windows-Sysmon/Operational</Channel><Computer>DESKTOP-7JEP204</Computer><Security UserID='S-1-5-18'/></System><EventData><Data Name='RuleName'>DLL</Data><Data Name='UtcTime'>2026-04-25 11:17:29.376</Data><Data Name='ProcessGuid'>{2c24d1db-a2b6-69ec-4701-000000001400}</Data><Data Name='ProcessId'>8116</Data><Data Name='Image'>C:\Windows\Microsoft.NET\Framework64\v4.0.30319\mscorsvw.exe</Data><Data Name='TargetFilename'>C:\Windows\assembly\NativeImages_v4.0.30319_64\Temp\1fb4-0\System.dll</Data><Data Name='CreationUtcTime'>2026-04-25 11:17:29.334</Data><Data Name='User'>NT AUTHORITY\SYSTEM</Data></EventData></Event>
<Event xmlns='http://schemas.microsoft.com/win/2004/08/events/event'><System><Provider Name='Microsoft-Windows-Sysmon' Guid='{5770385f-c22a-43e0-bf4c-06f5698ffbd9}'/><EventID>11</EventID><Version>2</Version><Level>4</Level><Task>11</Task><Opcode>0</Opcode><Keywords>0x8000000000000000</Keywords><TimeCreated SystemTime='2026-04-25T11:17:48.5593299Z'/><EventRecordID>394</EventRecordID><Correlation/><Execution ProcessID='2832' ThreadID='3692'/><Channel>Microsoft-Windows-Sysmon/Operational</Channel><Computer>DESKTOP-7JEP204</Computer><Security UserID='S-1-5-18'/></System><EventData><Data Name='RuleName'>DLL</Data><Data Name='UtcTime'>2026-04-25 11:17:32.214</Data><Data Name='ProcessGuid'>{2c24d1db-a2ca-69ec-4b01-000000001400}</Data><Data Name='ProcessId'>5868</Data><Data Name='Image'>C:\Windows\Microsoft.NET\Framework64\v4.0.30319\mscorsvw.exe</Data><Data Name='TargetFilename'>C:\Windows\assembly\NativeImages_v4.0.30319_64\Temp\16ec-0\System.Core.dll</Data><Data Name='CreationUtcTime'>2026-04-25 11:17:32.214</Data><Data Name='User'>NT AUTHORITY\SYSTEM</Data></EventData></Event>
<Event xmlns='http://schemas.microsoft.com/win/2004/08/events/event'><System><Provider Name='Microsoft-Windows-Sysmon' Guid='{5770385f-c22a-43e0-bf4c-06f5698ffbd9}'/><EventID>11</EventID><Version>2</Version><Level>4</Level><Task>11</Task><Opcode>0</Opcode><Keywords>0x8000000000000000</Keywords><TimeCreated SystemTime='2026-04-25T11:17:55.8608983Z'/><EventRecordID>395</EventRecordID><Correlation/><Execution ProcessID='2832' ThreadID='3692'/><Channel>Microsoft-Windows-Sysmon/Operational</Channel><Computer>DESKTOP-7JEP204</Computer><Security UserID='S-1-5-18'/></System><EventData><Data Name='RuleName'>DLL</Data><Data Name='UtcTime'>2026-04-25 11:17:55.860</Data><Data Name='ProcessGuid'>{2c24d1db-a2dd-69ec-4c01-000000001400}</Data><Data Name='ProcessId'>6776</Data><Data Name='Image'>C:\Windows\Microsoft.NET\Framework64\v4.0.30319\mscorsvw.exe</Data><Data Name='TargetFilename'>C:\Windows\assembly\NativeImages_v4.0.30319_64\Temp\1a78-0\Microsoft.GroupPolicy.Reporting.dll</Data><Data Name='CreationUtcTime'>2026-04-25 11:17:55.794</Data><Data Name='User'>NT AUTHORITY\SYSTEM</Data></EventData></Event>
<Event xmlns='http://schemas.microsoft.com/win/2004/08/events/event'><System><Provider Name='Microsoft-Windows-Sysmon' Guid='{5770385f-c22a-43e0-bf4c-06f5698ffbd9}'/><EventID>11</EventID><Version>2</Version><Level>4</Level><Task>11</Task><Opcode>0</Opcode><Keywords>0x8000000000000000</Keywords><TimeCreated SystemTime='2026-04-25T11:17:57.8972401Z'/><EventRecordID>396</EventRecordID><Correlation/><Execution ProcessID='2832' ThreadID='3692'/><Channel>Microsoft-Windows-Sysmon/Operational</Channel><Computer>DESKTOP-7JEP204</Computer><Security UserID='S-1-5-18'/></System><EventData><Data Name='RuleName'>DLL</Data><Data Name='UtcTime'>2026-04-25 11:17:57.562</Data><Data Name='ProcessGuid'>{2c24d1db-a2e5-69ec-4e01-000000001400}</Data><Data Name='ProcessId'>2356</Data><Data Name='Image'>C:\Windows\Microsoft.NET\Framework64\v4.0.30319\mscorsvw.exe</Data><Data Name='TargetFilename'>C:\Windows\assembly\NativeImages_v4.0.30319_64\Temp\934-0\Microsoft.Security.ApplicationId.PolicyManagement.PolicyModel.dll</Data><Data Name='CreationUtcTime'>2026-04-25 11:17:57.562</Data><Data Name='User'>NT AUTHORITY\SYSTEM</Data></EventData></Event>
<Event xmlns='http://schemas.microsoft.com/win/2004/08/events/event'><System><Provider Name='Microsoft-Windows-Sysmon' Guid='{5770385f-c22a-43e0-bf4c-06f5698ffbd9}'/><EventID>11</EventID><Version>2</Version><Level>4</Level><Task>11</Task><Opcode>0</Opcode><Keywords>0x8000000000000000</Keywords><TimeCreated SystemTime='2026-04-25T11:18:02.9312182Z'/><EventRecordID>397</EventRecordID><Correlation/><Execution ProcessID='2832' ThreadID='3692'/><Channel>Microsoft-Windows-Sysmon/Operational</Channel><Computer>DESKTOP-7JEP204</Computer><Security UserID='S-1-5-18'/></System><EventData><Data Name='RuleName'>DLL</Data><Data Name='UtcTime'>2026-04-25 11:18:02.438</Data><Data Name='ProcessGuid'>{2c24d1db-a2e7-69ec-5001-000000001400}</Data><Data Name='ProcessId'>1600</Data><Data Name='Image'>C:\Windows\Microsoft.NET\Framework64\v4.0.30319\mscorsvw.exe</Data><Data Name='TargetFilename'>C:\Windows\assembly\NativeImages_v4.0.30319_64\Temp\640-0\Microsoft.VisualBasic.dll</Data><Data Name='CreationUtcTime'>2026-04-25 11:18:02.438</Data><Data Name='User'>NT AUTHORITY\SYSTEM</Data></EventData></Event>
<Event xmlns='http://schemas.microsoft.com/win/2004/08/events/event'><System><Provider Name='Microsoft-Windows-Sysmon' Guid='{5770385f-c22a-43e0-bf4c-06f5698ffbd9}'/><EventID>11</EventID><Version>2</Version><Level>4</Level><Task>11</Task><Opcode>0</Opcode><Keywords>0x8000000000000000</Keywords><TimeCreated SystemTime='2026-04-25T11:18:11.2009514Z'/><EventRecordID>398</EventRecordID><Correlation/><Execution ProcessID='2832' ThreadID='3692'/><Channel>Microsoft-Windows-Sysmon/Operational</Channel><Computer>DESKTOP-7JEP204</Computer><Security UserID='S-1-5-18'/></System><EventData><Data Name='RuleName'>DLL</Data><Data Name='UtcTime'>2026-04-25 11:18:05.365</Data><Data Name='ProcessGuid'>{2c24d1db-a2ec-69ec-5301-000000001400}</Data><Data Name='ProcessId'>7328</Data><Data Name='Image'>C:\Windows\Microsoft.NET\Framework64\v4.0.30319\mscorsvw.exe</Data><Data Name='TargetFilename'>C:\Windows\assembly\NativeImages_v4.0.30319_64\Temp\1ca0-0\WindowsBase.dll</Data><Data Name='CreationUtcTime'>2026-04-25 11:18:05.365</Data><Data Name='User'>NT AUTHORITY\SYSTEM</Data></EventData></Event>
<Event xmlns='http://schemas.microsoft.com/win/2004/08/events/event'><System><Provider Name='Microsoft-Windows-Sysmon' Guid='{5770385f-c22a-43e0-bf4c-06f5698ffbd9}'/><EventID>1</EventID><Version>5</Version><Level>4</Level><Task>1</Task><Opcode>0</Opcode><Keywords>0x8000000000000000</Keywords><TimeCreated SystemTime='2026-04-25T11:18:11.3063588Z'/><EventRecordID>399</EventRecordID><Correlation/><Execution ProcessID='2832' ThreadID='3692'/><Channel>Microsoft-Windows-Sysmon/Operational</Channel><Computer>DESKTOP-7JEP204</Computer><Security UserID='S-1-5-18'/></System><EventData><Data Name='RuleName'>-</Data><Data Name='UtcTime'>2026-04-25 11:18:11.299</Data><Data Name='ProcessGuid'>{2c24d1db-a2f3-69ec-5401-000000001400}</Data><Data Name='ProcessId'>2060</Data><Data Name='Image'>C:\Program Files (x86)\Microsoft\EdgeUpdate\MicrosoftEdgeUpdate.exe</Data><Data Name='FileVersion'>1.3.225.7</Data><Data Name='Description'>Microsoft Edge Update</Data><Data Name='Product'>Microsoft Edge Update</Data><Data Name='Company'>Microsoft Corporation</Data><Data Name='OriginalFileName'>MicrosoftEdgeUpdate.exe</Data><Data Name='CommandLine'>"C:\Program Files (x86)\Microsoft\EdgeUpdate\MicrosoftEdgeUpdate.exe" /svc</Data><Data Name='CurrentDirectory'>C:\Windows\system32\</Data><Data Name='User'>NT AUTHORITY\SYSTEM</Data><Data Name='LogonGuid'>{2c24d1db-5703-69ca-e703-000000000000}</Data><Data Name='LogonId'>0x3e7</Data><Data Name='TerminalSessionId'>0</Data><Data Name='IntegrityLevel'>System</Data><Data Name='Hashes'>MD5=352C33641CBBD193AF127D306CB960C8,SHA256=F56701783D22D0E17E126D09ACA62B1969259D4B7B00DEDD9A0001C6D1ABEAD2,IMPHASH=CD3B2D99C6655A5D4A14E30E380F5BF9</Data><Data Name='ParentProcessGuid'>{00000000-0000-0000-0000-000000000000}</Data><Data Name='ParentProcessId'>660</Data><Data Name='ParentImage'>-</Data><Data Name='ParentCommandLine'>-</Data><Data Name='ParentUser'>-</Data></EventData></Event>
<Event xmlns='http://schemas.microsoft.com/win/2004/08/events/event'><System><Provider Name='Microsoft-Windows-Sysmon' Guid='{5770385f-c22a-43e0-bf4c-06f5698ffbd9}'/><EventID>1</EventID><Version>5</Version><Level>4</Level><Task>1</Task><Opcode>0</Opcode><Keywords>0x8000000000000000</Keywords><TimeCreated SystemTime='2026-04-25T11:18:26.8032006Z'/><EventRecordID>400</EventRecordID><Correlation/><Execution ProcessID='2832' ThreadID='3692'/><Channel>Microsoft-Windows-Sysmon/Operational</Channel><Computer>DESKTOP-7JEP204</Computer><Security UserID='S-1-5-18'/></System><EventData><Data Name='RuleName'>-</Data><Data Name='UtcTime'>2026-04-25 11:18:26.761</Data><Data Name='ProcessGuid'>{2c24d1db-a302-69ec-5601-000000001400}</Data><Data Name='ProcessId'>2140</Data><Data Name='Image'>C:\Program Files (x86)\Microsoft\EdgeUpdate\MicrosoftEdgeUpdate.exe</Data><Data Name='FileVersion'>1.3.225.7</Data><Data Name='Description'>Microsoft Edge Update</Data><Data Name='Product'>Microsoft Edge Update</Data><Data Name='Company'>Microsoft Corporation</Data><Data Name='OriginalFileName'>MicrosoftEdgeUpdate.exe</Data><Data Name='CommandLine'>"C:\Program Files (x86)\Microsoft\EdgeUpdate\MicrosoftEdgeUpdate.exe" /ping PD94bWwgdmVyc2lvbj0iMS4wIiBlbmNvZGluZz0iVVRGLTgiPz48cmVxdWVzdCBwcm90b2NvbD0iMy4wIiB1cGRhdGVyPSJPbWFoYSIgdXBkYXRlcnZlcnNpb249IjEuMy4yMjUuNyIgc2hlbGxfdmVyc2lvbj0iMS4zLjIyNS43IiBpc21hY2hpbmU9IjEiIHNlc3Npb25pZD0ie0M5MDExNDA1LTdCRDEtNDMyQy1CQzlGLTk3NkY2NkNCQ0U1RX0iIHVzZXJpZD0iezFCQzRGRTI5LTA4NEUtNEQ1My1BODE2LTI5QzZCQzE1OEEyQn0iIGluc3RhbGxzb3VyY2U9InNjaGVkdWxlciIgcmVxdWVzdGlkPSJ7OUYzQTA2NDEtMzcxQy00NUQ3LUI3NTEtRUNFNkI4RjZFNThGfSIgZGVkdXA9ImNyIiBkb21haW5qb2luZWQ9IjAiPjxodyBsb2dpY2FsX2NwdXM9IjIiIHBoeXNtZW1vcnk9IjQiIGRpc2tfdHlwZT0iMSIgc3NlPSIxIiBzc2UyPSIxIiBzc2UzPSIxIiBzc3NlMz0iMSIgc3NlNDE9IjEiIHNzZTQyPSIxIiBhdng9IjEiLz48b3MgcGxhdGZvcm09IndpbiIgdmVyc2lvbj0iMTAuMC4xOTA0NS4yMDA2IiBzcD0iIiBhcmNoPSJ4NjQiIHByb2R1Y3RfdHlwZT0iNzIiIGlzX3dpcD0iMCIgaXNfaW5fbG9ja2Rvd25fbW9kZT0iMCIvPjxvZW0gcHJvZHVjdF9tYW51ZmFjdHVyZXI9Imlubm90ZWsgR21iSCIgcHJvZHVjdF9uYW1lPSJWaXJ0dWFsQm94Ii8-PGV4cCBldGFnPSImcXVvdDsrWkZBajNTT0lJNUJKem9HdXo4T3ByMGhaOEgvckR6cWIvUVZyM1BZaDRJPSZxdW90OyIvPjxhcHAgYXBwaWQ9IntGM0M0RkUwMC1FRkQ1LTQwM0ItOTU2OS0zOThBMjBGMUJBNEF9IiB2ZXJzaW9uPSIxLjMuMjI1LjciIG5leHR2ZXJzaW9uPSIiIGxhbmc9IiIgYnJhbmQ9IklOQlgiIGNsaWVudD0iIiBpbnN0YWxsYWdlPSIyOCIgY29ob3J0PSJycmZAMC45NSI-PHVwZGF0ZWNoZWNrLz48cGluZyByPSIyNyIgcmQ9IjcwMjciIHBpbmdfZnJlc2huZXNzPSJ7RkI2OEVCNUYtMjg5OC00RDFGLUI3RjQtQ0MyRjZENzk1OTYyfSIvPjwvYXBwPjxhcHAgYXBwaWQ9Ins1NkVCMThGOC1CMDA4LTRDQkQtQjZEMi04Qzk3RkU3RTkwNjJ9IiB2ZXJzaW9uPSIxNDYuMC4zODU2Ljg0IiBuZXh0dmVyc2lvbj0iIiBsYW5nPSIiIGJyYW5kPSJJTkJYIiBjbGllbnQ9IiIgZXhwZXJpbWVudHM9ImNvbnNlbnQ9ZmFsc2UiIGluc3RhbGxhZ2U9IjI4IiBjb2hvcnQ9InJyZkAwLjE5IiBvb2JlX2luc3RhbGxfdGltZT0iMTM0MTkxMjY5NDcyMzI4NzkwIiB1cGRhdGVfY291bnQ9IjEiIGlzX3Bpbm5lZF9zeXN0ZW09InRydWUiIGxhc3RfbGF1bmNoX2NvdW50PSIxIiBsYXN0X2xhdW5jaF90aW1lPSIxMzQxOTMxMzA3NjIxNTE1MTAiIGZpcnN0X2ZyZV9zZWVuX3RpbWU9IjEzNDE5MTI3MzM3ODgzNjM4MCIgZmlyc3RfZnJlX3NlZW5fdmVyc2lvbj0iMTQ2LjAuMzg1Ni44NCI-PHVwZGF0ZWNoZWNrLz48cGluZyBhY3RpdmU9IjEiIGE9IjI3IiByPSIyNyIgYWQ9IjcwMjciIHJkPSI3MDI3IiBwaW5nX2ZyZXNobmVzcz0ie0U4OTIyN0MxLTgzMTktNEFCMi1BMTk5LTBGMDFEMzg1NjVBN30iLz48L2FwcD48YXBwIGFwcGlkPSJ7RjMwMTcyMjYtRkUyQS00Mjk1LThCREYtMDBDM0E5QTdFNEM1fSIgdmVyc2lvbj0iMTQ2LjAuMzg1Ni44NCIgbmV4dHZlcnNpb249IiIgbGFuZz0iIiBicmFuZD0iRVVXViIgY2xpZW50PSIiIGluc3RhbGxhZ2U9IjI4IiBpbnN0YWxsZGF0ZT0iNzAyMSIgY29ob3J0PSJycmZAMC41MyIgdXBkYXRlX2NvdW50PSIxIj48dXBkYXRlY2hlY2svPjxwaW5nIHI9IjI3IiByZD0iNzAyNyIgcGluZ19mcmVzaG5lc3M9IntBMDc5OEJFRS1FMkY1LTQ2ODItQjU3My00RTMxRDMxMTY0NTF9Ii8-PC9hcHA-PC9yZXF1ZXN0Pg</Data><Data Name='CurrentDirectory'>C:\Program Files (x86)\Microsoft\EdgeUpdate\1.3.225.7\</Data><Data Name='User'>NT AUTHORITY\SYSTEM</Data><Data Name='LogonGuid'>{2c24d1db-5703-69ca-e703-000000000000}</Data><Data Name='LogonId'>0x3e7</Data><Data Name='TerminalSessionId'>0</Data><Data Name='IntegrityLevel'>System</Data><Data Name='Hashes'>MD5=352C33641CBBD193AF127D306CB960C8,SHA256=F56701783D22D0E17E126D09ACA62B1969259D4B7B00DEDD9A0001C6D1ABEAD2,IMPHASH=CD3B2D99C6655A5D4A14E30E380F5BF9</Data><Data Name='ParentProcessGuid'>{2c24d1db-a2f3-69ec-5401-000000001400}</Data><Data Name='ParentProcessId'>2060</Data><Data Name='ParentImage'>C:\Program Files (x86)\Microsoft\EdgeUpdate\MicrosoftEdgeUpdate.exe</Data><Data Name='ParentCommandLine'>"C:\Program Files (x86)\Microsoft\EdgeUpdate\MicrosoftEdgeUpdate.exe" /svc</Data><Data Name='ParentUser'>NT AUTHORITY\SYSTEM</Data></EventData></Event>
<Event xmlns='http://schemas.microsoft.com/win/2004/08/events/event'><System><Provider Name='Microsoft-Windows-Sysmon' Guid='{5770385f-c22a-43e0-bf4c-06f5698ffbd9}'/><EventID>11</EventID><Version>2</Version><Level>4</Level><Task>11</Task><Opcode>0</Opcode><Keywords>0x8000000000000000</Keywords><TimeCreated SystemTime='2026-04-25T11:18:27.6577461Z'/><EventRecordID>401</EventRecordID><Correlation/><Execution ProcessID='2832' ThreadID='3692'/><Channel>Microsoft-Windows-Sysmon/Operational</Channel><Computer>DESKTOP-7JEP204</Computer><Security UserID='S-1-5-18'/></System><EventData><Data Name='RuleName'>ProcessHostingdotNETCode</Data><Data Name='UtcTime'>2026-04-25 11:18:27.655</Data><Data Name='ProcessGuid'>{2c24d1db-a232-69ec-1101-000000001400}</Data><Data Name='ProcessId'>5232</Data><Data Name='Image'>C:\Windows\Microsoft.NET\Framework64\v4.0.30319\NGenTask.exe</Data><Data Name='TargetFilename'>C:\Windows\System32\config\systemprofile\AppData\Local\Microsoft\CLR_v4.0\UsageLogs\NGenTask.exe.log</Data><Data Name='CreationUtcTime'>2026-04-25 11:18:27.636</Data><Data Name='User'>NT AUTHORITY\SYSTEM</Data></EventData></Event>
<Event xmlns='http://schemas.microsoft.com/win/2004/08/events/event'><System><Provider Name='Microsoft-Windows-Sysmon' Guid='{5770385f-c22a-43e0-bf4c-06f5698ffbd9}'/><EventID>11</EventID><Version>2</Version><Level>4</Level><Task>11</Task><Opcode>0</Opcode><Keywords>0x8000000000000000</Keywords><TimeCreated SystemTime='2026-04-25T11:18:27.7515898Z'/><EventRecordID>402</EventRecordID><Correlation/><Execution ProcessID='2832' ThreadID='3692'/><Channel>Microsoft-Windows-Sysmon/Operational</Channel><Computer>DESKTOP-7JEP204</Computer><Security UserID='S-1-5-18'/></System><EventData><Data Name='RuleName'>ProcessHostingdotNETCode</Data><Data Name='UtcTime'>2026-04-25 11:18:27.745</Data><Data Name='ProcessGuid'>{2c24d1db-a232-69ec-1001-000000001400}</Data><Data Name='ProcessId'>4036</Data><Data Name='Image'>C:\Windows\Microsoft.NET\Framework\v4.0.30319\NGenTask.exe</Data><Data Name='TargetFilename'>C:\Windows\SysWOW64\config\systemprofile\AppData\Local\Microsoft\CLR_v4.0_32\UsageLogs\NGenTask.exe.log</Data><Data Name='CreationUtcTime'>2026-04-25 11:18:27.745</Data><Data Name='User'>NT AUTHORITY\SYSTEM</Data></EventData></Event>
<Event xmlns='http://schemas.microsoft.com/win/2004/08/events/event'><System><Provider Name='Microsoft-Windows-Sysmon' Guid='{5770385f-c22a-43e0-bf4c-06f5698ffbd9}'/><EventID>11</EventID><Version>2</Version><Level>4</Level><Task>11</Task><Opcode>0</Opcode><Keywords>0x8000000000000000</Keywords><TimeCreated SystemTime='2026-04-25T11:18:27.8265625Z'/><EventRecordID>403</EventRecordID><Correlation/><Execution ProcessID='2832' ThreadID='3692'/><Channel>Microsoft-Windows-Sysmon/Operational</Channel><Computer>DESKTOP-7JEP204</Computer><Security UserID='S-1-5-18'/></System><EventData><Data Name='RuleName'>ProcessHostingdotNETCode</Data><Data Name='UtcTime'>2026-04-25 11:18:27.823</Data><Data Name='ProcessGuid'>{2c24d1db-a22b-69ec-0901-000000001400}</Data><Data Name='ProcessId'>6112</Data><Data Name='Image'>C:\Windows\system32\taskhostw.exe</Data><Data Name='TargetFilename'>C:\Windows\System32\config\systemprofile\AppData\Local\Microsoft\CLR_v4.0\UsageLogs\taskhostw.exe.log</Data><Data Name='CreationUtcTime'>2026-04-25 11:18:27.814</Data><Data Name='User'>NT AUTHORITY\SYSTEM</Data></EventData></Event>
<Event xmlns='http://schemas.microsoft.com/win/2004/08/events/event'><System><Provider Name='Microsoft-Windows-Sysmon' Guid='{5770385f-c22a-43e0-bf4c-06f5698ffbd9}'/><EventID>5</EventID><Version>3</Version><Level>4</Level><Task>5</Task><Opcode>0</Opcode><Keywords>0x8000000000000000</Keywords><TimeCreated SystemTime='2026-04-25T11:18:31.1861682Z'/><EventRecordID>404</EventRecordID><Correlation/><Execution ProcessID='2832' ThreadID='3692'/><Channel>Microsoft-Windows-Sysmon/Operational</Channel><Computer>DESKTOP-7JEP204</Computer><Security UserID='S-1-5-18'/></System><EventData><Data Name='RuleName'>-</Data><Data Name='UtcTime'>2026-04-25 11:18:31.182</Data><Data Name='ProcessGuid'>{2c24d1db-e6bb-69c9-a500-000000001400}</Data><Data Name='ProcessId'>7356</Data><Data Name='Image'>C:\Users\User\AppData\Local\Programs\Python\Python314\python.exe</Data><Data Name='User'>DESKTOP-7JEP204\User</Data></EventData></Event>
<Event xmlns='http://schemas.microsoft.com/win/2004/08/events/event'><System><Provider Name='Microsoft-Windows-Sysmon' Guid='{5770385f-c22a-43e0-bf4c-06f5698ffbd9}'/><EventID>1</EventID><Version>5</Version><Level>4</Level><Task>1</Task><Opcode>0</Opcode><Keywords>0x8000000000000000</Keywords><TimeCreated SystemTime='2026-04-25T11:18:40.0808346Z'/><EventRecordID>405</EventRecordID><Correlation/><Execution ProcessID='2832' ThreadID='3692'/><Channel>Microsoft-Windows-Sysmon/Operational</Channel><Computer>DESKTOP-7JEP204</Computer><Security UserID='S-1-5-18'/></System><EventData><Data Name='RuleName'>-</Data><Data Name='UtcTime'>2026-04-25 11:18:40.076</Data><Data Name='ProcessGuid'>{2c24d1db-a310-69ec-5701-000000001400}</Data><Data Name='ProcessId'>8016</Data><Data Name='Image'>C:\Windows\System32\smartscreen.exe</Data><Data Name='FileVersion'>10.0.19041.1682 (WinBuild.160101.0800)</Data><Data Name='Description'>Windows Defender SmartScreen</Data><Data Name='Product'>Microsoft® Windows® Operating System</Data><Data Name='Company'>Microsoft Corporation</Data><Data Name='OriginalFileName'>smartscreen.exe</Data><Data Name='CommandLine'>C:\Windows\System32\smartscreen.exe -Embedding</Data><Data Name='CurrentDirectory'>C:\Windows\system32\</Data><Data Name='User'>DESKTOP-7JEP204\User</Data><Data Name='LogonGuid'>{2c24d1db-e697-69c9-1653-050000000000}</Data><Data Name='LogonId'>0x55316</Data><Data Name='TerminalSessionId'>1</Data><Data Name='IntegrityLevel'>Medium</Data><Data Name='Hashes'>MD5=02FB7069B8D8426DC72C9D8A495AF55A,SHA256=320213E0E9CA58BF5DE4B1B69DED1E06DF191D99866FAD26255A4D3FCAD2F124,IMPHASH=6DFBF12753AF176E3C203C407493A5B9</Data><Data Name='ParentProcessGuid'>{2c24d1db-5704-69ca-0d00-000000001400}</Data><Data Name='ParentProcessId'>780</Data><Data Name='ParentImage'>C:\Windows\System32\svchost.exe</Data><Data Name='ParentCommandLine'>C:\Windows\system32\svchost.exe -k DcomLaunch -p</Data><Data Name='ParentUser'>NT AUTHORITY\SYSTEM</Data></EventData></Event>
<Event xmlns='http://schemas.microsoft.com/win/2004/08/events/event'><System><Provider Name='Microsoft-Windows-Sysmon' Guid='{5770385f-c22a-43e0-bf4c-06f5698ffbd9}'/><EventID>1</EventID><Version>5</Version><Level>4</Level><Task>1</Task><Opcode>0</Opcode><Keywords>0x8000000000000000</Keywords><TimeCreated SystemTime='2026-04-25T11:18:40.2997938Z'/><EventRecordID>406</EventRecordID><Correlation/><Execution ProcessID='2832' ThreadID='3692'/><Channel>Microsoft-Windows-Sysmon/Operational</Channel><Computer>DESKTOP-7JEP204</Computer><Security UserID='S-1-5-18'/></System><EventData><Data Name='RuleName'>-</Data><Data Name='UtcTime'>2026-04-25 11:18:40.281</Data><Data Name='ProcessGuid'>{2c24d1db-a310-69ec-5801-000000001400}</Data><Data Name='ProcessId'>2728</Data><Data Name='Image'>C:\Users\User\AppData\Local\Programs\Python\Python314\pythonw.exe</Data><Data Name='FileVersion'>3.14.3</Data><Data Name='Description'>Python</Data><Data Name='Product'>Python</Data><Data Name='Company'>Python Software Foundation</Data><Data Name='OriginalFileName'>pythonw.exe</Data><Data Name='CommandLine'>"C:\Users\User\AppData\Local\Programs\Python\Python314\pythonw.exe" -m idlelib "C:\Users\User\Desktop\agent.py" </Data><Data Name='CurrentDirectory'>C:\Users\User\Desktop\</Data><Data Name='User'>DESKTOP-7JEP204\User</Data><Data Name='LogonGuid'>{2c24d1db-e697-69c9-1653-050000000000}</Data><Data Name='LogonId'>0x55316</Data><Data Name='TerminalSessionId'>1</Data><Data Name='IntegrityLevel'>Medium</Data><Data Name='Hashes'>MD5=74D4268D16116B148E6E32D9B44101D8,SHA256=4CF4BA3C64C5AC896A319BD0EBBF0768BE14D42E48FC14702ABE23810A359646,IMPHASH=BF996749CFD4A521351F81FB0F1DEAE5</Data><Data Name='ParentProcessGuid'>{2c24d1db-e699-69c9-7900-000000001400}</Data><Data Name='ParentProcessId'>4412</Data><Data Name='ParentImage'>C:\Windows\explorer.exe</Data><Data Name='ParentCommandLine'>C:\Windows\Explorer.EXE</Data><Data Name='ParentUser'>DESKTOP-7JEP204\User</Data></EventData></Event>
<Event xmlns='http://schemas.microsoft.com/win/2004/08/events/event'><System><Provider Name='Microsoft-Windows-Sysmon' Guid='{5770385f-c22a-43e0-bf4c-06f5698ffbd9}'/><EventID>1</EventID><Version>5</Version><Level>4</Level><Task>1</Task><Opcode>0</Opcode><Keywords>0x8000000000000000</Keywords><TimeCreated SystemTime='2026-04-25T11:18:40.3129798Z'/><EventRecordID>407</EventRecordID><Correlation/><Execution ProcessID='2832' ThreadID='3692'/><Channel>Microsoft-Windows-Sysmon/Operational</Channel><Computer>DESKTOP-7JEP204</Computer><Security UserID='S-1-5-18'/></System><EventData><Data Name='RuleName'>-</Data><Data Name='UtcTime'>2026-04-25 11:18:40.305</Data><Data Name='ProcessGuid'>{2c24d1db-a310-69ec-5901-000000001400}</Data><Data Name='ProcessId'>4912</Data><Data Name='Image'>C:\Windows\System32\svchost.exe</Data><Data Name='FileVersion'>10.0.19041.1806 (WinBuild.160101.0800)</Data><Data Name='Description'>Host Process for Windows Services</Data><Data Name='Product'>Microsoft® Windows® Operating System</Data><Data Name='Company'>Microsoft Corporation</Data><Data Name='OriginalFileName'>svchost.exe</Data><Data Name='CommandLine'>C:\Windows\system32\svchost.exe -k LocalSystemNetworkRestricted -p -s PcaSvc</Data><Data Name='CurrentDirectory'>C:\Windows\system32\</Data><Data Name='User'>NT AUTHORITY\SYSTEM</Data><Data Name='LogonGuid'>{2c24d1db-5703-69ca-e703-000000000000}</Data><Data Name='LogonId'>0x3e7</Data><Data Name='TerminalSessionId'>0</Data><Data Name='IntegrityLevel'>System</Data><Data Name='Hashes'>MD5=B7F884C1B74A263F746EE12A5F7C9F6A,SHA256=ADD683A6910ABBBF0E28B557FAD0BA998166394932AE2ACA069D9AA19EA8FE88,IMPHASH=247B9220E5D9B720A82B2C8B5069AD69</Data><Data Name='ParentProcessGuid'>{00000000-0000-0000-0000-000000000000}</Data><Data Name='ParentProcessId'>660</Data><Data Name='ParentImage'>-</Data><Data Name='ParentCommandLine'>-</Data><Data Name='ParentUser'>-</Data></EventData></Event>
<Event xmlns='http://schemas.microsoft.com/win/2004/08/events/event'><System><Provider Name='Microsoft-Windows-Sysmon' Guid='{5770385f-c22a-43e0-bf4c-06f5698ffbd9}'/><EventID>13</EventID><Version>2</Version><Level>4</Level><Task>13</Task><Opcode>0</Opcode><Keywords>0x8000000000000000</Keywords><TimeCreated SystemTime='2026-04-25T11:18:40.4468248Z'/><EventRecordID>408</EventRecordID><Correlation/><Execution ProcessID='2832' ThreadID='3692'/><Channel>Microsoft-Windows-Sysmon/Operational</Channel><Computer>DESKTOP-7JEP204</Computer><Security UserID='S-1-5-18'/></System><EventData><Data Name='RuleName'>InvDB</Data><Data Name='EventType'>SetValue</Data><Data Name='UtcTime'>2026-04-25 11:18:40.438</Data><Data Name='ProcessGuid'>{2c24d1db-a310-69ec-5901-000000001400}</Data><Data Name='ProcessId'>4912</Data><Data Name='Image'>C:\Windows\system32\svchost.exe</Data><Data Name='TargetObject'>HKU\S-1-5-21-1667249613-324410992-874209505-1001\SOFTWARE\Microsoft\Windows NT\CurrentVersion\AppCompatFlags\Compatibility Assistant\Store\C:\Users\User\AppData\Local\Programs\Python\Python314\pythonw.exe</Data><Data Name='Details'>Binary Data</Data><Data Name='User'>NT AUTHORITY\SYSTEM</Data></EventData></Event>
<Event xmlns='http://schemas.microsoft.com/win/2004/08/events/event'><System><Provider Name='Microsoft-Windows-Sysmon' Guid='{5770385f-c22a-43e0-bf4c-06f5698ffbd9}'/><EventID>1</EventID><Version>5</Version><Level>4</Level><Task>1</Task><Opcode>0</Opcode><Keywords>0x8000000000000000</Keywords><TimeCreated SystemTime='2026-04-25T11:18:53.1681271Z'/><EventRecordID>409</EventRecordID><Correlation/><Execution ProcessID='2832' ThreadID='3692'/><Channel>Microsoft-Windows-Sysmon/Operational</Channel><Computer>DESKTOP-7JEP204</Computer><Security UserID='S-1-5-18'/></System><EventData><Data Name='RuleName'>-</Data><Data Name='UtcTime'>2026-04-25 11:18:53.147</Data><Data Name='ProcessGuid'>{2c24d1db-a31d-69ec-5a01-000000001400}</Data><Data Name='ProcessId'>8088</Data><Data Name='Image'>C:\ProgramData\Microsoft\Windows Defender\Platform\4.18.26020.6-0\MpCmdRun.exe</Data><Data Name='FileVersion'>4.18.26020.6 (cd0aebd7c18a68cd2e3af14a117b45b178d088f4)</Data><Data Name='Description'>Microsoft Malware Protection Command Line Utility</Data><Data Name='Product'>Microsoft® Windows® Operating System</Data><Data Name='Company'>Microsoft Corporation</Data><Data Name='OriginalFileName'>MpCmdRun.exe</Data><Data Name='CommandLine'>"C:\ProgramData\Microsoft\Windows Defender\platform\4.18.26020.6-0\MpCmdRun.exe" SignatureUpdate -ScheduleJob -RestrictPrivileges</Data><Data Name='CurrentDirectory'>C:\Windows\system32\</Data><Data Name='User'>NT AUTHORITY\SYSTEM</Data><Data Name='LogonGuid'>{2c24d1db-5703-69ca-e703-000000000000}</Data><Data Name='LogonId'>0x3e7</Data><Data Name='TerminalSessionId'>0</Data><Data Name='IntegrityLevel'>System</Data><Data Name='Hashes'>MD5=08DCF3821C3A4CB3BD7C8D70C854417A,SHA256=3B5B209292376581B6EFFA0037A37CD5F431C9626F079D385761454C039A9912,IMPHASH=89F7FEA336DD2A0A8925B65181B71EB1</Data><Data Name='ParentProcessGuid'>{2c24d1db-e68a-69c9-4700-000000001400}</Data><Data Name='ParentProcessId'>2920</Data><Data Name='ParentImage'>C:\ProgramData\Microsoft\Windows Defender\Platform\4.18.26020.6-0\MsMpEng.exe</Data><Data Name='ParentCommandLine'>"C:\ProgramData\Microsoft\Windows Defender\platform\4.18.26020.6-0\MsMpEng.exe"</Data><Data Name='ParentUser'>NT AUTHORITY\SYSTEM</Data></EventData></Event>
<Event xmlns='http://schemas.microsoft.com/win/2004/08/events/event'><System><Provider Name='Microsoft-Windows-Sysmon' Guid='{5770385f-c22a-43e0-bf4c-06f5698ffbd9}'/><EventID>1</EventID><Version>5</Version><Level>4</Level><Task>1</Task><Opcode>0</Opcode><Keywords>0x8000000000000000</Keywords><TimeCreated SystemTime='2026-04-25T11:18:53.2936170Z'/><EventRecordID>410</EventRecordID><Correlation/><Execution ProcessID='2832' ThreadID='3692'/><Channel>Microsoft-Windows-Sysmon/Operational</Channel><Computer>DESKTOP-7JEP204</Computer><Security UserID='S-1-5-18'/></System><EventData><Data Name='RuleName'>-</Data><Data Name='UtcTime'>2026-04-25 11:18:53.274</Data><Data Name='ProcessGuid'>{2c24d1db-a31d-69ec-5c01-000000001400}</Data><Data Name='ProcessId'>4700</Data><Data Name='Image'>C:\ProgramData\Microsoft\Windows Defender\Platform\4.18.26020.6-0\MpCmdRun.exe</Data><Data Name='FileVersion'>4.18.26020.6 (cd0aebd7c18a68cd2e3af14a117b45b178d088f4)</Data><Data Name='Description'>Microsoft Malware Protection Command Line Utility</Data><Data Name='Product'>Microsoft® Windows® Operating System</Data><Data Name='Company'>Microsoft Corporation</Data><Data Name='OriginalFileName'>MpCmdRun.exe</Data><Data Name='CommandLine'>"C:\ProgramData\Microsoft\Windows Defender\platform\4.18.26020.6-0\MpCmdRun.exe" SignatureUpdate -ScheduleJob -RestrictPrivileges</Data><Data Name='CurrentDirectory'>C:\Windows\system32\</Data><Data Name='User'>NT AUTHORITY\SYSTEM</Data><Data Name='LogonGuid'>{2c24d1db-5703-69ca-e703-000000000000}</Data><Data Name='LogonId'>0x3e7</Data><Data Name='TerminalSessionId'>0</Data><Data Name='IntegrityLevel'>System</Data><Data Name='Hashes'>MD5=08DCF3821C3A4CB3BD7C8D70C854417A,SHA256=3B5B209292376581B6EFFA0037A37CD5F431C9626F079D385761454C039A9912,IMPHASH=89F7FEA336DD2A0A8925B65181B71EB1</Data><Data Name='ParentProcessGuid'>{2c24d1db-e68a-69c9-4700-000000001400}</Data><Data Name='ParentProcessId'>2920</Data><Data Name='ParentImage'>C:\ProgramData\Microsoft\Windows Defender\Platform\4.18.26020.6-0\MsMpEng.exe</Data><Data Name='ParentCommandLine'>"C:\ProgramData\Microsoft\Windows Defender\platform\4.18.26020.6-0\MsMpEng.exe"</Data><Data Name='ParentUser'>NT AUTHORITY\SYSTEM</Data></EventData></Event>
