<Event xmlns='http://schemas.microsoft.com/win/2004/08/events/event'><System><Provider Name='Microsoft-Windows-Sysmon' Guid='{5770385f-c22a-43e0-bf4c-06f5698ffbd9}'/><EventID>13</EventID><Version>2</Version><Level>4</Level><Task>13</Task><Opcode>0</Opcode><Keywords>0x8000000000000000</Keywords><TimeCreated SystemTime='2026-04-25T16:15:54.0570614Z'/><EventRecordID>824</EventRecordID><Correlation/><Execution ProcessID='2840' ThreadID='3920'/><Channel>Microsoft-Windows-Sysmon/Operational</Channel><Computer>DESKTOP-7JEP204</Computer><Security UserID='S-1-5-18'/></System><EventData><Data Name='RuleName'>T1122</Data><Data Name='EventType'>SetValue</Data><Data Name='UtcTime'>2026-04-25 16:15:53.996</Data><Data Name='ProcessGuid'>{2c24d1db-e8b4-69ec-a000-000000001500}</Data><Data Name='ProcessId'>6696</Data><Data Name='Image'>C:\Users\User\AppData\Local\Microsoft\OneDrive\OneDrive.exe</Data><Data Name='TargetObject'>HKU\S-1-5-21-1667249613-324410992-874209505-1001_Classes\WOW6432Node\CLSID\{A78ED123-AB77-406B-9962-2A5D9D2F7F30}\InprocServer32\(Default)</Data><Data Name='Details'>C:\Users\User\AppData\Local\Microsoft\OneDrive\26.040.0301.0001\i386\FileSyncShell.dll</Data><Data Name='User'>DESKTOP-7JEP204\User</Data></EventData></Event>
<Event xmlns='http://schemas.microsoft.com/win/2004/08/events/event'><System><Provider Name='Microsoft-Windows-Sysmon' Guid='{5770385f-c22a-43e0-bf4c-06f5698ffbd9}'/><EventID>13</EventID><Version>2</Version><Level>4</Level><Task>13</Task><Opcode>0</Opcode><Keywords>0x8000000000000000</Keywords><TimeCreated SystemTime='2026-04-25T16:15:54.0574622Z'/><EventRecordID>825</EventRecordID><Correlation/><Execution ProcessID='2840' ThreadID='3920'/><Channel>Microsoft-Windows-Sysmon/Operational</Channel><Computer>DESKTOP-7JEP204</Computer><Security UserID='S-1-5-18'/></System><EventData><Data Name='RuleName'>T1122</Data><Data Name='EventType'>SetValue</Data><Data Name='UtcTime'>2026-04-25 16:15:53.996</Data><Data Name='ProcessGuid'>{2c24d1db-e8b4-69ec-a000-000000001500}</Data><Data Name='ProcessId'>6696</Data><Data Name='Image'>C:\Users\User\AppData\Local\Microsoft\OneDrive\OneDrive.exe</Data><Data Name='TargetObject'>HKU\S-1-5-21-1667249613-324410992-874209505-1001_Classes\CLSID\{A0396A93-DC06-4AEF-BEE9-95FFCCAEF20E}\InprocServer32\(Default)</Data><Data Name='Details'>C:\Users\User\AppData\Local\Microsoft\OneDrive\26.040.0301.0001\FileSyncShell64.dll</Data><Data Name='User'>DESKTOP-7JEP204\User</Data></EventData></Event>
<Event xmlns='http://schemas.microsoft.com/win/2004/08/events/event'><System><Provider Name='Microsoft-Windows-Sysmon' Guid='{5770385f-c22a-43e0-bf4c-06f5698ffbd9}'/><EventID>13</EventID><Version>2</Version><Level>4</Level><Task>13</Task><Opcode>0</Opcode><Keywords>0x8000000000000000</Keywords><TimeCreated SystemTime='2026-04-25T16:15:54.0575250Z'/><EventRecordID>826</EventRecordID><Correlation/><Execution ProcessID='2840' ThreadID='3920'/><Channel>Microsoft-Windows-Sysmon/Operational</Channel><Computer>DESKTOP-7JEP204</Computer><Security UserID='S-1-5-18'/></System><EventData><Data Name='RuleName'>T1122</Data><Data Name='EventType'>SetValue</Data><Data Name='UtcTime'>2026-04-25 16:15:53.996</Data><Data Name='ProcessGuid'>{2c24d1db-e8b4-69ec-a000-000000001500}</Data><Data Name='ProcessId'>6696</Data><Data Name='Image'>C:\Users\User\AppData\Local\Microsoft\OneDrive\OneDrive.exe</Data><Data Name='TargetObject'>HKU\S-1-5-21-1667249613-324410992-874209505-1001_Classes\WOW6432Node\CLSID\{A0396A93-DC06-4AEF-BEE9-95FFCCAEF20E}\InprocServer32\(Default)</Data><Data Name='Details'>C:\Users\User\AppData\Local\Microsoft\OneDrive\26.040.0301.0001\i386\FileSyncShell.dll</Data><Data Name='User'>DESKTOP-7JEP204\User</Data></EventData></Event>
<Event xmlns='http://schemas.microsoft.com/win/2004/08/events/event'><System><Provider Name='Microsoft-Windows-Sysmon' Guid='{5770385f-c22a-43e0-bf4c-06f5698ffbd9}'/><EventID>13</EventID><Version>2</Version><Level>4</Level><Task>13</Task><Opcode>0</Opcode><Keywords>0x8000000000000000</Keywords><TimeCreated SystemTime='2026-04-25T16:15:54.0579497Z'/><EventRecordID>827</EventRecordID><Correlation/><Execution ProcessID='2840' ThreadID='3920'/><Channel>Microsoft-Windows-Sysmon/Operational</Channel><Computer>DESKTOP-7JEP204</Computer><Security UserID='S-1-5-18'/></System><EventData><Data Name='RuleName'>T1122</Data><Data Name='EventType'>SetValue</Data><Data Name='UtcTime'>2026-04-25 16:15:53.996</Data><Data Name='ProcessGuid'>{2c24d1db-e8b4-69ec-a000-000000001500}</Data><Data Name='ProcessId'>6696</Data><Data Name='Image'>C:\Users\User\AppData\Local\Microsoft\OneDrive\OneDrive.exe</Data><Data Name='TargetObject'>HKU\S-1-5-21-1667249613-324410992-874209505-1001_Classes\CLSID\{F241C880-6982-4CE5-8CF7-7085BA96DA5A}\InprocServer32\(Default)</Data><Data Name='Details'>C:\Users\User\AppData\Local\Microsoft\OneDrive\26.040.0301.0001\FileSyncShell64.dll</Data><Data Name='User'>DESKTOP-7JEP204\User</Data></EventData></Event>
<Event xmlns='http://schemas.microsoft.com/win/2004/08/events/event'><System><Provider Name='Microsoft-Windows-Sysmon' Guid='{5770385f-c22a-43e0-bf4c-06f5698ffbd9}'/><EventID>13</EventID><Version>2</Version><Level>4</Level><Task>13</Task><Opcode>0</Opcode><Keywords>0x8000000000000000</Keywords><TimeCreated SystemTime='2026-04-25T16:15:54.0580129Z'/><EventRecordID>828</EventRecordID><Correlation/><Execution ProcessID='2840' ThreadID='3920'/><Channel>Microsoft-Windows-Sysmon/Operational</Channel><Computer>DESKTOP-7JEP204</Computer><Security UserID='S-1-5-18'/></System><EventData><Data Name='RuleName'>T1122</Data><Data Name='EventType'>SetValue</Data><Data Name='UtcTime'>2026-04-25 16:15:53.996</Data><Data Name='ProcessGuid'>{2c24d1db-e8b4-69ec-a000-000000001500}</Data><Data Name='ProcessId'>6696</Data><Data Name='Image'>C:\Users\User\AppData\Local\Microsoft\OneDrive\OneDrive.exe</Data><Data Name='TargetObject'>HKU\S-1-5-21-1667249613-324410992-874209505-1001_Classes\WOW6432Node\CLSID\{F241C880-6982-4CE5-8CF7-7085BA96DA5A}\InprocServer32\(Default)</Data><Data Name='Details'>C:\Users\User\AppData\Local\Microsoft\OneDrive\26.040.0301.0001\i386\FileSyncShell.dll</Data><Data Name='User'>DESKTOP-7JEP204\User</Data></EventData></Event>
<Event xmlns='http://schemas.microsoft.com/win/2004/08/events/event'><System><Provider Name='Microsoft-Windows-Sysmon' Guid='{5770385f-c22a-43e0-bf4c-06f5698ffbd9}'/><EventID>13</EventID><Version>2</Version><Level>4</Level><Task>13</Task><Opcode>0</Opcode><Keywords>0x8000000000000000</Keywords><TimeCreated SystemTime='2026-04-25T16:15:54.0584918Z'/><EventRecordID>829</EventRecordID><Correlation/><Execution ProcessID='2840' ThreadID='3920'/><Channel>Microsoft-Windows-Sysmon/Operational</Channel><Computer>DESKTOP-7JEP204</Computer><Security UserID='S-1-5-18'/></System><EventData><Data Name='RuleName'>T1122</Data><Data Name='EventType'>SetValue</Data><Data Name='UtcTime'>2026-04-25 16:15:53.996</Data><Data Name='ProcessGuid'>{2c24d1db-e8b4-69ec-a000-000000001500}</Data><Data Name='ProcessId'>6696</Data><Data Name='Image'>C:\Users\User\AppData\Local\Microsoft\OneDrive\OneDrive.exe</Data><Data Name='TargetObject'>HKU\S-1-5-21-1667249613-324410992-874209505-1001_Classes\CLSID\{9AA2F32D-362A-42D9-9328-24A483E2CCC3}\InprocServer32\(Default)</Data><Data Name='Details'>C:\Users\User\AppData\Local\Microsoft\OneDrive\26.040.0301.0001\FileSyncShell64.dll</Data><Data Name='User'>DESKTOP-7JEP204\User</Data></EventData></Event>
<Event xmlns='http://schemas.microsoft.com/win/2004/08/events/event'><System><Provider Name='Microsoft-Windows-Sysmon' Guid='{5770385f-c22a-43e0-bf4c-06f5698ffbd9}'/><EventID>13</EventID><Version>2</Version><Level>4</Level><Task>13</Task><Opcode>0</Opcode><Keywords>0x8000000000000000</Keywords><TimeCreated SystemTime='2026-04-25T16:15:54.0585546Z'/><EventRecordID>830</EventRecordID><Correlation/><Execution ProcessID='2840' ThreadID='3920'/><Channel>Microsoft-Windows-Sysmon/Operational</Channel><Computer>DESKTOP-7JEP204</Computer><Security UserID='S-1-5-18'/></System><EventData><Data Name='RuleName'>T1122</Data><Data Name='EventType'>SetValue</Data><Data Name='UtcTime'>2026-04-25 16:15:53.996</Data><Data Name='ProcessGuid'>{2c24d1db-e8b4-69ec-a000-000000001500}</Data><Data Name='ProcessId'>6696</Data><Data Name='Image'>C:\Users\User\AppData\Local\Microsoft\OneDrive\OneDrive.exe</Data><Data Name='TargetObject'>HKU\S-1-5-21-1667249613-324410992-874209505-1001_Classes\WOW6432Node\CLSID\{9AA2F32D-362A-42D9-9328-24A483E2CCC3}\InprocServer32\(Default)</Data><Data Name='Details'>C:\Users\User\AppData\Local\Microsoft\OneDrive\26.040.0301.0001\i386\FileSyncShell.dll</Data><Data Name='User'>DESKTOP-7JEP204\User</Data></EventData></Event>
<Event xmlns='http://schemas.microsoft.com/win/2004/08/events/event'><System><Provider Name='Microsoft-Windows-Sysmon' Guid='{5770385f-c22a-43e0-bf4c-06f5698ffbd9}'/><EventID>13</EventID><Version>2</Version><Level>4</Level><Task>13</Task><Opcode>0</Opcode><Keywords>0x8000000000000000</Keywords><TimeCreated SystemTime='2026-04-25T16:15:54.0589615Z'/><EventRecordID>831</EventRecordID><Correlation/><Execution ProcessID='2840' ThreadID='3920'/><Channel>Microsoft-Windows-Sysmon/Operational</Channel><Computer>DESKTOP-7JEP204</Computer><Security UserID='S-1-5-18'/></System><EventData><Data Name='RuleName'>T1122</Data><Data Name='EventType'>SetValue</Data><Data Name='UtcTime'>2026-04-25 16:15:53.996</Data><Data Name='ProcessGuid'>{2c24d1db-e8b4-69ec-a000-000000001500}</Data><Data Name='ProcessId'>6696</Data><Data Name='Image'>C:\Users\User\AppData\Local\Microsoft\OneDrive\OneDrive.exe</Data><Data Name='TargetObject'>HKU\S-1-5-21-1667249613-324410992-874209505-1001_Classes\CLSID\{C5FF006E-2AE9-408C-B85B-2DFDD5449D9C}\InprocServer32\(Default)</Data><Data Name='Details'>C:\Users\User\AppData\Local\Microsoft\OneDrive\26.040.0301.0001\FileSyncShell64.dll</Data><Data Name='User'>DESKTOP-7JEP204\User</Data></EventData></Event>
<Event xmlns='http://schemas.microsoft.com/win/2004/08/events/event'><System><Provider Name='Microsoft-Windows-Sysmon' Guid='{5770385f-c22a-43e0-bf4c-06f5698ffbd9}'/><EventID>13</EventID><Version>2</Version><Level>4</Level><Task>13</Task><Opcode>0</Opcode><Keywords>0x8000000000000000</Keywords><TimeCreated SystemTime='2026-04-25T16:15:54.0590222Z'/><EventRecordID>832</EventRecordID><Correlation/><Execution ProcessID='2840' ThreadID='3920'/><Channel>Microsoft-Windows-Sysmon/Operational</Channel><Computer>DESKTOP-7JEP204</Computer><Security UserID='S-1-5-18'/></System><EventData><Data Name='RuleName'>T1122</Data><Data Name='EventType'>SetValue</Data><Data Name='UtcTime'>2026-04-25 16:15:53.996</Data><Data Name='ProcessGuid'>{2c24d1db-e8b4-69ec-a000-000000001500}</Data><Data Name='ProcessId'>6696</Data><Data Name='Image'>C:\Users\User\AppData\Local\Microsoft\OneDrive\OneDrive.exe</Data><Data Name='TargetObject'>HKU\S-1-5-21-1667249613-324410992-874209505-1001_Classes\WOW6432Node\CLSID\{C5FF006E-2AE9-408C-B85B-2DFDD5449D9C}\InprocServer32\(Default)</Data><Data Name='Details'>C:\Users\User\AppData\Local\Microsoft\OneDrive\26.040.0301.0001\i386\FileSyncShell.dll</Data><Data Name='User'>DESKTOP-7JEP204\User</Data></EventData></Event>
<Event xmlns='http://schemas.microsoft.com/win/2004/08/events/event'><System><Provider Name='Microsoft-Windows-Sysmon' Guid='{5770385f-c22a-43e0-bf4c-06f5698ffbd9}'/><EventID>13</EventID><Version>2</Version><Level>4</Level><Task>13</Task><Opcode>0</Opcode><Keywords>0x8000000000000000</Keywords><TimeCreated SystemTime='2026-04-25T16:15:54.0594265Z'/><EventRecordID>833</EventRecordID><Correlation/><Execution ProcessID='2840' ThreadID='3920'/><Channel>Microsoft-Windows-Sysmon/Operational</Channel><Computer>DESKTOP-7JEP204</Computer><Security UserID='S-1-5-18'/></System><EventData><Data Name='RuleName'>T1122</Data><Data Name='EventType'>SetValue</Data><Data Name='UtcTime'>2026-04-25 16:15:53.996</Data><Data Name='ProcessGuid'>{2c24d1db-e8b4-69ec-a000-000000001500}</Data><Data Name='ProcessId'>6696</Data><Data Name='Image'>C:\Users\User\AppData\Local\Microsoft\OneDrive\OneDrive.exe</Data><Data Name='TargetObject'>HKU\S-1-5-21-1667249613-324410992-874209505-1001_Classes\CLSID\{7AFDFDDB-F914-11E4-8377-6C3BE50D980C}\InprocServer32\(Default)</Data><Data Name='Details'>C:\Users\User\AppData\Local\Microsoft\OneDrive\26.040.0301.0001\FileSyncShell64.dll</Data><Data Name='User'>DESKTOP-7JEP204\User</Data></EventData></Event>
<Event xmlns='http://schemas.microsoft.com/win/2004/08/events/event'><System><Provider Name='Microsoft-Windows-Sysmon' Guid='{5770385f-c22a-43e0-bf4c-06f5698ffbd9}'/><EventID>13</EventID><Version>2</Version><Level>4</Level><Task>13</Task><Opcode>0</Opcode><Keywords>0x8000000000000000</Keywords><TimeCreated SystemTime='2026-04-25T16:15:54.0594888Z'/><EventRecordID>834</EventRecordID><Correlation/><Execution ProcessID='2840' ThreadID='3920'/><Channel>Microsoft-Windows-Sysmon/Operational</Channel><Computer>DESKTOP-7JEP204</Computer><Security UserID='S-1-5-18'/></System><EventData><Data Name='RuleName'>T1122</Data><Data Name='EventType'>SetValue</Data><Data Name='UtcTime'>2026-04-25 16:15:53.996</Data><Data Name='ProcessGuid'>{2c24d1db-e8b4-69ec-a000-000000001500}</Data><Data Name='ProcessId'>6696</Data><Data Name='Image'>C:\Users\User\AppData\Local\Microsoft\OneDrive\OneDrive.exe</Data><Data Name='TargetObject'>HKU\S-1-5-21-1667249613-324410992-874209505-1001_Classes\WOW6432Node\CLSID\{7AFDFDDB-F914-11E4-8377-6C3BE50D980C}\InprocServer32\(Default)</Data><Data Name='Details'>C:\Users\User\AppData\Local\Microsoft\OneDrive\26.040.0301.0001\i386\FileSyncShell.dll</Data><Data Name='User'>DESKTOP-7JEP204\User</Data></EventData></Event>
<Event xmlns='http://schemas.microsoft.com/win/2004/08/events/event'><System><Provider Name='Microsoft-Windows-Sysmon' Guid='{5770385f-c22a-43e0-bf4c-06f5698ffbd9}'/><EventID>13</EventID><Version>2</Version><Level>4</Level><Task>13</Task><Opcode>0</Opcode><Keywords>0x8000000000000000</Keywords><TimeCreated SystemTime='2026-04-25T16:15:54.0599154Z'/><EventRecordID>835</EventRecordID><Correlation/><Execution ProcessID='2840' ThreadID='3920'/><Channel>Microsoft-Windows-Sysmon/Operational</Channel><Computer>DESKTOP-7JEP204</Computer><Security UserID='S-1-5-18'/></System><EventData><Data Name='RuleName'>T1122</Data><Data Name='EventType'>SetValue</Data><Data Name='UtcTime'>2026-04-25 16:15:53.996</Data><Data Name='ProcessGuid'>{2c24d1db-e8b4-69ec-a000-000000001500}</Data><Data Name='ProcessId'>6696</Data><Data Name='Image'>C:\Users\User\AppData\Local\Microsoft\OneDrive\OneDrive.exe</Data><Data Name='TargetObject'>HKU\S-1-5-21-1667249613-324410992-874209505-1001_Classes\CLSID\{82CA8DE3-01AD-4CEA-9D75-BE4C51810A9E}\InprocServer32\(Default)</Data><Data Name='Details'>C:\Users\User\AppData\Local\Microsoft\OneDrive\26.040.0301.0001\FileSyncShell64.dll</Data><Data Name='User'>DESKTOP-7JEP204\User</Data></EventData></Event>
<Event xmlns='http://schemas.microsoft.com/win/2004/08/events/event'><System><Provider Name='Microsoft-Windows-Sysmon' Guid='{5770385f-c22a-43e0-bf4c-06f5698ffbd9}'/><EventID>13</EventID><Version>2</Version><Level>4</Level><Task>13</Task><Opcode>0</Opcode><Keywords>0x8000000000000000</Keywords><TimeCreated SystemTime='2026-04-25T16:15:54.0599789Z'/><EventRecordID>836</EventRecordID><Correlation/><Execution ProcessID='2840' ThreadID='3920'/><Channel>Microsoft-Windows-Sysmon/Operational</Channel><Computer>DESKTOP-7JEP204</Computer><Security UserID='S-1-5-18'/></System><EventData><Data Name='RuleName'>T1122</Data><Data Name='EventType'>SetValue</Data><Data Name='UtcTime'>2026-04-25 16:15:53.996</Data><Data Name='ProcessGuid'>{2c24d1db-e8b4-69ec-a000-000000001500}</Data><Data Name='ProcessId'>6696</Data><Data Name='Image'>C:\Users\User\AppData\Local\Microsoft\OneDrive\OneDrive.exe</Data><Data Name='TargetObject'>HKU\S-1-5-21-1667249613-324410992-874209505-1001_Classes\WOW6432Node\CLSID\{82CA8DE3-01AD-4CEA-9D75-BE4C51810A9E}\InprocServer32\(Default)</Data><Data Name='Details'>C:\Users\User\AppData\Local\Microsoft\OneDrive\26.040.0301.0001\i386\FileSyncShell.dll</Data><Data Name='User'>DESKTOP-7JEP204\User</Data></EventData></Event>
<Event xmlns='http://schemas.microsoft.com/win/2004/08/events/event'><System><Provider Name='Microsoft-Windows-Sysmon' Guid='{5770385f-c22a-43e0-bf4c-06f5698ffbd9}'/><EventID>13</EventID><Version>2</Version><Level>4</Level><Task>13</Task><Opcode>0</Opcode><Keywords>0x8000000000000000</Keywords><TimeCreated SystemTime='2026-04-25T16:15:54.0604089Z'/><EventRecordID>837</EventRecordID><Correlation/><Execution ProcessID='2840' ThreadID='3920'/><Channel>Microsoft-Windows-Sysmon/Operational</Channel><Computer>DESKTOP-7JEP204</Computer><Security UserID='S-1-5-18'/></System><EventData><Data Name='RuleName'>T1122</Data><Data Name='EventType'>SetValue</Data><Data Name='UtcTime'>2026-04-25 16:15:53.996</Data><Data Name='ProcessGuid'>{2c24d1db-e8b4-69ec-a000-000000001500}</Data><Data Name='ProcessId'>6696</Data><Data Name='Image'>C:\Users\User\AppData\Local\Microsoft\OneDrive\OneDrive.exe</Data><Data Name='TargetObject'>HKU\S-1-5-21-1667249613-324410992-874209505-1001_Classes\CLSID\{1BF42E4C-4AF4-4CFD-A1A0-CF2960B8F63E}\InprocServer32\(Default)</Data><Data Name='Details'>C:\Users\User\AppData\Local\Microsoft\OneDrive\26.040.0301.0001\FileSyncShell64.dll</Data><Data Name='User'>DESKTOP-7JEP204\User</Data></EventData></Event>
<Event xmlns='http://schemas.microsoft.com/win/2004/08/events/event'><System><Provider Name='Microsoft-Windows-Sysmon' Guid='{5770385f-c22a-43e0-bf4c-06f5698ffbd9}'/><EventID>13</EventID><Version>2</Version><Level>4</Level><Task>13</Task><Opcode>0</Opcode><Keywords>0x8000000000000000</Keywords><TimeCreated SystemTime='2026-04-25T16:15:54.0604696Z'/><EventRecordID>838</EventRecordID><Correlation/><Execution ProcessID='2840' ThreadID='3920'/><Channel>Microsoft-Windows-Sysmon/Operational</Channel><Computer>DESKTOP-7JEP204</Computer><Security UserID='S-1-5-18'/></System><EventData><Data Name='RuleName'>T1122</Data><Data Name='EventType'>SetValue</Data><Data Name='UtcTime'>2026-04-25 16:15:53.996</Data><Data Name='ProcessGuid'>{2c24d1db-e8b4-69ec-a000-000000001500}</Data><Data Name='ProcessId'>6696</Data><Data Name='Image'>C:\Users\User\AppData\Local\Microsoft\OneDrive\OneDrive.exe</Data><Data Name='TargetObject'>HKU\S-1-5-21-1667249613-324410992-874209505-1001_Classes\WOW6432Node\CLSID\{1BF42E4C-4AF4-4CFD-A1A0-CF2960B8F63E}\InprocServer32\(Default)</Data><Data Name='Details'>C:\Users\User\AppData\Local\Microsoft\OneDrive\26.040.0301.0001\i386\FileSyncShell.dll</Data><Data Name='User'>DESKTOP-7JEP204\User</Data></EventData></Event>
<Event xmlns='http://schemas.microsoft.com/win/2004/08/events/event'><System><Provider Name='Microsoft-Windows-Sysmon' Guid='{5770385f-c22a-43e0-bf4c-06f5698ffbd9}'/><EventID>13</EventID><Version>2</Version><Level>4</Level><Task>13</Task><Opcode>0</Opcode><Keywords>0x8000000000000000</Keywords><TimeCreated SystemTime='2026-04-25T16:15:54.0608717Z'/><EventRecordID>839</EventRecordID><Correlation/><Execution ProcessID='2840' ThreadID='3920'/><Channel>Microsoft-Windows-Sysmon/Operational</Channel><Computer>DESKTOP-7JEP204</Computer><Security UserID='S-1-5-18'/></System><EventData><Data Name='RuleName'>T1122</Data><Data Name='EventType'>SetValue</Data><Data Name='UtcTime'>2026-04-25 16:15:53.996</Data><Data Name='ProcessGuid'>{2c24d1db-e8b4-69ec-a000-000000001500}</Data><Data Name='ProcessId'>6696</Data><Data Name='Image'>C:\Users\User\AppData\Local\Microsoft\OneDrive\OneDrive.exe</Data><Data Name='TargetObject'>HKU\S-1-5-21-1667249613-324410992-874209505-1001_Classes\CLSID\{20894375-46AE-46E2-BAFD-CB38975CDCE6}\InprocServer32\(Default)</Data><Data Name='Details'>C:\Users\User\AppData\Local\Microsoft\OneDrive\26.040.0301.0001\FileSyncShell64.dll</Data><Data Name='User'>DESKTOP-7JEP204\User</Data></EventData></Event>
<Event xmlns='http://schemas.microsoft.com/win/2004/08/events/event'><System><Provider Name='Microsoft-Windows-Sysmon' Guid='{5770385f-c22a-43e0-bf4c-06f5698ffbd9}'/><EventID>13</EventID><Version>2</Version><Level>4</Level><Task>13</Task><Opcode>0</Opcode><Keywords>0x8000000000000000</Keywords><TimeCreated SystemTime='2026-04-25T16:15:54.0609327Z'/><EventRecordID>840</EventRecordID><Correlation/><Execution ProcessID='2840' ThreadID='3920'/><Channel>Microsoft-Windows-Sysmon/Operational</Channel><Computer>DESKTOP-7JEP204</Computer><Security UserID='S-1-5-18'/></System><EventData><Data Name='RuleName'>T1122</Data><Data Name='EventType'>SetValue</Data><Data Name='UtcTime'>2026-04-25 16:15:53.996</Data><Data Name='ProcessGuid'>{2c24d1db-e8b4-69ec-a000-000000001500}</Data><Data Name='ProcessId'>6696</Data><Data Name='Image'>C:\Users\User\AppData\Local\Microsoft\OneDrive\OneDrive.exe</Data><Data Name='TargetObject'>HKU\S-1-5-21-1667249613-324410992-874209505-1001_Classes\WOW6432Node\CLSID\{20894375-46AE-46E2-BAFD-CB38975CDCE6}\InprocServer32\(Default)</Data><Data Name='Details'>C:\Users\User\AppData\Local\Microsoft\OneDrive\26.040.0301.0001\i386\FileSyncShell.dll</Data><Data Name='User'>DESKTOP-7JEP204\User</Data></EventData></Event>
<Event xmlns='http://schemas.microsoft.com/win/2004/08/events/event'><System><Provider Name='Microsoft-Windows-Sysmon' Guid='{5770385f-c22a-43e0-bf4c-06f5698ffbd9}'/><EventID>13</EventID><Version>2</Version><Level>4</Level><Task>13</Task><Opcode>0</Opcode><Keywords>0x8000000000000000</Keywords><TimeCreated SystemTime='2026-04-25T16:15:54.0613309Z'/><EventRecordID>841</EventRecordID><Correlation/><Execution ProcessID='2840' ThreadID='3920'/><Channel>Microsoft-Windows-Sysmon/Operational</Channel><Computer>DESKTOP-7JEP204</Computer><Security UserID='S-1-5-18'/></System><EventData><Data Name='RuleName'>T1122</Data><Data Name='EventType'>SetValue</Data><Data Name='UtcTime'>2026-04-25 16:15:53.996</Data><Data Name='ProcessGuid'>{2c24d1db-e8b4-69ec-a000-000000001500}</Data><Data Name='ProcessId'>6696</Data><Data Name='Image'>C:\Users\User\AppData\Local\Microsoft\OneDrive\OneDrive.exe</Data><Data Name='TargetObject'>HKU\S-1-5-21-1667249613-324410992-874209505-1001_Classes\CLSID\{CB3D0F55-BC2C-4C1A-85ED-23ED75B5106B}\InprocServer32\(Default)</Data><Data Name='Details'>C:\Users\User\AppData\Local\Microsoft\OneDrive\26.040.0301.0001\FileSyncShell64.dll</Data><Data Name='User'>DESKTOP-7JEP204\User</Data></EventData></Event>
<Event xmlns='http://schemas.microsoft.com/win/2004/08/events/event'><System><Provider Name='Microsoft-Windows-Sysmon' Guid='{5770385f-c22a-43e0-bf4c-06f5698ffbd9}'/><EventID>13</EventID><Version>2</Version><Level>4</Level><Task>13</Task><Opcode>0</Opcode><Keywords>0x8000000000000000</Keywords><TimeCreated SystemTime='2026-04-25T16:15:54.0613912Z'/><EventRecordID>842</EventRecordID><Correlation/><Execution ProcessID='2840' ThreadID='3920'/><Channel>Microsoft-Windows-Sysmon/Operational</Channel><Computer>DESKTOP-7JEP204</Computer><Security UserID='S-1-5-18'/></System><EventData><Data Name='RuleName'>T1122</Data><Data Name='EventType'>SetValue</Data><Data Name='UtcTime'>2026-04-25 16:15:53.996</Data><Data Name='ProcessGuid'>{2c24d1db-e8b4-69ec-a000-000000001500}</Data><Data Name='ProcessId'>6696</Data><Data Name='Image'>C:\Users\User\AppData\Local\Microsoft\OneDrive\OneDrive.exe</Data><Data Name='TargetObject'>HKU\S-1-5-21-1667249613-324410992-874209505-1001_Classes\WOW6432Node\CLSID\{CB3D0F55-BC2C-4C1A-85ED-23ED75B5106B}\InprocServer32\(Default)</Data><Data Name='Details'>C:\Users\User\AppData\Local\Microsoft\OneDrive\26.040.0301.0001\i386\FileSyncShell.dll</Data><Data Name='User'>DESKTOP-7JEP204\User</Data></EventData></Event>
<Event xmlns='http://schemas.microsoft.com/win/2004/08/events/event'><System><Provider Name='Microsoft-Windows-Sysmon' Guid='{5770385f-c22a-43e0-bf4c-06f5698ffbd9}'/><EventID>13</EventID><Version>2</Version><Level>4</Level><Task>13</Task><Opcode>0</Opcode><Keywords>0x8000000000000000</Keywords><TimeCreated SystemTime='2026-04-25T16:15:54.0614493Z'/><EventRecordID>843</EventRecordID><Correlation/><Execution ProcessID='2840' ThreadID='3920'/><Channel>Microsoft-Windows-Sysmon/Operational</Channel><Computer>DESKTOP-7JEP204</Computer><Security UserID='S-1-5-18'/></System><EventData><Data Name='RuleName'>-</Data><Data Name='EventType'>SetValue</Data><Data Name='UtcTime'>2026-04-25 16:15:53.996</Data><Data Name='ProcessGuid'>{2c24d1db-e8b4-69ec-a000-000000001500}</Data><Data Name='ProcessId'>6696</Data><Data Name='Image'>C:\Users\User\AppData\Local\Microsoft\OneDrive\OneDrive.exe</Data><Data Name='TargetObject'>HKU\S-1-5-21-1667249613-324410992-874209505-1001_Classes\*\shellex\ContextMenuHandlers\ FileSyncEx\(Default)</Data><Data Name='Details'>{CB3D0F55-BC2C-4C1A-85ED-23ED75B5106B}</Data><Data Name='User'>DESKTOP-7JEP204\User</Data></EventData></Event>
<Event xmlns='http://schemas.microsoft.com/win/2004/08/events/event'><System><Provider Name='Microsoft-Windows-Sysmon' Guid='{5770385f-c22a-43e0-bf4c-06f5698ffbd9}'/><EventID>13</EventID><Version>2</Version><Level>4</Level><Task>13</Task><Opcode>0</Opcode><Keywords>0x8000000000000000</Keywords><TimeCreated SystemTime='2026-04-25T16:15:54.0615057Z'/><EventRecordID>844</EventRecordID><Correlation/><Execution ProcessID='2840' ThreadID='3920'/><Channel>Microsoft-Windows-Sysmon/Operational</Channel><Computer>DESKTOP-7JEP204</Computer><Security UserID='S-1-5-18'/></System><EventData><Data Name='RuleName'>-</Data><Data Name='EventType'>SetValue</Data><Data Name='UtcTime'>2026-04-25 16:15:53.996</Data><Data Name='ProcessGuid'>{2c24d1db-e8b4-69ec-a000-000000001500}</Data><Data Name='ProcessId'>6696</Data><Data Name='Image'>C:\Users\User\AppData\Local\Microsoft\OneDrive\OneDrive.exe</Data><Data Name='TargetObject'>HKU\S-1-5-21-1667249613-324410992-874209505-1001_Classes\*\shellex\ContextMenuHandlers\ FileSyncEx\(Default)</Data><Data Name='Details'>{CB3D0F55-BC2C-4C1A-85ED-23ED75B5106B}</Data><Data Name='User'>DESKTOP-7JEP204\User</Data></EventData></Event>
<Event xmlns='http://schemas.microsoft.com/win/2004/08/events/event'><System><Provider Name='Microsoft-Windows-Sysmon' Guid='{5770385f-c22a-43e0-bf4c-06f5698ffbd9}'/><EventID>13</EventID><Version>2</Version><Level>4</Level><Task>13</Task><Opcode>0</Opcode><Keywords>0x8000000000000000</Keywords><TimeCreated SystemTime='2026-04-25T16:15:54.0615691Z'/><EventRecordID>845</EventRecordID><Correlation/><Execution ProcessID='2840' ThreadID='3920'/><Channel>Microsoft-Windows-Sysmon/Operational</Channel><Computer>DESKTOP-7JEP204</Computer><Security UserID='S-1-5-18'/></System><EventData><Data Name='RuleName'>-</Data><Data Name='EventType'>SetValue</Data><Data Name='UtcTime'>2026-04-25 16:15:53.996</Data><Data Name='ProcessGuid'>{2c24d1db-e8b4-69ec-a000-000000001500}</Data><Data Name='ProcessId'>6696</Data><Data Name='Image'>C:\Users\User\AppData\Local\Microsoft\OneDrive\OneDrive.exe</Data><Data Name='TargetObject'>HKU\S-1-5-21-1667249613-324410992-874209505-1001_Classes\Directory\Background\shellex\ContextMenuHandlers\ FileSyncEx\(Default)</Data><Data Name='Details'>{CB3D0F55-BC2C-4C1A-85ED-23ED75B5106B}</Data><Data Name='User'>DESKTOP-7JEP204\User</Data></EventData></Event>
<Event xmlns='http://schemas.microsoft.com/win/2004/08/events/event'><System><Provider Name='Microsoft-Windows-Sysmon' Guid='{5770385f-c22a-43e0-bf4c-06f5698ffbd9}'/><EventID>13</EventID><Version>2</Version><Level>4</Level><Task>13</Task><Opcode>0</Opcode><Keywords>0x8000000000000000</Keywords><TimeCreated SystemTime='2026-04-25T16:15:54.0616319Z'/><EventRecordID>846</EventRecordID><Correlation/><Execution ProcessID='2840' ThreadID='3920'/><Channel>Microsoft-Windows-Sysmon/Operational</Channel><Computer>DESKTOP-7JEP204</Computer><Security UserID='S-1-5-18'/></System><EventData><Data Name='RuleName'>-</Data><Data Name='EventType'>SetValue</Data><Data Name='UtcTime'>2026-04-25 16:15:53.996</Data><Data Name='ProcessGuid'>{2c24d1db-e8b4-69ec-a000-000000001500}</Data><Data Name='ProcessId'>6696</Data><Data Name='Image'>C:\Users\User\AppData\Local\Microsoft\OneDrive\OneDrive.exe</Data><Data Name='TargetObject'>HKU\S-1-5-21-1667249613-324410992-874209505-1001_Classes\Directory\Background\shellex\ContextMenuHandlers\ FileSyncEx\(Default)</Data><Data Name='Details'>{CB3D0F55-BC2C-4C1A-85ED-23ED75B5106B}</Data><Data Name='User'>DESKTOP-7JEP204\User</Data></EventData></Event>
<Event xmlns='http://schemas.microsoft.com/win/2004/08/events/event'><System><Provider Name='Microsoft-Windows-Sysmon' Guid='{5770385f-c22a-43e0-bf4c-06f5698ffbd9}'/><EventID>13</EventID><Version>2</Version><Level>4</Level><Task>13</Task><Opcode>0</Opcode><Keywords>0x8000000000000000</Keywords><TimeCreated SystemTime='2026-04-25T16:15:54.0616924Z'/><EventRecordID>847</EventRecordID><Correlation/><Execution ProcessID='2840' ThreadID='3920'/><Channel>Microsoft-Windows-Sysmon/Operational</Channel><Computer>DESKTOP-7JEP204</Computer><Security UserID='S-1-5-18'/></System><EventData><Data Name='RuleName'>-</Data><Data Name='EventType'>SetValue</Data><Data Name='UtcTime'>2026-04-25 16:15:53.996</Data><Data Name='ProcessGuid'>{2c24d1db-e8b4-69ec-a000-000000001500}</Data><Data Name='ProcessId'>6696</Data><Data Name='Image'>C:\Users\User\AppData\Local\Microsoft\OneDrive\OneDrive.exe</Data><Data Name='TargetObject'>HKU\S-1-5-21-1667249613-324410992-874209505-1001_Classes\Directory\shellex\ContextMenuHandlers\ FileSyncEx\(Default)</Data><Data Name='Details'>{CB3D0F55-BC2C-4C1A-85ED-23ED75B5106B}</Data><Data Name='User'>DESKTOP-7JEP204\User</Data></EventData></Event>
<Event xmlns='http://schemas.microsoft.com/win/2004/08/events/event'><System><Provider Name='Microsoft-Windows-Sysmon' Guid='{5770385f-c22a-43e0-bf4c-06f5698ffbd9}'/><EventID>13</EventID><Version>2</Version><Level>4</Level><Task>13</Task><Opcode>0</Opcode><Keywords>0x8000000000000000</Keywords><TimeCreated SystemTime='2026-04-25T16:15:54.0617706Z'/><EventRecordID>848</EventRecordID><Correlation/><Execution ProcessID='2840' ThreadID='3920'/><Channel>Microsoft-Windows-Sysmon/Operational</Channel><Computer>DESKTOP-7JEP204</Computer><Security UserID='S-1-5-18'/></System><EventData><Data Name='RuleName'>-</Data><Data Name='EventType'>SetValue</Data><Data Name='UtcTime'>2026-04-25 16:15:53.996</Data><Data Name='ProcessGuid'>{2c24d1db-e8b4-69ec-a000-000000001500}</Data><Data Name='ProcessId'>6696</Data><Data Name='Image'>C:\Users\User\AppData\Local\Microsoft\OneDrive\OneDrive.exe</Data><Data Name='TargetObject'>HKU\S-1-5-21-1667249613-324410992-874209505-1001_Classes\Directory\shellex\ContextMenuHandlers\ FileSyncEx\(Default)</Data><Data Name='Details'>{CB3D0F55-BC2C-4C1A-85ED-23ED75B5106B}</Data><Data Name='User'>DESKTOP-7JEP204\User</Data></EventData></Event>
<Event xmlns='http://schemas.microsoft.com/win/2004/08/events/event'><System><Provider Name='Microsoft-Windows-Sysmon' Guid='{5770385f-c22a-43e0-bf4c-06f5698ffbd9}'/><EventID>13</EventID><Version>2</Version><Level>4</Level><Task>13</Task><Opcode>0</Opcode><Keywords>0x8000000000000000</Keywords><TimeCreated SystemTime='2026-04-25T16:15:54.0618409Z'/><EventRecordID>849</EventRecordID><Correlation/><Execution ProcessID='2840' ThreadID='3920'/><Channel>Microsoft-Windows-Sysmon/Operational</Channel><Computer>DESKTOP-7JEP204</Computer><Security UserID='S-1-5-18'/></System><EventData><Data Name='RuleName'>-</Data><Data Name='EventType'>SetValue</Data><Data Name='UtcTime'>2026-04-25 16:15:53.996</Data><Data Name='ProcessGuid'>{2c24d1db-e8b4-69ec-a000-000000001500}</Data><Data Name='ProcessId'>6696</Data><Data Name='Image'>C:\Users\User\AppData\Local\Microsoft\OneDrive\OneDrive.exe</Data><Data Name='TargetObject'>HKU\S-1-5-21-1667249613-324410992-874209505-1001_Classes\IE.AssocFile.URL\shellex\ContextMenuHandlers\ FileSyncEx\(Default)</Data><Data Name='Details'>{CB3D0F55-BC2C-4C1A-85ED-23ED75B5106B}</Data><Data Name='User'>DESKTOP-7JEP204\User</Data></EventData></Event>
<Event xmlns='http://schemas.microsoft.com/win/2004/08/events/event'><System><Provider Name='Microsoft-Windows-Sysmon' Guid='{5770385f-c22a-43e0-bf4c-06f5698ffbd9}'/><EventID>13</EventID><Version>2</Version><Level>4</Level><Task>13</Task><Opcode>0</Opcode><Keywords>0x8000000000000000</Keywords><TimeCreated SystemTime='2026-04-25T16:15:54.0619059Z'/><EventRecordID>850</EventRecordID><Correlation/><Execution ProcessID='2840' ThreadID='3920'/><Channel>Microsoft-Windows-Sysmon/Operational</Channel><Computer>DESKTOP-7JEP204</Computer><Security UserID='S-1-5-18'/></System><EventData><Data Name='RuleName'>-</Data><Data Name='EventType'>SetValue</Data><Data Name='UtcTime'>2026-04-25 16:15:53.996</Data><Data Name='ProcessGuid'>{2c24d1db-e8b4-69ec-a000-000000001500}</Data><Data Name='ProcessId'>6696</Data><Data Name='Image'>C:\Users\User\AppData\Local\Microsoft\OneDrive\OneDrive.exe</Data><Data Name='TargetObject'>HKU\S-1-5-21-1667249613-324410992-874209505-1001_Classes\IE.AssocFile.URL\shellex\ContextMenuHandlers\ FileSyncEx\(Default)</Data><Data Name='Details'>{CB3D0F55-BC2C-4C1A-85ED-23ED75B5106B}</Data><Data Name='User'>DESKTOP-7JEP204\User</Data></EventData></Event>
<Event xmlns='http://schemas.microsoft.com/win/2004/08/events/event'><System><Provider Name='Microsoft-Windows-Sysmon' Guid='{5770385f-c22a-43e0-bf4c-06f5698ffbd9}'/><EventID>13</EventID><Version>2</Version><Level>4</Level><Task>13</Task><Opcode>0</Opcode><Keywords>0x8000000000000000</Keywords><TimeCreated SystemTime='2026-04-25T16:15:54.0619687Z'/><EventRecordID>851</EventRecordID><Correlation/><Execution ProcessID='2840' ThreadID='3920'/><Channel>Microsoft-Windows-Sysmon/Operational</Channel><Computer>DESKTOP-7JEP204</Computer><Security UserID='S-1-5-18'/></System><EventData><Data Name='RuleName'>-</Data><Data Name='EventType'>SetValue</Data><Data Name='UtcTime'>2026-04-25 16:15:53.996</Data><Data Name='ProcessGuid'>{2c24d1db-e8b4-69ec-a000-000000001500}</Data><Data Name='ProcessId'>6696</Data><Data Name='Image'>C:\Users\User\AppData\Local\Microsoft\OneDrive\OneDrive.exe</Data><Data Name='TargetObject'>HKU\S-1-5-21-1667249613-324410992-874209505-1001_Classes\lnkfile\shellex\ContextMenuHandlers\ FileSyncEx\(Default)</Data><Data Name='Details'>{CB3D0F55-BC2C-4C1A-85ED-23ED75B5106B}</Data><Data Name='User'>DESKTOP-7JEP204\User</Data></EventData></Event>
<Event xmlns='http://schemas.microsoft.com/win/2004/08/events/event'><System><Provider Name='Microsoft-Windows-Sysmon' Guid='{5770385f-c22a-43e0-bf4c-06f5698ffbd9}'/><EventID>13</EventID><Version>2</Version><Level>4</Level><Task>13</Task><Opcode>0</Opcode><Keywords>0x8000000000000000</Keywords><TimeCreated SystemTime='2026-04-25T16:15:54.0620307Z'/><EventRecordID>852</EventRecordID><Correlation/><Execution ProcessID='2840' ThreadID='3920'/><Channel>Microsoft-Windows-Sysmon/Operational</Channel><Computer>DESKTOP-7JEP204</Computer><Security UserID='S-1-5-18'/></System><EventData><Data Name='RuleName'>-</Data><Data Name='EventType'>SetValue</Data><Data Name='UtcTime'>2026-04-25 16:15:53.996</Data><Data Name='ProcessGuid'>{2c24d1db-e8b4-69ec-a000-000000001500}</Data><Data Name='ProcessId'>6696</Data><Data Name='Image'>C:\Users\User\AppData\Local\Microsoft\OneDrive\OneDrive.exe</Data><Data Name='TargetObject'>HKU\S-1-5-21-1667249613-324410992-874209505-1001_Classes\lnkfile\shellex\ContextMenuHandlers\ FileSyncEx\(Default)</Data><Data Name='Details'>{CB3D0F55-BC2C-4C1A-85ED-23ED75B5106B}</Data><Data Name='User'>DESKTOP-7JEP204\User</Data></EventData></Event>
<Event xmlns='http://schemas.microsoft.com/win/2004/08/events/event'><System><Provider Name='Microsoft-Windows-Sysmon' Guid='{5770385f-c22a-43e0-bf4c-06f5698ffbd9}'/><EventID>13</EventID><Version>2</Version><Level>4</Level><Task>13</Task><Opcode>0</Opcode><Keywords>0x8000000000000000</Keywords><TimeCreated SystemTime='2026-04-25T16:15:54.0743039Z'/><EventRecordID>853</EventRecordID><Correlation/><Execution ProcessID='2840' ThreadID='3920'/><Channel>Microsoft-Windows-Sysmon/Operational</Channel><Computer>DESKTOP-7JEP204</Computer><Security UserID='S-1-5-18'/></System><EventData><Data Name='RuleName'>T1122</Data><Data Name='EventType'>SetValue</Data><Data Name='UtcTime'>2026-04-25 16:15:53.996</Data><Data Name='ProcessGuid'>{2c24d1db-e8b4-69ec-a000-000000001500}</Data><Data Name='ProcessId'>6696</Data><Data Name='Image'>C:\Users\User\AppData\Local\Microsoft\OneDrive\OneDrive.exe</Data><Data Name='TargetObject'>HKU\S-1-5-21-1667249613-324410992-874209505-1001_Classes\WOW6432Node\CLSID\{4410DC33-BC7C-496B-AA84-4AEA3EEE75F7}\InProcServer32\(Default)</Data><Data Name='Details'>C:\Users\User\AppData\Local\Microsoft\OneDrive\26.040.0301.0001\i386\FileCoAuthLib.dll</Data><Data Name='User'>DESKTOP-7JEP204\User</Data></EventData></Event>
<Event xmlns='http://schemas.microsoft.com/win/2004/08/events/event'><System><Provider Name='Microsoft-Windows-Sysmon' Guid='{5770385f-c22a-43e0-bf4c-06f5698ffbd9}'/><EventID>13</EventID><Version>2</Version><Level>4</Level><Task>13</Task><Opcode>0</Opcode><Keywords>0x8000000000000000</Keywords><TimeCreated SystemTime='2026-04-25T16:15:54.1382240Z'/><EventRecordID>854</EventRecordID><Correlation/><Execution ProcessID='2840' ThreadID='3920'/><Channel>Microsoft-Windows-Sysmon/Operational</Channel><Computer>DESKTOP-7JEP204</Computer><Security UserID='S-1-5-18'/></System><EventData><Data Name='RuleName'>T1122</Data><Data Name='EventType'>SetValue</Data><Data Name='UtcTime'>2026-04-25 16:15:53.996</Data><Data Name='ProcessGuid'>{2c24d1db-e8b4-69ec-a000-000000001500}</Data><Data Name='ProcessId'>6696</Data><Data Name='Image'>C:\Users\User\AppData\Local\Microsoft\OneDrive\OneDrive.exe</Data><Data Name='TargetObject'>HKU\S-1-5-21-1667249613-324410992-874209505-1001_Classes\CLSID\{4410DC33-BC7C-496B-AA84-4AEA3EEE75F7}\InProcServer32\(Default)</Data><Data Name='Details'>C:\Users\User\AppData\Local\Microsoft\OneDrive\26.040.0301.0001\FileCoAuthLib64.dll</Data><Data Name='User'>DESKTOP-7JEP204\User</Data></EventData></Event>
<Event xmlns='http://schemas.microsoft.com/win/2004/08/events/event'><System><Provider Name='Microsoft-Windows-Sysmon' Guid='{5770385f-c22a-43e0-bf4c-06f5698ffbd9}'/><EventID>13</EventID><Version>2</Version><Level>4</Level><Task>13</Task><Opcode>0</Opcode><Keywords>0x8000000000000000</Keywords><TimeCreated SystemTime='2026-04-25T16:15:54.1392883Z'/><EventRecordID>855</EventRecordID><Correlation/><Execution ProcessID='2840' ThreadID='3920'/><Channel>Microsoft-Windows-Sysmon/Operational</Channel><Computer>DESKTOP-7JEP204</Computer><Security UserID='S-1-5-18'/></System><EventData><Data Name='RuleName'>T1042</Data><Data Name='EventType'>SetValue</Data><Data Name='UtcTime'>2026-04-25 16:15:54.045</Data><Data Name='ProcessGuid'>{2c24d1db-e8b4-69ec-a000-000000001500}</Data><Data Name='ProcessId'>6696</Data><Data Name='Image'>C:\Users\User\AppData\Local\Microsoft\OneDrive\OneDrive.exe</Data><Data Name='TargetObject'>HKU\S-1-5-21-1667249613-324410992-874209505-1001_Classes\odopen\shell\open\command\(Default)</Data><Data Name='Details'>"C:\Users\User\AppData\Local\Microsoft\OneDrive\OneDrive.exe" /url:"%%1"</Data><Data Name='User'>DESKTOP-7JEP204\User</Data></EventData></Event>
<Event xmlns='http://schemas.microsoft.com/win/2004/08/events/event'><System><Provider Name='Microsoft-Windows-Sysmon' Guid='{5770385f-c22a-43e0-bf4c-06f5698ffbd9}'/><EventID>13</EventID><Version>2</Version><Level>4</Level><Task>13</Task><Opcode>0</Opcode><Keywords>0x8000000000000000</Keywords><TimeCreated SystemTime='2026-04-25T16:15:54.1393378Z'/><EventRecordID>856</EventRecordID><Correlation/><Execution ProcessID='2840' ThreadID='3920'/><Channel>Microsoft-Windows-Sysmon/Operational</Channel><Computer>DESKTOP-7JEP204</Computer><Security UserID='S-1-5-18'/></System><EventData><Data Name='RuleName'>T1042</Data><Data Name='EventType'>SetValue</Data><Data Name='UtcTime'>2026-04-25 16:15:54.045</Data><Data Name='ProcessGuid'>{2c24d1db-e8b4-69ec-a000-000000001500}</Data><Data Name='ProcessId'>6696</Data><Data Name='Image'>C:\Users\User\AppData\Local\Microsoft\OneDrive\OneDrive.exe</Data><Data Name='TargetObject'>HKU\S-1-5-21-1667249613-324410992-874209505-1001_Classes\odopen\shell\open\command\(Default)</Data><Data Name='Details'>"C:\Users\User\AppData\Local\Microsoft\OneDrive\OneDrive.exe" /url:"%%1"</Data><Data Name='User'>DESKTOP-7JEP204\User</Data></EventData></Event>
<Event xmlns='http://schemas.microsoft.com/win/2004/08/events/event'><System><Provider Name='Microsoft-Windows-Sysmon' Guid='{5770385f-c22a-43e0-bf4c-06f5698ffbd9}'/><EventID>13</EventID><Version>2</Version><Level>4</Level><Task>13</Task><Opcode>0</Opcode><Keywords>0x8000000000000000</Keywords><TimeCreated SystemTime='2026-04-25T16:15:54.1394558Z'/><EventRecordID>857</EventRecordID><Correlation/><Execution ProcessID='2840' ThreadID='3920'/><Channel>Microsoft-Windows-Sysmon/Operational</Channel><Computer>DESKTOP-7JEP204</Computer><Security UserID='S-1-5-18'/></System><EventData><Data Name='RuleName'>T1042</Data><Data Name='EventType'>SetValue</Data><Data Name='UtcTime'>2026-04-25 16:15:54.045</Data><Data Name='ProcessGuid'>{2c24d1db-e8b4-69ec-a000-000000001500}</Data><Data Name='ProcessId'>6696</Data><Data Name='Image'>C:\Users\User\AppData\Local\Microsoft\OneDrive\OneDrive.exe</Data><Data Name='TargetObject'>HKU\S-1-5-21-1667249613-324410992-874209505-1001_Classes\grvopen\shell\open\command\(Default)</Data><Data Name='Details'>"C:\Users\User\AppData\Local\Microsoft\OneDrive\OneDrive.exe" /url:"%%1"</Data><Data Name='User'>DESKTOP-7JEP204\User</Data></EventData></Event>
<Event xmlns='http://schemas.microsoft.com/win/2004/08/events/event'><System><Provider Name='Microsoft-Windows-Sysmon' Guid='{5770385f-c22a-43e0-bf4c-06f5698ffbd9}'/><EventID>13</EventID><Version>2</Version><Level>4</Level><Task>13</Task><Opcode>0</Opcode><Keywords>0x8000000000000000</Keywords><TimeCreated SystemTime='2026-04-25T16:15:54.1395047Z'/><EventRecordID>858</EventRecordID><Correlation/><Execution ProcessID='2840' ThreadID='3920'/><Channel>Microsoft-Windows-Sysmon/Operational</Channel><Computer>DESKTOP-7JEP204</Computer><Security UserID='S-1-5-18'/></System><EventData><Data Name='RuleName'>T1042</Data><Data Name='EventType'>SetValue</Data><Data Name='UtcTime'>2026-04-25 16:15:54.045</Data><Data Name='ProcessGuid'>{2c24d1db-e8b4-69ec-a000-000000001500}</Data><Data Name='ProcessId'>6696</Data><Data Name='Image'>C:\Users\User\AppData\Local\Microsoft\OneDrive\OneDrive.exe</Data><Data Name='TargetObject'>HKU\S-1-5-21-1667249613-324410992-874209505-1001_Classes\grvopen\shell\open\command\(Default)</Data><Data Name='Details'>"C:\Users\User\AppData\Local\Microsoft\OneDrive\OneDrive.exe" /url:"%%1"</Data><Data Name='User'>DESKTOP-7JEP204\User</Data></EventData></Event>
<Event xmlns='http://schemas.microsoft.com/win/2004/08/events/event'><System><Provider Name='Microsoft-Windows-Sysmon' Guid='{5770385f-c22a-43e0-bf4c-06f5698ffbd9}'/><EventID>1</EventID><Version>5</Version><Level>4</Level><Task>1</Task><Opcode>0</Opcode><Keywords>0x8000000000000000</Keywords><TimeCreated SystemTime='2026-04-25T16:15:54.4367482Z'/><EventRecordID>859</EventRecordID><Correlation/><Execution ProcessID='2840' ThreadID='3920'/><Channel>Microsoft-Windows-Sysmon/Operational</Channel><Computer>DESKTOP-7JEP204</Computer><Security UserID='S-1-5-18'/></System><EventData><Data Name='RuleName'>-</Data><Data Name='UtcTime'>2026-04-25 16:15:54.426</Data><Data Name='ProcessGuid'>{2c24d1db-e8ba-69ec-a600-000000001500}</Data><Data Name='ProcessId'>6740</Data><Data Name='Image'>C:\Windows\System32\taskhostw.exe</Data><Data Name='FileVersion'>10.0.19041.1865 (WinBuild.160101.0800)</Data><Data Name='Description'>Host Process for Windows Tasks</Data><Data Name='Product'>Microsoft® Windows® Operating System</Data><Data Name='Company'>Microsoft Corporation</Data><Data Name='OriginalFileName'>taskhostw.exe</Data><Data Name='CommandLine'>taskhostw.exe SyncFromCloud</Data><Data Name='CurrentDirectory'>C:\Windows\system32\</Data><Data Name='User'>DESKTOP-7JEP204\User</Data><Data Name='LogonGuid'>{2c24d1db-e899-69ec-8220-050000000000}</Data><Data Name='LogonId'>0x52082</Data><Data Name='TerminalSessionId'>1</Data><Data Name='IntegrityLevel'>Medium</Data><Data Name='Hashes'>MD5=A00BF82660835224CD6606A248321C5D,SHA256=E63709209D09BC0247E785F075DDB28A98C348206109E2B8BA321AD958402728,IMPHASH=3A0C6863CDE566AF997DB2DEFFF9D924</Data><Data Name='ParentProcessGuid'>{00000000-0000-0000-0000-000000000000}</Data><Data Name='ParentProcessId'>1128</Data><Data Name='ParentImage'>-</Data><Data Name='ParentCommandLine'>-</Data><Data Name='ParentUser'>-</Data></EventData></Event>
<Event xmlns='http://schemas.microsoft.com/win/2004/08/events/event'><System><Provider Name='Microsoft-Windows-Sysmon' Guid='{5770385f-c22a-43e0-bf4c-06f5698ffbd9}'/><EventID>22</EventID><Version>5</Version><Level>4</Level><Task>22</Task><Opcode>0</Opcode><Keywords>0x8000000000000000</Keywords><TimeCreated SystemTime='2026-04-25T16:15:55.7157837Z'/><EventRecordID>860</EventRecordID><Correlation/><Execution ProcessID='2840' ThreadID='4016'/><Channel>Microsoft-Windows-Sysmon/Operational</Channel><Computer>DESKTOP-7JEP204</Computer><Security UserID='S-1-5-18'/></System><EventData><Data Name='RuleName'>-</Data><Data Name='UtcTime'>2026-04-25 16:15:55.570</Data><Data Name='ProcessGuid'>{2c24d1db-e8b4-69ec-a000-000000001500}</Data><Data Name='ProcessId'>6696</Data><Data Name='QueryName'>ecs.office.com</Data><Data Name='QueryStatus'>1460</Data><Data Name='QueryResults'>-</Data><Data Name='Image'>C:\Users\User\AppData\Local\Microsoft\OneDrive\OneDrive.exe</Data><Data Name='User'>DESKTOP-7JEP204\User</Data></EventData></Event>
<Event xmlns='http://schemas.microsoft.com/win/2004/08/events/event'><System><Provider Name='Microsoft-Windows-Sysmon' Guid='{5770385f-c22a-43e0-bf4c-06f5698ffbd9}'/><EventID>1</EventID><Version>5</Version><Level>4</Level><Task>1</Task><Opcode>0</Opcode><Keywords>0x8000000000000000</Keywords><TimeCreated SystemTime='2026-04-25T16:15:55.9276136Z'/><EventRecordID>861</EventRecordID><Correlation/><Execution ProcessID='2840' ThreadID='3920'/><Channel>Microsoft-Windows-Sysmon/Operational</Channel><Computer>DESKTOP-7JEP204</Computer><Security UserID='S-1-5-18'/></System><EventData><Data Name='RuleName'>-</Data><Data Name='UtcTime'>2026-04-25 16:15:55.865</Data><Data Name='ProcessGuid'>{2c24d1db-e8bb-69ec-a700-000000001500}</Data><Data Name='ProcessId'>6928</Data><Data Name='Image'>C:\Windows\System32\wlrmdr.exe</Data><Data Name='FileVersion'>10.0.19041.746 (WinBuild.160101.0800)</Data><Data Name='Description'>Windows logon reminder</Data><Data Name='Product'>Microsoft® Windows® Operating System</Data><Data Name='Company'>Microsoft Corporation</Data><Data Name='OriginalFileName'>WLRMNDR.EXE</Data><Data Name='CommandLine'> -c -s 0 -f 0 -t Empty -m Empty -a 0 -u Empty</Data><Data Name='CurrentDirectory'>C:\Windows\system32\</Data><Data Name='User'>DESKTOP-7JEP204\User</Data><Data Name='LogonGuid'>{2c24d1db-e899-69ec-8220-050000000000}</Data><Data Name='LogonId'>0x52082</Data><Data Name='TerminalSessionId'>1</Data><Data Name='IntegrityLevel'>Medium</Data><Data Name='Hashes'>MD5=EF9BBA7A637A11B224A90BF90A8943AC,SHA256=2FDA95AAFB2E9284C730BF912B93F60A75B151941ADC14445ED1E056140325B1,IMPHASH=0C029EF03BE0DFE4324558843609A28E</Data><Data Name='ParentProcessGuid'>{00000000-0000-0000-0000-000000000000}</Data><Data Name='ParentProcessId'>612</Data><Data Name='ParentImage'>-</Data><Data Name='ParentCommandLine'>-</Data><Data Name='ParentUser'>-</Data></EventData></Event>
<Event xmlns='http://schemas.microsoft.com/win/2004/08/events/event'><System><Provider Name='Microsoft-Windows-Sysmon' Guid='{5770385f-c22a-43e0-bf4c-06f5698ffbd9}'/><EventID>1</EventID><Version>5</Version><Level>4</Level><Task>1</Task><Opcode>0</Opcode><Keywords>0x8000000000000000</Keywords><TimeCreated SystemTime='2026-04-25T16:15:56.5119882Z'/><EventRecordID>862</EventRecordID><Correlation/><Execution ProcessID='2840' ThreadID='3920'/><Channel>Microsoft-Windows-Sysmon/Operational</Channel><Computer>DESKTOP-7JEP204</Computer><Security UserID='S-1-5-18'/></System><EventData><Data Name='RuleName'>-</Data><Data Name='UtcTime'>2026-04-25 16:15:56.367</Data><Data Name='ProcessGuid'>{2c24d1db-e8bc-69ec-a900-000000001500}</Data><Data Name='ProcessId'>7028</Data><Data Name='Image'>C:\Users\User\AppData\Local\Microsoft\OneDrive\26.040.0301.0001\FileCoAuth.exe</Data><Data Name='FileVersion'>26.040.0301.0001</Data><Data Name='Description'>Microsoft OneDriveFile Co-Authoring Executable</Data><Data Name='Product'>Microsoft OneDrive</Data><Data Name='Company'>Microsoft Corporation</Data><Data Name='OriginalFileName'>FileCoAuth.exe</Data><Data Name='CommandLine'>"C:\Users\User\AppData\Local\Microsoft\OneDrive\26.040.0301.0001\FileCoAuth.exe" -Embedding</Data><Data Name='CurrentDirectory'>C:\Windows\system32\</Data><Data Name='User'>DESKTOP-7JEP204\User</Data><Data Name='LogonGuid'>{2c24d1db-e899-69ec-8220-050000000000}</Data><Data Name='LogonId'>0x52082</Data><Data Name='TerminalSessionId'>1</Data><Data Name='IntegrityLevel'>Medium</Data><Data Name='Hashes'>MD5=5ADA66701CADB02707DBCF7C49DCB766,SHA256=649E5932E0FFA5641D9B3D8B6202A0CA3BC1575CE091B26C0291EA0D02C109C1,IMPHASH=CC21A11AC714BA9414CB4F5B95EBFA26</Data><Data Name='ParentProcessGuid'>{00000000-0000-0000-0000-000000000000}</Data><Data Name='ParentProcessId'>836</Data><Data Name='ParentImage'>-</Data><Data Name='ParentCommandLine'>-</Data><Data Name='ParentUser'>-</Data></EventData></Event>
