<Event xmlns='http://schemas.microsoft.com/win/2004/08/events/event'><System><Provider Name='Microsoft-Windows-Sysmon' Guid='{5770385f-c22a-43e0-bf4c-06f5698ffbd9}'/><EventID>12</EventID><Version>2</Version><Level>4</Level><Task>12</Task><Opcode>0</Opcode><Keywords>0x8000000000000000</Keywords><TimeCreated SystemTime='2026-04-25T16:35:01.0353597Z'/><EventRecordID>1198</EventRecordID><Correlation/><Execution ProcessID='3064' ThreadID='3992'/><Channel>Microsoft-Windows-Sysmon/Operational</Channel><Computer>DESKTOP-7JEP204</Computer><Security UserID='S-1-5-18'/></System><EventData><Data Name='RuleName'>-</Data><Data Name='EventType'>DeleteKey</Data><Data Name='UtcTime'>2026-04-25 16:34:58.548</Data><Data Name='ProcessGuid'>{2c24d1db-ed31-69ec-5600-000000001700}</Data><Data Name='ProcessId'>4012</Data><Data Name='Image'>C:\Windows\system32\wevtutil.exe</Data><Data Name='TargetObject'>HKLM\SOFTWARE\Microsoft\Windows\CurrentVersion\WINEVT\Channels\Microsoft-Windows-Windows Defender/Operational</Data><Data Name='User'>NT AUTHORITY\SYSTEM</Data></EventData></Event>
<Event xmlns='http://schemas.microsoft.com/win/2004/08/events/event'><System><Provider Name='Microsoft-Windows-Sysmon' Guid='{5770385f-c22a-43e0-bf4c-06f5698ffbd9}'/><EventID>12</EventID><Version>2</Version><Level>4</Level><Task>12</Task><Opcode>0</Opcode><Keywords>0x8000000000000000</Keywords><TimeCreated SystemTime='2026-04-25T16:35:01.0357235Z'/><EventRecordID>1199</EventRecordID><Correlation/><Execution ProcessID='3064' ThreadID='3992'/><Channel>Microsoft-Windows-Sysmon/Operational</Channel><Computer>DESKTOP-7JEP204</Computer><Security UserID='S-1-5-18'/></System><EventData><Data Name='RuleName'>-</Data><Data Name='EventType'>DeleteKey</Data><Data Name='UtcTime'>2026-04-25 16:34:58.739</Data><Data Name='ProcessGuid'>{2c24d1db-ed31-69ec-5600-000000001700}</Data><Data Name='ProcessId'>4012</Data><Data Name='Image'>C:\Windows\system32\wevtutil.exe</Data><Data Name='TargetObject'>HKLM\SOFTWARE\Microsoft\Windows\CurrentVersion\WINEVT\Channels\Microsoft-Windows-Windows Defender/WHC</Data><Data Name='User'>NT AUTHORITY\SYSTEM</Data></EventData></Event>
<Event xmlns='http://schemas.microsoft.com/win/2004/08/events/event'><System><Provider Name='Microsoft-Windows-Sysmon' Guid='{5770385f-c22a-43e0-bf4c-06f5698ffbd9}'/><EventID>1</EventID><Version>5</Version><Level>4</Level><Task>1</Task><Opcode>0</Opcode><Keywords>0x8000000000000000</Keywords><TimeCreated SystemTime='2026-04-25T16:35:01.0379264Z'/><EventRecordID>1200</EventRecordID><Correlation/><Execution ProcessID='3064' ThreadID='3992'/><Channel>Microsoft-Windows-Sysmon/Operational</Channel><Computer>DESKTOP-7JEP204</Computer><Security UserID='S-1-5-18'/></System><EventData><Data Name='RuleName'>-</Data><Data Name='UtcTime'>2026-04-25 16:35:00.022</Data><Data Name='ProcessGuid'>{2c24d1db-ed34-69ec-5900-000000001700}</Data><Data Name='ProcessId'>2928</Data><Data Name='Image'>C:\Windows\System32\wevtutil.exe</Data><Data Name='FileVersion'>10.0.19041.1682 (WinBuild.160101.0800)</Data><Data Name='Description'>Eventing Command Line Utility</Data><Data Name='Product'>Microsoft® Windows® Operating System</Data><Data Name='Company'>Microsoft Corporation</Data><Data Name='OriginalFileName'>wevtutil.exe</Data><Data Name='CommandLine'>C:\Windows\system32\wevtutil.exe install-manifest "C:\ProgramData\Microsoft\Windows Defender\platform\4.18.26020.6-0\Microsoft-Windows-Windows Defender.man" "/resourceFilePath:C:\ProgramData\Microsoft\Windows Defender\platform\4.18.26020.6-0\MpEvMsg.dll" "/messageFilePath:C:\ProgramData\Microsoft\Windows Defender\platform\4.18.26020.6-0\MpEvMsg.dll" "/parameterFilePath:C:\ProgramData\Microsoft\Windows Defender\platform\4.18.26020.6-0\MpEvMsg.dll"</Data><Data Name='CurrentDirectory'>C:\Windows\system32\</Data><Data Name='User'>NT AUTHORITY\SYSTEM</Data><Data Name='LogonGuid'>{2c24d1db-5d96-69ed-e703-000000000000}</Data><Data Name='LogonId'>0x3e7</Data><Data Name='TerminalSessionId'>0</Data><Data Name='IntegrityLevel'>System</Data><Data Name='Hashes'>MD5=1AAE26BD68B911D0420626A27070EB8D,SHA256=1256A1E89815AA5ADE26A8FDDDDEEBF056EB3D3A81EBFE0DD73636CC677A3D38,IMPHASH=ED2979722859B770F49D66059479B256</Data><Data Name='ParentProcessGuid'>{2c24d1db-ed28-69ec-4800-000000001700}</Data><Data Name='ParentProcessId'>2220</Data><Data Name='ParentImage'>C:\ProgramData\Microsoft\Windows Defender\Platform\4.18.26020.6-0\MsMpEng.exe</Data><Data Name='ParentCommandLine'>"C:\ProgramData\Microsoft\Windows Defender\platform\4.18.26020.6-0\MsMpEng.exe"</Data><Data Name='ParentUser'>NT AUTHORITY\SYSTEM</Data></EventData></Event>
<Event xmlns='http://schemas.microsoft.com/win/2004/08/events/event'><System><Provider Name='Microsoft-Windows-Sysmon' Guid='{5770385f-c22a-43e0-bf4c-06f5698ffbd9}'/><EventID>13</EventID><Version>2</Version><Level>4</Level><Task>13</Task><Opcode>0</Opcode><Keywords>0x8000000000000000</Keywords><TimeCreated SystemTime='2026-04-25T16:35:01.7055230Z'/><EventRecordID>1201</EventRecordID><Correlation/><Execution ProcessID='3064' ThreadID='3992'/><Channel>Microsoft-Windows-Sysmon/Operational</Channel><Computer>DESKTOP-7JEP204</Computer><Security UserID='S-1-5-18'/></System><EventData><Data Name='RuleName'>-</Data><Data Name='EventType'>SetValue</Data><Data Name='UtcTime'>2026-04-25 16:35:01.665</Data><Data Name='ProcessGuid'>{2c24d1db-ed34-69ec-5900-000000001700}</Data><Data Name='ProcessId'>2928</Data><Data Name='Image'>C:\Windows\system32\wevtutil.exe</Data><Data Name='TargetObject'>HKLM\SOFTWARE\Microsoft\Windows\CurrentVersion\WINEVT\Channels\Microsoft-Windows-Windows Defender/Operational\OwningPublisher</Data><Data Name='Details'>{11cd958a-c507-4ef3-b3f2-5fd9dfbd2c78}</Data><Data Name='User'>NT AUTHORITY\SYSTEM</Data></EventData></Event>
<Event xmlns='http://schemas.microsoft.com/win/2004/08/events/event'><System><Provider Name='Microsoft-Windows-Sysmon' Guid='{5770385f-c22a-43e0-bf4c-06f5698ffbd9}'/><EventID>13</EventID><Version>2</Version><Level>4</Level><Task>13</Task><Opcode>0</Opcode><Keywords>0x8000000000000000</Keywords><TimeCreated SystemTime='2026-04-25T16:35:01.7057354Z'/><EventRecordID>1202</EventRecordID><Correlation/><Execution ProcessID='3064' ThreadID='3992'/><Channel>Microsoft-Windows-Sysmon/Operational</Channel><Computer>DESKTOP-7JEP204</Computer><Security UserID='S-1-5-18'/></System><EventData><Data Name='RuleName'>-</Data><Data Name='EventType'>SetValue</Data><Data Name='UtcTime'>2026-04-25 16:35:01.665</Data><Data Name='ProcessGuid'>{2c24d1db-ed34-69ec-5900-000000001700}</Data><Data Name='ProcessId'>2928</Data><Data Name='Image'>C:\Windows\system32\wevtutil.exe</Data><Data Name='TargetObject'>HKLM\SOFTWARE\Microsoft\Windows\CurrentVersion\WINEVT\Channels\Microsoft-Windows-Windows Defender/Operational\Enabled</Data><Data Name='Details'>DWORD (0x00000001)</Data><Data Name='User'>NT AUTHORITY\SYSTEM</Data></EventData></Event>
<Event xmlns='http://schemas.microsoft.com/win/2004/08/events/event'><System><Provider Name='Microsoft-Windows-Sysmon' Guid='{5770385f-c22a-43e0-bf4c-06f5698ffbd9}'/><EventID>13</EventID><Version>2</Version><Level>4</Level><Task>13</Task><Opcode>0</Opcode><Keywords>0x8000000000000000</Keywords><TimeCreated SystemTime='2026-04-25T16:35:01.7058714Z'/><EventRecordID>1203</EventRecordID><Correlation/><Execution ProcessID='3064' ThreadID='3992'/><Channel>Microsoft-Windows-Sysmon/Operational</Channel><Computer>DESKTOP-7JEP204</Computer><Security UserID='S-1-5-18'/></System><EventData><Data Name='RuleName'>-</Data><Data Name='EventType'>SetValue</Data><Data Name='UtcTime'>2026-04-25 16:35:01.665</Data><Data Name='ProcessGuid'>{2c24d1db-ed34-69ec-5900-000000001700}</Data><Data Name='ProcessId'>2928</Data><Data Name='Image'>C:\Windows\system32\wevtutil.exe</Data><Data Name='TargetObject'>HKLM\SOFTWARE\Microsoft\Windows\CurrentVersion\WINEVT\Channels\Microsoft-Windows-Windows Defender/Operational\Isolation</Data><Data Name='Details'>DWORD (0x00000001)</Data><Data Name='User'>NT AUTHORITY\SYSTEM</Data></EventData></Event>
<Event xmlns='http://schemas.microsoft.com/win/2004/08/events/event'><System><Provider Name='Microsoft-Windows-Sysmon' Guid='{5770385f-c22a-43e0-bf4c-06f5698ffbd9}'/><EventID>13</EventID><Version>2</Version><Level>4</Level><Task>13</Task><Opcode>0</Opcode><Keywords>0x8000000000000000</Keywords><TimeCreated SystemTime='2026-04-25T16:35:01.7059826Z'/><EventRecordID>1204</EventRecordID><Correlation/><Execution ProcessID='3064' ThreadID='3992'/><Channel>Microsoft-Windows-Sysmon/Operational</Channel><Computer>DESKTOP-7JEP204</Computer><Security UserID='S-1-5-18'/></System><EventData><Data Name='RuleName'>-</Data><Data Name='EventType'>SetValue</Data><Data Name='UtcTime'>2026-04-25 16:35:01.665</Data><Data Name='ProcessGuid'>{2c24d1db-ed34-69ec-5900-000000001700}</Data><Data Name='ProcessId'>2928</Data><Data Name='Image'>C:\Windows\system32\wevtutil.exe</Data><Data Name='TargetObject'>HKLM\SOFTWARE\Microsoft\Windows\CurrentVersion\WINEVT\Channels\Microsoft-Windows-Windows Defender/Operational\ChannelAccess</Data><Data Name='Details'>O:BAG:SYD:(A;;0xf0007;;;SY)(A;;0x7;;;BA)(A;;0x3;;;BO)(A;;0x5;;;SO)(A;;0x1;;;IU)(A;;0x3;;;SU)(A;;0x1;;;S-1-5-3)(A;;0x2;;;S-1-5-33)(A;;0x1;;;S-1-5-32-573)</Data><Data Name='User'>NT AUTHORITY\SYSTEM</Data></EventData></Event>
<Event xmlns='http://schemas.microsoft.com/win/2004/08/events/event'><System><Provider Name='Microsoft-Windows-Sysmon' Guid='{5770385f-c22a-43e0-bf4c-06f5698ffbd9}'/><EventID>13</EventID><Version>2</Version><Level>4</Level><Task>13</Task><Opcode>0</Opcode><Keywords>0x8000000000000000</Keywords><TimeCreated SystemTime='2026-04-25T16:35:01.7061038Z'/><EventRecordID>1205</EventRecordID><Correlation/><Execution ProcessID='3064' ThreadID='3992'/><Channel>Microsoft-Windows-Sysmon/Operational</Channel><Computer>DESKTOP-7JEP204</Computer><Security UserID='S-1-5-18'/></System><EventData><Data Name='RuleName'>-</Data><Data Name='EventType'>SetValue</Data><Data Name='UtcTime'>2026-04-25 16:35:01.665</Data><Data Name='ProcessGuid'>{2c24d1db-ed34-69ec-5900-000000001700}</Data><Data Name='ProcessId'>2928</Data><Data Name='Image'>C:\Windows\system32\wevtutil.exe</Data><Data Name='TargetObject'>HKLM\SOFTWARE\Microsoft\Windows\CurrentVersion\WINEVT\Channels\Microsoft-Windows-Windows Defender/Operational\MaxSize</Data><Data Name='Details'>DWORD (0x01000000)</Data><Data Name='User'>NT AUTHORITY\SYSTEM</Data></EventData></Event>
<Event xmlns='http://schemas.microsoft.com/win/2004/08/events/event'><System><Provider Name='Microsoft-Windows-Sysmon' Guid='{5770385f-c22a-43e0-bf4c-06f5698ffbd9}'/><EventID>13</EventID><Version>2</Version><Level>4</Level><Task>13</Task><Opcode>0</Opcode><Keywords>0x8000000000000000</Keywords><TimeCreated SystemTime='2026-04-25T16:35:01.7062286Z'/><EventRecordID>1206</EventRecordID><Correlation/><Execution ProcessID='3064' ThreadID='3992'/><Channel>Microsoft-Windows-Sysmon/Operational</Channel><Computer>DESKTOP-7JEP204</Computer><Security UserID='S-1-5-18'/></System><EventData><Data Name='RuleName'>-</Data><Data Name='EventType'>SetValue</Data><Data Name='UtcTime'>2026-04-25 16:35:01.665</Data><Data Name='ProcessGuid'>{2c24d1db-ed34-69ec-5900-000000001700}</Data><Data Name='ProcessId'>2928</Data><Data Name='Image'>C:\Windows\system32\wevtutil.exe</Data><Data Name='TargetObject'>HKLM\SOFTWARE\Microsoft\Windows\CurrentVersion\WINEVT\Channels\Microsoft-Windows-Windows Defender/Operational\MaxSizeUpper</Data><Data Name='Details'>DWORD (0x00000000)</Data><Data Name='User'>NT AUTHORITY\SYSTEM</Data></EventData></Event>
<Event xmlns='http://schemas.microsoft.com/win/2004/08/events/event'><System><Provider Name='Microsoft-Windows-Sysmon' Guid='{5770385f-c22a-43e0-bf4c-06f5698ffbd9}'/><EventID>13</EventID><Version>2</Version><Level>4</Level><Task>13</Task><Opcode>0</Opcode><Keywords>0x8000000000000000</Keywords><TimeCreated SystemTime='2026-04-25T16:35:01.7063368Z'/><EventRecordID>1207</EventRecordID><Correlation/><Execution ProcessID='3064' ThreadID='3992'/><Channel>Microsoft-Windows-Sysmon/Operational</Channel><Computer>DESKTOP-7JEP204</Computer><Security UserID='S-1-5-18'/></System><EventData><Data Name='RuleName'>-</Data><Data Name='EventType'>SetValue</Data><Data Name='UtcTime'>2026-04-25 16:35:01.665</Data><Data Name='ProcessGuid'>{2c24d1db-ed34-69ec-5900-000000001700}</Data><Data Name='ProcessId'>2928</Data><Data Name='Image'>C:\Windows\system32\wevtutil.exe</Data><Data Name='TargetObject'>HKLM\SOFTWARE\Microsoft\Windows\CurrentVersion\WINEVT\Channels\Microsoft-Windows-Windows Defender/Operational\Type</Data><Data Name='Details'>DWORD (0x00000001)</Data><Data Name='User'>NT AUTHORITY\SYSTEM</Data></EventData></Event>
<Event xmlns='http://schemas.microsoft.com/win/2004/08/events/event'><System><Provider Name='Microsoft-Windows-Sysmon' Guid='{5770385f-c22a-43e0-bf4c-06f5698ffbd9}'/><EventID>13</EventID><Version>2</Version><Level>4</Level><Task>13</Task><Opcode>0</Opcode><Keywords>0x8000000000000000</Keywords><TimeCreated SystemTime='2026-04-25T16:35:01.7065053Z'/><EventRecordID>1208</EventRecordID><Correlation/><Execution ProcessID='3064' ThreadID='3992'/><Channel>Microsoft-Windows-Sysmon/Operational</Channel><Computer>DESKTOP-7JEP204</Computer><Security UserID='S-1-5-18'/></System><EventData><Data Name='RuleName'>-</Data><Data Name='EventType'>SetValue</Data><Data Name='UtcTime'>2026-04-25 16:35:01.665</Data><Data Name='ProcessGuid'>{2c24d1db-ed34-69ec-5900-000000001700}</Data><Data Name='ProcessId'>2928</Data><Data Name='Image'>C:\Windows\system32\wevtutil.exe</Data><Data Name='TargetObject'>HKLM\SOFTWARE\Microsoft\Windows\CurrentVersion\WINEVT\Channels\Microsoft-Windows-Windows Defender/WHC\OwningPublisher</Data><Data Name='Details'>{11cd958a-c507-4ef3-b3f2-5fd9dfbd2c78}</Data><Data Name='User'>NT AUTHORITY\SYSTEM</Data></EventData></Event>
<Event xmlns='http://schemas.microsoft.com/win/2004/08/events/event'><System><Provider Name='Microsoft-Windows-Sysmon' Guid='{5770385f-c22a-43e0-bf4c-06f5698ffbd9}'/><EventID>13</EventID><Version>2</Version><Level>4</Level><Task>13</Task><Opcode>0</Opcode><Keywords>0x8000000000000000</Keywords><TimeCreated SystemTime='2026-04-25T16:35:01.7066081Z'/><EventRecordID>1209</EventRecordID><Correlation/><Execution ProcessID='3064' ThreadID='3992'/><Channel>Microsoft-Windows-Sysmon/Operational</Channel><Computer>DESKTOP-7JEP204</Computer><Security UserID='S-1-5-18'/></System><EventData><Data Name='RuleName'>-</Data><Data Name='EventType'>SetValue</Data><Data Name='UtcTime'>2026-04-25 16:35:01.665</Data><Data Name='ProcessGuid'>{2c24d1db-ed34-69ec-5900-000000001700}</Data><Data Name='ProcessId'>2928</Data><Data Name='Image'>C:\Windows\system32\wevtutil.exe</Data><Data Name='TargetObject'>HKLM\SOFTWARE\Microsoft\Windows\CurrentVersion\WINEVT\Channels\Microsoft-Windows-Windows Defender/WHC\Enabled</Data><Data Name='Details'>DWORD (0x00000001)</Data><Data Name='User'>NT AUTHORITY\SYSTEM</Data></EventData></Event>
<Event xmlns='http://schemas.microsoft.com/win/2004/08/events/event'><System><Provider Name='Microsoft-Windows-Sysmon' Guid='{5770385f-c22a-43e0-bf4c-06f5698ffbd9}'/><EventID>13</EventID><Version>2</Version><Level>4</Level><Task>13</Task><Opcode>0</Opcode><Keywords>0x8000000000000000</Keywords><TimeCreated SystemTime='2026-04-25T16:35:01.7066946Z'/><EventRecordID>1210</EventRecordID><Correlation/><Execution ProcessID='3064' ThreadID='3992'/><Channel>Microsoft-Windows-Sysmon/Operational</Channel><Computer>DESKTOP-7JEP204</Computer><Security UserID='S-1-5-18'/></System><EventData><Data Name='RuleName'>-</Data><Data Name='EventType'>SetValue</Data><Data Name='UtcTime'>2026-04-25 16:35:01.665</Data><Data Name='ProcessGuid'>{2c24d1db-ed34-69ec-5900-000000001700}</Data><Data Name='ProcessId'>2928</Data><Data Name='Image'>C:\Windows\system32\wevtutil.exe</Data><Data Name='TargetObject'>HKLM\SOFTWARE\Microsoft\Windows\CurrentVersion\WINEVT\Channels\Microsoft-Windows-Windows Defender/WHC\Isolation</Data><Data Name='Details'>DWORD (0x00000001)</Data><Data Name='User'>NT AUTHORITY\SYSTEM</Data></EventData></Event>
<Event xmlns='http://schemas.microsoft.com/win/2004/08/events/event'><System><Provider Name='Microsoft-Windows-Sysmon' Guid='{5770385f-c22a-43e0-bf4c-06f5698ffbd9}'/><EventID>13</EventID><Version>2</Version><Level>4</Level><Task>13</Task><Opcode>0</Opcode><Keywords>0x8000000000000000</Keywords><TimeCreated SystemTime='2026-04-25T16:35:01.7068073Z'/><EventRecordID>1211</EventRecordID><Correlation/><Execution ProcessID='3064' ThreadID='3992'/><Channel>Microsoft-Windows-Sysmon/Operational</Channel><Computer>DESKTOP-7JEP204</Computer><Security UserID='S-1-5-18'/></System><EventData><Data Name='RuleName'>-</Data><Data Name='EventType'>SetValue</Data><Data Name='UtcTime'>2026-04-25 16:35:01.665</Data><Data Name='ProcessGuid'>{2c24d1db-ed34-69ec-5900-000000001700}</Data><Data Name='ProcessId'>2928</Data><Data Name='Image'>C:\Windows\system32\wevtutil.exe</Data><Data Name='TargetObject'>HKLM\SOFTWARE\Microsoft\Windows\CurrentVersion\WINEVT\Channels\Microsoft-Windows-Windows Defender/WHC\ChannelAccess</Data><Data Name='Details'>O:BAG:SYD:(A;;0xf0007;;;SY)(A;;0x7;;;BA)(A;;0x3;;;BO)(A;;0x5;;;SO)(A;;0x1;;;IU)(A;;0x3;;;SU)(A;;0x1;;;S-1-5-3)(A;;0x2;;;S-1-5-33)(A;;0x1;;;S-1-5-32-573)</Data><Data Name='User'>NT AUTHORITY\SYSTEM</Data></EventData></Event>
<Event xmlns='http://schemas.microsoft.com/win/2004/08/events/event'><System><Provider Name='Microsoft-Windows-Sysmon' Guid='{5770385f-c22a-43e0-bf4c-06f5698ffbd9}'/><EventID>13</EventID><Version>2</Version><Level>4</Level><Task>13</Task><Opcode>0</Opcode><Keywords>0x8000000000000000</Keywords><TimeCreated SystemTime='2026-04-25T16:35:01.7074397Z'/><EventRecordID>1212</EventRecordID><Correlation/><Execution ProcessID='3064' ThreadID='3992'/><Channel>Microsoft-Windows-Sysmon/Operational</Channel><Computer>DESKTOP-7JEP204</Computer><Security UserID='S-1-5-18'/></System><EventData><Data Name='RuleName'>-</Data><Data Name='EventType'>SetValue</Data><Data Name='UtcTime'>2026-04-25 16:35:01.665</Data><Data Name='ProcessGuid'>{2c24d1db-ed34-69ec-5900-000000001700}</Data><Data Name='ProcessId'>2928</Data><Data Name='Image'>C:\Windows\system32\wevtutil.exe</Data><Data Name='TargetObject'>HKLM\SOFTWARE\Microsoft\Windows\CurrentVersion\WINEVT\Channels\Microsoft-Windows-Windows Defender/WHC\MaxSize</Data><Data Name='Details'>DWORD (0x00040000)</Data><Data Name='User'>NT AUTHORITY\SYSTEM</Data></EventData></Event>
<Event xmlns='http://schemas.microsoft.com/win/2004/08/events/event'><System><Provider Name='Microsoft-Windows-Sysmon' Guid='{5770385f-c22a-43e0-bf4c-06f5698ffbd9}'/><EventID>13</EventID><Version>2</Version><Level>4</Level><Task>13</Task><Opcode>0</Opcode><Keywords>0x8000000000000000</Keywords><TimeCreated SystemTime='2026-04-25T16:35:01.7080711Z'/><EventRecordID>1213</EventRecordID><Correlation/><Execution ProcessID='3064' ThreadID='3992'/><Channel>Microsoft-Windows-Sysmon/Operational</Channel><Computer>DESKTOP-7JEP204</Computer><Security UserID='S-1-5-18'/></System><EventData><Data Name='RuleName'>-</Data><Data Name='EventType'>SetValue</Data><Data Name='UtcTime'>2026-04-25 16:35:01.665</Data><Data Name='ProcessGuid'>{2c24d1db-ed34-69ec-5900-000000001700}</Data><Data Name='ProcessId'>2928</Data><Data Name='Image'>C:\Windows\system32\wevtutil.exe</Data><Data Name='TargetObject'>HKLM\SOFTWARE\Microsoft\Windows\CurrentVersion\WINEVT\Channels\Microsoft-Windows-Windows Defender/WHC\MaxSizeUpper</Data><Data Name='Details'>DWORD (0x00000000)</Data><Data Name='User'>NT AUTHORITY\SYSTEM</Data></EventData></Event>
<Event xmlns='http://schemas.microsoft.com/win/2004/08/events/event'><System><Provider Name='Microsoft-Windows-Sysmon' Guid='{5770385f-c22a-43e0-bf4c-06f5698ffbd9}'/><EventID>13</EventID><Version>2</Version><Level>4</Level><Task>13</Task><Opcode>0</Opcode><Keywords>0x8000000000000000</Keywords><TimeCreated SystemTime='2026-04-25T16:35:01.7082528Z'/><EventRecordID>1214</EventRecordID><Correlation/><Execution ProcessID='3064' ThreadID='3992'/><Channel>Microsoft-Windows-Sysmon/Operational</Channel><Computer>DESKTOP-7JEP204</Computer><Security UserID='S-1-5-18'/></System><EventData><Data Name='RuleName'>-</Data><Data Name='EventType'>SetValue</Data><Data Name='UtcTime'>2026-04-25 16:35:01.665</Data><Data Name='ProcessGuid'>{2c24d1db-ed34-69ec-5900-000000001700}</Data><Data Name='ProcessId'>2928</Data><Data Name='Image'>C:\Windows\system32\wevtutil.exe</Data><Data Name='TargetObject'>HKLM\SOFTWARE\Microsoft\Windows\CurrentVersion\WINEVT\Channels\Microsoft-Windows-Windows Defender/WHC\Type</Data><Data Name='Details'>DWORD (0x00000001)</Data><Data Name='User'>NT AUTHORITY\SYSTEM</Data></EventData></Event>
<Event xmlns='http://schemas.microsoft.com/win/2004/08/events/event'><System><Provider Name='Microsoft-Windows-Sysmon' Guid='{5770385f-c22a-43e0-bf4c-06f5698ffbd9}'/><EventID>1</EventID><Version>5</Version><Level>4</Level><Task>1</Task><Opcode>0</Opcode><Keywords>0x8000000000000000</Keywords><TimeCreated SystemTime='2026-04-25T16:35:04.7172775Z'/><EventRecordID>1215</EventRecordID><Correlation/><Execution ProcessID='3064' ThreadID='3992'/><Channel>Microsoft-Windows-Sysmon/Operational</Channel><Computer>DESKTOP-7JEP204</Computer><Security UserID='S-1-5-18'/></System><EventData><Data Name='RuleName'>-</Data><Data Name='UtcTime'>2026-04-25 16:35:04.687</Data><Data Name='ProcessGuid'>{2c24d1db-ed38-69ec-5c00-000000001700}</Data><Data Name='ProcessId'>3960</Data><Data Name='Image'>C:\Windows\System32\wevtutil.exe</Data><Data Name='FileVersion'>10.0.19041.1682 (WinBuild.160101.0800)</Data><Data Name='Description'>Eventing Command Line Utility</Data><Data Name='Product'>Microsoft® Windows® Operating System</Data><Data Name='Company'>Microsoft Corporation</Data><Data Name='OriginalFileName'>wevtutil.exe</Data><Data Name='CommandLine'>C:\Windows\system32\wevtutil.exe uninstall-manifest "C:\ProgramData\Microsoft\Windows Defender\platform\4.18.26020.6-0\Microsoft-Antimalware-Service.man"</Data><Data Name='CurrentDirectory'>C:\Windows\system32\</Data><Data Name='User'>NT AUTHORITY\SYSTEM</Data><Data Name='LogonGuid'>{2c24d1db-5d96-69ed-e703-000000000000}</Data><Data Name='LogonId'>0x3e7</Data><Data Name='TerminalSessionId'>0</Data><Data Name='IntegrityLevel'>System</Data><Data Name='Hashes'>MD5=1AAE26BD68B911D0420626A27070EB8D,SHA256=1256A1E89815AA5ADE26A8FDDDDEEBF056EB3D3A81EBFE0DD73636CC677A3D38,IMPHASH=ED2979722859B770F49D66059479B256</Data><Data Name='ParentProcessGuid'>{2c24d1db-ed28-69ec-4800-000000001700}</Data><Data Name='ParentProcessId'>2220</Data><Data Name='ParentImage'>C:\ProgramData\Microsoft\Windows Defender\Platform\4.18.26020.6-0\MsMpEng.exe</Data><Data Name='ParentCommandLine'>"C:\ProgramData\Microsoft\Windows Defender\platform\4.18.26020.6-0\MsMpEng.exe"</Data><Data Name='ParentUser'>NT AUTHORITY\SYSTEM</Data></EventData></Event>
<Event xmlns='http://schemas.microsoft.com/win/2004/08/events/event'><System><Provider Name='Microsoft-Windows-Sysmon' Guid='{5770385f-c22a-43e0-bf4c-06f5698ffbd9}'/><EventID>22</EventID><Version>5</Version><Level>4</Level><Task>22</Task><Opcode>0</Opcode><Keywords>0x8000000000000000</Keywords><TimeCreated SystemTime='2026-04-25T16:35:04.8654281Z'/><EventRecordID>1216</EventRecordID><Correlation/><Execution ProcessID='3064' ThreadID='4036'/><Channel>Microsoft-Windows-Sysmon/Operational</Channel><Computer>DESKTOP-7JEP204</Computer><Security UserID='S-1-5-18'/></System><EventData><Data Name='RuleName'>-</Data><Data Name='UtcTime'>2026-04-25 16:35:04.762</Data><Data Name='ProcessGuid'>{2c24d1db-ed20-69ec-3100-000000001700}</Data><Data Name='ProcessId'>1972</Data><Data Name='QueryName'>wpad</Data><Data Name='QueryStatus'>123</Data><Data Name='QueryResults'>-</Data><Data Name='Image'>C:\Windows\System32\svchost.exe</Data><Data Name='User'>NT AUTHORITY\LOCAL SERVICE</Data></EventData></Event>
<Event xmlns='http://schemas.microsoft.com/win/2004/08/events/event'><System><Provider Name='Microsoft-Windows-Sysmon' Guid='{5770385f-c22a-43e0-bf4c-06f5698ffbd9}'/><EventID>1</EventID><Version>5</Version><Level>4</Level><Task>1</Task><Opcode>0</Opcode><Keywords>0x8000000000000000</Keywords><TimeCreated SystemTime='2026-04-25T16:35:05.2478893Z'/><EventRecordID>1217</EventRecordID><Correlation/><Execution ProcessID='3064' ThreadID='3992'/><Channel>Microsoft-Windows-Sysmon/Operational</Channel><Computer>DESKTOP-7JEP204</Computer><Security UserID='S-1-5-18'/></System><EventData><Data Name='RuleName'>-</Data><Data Name='UtcTime'>2026-04-25 16:35:05.196</Data><Data Name='ProcessGuid'>{2c24d1db-ed39-69ec-5e00-000000001700}</Data><Data Name='ProcessId'>4032</Data><Data Name='Image'>C:\Windows\System32\wevtutil.exe</Data><Data Name='FileVersion'>10.0.19041.1682 (WinBuild.160101.0800)</Data><Data Name='Description'>Eventing Command Line Utility</Data><Data Name='Product'>Microsoft® Windows® Operating System</Data><Data Name='Company'>Microsoft Corporation</Data><Data Name='OriginalFileName'>wevtutil.exe</Data><Data Name='CommandLine'>C:\Windows\system32\wevtutil.exe install-manifest "C:\ProgramData\Microsoft\Windows Defender\platform\4.18.26020.6-0\Microsoft-Antimalware-Service.man" "/resourceFilePath:C:\ProgramData\Microsoft\Windows Defender\platform\4.18.26020.6-0\MpSvc.dll" "/messageFilePath:C:\ProgramData\Microsoft\Windows Defender\platform\4.18.26020.6-0\MpSvc.dll" "/parameterFilePath:C:\ProgramData\Microsoft\Windows Defender\platform\4.18.26020.6-0\MpSvc.dll"</Data><Data Name='CurrentDirectory'>C:\Windows\system32\</Data><Data Name='User'>NT AUTHORITY\SYSTEM</Data><Data Name='LogonGuid'>{2c24d1db-5d96-69ed-e703-000000000000}</Data><Data Name='LogonId'>0x3e7</Data><Data Name='TerminalSessionId'>0</Data><Data Name='IntegrityLevel'>System</Data><Data Name='Hashes'>MD5=1AAE26BD68B911D0420626A27070EB8D,SHA256=1256A1E89815AA5ADE26A8FDDDDEEBF056EB3D3A81EBFE0DD73636CC677A3D38,IMPHASH=ED2979722859B770F49D66059479B256</Data><Data Name='ParentProcessGuid'>{2c24d1db-ed28-69ec-4800-000000001700}</Data><Data Name='ParentProcessId'>2220</Data><Data Name='ParentImage'>C:\ProgramData\Microsoft\Windows Defender\Platform\4.18.26020.6-0\MsMpEng.exe</Data><Data Name='ParentCommandLine'>"C:\ProgramData\Microsoft\Windows Defender\platform\4.18.26020.6-0\MsMpEng.exe"</Data><Data Name='ParentUser'>NT AUTHORITY\SYSTEM</Data></EventData></Event>
<Event xmlns='http://schemas.microsoft.com/win/2004/08/events/event'><System><Provider Name='Microsoft-Windows-Sysmon' Guid='{5770385f-c22a-43e0-bf4c-06f5698ffbd9}'/><EventID>1</EventID><Version>5</Version><Level>4</Level><Task>1</Task><Opcode>0</Opcode><Keywords>0x8000000000000000</Keywords><TimeCreated SystemTime='2026-04-25T16:35:05.9783282Z'/><EventRecordID>1218</EventRecordID><Correlation/><Execution ProcessID='3064' ThreadID='3992'/><Channel>Microsoft-Windows-Sysmon/Operational</Channel><Computer>DESKTOP-7JEP204</Computer><Security UserID='S-1-5-18'/></System><EventData><Data Name='RuleName'>-</Data><Data Name='UtcTime'>2026-04-25 16:35:05.963</Data><Data Name='ProcessGuid'>{2c24d1db-ed39-69ec-6000-000000001700}</Data><Data Name='ProcessId'>1960</Data><Data Name='Image'>C:\Windows\System32\wevtutil.exe</Data><Data Name='FileVersion'>10.0.19041.1682 (WinBuild.160101.0800)</Data><Data Name='Description'>Eventing Command Line Utility</Data><Data Name='Product'>Microsoft® Windows® Operating System</Data><Data Name='Company'>Microsoft Corporation</Data><Data Name='OriginalFileName'>wevtutil.exe</Data><Data Name='CommandLine'>C:\Windows\system32\wevtutil.exe uninstall-manifest "C:\ProgramData\Microsoft\Windows Defender\platform\4.18.26020.6-0\Microsoft-Antimalware-NIS.man"</Data><Data Name='CurrentDirectory'>C:\Windows\system32\</Data><Data Name='User'>NT AUTHORITY\SYSTEM</Data><Data Name='LogonGuid'>{2c24d1db-5d96-69ed-e703-000000000000}</Data><Data Name='LogonId'>0x3e7</Data><Data Name='TerminalSessionId'>0</Data><Data Name='IntegrityLevel'>System</Data><Data Name='Hashes'>MD5=1AAE26BD68B911D0420626A27070EB8D,SHA256=1256A1E89815AA5ADE26A8FDDDDEEBF056EB3D3A81EBFE0DD73636CC677A3D38,IMPHASH=ED2979722859B770F49D66059479B256</Data><Data Name='ParentProcessGuid'>{2c24d1db-ed28-69ec-4800-000000001700}</Data><Data Name='ParentProcessId'>2220</Data><Data Name='ParentImage'>C:\ProgramData\Microsoft\Windows Defender\Platform\4.18.26020.6-0\MsMpEng.exe</Data><Data Name='ParentCommandLine'>"C:\ProgramData\Microsoft\Windows Defender\platform\4.18.26020.6-0\MsMpEng.exe"</Data><Data Name='ParentUser'>NT AUTHORITY\SYSTEM</Data></EventData></Event>
<Event xmlns='http://schemas.microsoft.com/win/2004/08/events/event'><System><Provider Name='Microsoft-Windows-Sysmon' Guid='{5770385f-c22a-43e0-bf4c-06f5698ffbd9}'/><EventID>1</EventID><Version>5</Version><Level>4</Level><Task>1</Task><Opcode>0</Opcode><Keywords>0x8000000000000000</Keywords><TimeCreated SystemTime='2026-04-25T16:35:06.4200942Z'/><EventRecordID>1219</EventRecordID><Correlation/><Execution ProcessID='3064' ThreadID='3992'/><Channel>Microsoft-Windows-Sysmon/Operational</Channel><Computer>DESKTOP-7JEP204</Computer><Security UserID='S-1-5-18'/></System><EventData><Data Name='RuleName'>-</Data><Data Name='UtcTime'>2026-04-25 16:35:06.414</Data><Data Name='ProcessGuid'>{2c24d1db-ed3a-69ec-6200-000000001700}</Data><Data Name='ProcessId'>3184</Data><Data Name='Image'>C:\Windows\System32\wevtutil.exe</Data><Data Name='FileVersion'>10.0.19041.1682 (WinBuild.160101.0800)</Data><Data Name='Description'>Eventing Command Line Utility</Data><Data Name='Product'>Microsoft® Windows® Operating System</Data><Data Name='Company'>Microsoft Corporation</Data><Data Name='OriginalFileName'>wevtutil.exe</Data><Data Name='CommandLine'>C:\Windows\system32\wevtutil.exe install-manifest "C:\ProgramData\Microsoft\Windows Defender\platform\4.18.26020.6-0\Microsoft-Antimalware-NIS.man" "/resourceFilePath:C:\ProgramData\Microsoft\Windows Defender\platform\4.18.26020.6-0\NisSrv.exe" "/messageFilePath:C:\ProgramData\Microsoft\Windows Defender\platform\4.18.26020.6-0\NisSrv.exe" "/parameterFilePath:C:\ProgramData\Microsoft\Windows Defender\platform\4.18.26020.6-0\NisSrv.exe"</Data><Data Name='CurrentDirectory'>C:\Windows\system32\</Data><Data Name='User'>NT AUTHORITY\SYSTEM</Data><Data Name='LogonGuid'>{2c24d1db-5d96-69ed-e703-000000000000}</Data><Data Name='LogonId'>0x3e7</Data><Data Name='TerminalSessionId'>0</Data><Data Name='IntegrityLevel'>System</Data><Data Name='Hashes'>MD5=1AAE26BD68B911D0420626A27070EB8D,SHA256=1256A1E89815AA5ADE26A8FDDDDEEBF056EB3D3A81EBFE0DD73636CC677A3D38,IMPHASH=ED2979722859B770F49D66059479B256</Data><Data Name='ParentProcessGuid'>{2c24d1db-ed28-69ec-4800-000000001700}</Data><Data Name='ParentProcessId'>2220</Data><Data Name='ParentImage'>C:\ProgramData\Microsoft\Windows Defender\Platform\4.18.26020.6-0\MsMpEng.exe</Data><Data Name='ParentCommandLine'>"C:\ProgramData\Microsoft\Windows Defender\platform\4.18.26020.6-0\MsMpEng.exe"</Data><Data Name='ParentUser'>NT AUTHORITY\SYSTEM</Data></EventData></Event>
<Event xmlns='http://schemas.microsoft.com/win/2004/08/events/event'><System><Provider Name='Microsoft-Windows-Sysmon' Guid='{5770385f-c22a-43e0-bf4c-06f5698ffbd9}'/><EventID>22</EventID><Version>5</Version><Level>4</Level><Task>22</Task><Opcode>0</Opcode><Keywords>0x8000000000000000</Keywords><TimeCreated SystemTime='2026-04-25T16:35:06.7222961Z'/><EventRecordID>1220</EventRecordID><Correlation/><Execution ProcessID='3064' ThreadID='4036'/><Channel>Microsoft-Windows-Sysmon/Operational</Channel><Computer>DESKTOP-7JEP204</Computer><Security UserID='S-1-5-18'/></System><EventData><Data Name='RuleName'>-</Data><Data Name='UtcTime'>2026-04-25 16:35:05.944</Data><Data Name='ProcessGuid'>{2c24d1db-ed20-69ec-3200-000000001700}</Data><Data Name='ProcessId'>2104</Data><Data Name='QueryName'>ecs.office.com</Data><Data Name='QueryStatus'>1460</Data><Data Name='QueryResults'>-</Data><Data Name='Image'>C:\Windows\System32\svchost.exe</Data><Data Name='User'>NT AUTHORITY\NETWORK SERVICE</Data></EventData></Event>
<Event xmlns='http://schemas.microsoft.com/win/2004/08/events/event'><System><Provider Name='Microsoft-Windows-Sysmon' Guid='{5770385f-c22a-43e0-bf4c-06f5698ffbd9}'/><EventID>1</EventID><Version>5</Version><Level>4</Level><Task>1</Task><Opcode>0</Opcode><Keywords>0x8000000000000000</Keywords><TimeCreated SystemTime='2026-04-25T16:35:06.8694645Z'/><EventRecordID>1221</EventRecordID><Correlation/><Execution ProcessID='3064' ThreadID='3992'/><Channel>Microsoft-Windows-Sysmon/Operational</Channel><Computer>DESKTOP-7JEP204</Computer><Security UserID='S-1-5-18'/></System><EventData><Data Name='RuleName'>-</Data><Data Name='UtcTime'>2026-04-25 16:35:06.846</Data><Data Name='ProcessGuid'>{2c24d1db-ed3a-69ec-6400-000000001700}</Data><Data Name='ProcessId'>1412</Data><Data Name='Image'>C:\Windows\System32\wevtutil.exe</Data><Data Name='FileVersion'>10.0.19041.1682 (WinBuild.160101.0800)</Data><Data Name='Description'>Eventing Command Line Utility</Data><Data Name='Product'>Microsoft® Windows® Operating System</Data><Data Name='Company'>Microsoft Corporation</Data><Data Name='OriginalFileName'>wevtutil.exe</Data><Data Name='CommandLine'>C:\Windows\system32\wevtutil.exe uninstall-manifest "C:\ProgramData\Microsoft\Windows Defender\platform\4.18.26020.6-0\Microsoft-Antimalware-RTP.man"</Data><Data Name='CurrentDirectory'>C:\Windows\system32\</Data><Data Name='User'>NT AUTHORITY\SYSTEM</Data><Data Name='LogonGuid'>{2c24d1db-5d96-69ed-e703-000000000000}</Data><Data Name='LogonId'>0x3e7</Data><Data Name='TerminalSessionId'>0</Data><Data Name='IntegrityLevel'>System</Data><Data Name='Hashes'>MD5=1AAE26BD68B911D0420626A27070EB8D,SHA256=1256A1E89815AA5ADE26A8FDDDDEEBF056EB3D3A81EBFE0DD73636CC677A3D38,IMPHASH=ED2979722859B770F49D66059479B256</Data><Data Name='ParentProcessGuid'>{2c24d1db-ed28-69ec-4800-000000001700}</Data><Data Name='ParentProcessId'>2220</Data><Data Name='ParentImage'>C:\ProgramData\Microsoft\Windows Defender\Platform\4.18.26020.6-0\MsMpEng.exe</Data><Data Name='ParentCommandLine'>"C:\ProgramData\Microsoft\Windows Defender\platform\4.18.26020.6-0\MsMpEng.exe"</Data><Data Name='ParentUser'>NT AUTHORITY\SYSTEM</Data></EventData></Event>
<Event xmlns='http://schemas.microsoft.com/win/2004/08/events/event'><System><Provider Name='Microsoft-Windows-Sysmon' Guid='{5770385f-c22a-43e0-bf4c-06f5698ffbd9}'/><EventID>1</EventID><Version>5</Version><Level>4</Level><Task>1</Task><Opcode>0</Opcode><Keywords>0x8000000000000000</Keywords><TimeCreated SystemTime='2026-04-25T16:35:07.0883151Z'/><EventRecordID>1222</EventRecordID><Correlation/><Execution ProcessID='3064' ThreadID='3992'/><Channel>Microsoft-Windows-Sysmon/Operational</Channel><Computer>DESKTOP-7JEP204</Computer><Security UserID='S-1-5-18'/></System><EventData><Data Name='RuleName'>-</Data><Data Name='UtcTime'>2026-04-25 16:35:07.081</Data><Data Name='ProcessGuid'>{2c24d1db-ed3b-69ec-6600-000000001700}</Data><Data Name='ProcessId'>4028</Data><Data Name='Image'>C:\Windows\System32\wevtutil.exe</Data><Data Name='FileVersion'>10.0.19041.1682 (WinBuild.160101.0800)</Data><Data Name='Description'>Eventing Command Line Utility</Data><Data Name='Product'>Microsoft® Windows® Operating System</Data><Data Name='Company'>Microsoft Corporation</Data><Data Name='OriginalFileName'>wevtutil.exe</Data><Data Name='CommandLine'>C:\Windows\system32\wevtutil.exe install-manifest "C:\ProgramData\Microsoft\Windows Defender\platform\4.18.26020.6-0\Microsoft-Antimalware-RTP.man" "/resourceFilePath:C:\ProgramData\Microsoft\Windows Defender\platform\4.18.26020.6-0\MpRtp.dll" "/messageFilePath:C:\ProgramData\Microsoft\Windows Defender\platform\4.18.26020.6-0\MpRtp.dll" "/parameterFilePath:C:\ProgramData\Microsoft\Windows Defender\platform\4.18.26020.6-0\MpRtp.dll"</Data><Data Name='CurrentDirectory'>C:\Windows\system32\</Data><Data Name='User'>NT AUTHORITY\SYSTEM</Data><Data Name='LogonGuid'>{2c24d1db-5d96-69ed-e703-000000000000}</Data><Data Name='LogonId'>0x3e7</Data><Data Name='TerminalSessionId'>0</Data><Data Name='IntegrityLevel'>System</Data><Data Name='Hashes'>MD5=1AAE26BD68B911D0420626A27070EB8D,SHA256=1256A1E89815AA5ADE26A8FDDDDEEBF056EB3D3A81EBFE0DD73636CC677A3D38,IMPHASH=ED2979722859B770F49D66059479B256</Data><Data Name='ParentProcessGuid'>{2c24d1db-ed28-69ec-4800-000000001700}</Data><Data Name='ParentProcessId'>2220</Data><Data Name='ParentImage'>C:\ProgramData\Microsoft\Windows Defender\Platform\4.18.26020.6-0\MsMpEng.exe</Data><Data Name='ParentCommandLine'>"C:\ProgramData\Microsoft\Windows Defender\platform\4.18.26020.6-0\MsMpEng.exe"</Data><Data Name='ParentUser'>NT AUTHORITY\SYSTEM</Data></EventData></Event>
<Event xmlns='http://schemas.microsoft.com/win/2004/08/events/event'><System><Provider Name='Microsoft-Windows-Sysmon' Guid='{5770385f-c22a-43e0-bf4c-06f5698ffbd9}'/><EventID>1</EventID><Version>5</Version><Level>4</Level><Task>1</Task><Opcode>0</Opcode><Keywords>0x8000000000000000</Keywords><TimeCreated SystemTime='2026-04-25T16:35:07.7842701Z'/><EventRecordID>1223</EventRecordID><Correlation/><Execution ProcessID='3064' ThreadID='3992'/><Channel>Microsoft-Windows-Sysmon/Operational</Channel><Computer>DESKTOP-7JEP204</Computer><Security UserID='S-1-5-18'/></System><EventData><Data Name='RuleName'>-</Data><Data Name='UtcTime'>2026-04-25 16:35:07.778</Data><Data Name='ProcessGuid'>{2c24d1db-ed3b-69ec-6800-000000001700}</Data><Data Name='ProcessId'>548</Data><Data Name='Image'>C:\Windows\System32\wevtutil.exe</Data><Data Name='FileVersion'>10.0.19041.1682 (WinBuild.160101.0800)</Data><Data Name='Description'>Eventing Command Line Utility</Data><Data Name='Product'>Microsoft® Windows® Operating System</Data><Data Name='Company'>Microsoft Corporation</Data><Data Name='OriginalFileName'>wevtutil.exe</Data><Data Name='CommandLine'>C:\Windows\system32\wevtutil.exe uninstall-manifest "C:\ProgramData\Microsoft\Windows Defender\platform\4.18.26020.6-0\Microsoft-Antimalware-Protection.man"</Data><Data Name='CurrentDirectory'>C:\Windows\system32\</Data><Data Name='User'>NT AUTHORITY\SYSTEM</Data><Data Name='LogonGuid'>{2c24d1db-5d96-69ed-e703-000000000000}</Data><Data Name='LogonId'>0x3e7</Data><Data Name='TerminalSessionId'>0</Data><Data Name='IntegrityLevel'>System</Data><Data Name='Hashes'>MD5=1AAE26BD68B911D0420626A27070EB8D,SHA256=1256A1E89815AA5ADE26A8FDDDDEEBF056EB3D3A81EBFE0DD73636CC677A3D38,IMPHASH=ED2979722859B770F49D66059479B256</Data><Data Name='ParentProcessGuid'>{2c24d1db-ed28-69ec-4800-000000001700}</Data><Data Name='ParentProcessId'>2220</Data><Data Name='ParentImage'>C:\ProgramData\Microsoft\Windows Defender\Platform\4.18.26020.6-0\MsMpEng.exe</Data><Data Name='ParentCommandLine'>"C:\ProgramData\Microsoft\Windows Defender\platform\4.18.26020.6-0\MsMpEng.exe"</Data><Data Name='ParentUser'>NT AUTHORITY\SYSTEM</Data></EventData></Event>
<Event xmlns='http://schemas.microsoft.com/win/2004/08/events/event'><System><Provider Name='Microsoft-Windows-Sysmon' Guid='{5770385f-c22a-43e0-bf4c-06f5698ffbd9}'/><EventID>1</EventID><Version>5</Version><Level>4</Level><Task>1</Task><Opcode>0</Opcode><Keywords>0x8000000000000000</Keywords><TimeCreated SystemTime='2026-04-25T16:35:08.5881249Z'/><EventRecordID>1224</EventRecordID><Correlation/><Execution ProcessID='3064' ThreadID='3992'/><Channel>Microsoft-Windows-Sysmon/Operational</Channel><Computer>DESKTOP-7JEP204</Computer><Security UserID='S-1-5-18'/></System><EventData><Data Name='RuleName'>-</Data><Data Name='UtcTime'>2026-04-25 16:35:08.576</Data><Data Name='ProcessGuid'>{2c24d1db-ed3c-69ec-6a00-000000001700}</Data><Data Name='ProcessId'>3200</Data><Data Name='Image'>C:\Windows\System32\wevtutil.exe</Data><Data Name='FileVersion'>10.0.19041.1682 (WinBuild.160101.0800)</Data><Data Name='Description'>Eventing Command Line Utility</Data><Data Name='Product'>Microsoft® Windows® Operating System</Data><Data Name='Company'>Microsoft Corporation</Data><Data Name='OriginalFileName'>wevtutil.exe</Data><Data Name='CommandLine'>C:\Windows\system32\wevtutil.exe install-manifest "C:\ProgramData\Microsoft\Windows Defender\platform\4.18.26020.6-0\Microsoft-Antimalware-Protection.man" "/resourceFilePath:C:\ProgramData\Microsoft\Windows Defender\platform\4.18.26020.6-0\MpClient.dll" "/messageFilePath:C:\ProgramData\Microsoft\Windows Defender\platform\4.18.26020.6-0\MpClient.dll" "/parameterFilePath:C:\ProgramData\Microsoft\Windows Defender\platform\4.18.26020.6-0\MpClient.dll"</Data><Data Name='CurrentDirectory'>C:\Windows\system32\</Data><Data Name='User'>NT AUTHORITY\SYSTEM</Data><Data Name='LogonGuid'>{2c24d1db-5d96-69ed-e703-000000000000}</Data><Data Name='LogonId'>0x3e7</Data><Data Name='TerminalSessionId'>0</Data><Data Name='IntegrityLevel'>System</Data><Data Name='Hashes'>MD5=1AAE26BD68B911D0420626A27070EB8D,SHA256=1256A1E89815AA5ADE26A8FDDDDEEBF056EB3D3A81EBFE0DD73636CC677A3D38,IMPHASH=ED2979722859B770F49D66059479B256</Data><Data Name='ParentProcessGuid'>{2c24d1db-ed28-69ec-4800-000000001700}</Data><Data Name='ParentProcessId'>2220</Data><Data Name='ParentImage'>C:\ProgramData\Microsoft\Windows Defender\Platform\4.18.26020.6-0\MsMpEng.exe</Data><Data Name='ParentCommandLine'>"C:\ProgramData\Microsoft\Windows Defender\platform\4.18.26020.6-0\MsMpEng.exe"</Data><Data Name='ParentUser'>NT AUTHORITY\SYSTEM</Data></EventData></Event>
<Event xmlns='http://schemas.microsoft.com/win/2004/08/events/event'><System><Provider Name='Microsoft-Windows-Sysmon' Guid='{5770385f-c22a-43e0-bf4c-06f5698ffbd9}'/><EventID>1</EventID><Version>5</Version><Level>4</Level><Task>1</Task><Opcode>0</Opcode><Keywords>0x8000000000000000</Keywords><TimeCreated SystemTime='2026-04-25T16:35:10.2417271Z'/><EventRecordID>1225</EventRecordID><Correlation/><Execution ProcessID='3064' ThreadID='3992'/><Channel>Microsoft-Windows-Sysmon/Operational</Channel><Computer>DESKTOP-7JEP204</Computer><Security UserID='S-1-5-18'/></System><EventData><Data Name='RuleName'>-</Data><Data Name='UtcTime'>2026-04-25 16:35:10.221</Data><Data Name='ProcessGuid'>{2c24d1db-ed3e-69ec-6c00-000000001700}</Data><Data Name='ProcessId'>4044</Data><Data Name='Image'>C:\Windows\Microsoft.NET\Framework64\v4.0.30319\ngentask.exe</Data><Data Name='FileVersion'>4.8.4320.0 built by: NET48REL1LAST_C</Data><Data Name='Description'>Microsoft .NET Framework optimization service</Data><Data Name='Product'>Microsoft® .NET Framework</Data><Data Name='Company'>Microsoft Corporation</Data><Data Name='OriginalFileName'>NGenTask.exe</Data><Data Name='CommandLine'>"C:\Windows\Microsoft.NET\Framework64\v4.0.30319\NGenTask.exe" /RuntimeWide /Critical /StopEvent:504</Data><Data Name='CurrentDirectory'>C:\Windows\system32\</Data><Data Name='User'>NT AUTHORITY\SYSTEM</Data><Data Name='LogonGuid'>{2c24d1db-5d96-69ed-e703-000000000000}</Data><Data Name='LogonId'>0x3e7</Data><Data Name='TerminalSessionId'>0</Data><Data Name='IntegrityLevel'>System</Data><Data Name='Hashes'>MD5=3142937610966B092CA8886C76A3B113,SHA256=FF70C1B71440E34931EB8EF97236F3CB2BB2668C72E7A3338660CED5C0753AF8,IMPHASH=00000000000000000000000000000000</Data><Data Name='ParentProcessGuid'>{2c24d1db-ed20-69ec-3000-000000001700}</Data><Data Name='ParentProcessId'>1652</Data><Data Name='ParentImage'>C:\Windows\System32\taskhostw.exe</Data><Data Name='ParentCommandLine'>taskhostw.exe {222A245B-E637-4AE9-A93F-A59CA119A75E}</Data><Data Name='ParentUser'>NT AUTHORITY\SYSTEM</Data></EventData></Event>
<Event xmlns='http://schemas.microsoft.com/win/2004/08/events/event'><System><Provider Name='Microsoft-Windows-Sysmon' Guid='{5770385f-c22a-43e0-bf4c-06f5698ffbd9}'/><EventID>1</EventID><Version>5</Version><Level>4</Level><Task>1</Task><Opcode>0</Opcode><Keywords>0x8000000000000000</Keywords><TimeCreated SystemTime='2026-04-25T16:35:10.3229089Z'/><EventRecordID>1226</EventRecordID><Correlation/><Execution ProcessID='3064' ThreadID='3992'/><Channel>Microsoft-Windows-Sysmon/Operational</Channel><Computer>DESKTOP-7JEP204</Computer><Security UserID='S-1-5-18'/></System><EventData><Data Name='RuleName'>-</Data><Data Name='UtcTime'>2026-04-25 16:35:10.277</Data><Data Name='ProcessGuid'>{2c24d1db-ed3e-69ec-6d00-000000001700}</Data><Data Name='ProcessId'>1412</Data><Data Name='Image'>C:\Windows\Microsoft.NET\Framework\v4.0.30319\ngentask.exe</Data><Data Name='FileVersion'>4.8.4320.0 built by: NET48REL1LAST_C</Data><Data Name='Description'>Microsoft .NET Framework optimization service</Data><Data Name='Product'>Microsoft® .NET Framework</Data><Data Name='Company'>Microsoft Corporation</Data><Data Name='OriginalFileName'>NGenTask.exe</Data><Data Name='CommandLine'>"C:\Windows\Microsoft.NET\Framework\v4.0.30319\NGenTask.exe" /RuntimeWide /Critical /StopEvent:972</Data><Data Name='CurrentDirectory'>C:\Windows\system32\</Data><Data Name='User'>NT AUTHORITY\SYSTEM</Data><Data Name='LogonGuid'>{2c24d1db-5d96-69ed-e703-000000000000}</Data><Data Name='LogonId'>0x3e7</Data><Data Name='TerminalSessionId'>0</Data><Data Name='IntegrityLevel'>System</Data><Data Name='Hashes'>MD5=AE933850C93D3B3001AB21BB65C3EFA1,SHA256=21CFA6BBC96779923E21CA05F14A32AB24CF45EB0C448AA0C4F60B71635924D8,IMPHASH=F34D5F2D4577ED6D9CEEC516C1F5A744</Data><Data Name='ParentProcessGuid'>{2c24d1db-ed20-69ec-3000-000000001700}</Data><Data Name='ParentProcessId'>1652</Data><Data Name='ParentImage'>C:\Windows\System32\taskhostw.exe</Data><Data Name='ParentCommandLine'>taskhostw.exe {222A245B-E637-4AE9-A93F-A59CA119A75E}</Data><Data Name='ParentUser'>NT AUTHORITY\SYSTEM</Data></EventData></Event>
<Event xmlns='http://schemas.microsoft.com/win/2004/08/events/event'><System><Provider Name='Microsoft-Windows-Sysmon' Guid='{5770385f-c22a-43e0-bf4c-06f5698ffbd9}'/><EventID>13</EventID><Version>2</Version><Level>4</Level><Task>13</Task><Opcode>0</Opcode><Keywords>0x8000000000000000</Keywords><TimeCreated SystemTime='2026-04-25T16:35:10.3241391Z'/><EventRecordID>1227</EventRecordID><Correlation/><Execution ProcessID='3064' ThreadID='3992'/><Channel>Microsoft-Windows-Sysmon/Operational</Channel><Computer>DESKTOP-7JEP204</Computer><Security UserID='S-1-5-18'/></System><EventData><Data Name='RuleName'>T1122</Data><Data Name='EventType'>SetValue</Data><Data Name='UtcTime'>2026-04-25 16:35:10.318</Data><Data Name='ProcessGuid'>{2c24d1db-ed28-69ec-4800-000000001700}</Data><Data Name='ProcessId'>2220</Data><Data Name='Image'>C:\ProgramData\Microsoft\Windows Defender\platform\4.18.26020.6-0\MsMpEng.exe</Data><Data Name='TargetObject'>HKCR\CLSID\{2DCD7FDB-8809-48E4-8E4F-3157C57CF987}\InprocServer32\(Default)</Data><Data Name='Details'>C:\ProgramData\Microsoft\Windows Defender\platform\4.18.26020.6-0\MPUXAGENT.DLL</Data><Data Name='User'>NT AUTHORITY\SYSTEM</Data></EventData></Event>
<Event xmlns='http://schemas.microsoft.com/win/2004/08/events/event'><System><Provider Name='Microsoft-Windows-Sysmon' Guid='{5770385f-c22a-43e0-bf4c-06f5698ffbd9}'/><EventID>13</EventID><Version>2</Version><Level>4</Level><Task>13</Task><Opcode>0</Opcode><Keywords>0x8000000000000000</Keywords><TimeCreated SystemTime='2026-04-25T16:35:10.3552359Z'/><EventRecordID>1228</EventRecordID><Correlation/><Execution ProcessID='3064' ThreadID='3992'/><Channel>Microsoft-Windows-Sysmon/Operational</Channel><Computer>DESKTOP-7JEP204</Computer><Security UserID='S-1-5-18'/></System><EventData><Data Name='RuleName'>T1122</Data><Data Name='EventType'>SetValue</Data><Data Name='UtcTime'>2026-04-25 16:35:10.338</Data><Data Name='ProcessGuid'>{2c24d1db-ed28-69ec-4800-000000001700}</Data><Data Name='ProcessId'>2220</Data><Data Name='Image'>C:\ProgramData\Microsoft\Windows Defender\platform\4.18.26020.6-0\MsMpEng.exe</Data><Data Name='TargetObject'>HKCR\CLSID\{4DB116D1-9B24-4DFC-946B-BFE03E852002}\InProcServer32\(Default)</Data><Data Name='Details'>C:\ProgramData\Microsoft\Windows Defender\platform\4.18.26020.6-0\MPUXAGENT.DLL</Data><Data Name='User'>NT AUTHORITY\SYSTEM</Data></EventData></Event>
<Event xmlns='http://schemas.microsoft.com/win/2004/08/events/event'><System><Provider Name='Microsoft-Windows-Sysmon' Guid='{5770385f-c22a-43e0-bf4c-06f5698ffbd9}'/><EventID>13</EventID><Version>2</Version><Level>4</Level><Task>13</Task><Opcode>0</Opcode><Keywords>0x8000000000000000</Keywords><TimeCreated SystemTime='2026-04-25T16:35:10.3576885Z'/><EventRecordID>1229</EventRecordID><Correlation/><Execution ProcessID='3064' ThreadID='3992'/><Channel>Microsoft-Windows-Sysmon/Operational</Channel><Computer>DESKTOP-7JEP204</Computer><Security UserID='S-1-5-18'/></System><EventData><Data Name='RuleName'>T1031,T1050</Data><Data Name='EventType'>SetValue</Data><Data Name='UtcTime'>2026-04-25 16:35:10.338</Data><Data Name='ProcessGuid'>{2c24d1db-5d96-69ed-0b00-000000001700}</Data><Data Name='ProcessId'>664</Data><Data Name='Image'>C:\Windows\system32\services.exe</Data><Data Name='TargetObject'>HKLM\System\CurrentControlSet\Services\MDCoreSvc\Start</Data><Data Name='Details'>DWORD (0x00000002)</Data><Data Name='User'>NT AUTHORITY\SYSTEM</Data></EventData></Event>
<Event xmlns='http://schemas.microsoft.com/win/2004/08/events/event'><System><Provider Name='Microsoft-Windows-Sysmon' Guid='{5770385f-c22a-43e0-bf4c-06f5698ffbd9}'/><EventID>13</EventID><Version>2</Version><Level>4</Level><Task>13</Task><Opcode>0</Opcode><Keywords>0x8000000000000000</Keywords><TimeCreated SystemTime='2026-04-25T16:35:10.5671094Z'/><EventRecordID>1230</EventRecordID><Correlation/><Execution ProcessID='3064' ThreadID='3992'/><Channel>Microsoft-Windows-Sysmon/Operational</Channel><Computer>DESKTOP-7JEP204</Computer><Security UserID='S-1-5-18'/></System><EventData><Data Name='RuleName'>-</Data><Data Name='EventType'>SetValue</Data><Data Name='UtcTime'>2026-04-25 16:35:10.550</Data><Data Name='ProcessGuid'>{2c24d1db-ed28-69ec-4800-000000001700}</Data><Data Name='ProcessId'>2220</Data><Data Name='Image'>C:\ProgramData\Microsoft\Windows Defender\platform\4.18.26020.6-0\MsMpEng.exe</Data><Data Name='TargetObject'>HKCR\*\shellex\ContextMenuHandlers\EPP\(Default)</Data><Data Name='Details'>{09A47860-11B0-4DA5-AFA5-26D86198A780}</Data><Data Name='User'>NT AUTHORITY\SYSTEM</Data></EventData></Event>
