<Event xmlns='http://schemas.microsoft.com/win/2004/08/events/event'><System><Provider Name='Microsoft-Windows-Sysmon' Guid='{5770385f-c22a-43e0-bf4c-06f5698ffbd9}'/><EventID>1</EventID><Version>5</Version><Level>4</Level><Task>1</Task><Opcode>0</Opcode><Keywords>0x8000000000000000</Keywords><TimeCreated SystemTime='2026-03-30T02:52:15.8113695Z'/><EventRecordID>31</EventRecordID><Correlation/><Execution ProcessID='808' ThreadID='7496'/><Channel>Microsoft-Windows-Sysmon/Operational</Channel><Computer>DESKTOP-7JEP204</Computer><Security UserID='S-1-5-18'/></System><EventData><Data Name='RuleName'>-</Data><Data Name='UtcTime'>2026-03-30 02:52:15.804</Data><Data Name='ProcessGuid'>{2c24d1db-e55f-69c9-1b01-000000001300}</Data><Data Name='ProcessId'>5116</Data><Data Name='Image'>C:\Users\User\AppData\Local\Programs\Python\Python314\python.exe</Data><Data Name='FileVersion'>3.14.3</Data><Data Name='Description'>Python</Data><Data Name='Product'>Python</Data><Data Name='Company'>Python Software Foundation</Data><Data Name='OriginalFileName'>python.exe</Data><Data Name='CommandLine'>python  agent.py</Data><Data Name='CurrentDirectory'>C:\Users\User\Desktop\</Data><Data Name='User'>DESKTOP-7JEP204\User</Data><Data Name='LogonGuid'>{2c24d1db-e289-69c9-5c0a-040000000000}</Data><Data Name='LogonId'>0x40a5c</Data><Data Name='TerminalSessionId'>1</Data><Data Name='IntegrityLevel'>High</Data><Data Name='Hashes'>MD5=39FB1E3B7EE5BD0EE1300F4824990B06,SHA256=CCE21C0E8710E304273E98AC4B2B0F5ACEB639ACBCD2343CBAA5C4E81619C45B,IMPHASH=A0FAD384DB41CC8B86FA51996BB88AC7</Data><Data Name='ParentProcessGuid'>{2c24d1db-e54a-69c9-1901-000000001300}</Data><Data Name='ParentProcessId'>7364</Data><Data Name='ParentImage'>C:\Windows\System32\cmd.exe</Data><Data Name='ParentCommandLine'>"C:\Windows\system32\cmd.exe" </Data><Data Name='ParentUser'>DESKTOP-7JEP204\User</Data></EventData></Event>
<Event xmlns='http://schemas.microsoft.com/win/2004/08/events/event'><System><Provider Name='Microsoft-Windows-Sysmon' Guid='{5770385f-c22a-43e0-bf4c-06f5698ffbd9}'/><EventID>1</EventID><Version>5</Version><Level>4</Level><Task>1</Task><Opcode>0</Opcode><Keywords>0x8000000000000000</Keywords><TimeCreated SystemTime='2026-03-30T02:52:52.1701377Z'/><EventRecordID>32</EventRecordID><Correlation/><Execution ProcessID='808' ThreadID='7496'/><Channel>Microsoft-Windows-Sysmon/Operational</Channel><Computer>DESKTOP-7JEP204</Computer><Security UserID='S-1-5-18'/></System><EventData><Data Name='RuleName'>-</Data><Data Name='UtcTime'>2026-03-30 02:52:52.142</Data><Data Name='ProcessGuid'>{2c24d1db-e584-69c9-1c01-000000001300}</Data><Data Name='ProcessId'>2168</Data><Data Name='Image'>C:\Windows\System32\svchost.exe</Data><Data Name='FileVersion'>10.0.19041.1806 (WinBuild.160101.0800)</Data><Data Name='Description'>Host Process for Windows Services</Data><Data Name='Product'>Microsoft® Windows® Operating System</Data><Data Name='Company'>Microsoft Corporation</Data><Data Name='OriginalFileName'>svchost.exe</Data><Data Name='CommandLine'>C:\Windows\system32\svchost.exe -k netsvcs -p -s DsmSvc</Data><Data Name='CurrentDirectory'>C:\Windows\system32\</Data><Data Name='User'>NT AUTHORITY\SYSTEM</Data><Data Name='LogonGuid'>{2c24d1db-52f9-69ca-e703-000000000000}</Data><Data Name='LogonId'>0x3e7</Data><Data Name='TerminalSessionId'>0</Data><Data Name='IntegrityLevel'>System</Data><Data Name='Hashes'>MD5=B7F884C1B74A263F746EE12A5F7C9F6A,SHA256=ADD683A6910ABBBF0E28B557FAD0BA998166394932AE2ACA069D9AA19EA8FE88,IMPHASH=247B9220E5D9B720A82B2C8B5069AD69</Data><Data Name='ParentProcessGuid'>{00000000-0000-0000-0000-000000000000}</Data><Data Name='ParentProcessId'>660</Data><Data Name='ParentImage'>-</Data><Data Name='ParentCommandLine'>-</Data><Data Name='ParentUser'>-</Data></EventData></Event>
<Event xmlns='http://schemas.microsoft.com/win/2004/08/events/event'><System><Provider Name='Microsoft-Windows-Sysmon' Guid='{5770385f-c22a-43e0-bf4c-06f5698ffbd9}'/><EventID>4</EventID><Version>3</Version><Level>4</Level><Task>4</Task><Opcode>0</Opcode><Keywords>0x8000000000000000</Keywords><TimeCreated SystemTime='2026-03-30T02:57:16.1491049Z'/><EventRecordID>33</EventRecordID><Correlation/><Execution ProcessID='2832' ThreadID='3692'/><Channel>Microsoft-Windows-Sysmon/Operational</Channel><Computer>DESKTOP-7JEP204</Computer><Security UserID='S-1-5-18'/></System><EventData><Data Name='UtcTime'>2026-03-30 02:57:16.134</Data><Data Name='State'>Started</Data><Data Name='Version'>15.20</Data><Data Name='SchemaVersion'>4.91</Data></EventData></Event>
<Event xmlns='http://schemas.microsoft.com/win/2004/08/events/event'><System><Provider Name='Microsoft-Windows-Sysmon' Guid='{5770385f-c22a-43e0-bf4c-06f5698ffbd9}'/><EventID>13</EventID><Version>2</Version><Level>4</Level><Task>13</Task><Opcode>0</Opcode><Keywords>0x8000000000000000</Keywords><TimeCreated SystemTime='2026-03-30T02:57:16.1714667Z'/><EventRecordID>34</EventRecordID><Correlation/><Execution ProcessID='2832' ThreadID='3692'/><Channel>Microsoft-Windows-Sysmon/Operational</Channel><Computer>DESKTOP-7JEP204</Computer><Security UserID='S-1-5-18'/></System><EventData><Data Name='RuleName'>Context,DeviceConnectedOrUpdated</Data><Data Name='EventType'>SetValue</Data><Data Name='UtcTime'>2026-03-30 10:56:57.908</Data><Data Name='ProcessGuid'>{2c24d1db-56f9-69ca-eb03-000000000000}</Data><Data Name='ProcessId'>4</Data><Data Name='Image'>System</Data><Data Name='TargetObject'>HKLM\System\CurrentControlSet\Control\DeviceClasses\{0a4252a0-7e70-11d0-a5d6-28db04c10000}\##?#ROOT#SYSTEM#0000#{0a4252a0-7e70-11d0-a5d6-28db04c10000}\#{cfd669f1-9bc2-11d0-8299-0000f822fe8a}&amp;{0A4252A0-7E70-11D0-A5D6-28DB04C10000}\Device Parameters\FriendlyName</Data><Data Name='Details'>Tee/Sink-to-Sink Converter</Data><Data Name='User'>NT AUTHORITY\SYSTEM</Data></EventData></Event>
<Event xmlns='http://schemas.microsoft.com/win/2004/08/events/event'><System><Provider Name='Microsoft-Windows-Sysmon' Guid='{5770385f-c22a-43e0-bf4c-06f5698ffbd9}'/><EventID>13</EventID><Version>2</Version><Level>4</Level><Task>13</Task><Opcode>0</Opcode><Keywords>0x8000000000000000</Keywords><TimeCreated SystemTime='2026-03-30T02:57:16.1716687Z'/><EventRecordID>35</EventRecordID><Correlation/><Execution ProcessID='2832' ThreadID='3692'/><Channel>Microsoft-Windows-Sysmon/Operational</Channel><Computer>DESKTOP-7JEP204</Computer><Security UserID='S-1-5-18'/></System><EventData><Data Name='RuleName'>Context,DeviceConnectedOrUpdated</Data><Data Name='EventType'>SetValue</Data><Data Name='UtcTime'>2026-03-30 10:56:57.908</Data><Data Name='ProcessGuid'>{2c24d1db-56f9-69ca-eb03-000000000000}</Data><Data Name='ProcessId'>4</Data><Data Name='Image'>System</Data><Data Name='TargetObject'>HKLM\System\CurrentControlSet\Control\DeviceClasses\{cf1dda2c-9743-11d0-a3ee-00a0c9223196}\##?#ROOT#SYSTEM#0000#{cf1dda2c-9743-11d0-a3ee-00a0c9223196}\#{cfd669f1-9bc2-11d0-8299-0000f822fe8a}&amp;{CF1DDA2C-9743-11D0-A3EE-00A0C9223196}\Device Parameters\FriendlyName</Data><Data Name='Details'>Tee/Sink-to-Sink Converter</Data><Data Name='User'>NT AUTHORITY\SYSTEM</Data></EventData></Event>
<Event xmlns='http://schemas.microsoft.com/win/2004/08/events/event'><System><Provider Name='Microsoft-Windows-Sysmon' Guid='{5770385f-c22a-43e0-bf4c-06f5698ffbd9}'/><EventID>13</EventID><Version>2</Version><Level>4</Level><Task>13</Task><Opcode>0</Opcode><Keywords>0x8000000000000000</Keywords><TimeCreated SystemTime='2026-03-30T02:57:16.1719126Z'/><EventRecordID>36</EventRecordID><Correlation/><Execution ProcessID='2832' ThreadID='3692'/><Channel>Microsoft-Windows-Sysmon/Operational</Channel><Computer>DESKTOP-7JEP204</Computer><Security UserID='S-1-5-18'/></System><EventData><Data Name='RuleName'>Context,DeviceConnectedOrUpdated</Data><Data Name='EventType'>SetValue</Data><Data Name='UtcTime'>2026-03-30 10:56:57.908</Data><Data Name='ProcessGuid'>{2c24d1db-56f9-69ca-eb03-000000000000}</Data><Data Name='ProcessId'>4</Data><Data Name='Image'>System</Data><Data Name='TargetObject'>HKLM\System\CurrentControlSet\Control\DeviceClasses\{ffbb6e3f-ccfe-4d84-90d9-421418b03a8e}\##?#ROOT#SYSTEM#0000#{ffbb6e3f-ccfe-4d84-90d9-421418b03a8e}\#{EEC12DB6-AD9C-4168-8658-B03DAEF417FE}&amp;{ABD61E00-9350-47e2-A632-4438B90C6641}\Device Parameters\FriendlyName</Data><Data Name='Details'>Microsoft Trusted Audio Drivers</Data><Data Name='User'>NT AUTHORITY\SYSTEM</Data></EventData></Event>
<Event xmlns='http://schemas.microsoft.com/win/2004/08/events/event'><System><Provider Name='Microsoft-Windows-Sysmon' Guid='{5770385f-c22a-43e0-bf4c-06f5698ffbd9}'/><EventID>1</EventID><Version>5</Version><Level>4</Level><Task>1</Task><Opcode>0</Opcode><Keywords>0x8000000000000000</Keywords><TimeCreated SystemTime='2026-03-30T02:57:16.2124094Z'/><EventRecordID>37</EventRecordID><Correlation/><Execution ProcessID='2832' ThreadID='3692'/><Channel>Microsoft-Windows-Sysmon/Operational</Channel><Computer>DESKTOP-7JEP204</Computer><Security UserID='S-1-5-18'/></System><EventData><Data Name='RuleName'>-</Data><Data Name='UtcTime'>2026-03-30 10:57:04.648</Data><Data Name='ProcessGuid'>{2c24d1db-5700-69ca-0500-000000001400}</Data><Data Name='ProcessId'>432</Data><Data Name='Image'>C:\Windows\System32\smss.exe</Data><Data Name='FileVersion'>10.0.19041.964 (WinBuild.160101.0800)</Data><Data Name='Description'>Windows Session Manager</Data><Data Name='Product'>Microsoft® Windows® Operating System</Data><Data Name='Company'>Microsoft Corporation</Data><Data Name='OriginalFileName'>smss.exe</Data><Data Name='CommandLine'>\SystemRoot\System32\smss.exe 00000080 00000084 </Data><Data Name='CurrentDirectory'>C:\Windows\</Data><Data Name='User'>NT AUTHORITY\SYSTEM</Data><Data Name='LogonGuid'>{2c24d1db-5703-69ca-e703-000000000000}</Data><Data Name='LogonId'>0x3e7</Data><Data Name='TerminalSessionId'>0</Data><Data Name='IntegrityLevel'>System</Data><Data Name='Hashes'>MD5=2C3F91BB4C0994A7B36ED0B6B14EC9C7,SHA256=56AFE5133FDC5806EC6B19436F7B55F1499CFC94619740C171424FBCF7808FD3,IMPHASH=67B500D64F6BDF6FFD6C4F7F4DE9FDA6</Data><Data Name='ParentProcessGuid'>{2c24d1db-56f9-69ca-0300-000000001400}</Data><Data Name='ParentProcessId'>348</Data><Data Name='ParentImage'>C:\Windows\System32\smss.exe</Data><Data Name='ParentCommandLine'>\SystemRoot\System32\smss.exe</Data><Data Name='ParentUser'>NT AUTHORITY\SYSTEM</Data></EventData></Event>
<Event xmlns='http://schemas.microsoft.com/win/2004/08/events/event'><System><Provider Name='Microsoft-Windows-Sysmon' Guid='{5770385f-c22a-43e0-bf4c-06f5698ffbd9}'/><EventID>1</EventID><Version>5</Version><Level>4</Level><Task>1</Task><Opcode>0</Opcode><Keywords>0x8000000000000000</Keywords><TimeCreated SystemTime='2026-03-30T02:57:16.2137798Z'/><EventRecordID>38</EventRecordID><Correlation/><Execution ProcessID='2832' ThreadID='3692'/><Channel>Microsoft-Windows-Sysmon/Operational</Channel><Computer>DESKTOP-7JEP204</Computer><Security UserID='S-1-5-18'/></System><EventData><Data Name='RuleName'>-</Data><Data Name='UtcTime'>2026-03-30 10:57:04.839</Data><Data Name='ProcessGuid'>{2c24d1db-5700-69ca-0600-000000001400}</Data><Data Name='ProcessId'>444</Data><Data Name='Image'>C:\Windows\System32\csrss.exe</Data><Data Name='FileVersion'>10.0.19041.546 (WinBuild.160101.0800)</Data><Data Name='Description'>Client Server Runtime Process</Data><Data Name='Product'>Microsoft® Windows® Operating System</Data><Data Name='Company'>Microsoft Corporation</Data><Data Name='OriginalFileName'>CSRSS.Exe</Data><Data Name='CommandLine'>%%SystemRoot%%\system32\csrss.exe ObjectDirectory=\Windows SharedSection=1024,20480,768 Windows=On SubSystemType=Windows ServerDll=basesrv,1 ServerDll=winsrv:UserServerDllInitialization,3 ServerDll=sxssrv,4 ProfileControl=Off MaxRequestThreads=16</Data><Data Name='CurrentDirectory'>C:\Windows\system32\</Data><Data Name='User'>NT AUTHORITY\SYSTEM</Data><Data Name='LogonGuid'>{2c24d1db-5703-69ca-e703-000000000000}</Data><Data Name='LogonId'>0x3e7</Data><Data Name='TerminalSessionId'>0</Data><Data Name='IntegrityLevel'>System</Data><Data Name='Hashes'>MD5=72565E7A0145E0657E586F6CF7696DC7,SHA256=6F1C9B4C187669BC0371260D121CAF48D65F829A9104C483BEFBD8FC0BED24F5,IMPHASH=A96FA9912E09E361274AD77F1A4B252C</Data><Data Name='ParentProcessGuid'>{2c24d1db-5700-69ca-0500-000000001400}</Data><Data Name='ParentProcessId'>432</Data><Data Name='ParentImage'>C:\Windows\System32\smss.exe</Data><Data Name='ParentCommandLine'>\SystemRoot\System32\smss.exe 00000080 00000084 </Data><Data Name='ParentUser'>NT AUTHORITY\SYSTEM</Data></EventData></Event>
<Event xmlns='http://schemas.microsoft.com/win/2004/08/events/event'><System><Provider Name='Microsoft-Windows-Sysmon' Guid='{5770385f-c22a-43e0-bf4c-06f5698ffbd9}'/><EventID>1</EventID><Version>5</Version><Level>4</Level><Task>1</Task><Opcode>0</Opcode><Keywords>0x8000000000000000</Keywords><TimeCreated SystemTime='2026-03-30T02:57:16.2168413Z'/><EventRecordID>39</EventRecordID><Correlation/><Execution ProcessID='2832' ThreadID='3692'/><Channel>Microsoft-Windows-Sysmon/Operational</Channel><Computer>DESKTOP-7JEP204</Computer><Security UserID='S-1-5-18'/></System><EventData><Data Name='RuleName'>-</Data><Data Name='UtcTime'>2026-03-30 10:57:06.600</Data><Data Name='ProcessGuid'>{2c24d1db-5702-69ca-0700-000000001400}</Data><Data Name='ProcessId'>512</Data><Data Name='Image'>C:\Windows\System32\smss.exe</Data><Data Name='FileVersion'>10.0.19041.964 (WinBuild.160101.0800)</Data><Data Name='Description'>Windows Session Manager</Data><Data Name='Product'>Microsoft® Windows® Operating System</Data><Data Name='Company'>Microsoft Corporation</Data><Data Name='OriginalFileName'>smss.exe</Data><Data Name='CommandLine'>\SystemRoot\System32\smss.exe 000000d8 00000084 </Data><Data Name='CurrentDirectory'>C:\Windows\</Data><Data Name='User'>NT AUTHORITY\SYSTEM</Data><Data Name='LogonGuid'>{2c24d1db-5703-69ca-e703-000000000000}</Data><Data Name='LogonId'>0x3e7</Data><Data Name='TerminalSessionId'>1</Data><Data Name='IntegrityLevel'>System</Data><Data Name='Hashes'>MD5=2C3F91BB4C0994A7B36ED0B6B14EC9C7,SHA256=56AFE5133FDC5806EC6B19436F7B55F1499CFC94619740C171424FBCF7808FD3,IMPHASH=67B500D64F6BDF6FFD6C4F7F4DE9FDA6</Data><Data Name='ParentProcessGuid'>{2c24d1db-56f9-69ca-0300-000000001400}</Data><Data Name='ParentProcessId'>348</Data><Data Name='ParentImage'>C:\Windows\System32\smss.exe</Data><Data Name='ParentCommandLine'>\SystemRoot\System32\smss.exe</Data><Data Name='ParentUser'>NT AUTHORITY\SYSTEM</Data></EventData></Event>
<Event xmlns='http://schemas.microsoft.com/win/2004/08/events/event'><System><Provider Name='Microsoft-Windows-Sysmon' Guid='{5770385f-c22a-43e0-bf4c-06f5698ffbd9}'/><EventID>1</EventID><Version>5</Version><Level>4</Level><Task>1</Task><Opcode>0</Opcode><Keywords>0x8000000000000000</Keywords><TimeCreated SystemTime='2026-03-30T02:57:16.2172498Z'/><EventRecordID>40</EventRecordID><Correlation/><Execution ProcessID='2832' ThreadID='3692'/><Channel>Microsoft-Windows-Sysmon/Operational</Channel><Computer>DESKTOP-7JEP204</Computer><Security UserID='S-1-5-18'/></System><EventData><Data Name='RuleName'>-</Data><Data Name='UtcTime'>2026-03-30 10:57:06.608</Data><Data Name='ProcessGuid'>{2c24d1db-5702-69ca-0800-000000001400}</Data><Data Name='ProcessId'>520</Data><Data Name='Image'>C:\Windows\System32\wininit.exe</Data><Data Name='FileVersion'>10.0.19041.1620 (WinBuild.160101.0800)</Data><Data Name='Description'>Windows Start-Up Application</Data><Data Name='Product'>Microsoft® Windows® Operating System</Data><Data Name='Company'>Microsoft Corporation</Data><Data Name='OriginalFileName'>WinInit.exe</Data><Data Name='CommandLine'>wininit.exe</Data><Data Name='CurrentDirectory'>C:\Windows\system32\</Data><Data Name='User'>NT AUTHORITY\SYSTEM</Data><Data Name='LogonGuid'>{2c24d1db-5703-69ca-e703-000000000000}</Data><Data Name='LogonId'>0x3e7</Data><Data Name='TerminalSessionId'>0</Data><Data Name='IntegrityLevel'>System</Data><Data Name='Hashes'>MD5=3588C1AC44DCE86A043310B07679C508,SHA256=FE7A0B26E504062B3A424D540E3F1F5CAB8F2DB5A421FBBB8B779122D11BD2AF,IMPHASH=5DD14AFAB46B0C83EA7A6093D7355FA9</Data><Data Name='ParentProcessGuid'>{2c24d1db-5700-69ca-0500-000000001400}</Data><Data Name='ParentProcessId'>432</Data><Data Name='ParentImage'>C:\Windows\System32\smss.exe</Data><Data Name='ParentCommandLine'>\SystemRoot\System32\smss.exe 00000080 00000084 </Data><Data Name='ParentUser'>NT AUTHORITY\SYSTEM</Data></EventData></Event>
<Event xmlns='http://schemas.microsoft.com/win/2004/08/events/event'><System><Provider Name='Microsoft-Windows-Sysmon' Guid='{5770385f-c22a-43e0-bf4c-06f5698ffbd9}'/><EventID>1</EventID><Version>5</Version><Level>4</Level><Task>1</Task><Opcode>0</Opcode><Keywords>0x8000000000000000</Keywords><TimeCreated SystemTime='2026-03-30T02:57:16.2176775Z'/><EventRecordID>41</EventRecordID><Correlation/><Execution ProcessID='2832' ThreadID='3692'/><Channel>Microsoft-Windows-Sysmon/Operational</Channel><Computer>DESKTOP-7JEP204</Computer><Security UserID='S-1-5-18'/></System><EventData><Data Name='RuleName'>-</Data><Data Name='UtcTime'>2026-03-30 10:57:06.633</Data><Data Name='ProcessGuid'>{2c24d1db-5702-69ca-0900-000000001400}</Data><Data Name='ProcessId'>528</Data><Data Name='Image'>C:\Windows\System32\csrss.exe</Data><Data Name='FileVersion'>10.0.19041.546 (WinBuild.160101.0800)</Data><Data Name='Description'>Client Server Runtime Process</Data><Data Name='Product'>Microsoft® Windows® Operating System</Data><Data Name='Company'>Microsoft Corporation</Data><Data Name='OriginalFileName'>CSRSS.Exe</Data><Data Name='CommandLine'>%%SystemRoot%%\system32\csrss.exe ObjectDirectory=\Windows SharedSection=1024,20480,768 Windows=On SubSystemType=Windows ServerDll=basesrv,1 ServerDll=winsrv:UserServerDllInitialization,3 ServerDll=sxssrv,4 ProfileControl=Off MaxRequestThreads=16</Data><Data Name='CurrentDirectory'>C:\Windows\system32\</Data><Data Name='User'>NT AUTHORITY\SYSTEM</Data><Data Name='LogonGuid'>{2c24d1db-5703-69ca-e703-000000000000}</Data><Data Name='LogonId'>0x3e7</Data><Data Name='TerminalSessionId'>1</Data><Data Name='IntegrityLevel'>System</Data><Data Name='Hashes'>MD5=72565E7A0145E0657E586F6CF7696DC7,SHA256=6F1C9B4C187669BC0371260D121CAF48D65F829A9104C483BEFBD8FC0BED24F5,IMPHASH=A96FA9912E09E361274AD77F1A4B252C</Data><Data Name='ParentProcessGuid'>{2c24d1db-5702-69ca-0700-000000001400}</Data><Data Name='ParentProcessId'>512</Data><Data Name='ParentImage'>C:\Windows\System32\smss.exe</Data><Data Name='ParentCommandLine'>\SystemRoot\System32\smss.exe 000000d8 00000084 </Data><Data Name='ParentUser'>NT AUTHORITY\SYSTEM</Data></EventData></Event>
<Event xmlns='http://schemas.microsoft.com/win/2004/08/events/event'><System><Provider Name='Microsoft-Windows-Sysmon' Guid='{5770385f-c22a-43e0-bf4c-06f5698ffbd9}'/><EventID>1</EventID><Version>5</Version><Level>4</Level><Task>1</Task><Opcode>0</Opcode><Keywords>0x8000000000000000</Keywords><TimeCreated SystemTime='2026-03-30T02:57:16.2199340Z'/><EventRecordID>42</EventRecordID><Correlation/><Execution ProcessID='2832' ThreadID='3692'/><Channel>Microsoft-Windows-Sysmon/Operational</Channel><Computer>DESKTOP-7JEP204</Computer><Security UserID='S-1-5-18'/></System><EventData><Data Name='RuleName'>-</Data><Data Name='UtcTime'>2026-03-30 10:57:06.802</Data><Data Name='ProcessGuid'>{2c24d1db-5702-69ca-0a00-000000001400}</Data><Data Name='ProcessId'>592</Data><Data Name='Image'>C:\Windows\System32\winlogon.exe</Data><Data Name='FileVersion'>10.0.19041.1865 (WinBuild.160101.0800)</Data><Data Name='Description'>Windows Logon Application</Data><Data Name='Product'>Microsoft® Windows® Operating System</Data><Data Name='Company'>Microsoft Corporation</Data><Data Name='OriginalFileName'>WINLOGON.EXE</Data><Data Name='CommandLine'>winlogon.exe</Data><Data Name='CurrentDirectory'>C:\Windows\system32\</Data><Data Name='User'>NT AUTHORITY\SYSTEM</Data><Data Name='LogonGuid'>{2c24d1db-5703-69ca-e703-000000000000}</Data><Data Name='LogonId'>0x3e7</Data><Data Name='TerminalSessionId'>1</Data><Data Name='IntegrityLevel'>System</Data><Data Name='Hashes'>MD5=F8B41A1B3E569E7E6F990567F21DCE97,SHA256=D90D8D9A6B60071347891B312DF0AE13E5CF40BC554EC75BCA2F2444C589F1E5,IMPHASH=C399754881779489CBD0F5D180C41465</Data><Data Name='ParentProcessGuid'>{2c24d1db-5702-69ca-0700-000000001400}</Data><Data Name='ParentProcessId'>512</Data><Data Name='ParentImage'>C:\Windows\System32\smss.exe</Data><Data Name='ParentCommandLine'>\SystemRoot\System32\smss.exe 000000d8 00000084 </Data><Data Name='ParentUser'>NT AUTHORITY\SYSTEM</Data></EventData></Event>
<Event xmlns='http://schemas.microsoft.com/win/2004/08/events/event'><System><Provider Name='Microsoft-Windows-Sysmon' Guid='{5770385f-c22a-43e0-bf4c-06f5698ffbd9}'/><EventID>1</EventID><Version>5</Version><Level>4</Level><Task>1</Task><Opcode>0</Opcode><Keywords>0x8000000000000000</Keywords><TimeCreated SystemTime='2026-03-30T02:57:16.2203258Z'/><EventRecordID>43</EventRecordID><Correlation/><Execution ProcessID='2832' ThreadID='3692'/><Channel>Microsoft-Windows-Sysmon/Operational</Channel><Computer>DESKTOP-7JEP204</Computer><Security UserID='S-1-5-18'/></System><EventData><Data Name='RuleName'>-</Data><Data Name='UtcTime'>2026-03-30 10:57:06.974</Data><Data Name='ProcessGuid'>{2c24d1db-5702-69ca-0b00-000000001400}</Data><Data Name='ProcessId'>660</Data><Data Name='Image'>C:\Windows\System32\services.exe</Data><Data Name='FileVersion'>10.0.19041.928 (WinBuild.160101.0800)</Data><Data Name='Description'>Services and Controller app</Data><Data Name='Product'>Microsoft® Windows® Operating System</Data><Data Name='Company'>Microsoft Corporation</Data><Data Name='OriginalFileName'>services.exe</Data><Data Name='CommandLine'>C:\Windows\system32\services.exe</Data><Data Name='CurrentDirectory'>C:\Windows\system32\</Data><Data Name='User'>NT AUTHORITY\SYSTEM</Data><Data Name='LogonGuid'>{2c24d1db-5703-69ca-e703-000000000000}</Data><Data Name='LogonId'>0x3e7</Data><Data Name='TerminalSessionId'>0</Data><Data Name='IntegrityLevel'>System</Data><Data Name='Hashes'>MD5=D8E577BF078C45954F4531885478D5A9,SHA256=DFBEA9E8C316D9BC118B454B0C722CD674C30D0A256340200E2C3A7480CBA674,IMPHASH=D1098E3A37F227B6FF6BD36C1801EDFA</Data><Data Name='ParentProcessGuid'>{2c24d1db-5702-69ca-0800-000000001400}</Data><Data Name='ParentProcessId'>520</Data><Data Name='ParentImage'>C:\Windows\System32\wininit.exe</Data><Data Name='ParentCommandLine'>wininit.exe</Data><Data Name='ParentUser'>NT AUTHORITY\SYSTEM</Data></EventData></Event>
<Event xmlns='http://schemas.microsoft.com/win/2004/08/events/event'><System><Provider Name='Microsoft-Windows-Sysmon' Guid='{5770385f-c22a-43e0-bf4c-06f5698ffbd9}'/><EventID>1</EventID><Version>5</Version><Level>4</Level><Task>1</Task><Opcode>0</Opcode><Keywords>0x8000000000000000</Keywords><TimeCreated SystemTime='2026-03-30T02:57:16.2205307Z'/><EventRecordID>44</EventRecordID><Correlation/><Execution ProcessID='2832' ThreadID='3692'/><Channel>Microsoft-Windows-Sysmon/Operational</Channel><Computer>DESKTOP-7JEP204</Computer><Security UserID='S-1-5-18'/></System><EventData><Data Name='RuleName'>-</Data><Data Name='UtcTime'>2026-03-30 10:57:07.038</Data><Data Name='ProcessGuid'>{2c24d1db-5703-69ca-0c00-000000001400}</Data><Data Name='ProcessId'>668</Data><Data Name='Image'>C:\Windows\System32\lsass.exe</Data><Data Name='FileVersion'>10.0.19041.1586 (WinBuild.160101.0800)</Data><Data Name='Description'>Local Security Authority Process</Data><Data Name='Product'>Microsoft® Windows® Operating System</Data><Data Name='Company'>Microsoft Corporation</Data><Data Name='OriginalFileName'>lsass.exe</Data><Data Name='CommandLine'>C:\Windows\system32\lsass.exe</Data><Data Name='CurrentDirectory'>C:\Windows\system32\</Data><Data Name='User'>NT AUTHORITY\SYSTEM</Data><Data Name='LogonGuid'>{2c24d1db-5703-69ca-e703-000000000000}</Data><Data Name='LogonId'>0x3e7</Data><Data Name='TerminalSessionId'>0</Data><Data Name='IntegrityLevel'>System</Data><Data Name='Hashes'>MD5=A1CC00332BBF370654EE3DC8CDC8C95A,SHA256=E69356111240657E6435EDF2E3A4BBAC9C89957EF2D34FC620B8B7DBF564A862,IMPHASH=3924D1606F44D90586A3EC75785C2730</Data><Data Name='ParentProcessGuid'>{2c24d1db-5702-69ca-0800-000000001400}</Data><Data Name='ParentProcessId'>520</Data><Data Name='ParentImage'>C:\Windows\System32\wininit.exe</Data><Data Name='ParentCommandLine'>wininit.exe</Data><Data Name='ParentUser'>NT AUTHORITY\SYSTEM</Data></EventData></Event>
<Event xmlns='http://schemas.microsoft.com/win/2004/08/events/event'><System><Provider Name='Microsoft-Windows-Sysmon' Guid='{5770385f-c22a-43e0-bf4c-06f5698ffbd9}'/><EventID>13</EventID><Version>2</Version><Level>4</Level><Task>13</Task><Opcode>0</Opcode><Keywords>0x8000000000000000</Keywords><TimeCreated SystemTime='2026-03-30T02:57:16.2237160Z'/><EventRecordID>45</EventRecordID><Correlation/><Execution ProcessID='2832' ThreadID='3692'/><Channel>Microsoft-Windows-Sysmon/Operational</Channel><Computer>DESKTOP-7JEP204</Computer><Security UserID='S-1-5-18'/></System><EventData><Data Name='RuleName'>T1101</Data><Data Name='EventType'>SetValue</Data><Data Name='UtcTime'>2026-03-30 10:57:07.705</Data><Data Name='ProcessGuid'>{2c24d1db-5703-69ca-0c00-000000001400}</Data><Data Name='ProcessId'>668</Data><Data Name='Image'>C:\Windows\system32\lsass.exe</Data><Data Name='TargetObject'>HKLM\System\CurrentControlSet\Control\Lsa\LsaCfgFlagsDefault</Data><Data Name='Details'>DWORD (0x00000000)</Data><Data Name='User'>NT AUTHORITY\SYSTEM</Data></EventData></Event>
<Event xmlns='http://schemas.microsoft.com/win/2004/08/events/event'><System><Provider Name='Microsoft-Windows-Sysmon' Guid='{5770385f-c22a-43e0-bf4c-06f5698ffbd9}'/><EventID>13</EventID><Version>2</Version><Level>4</Level><Task>13</Task><Opcode>0</Opcode><Keywords>0x8000000000000000</Keywords><TimeCreated SystemTime='2026-03-30T02:57:16.2244831Z'/><EventRecordID>46</EventRecordID><Correlation/><Execution ProcessID='2832' ThreadID='3692'/><Channel>Microsoft-Windows-Sysmon/Operational</Channel><Computer>DESKTOP-7JEP204</Computer><Security UserID='S-1-5-18'/></System><EventData><Data Name='RuleName'>T1101</Data><Data Name='EventType'>SetValue</Data><Data Name='UtcTime'>2026-03-30 10:57:08.392</Data><Data Name='ProcessGuid'>{2c24d1db-5703-69ca-0c00-000000001400}</Data><Data Name='ProcessId'>668</Data><Data Name='Image'>C:\Windows\system32\lsass.exe</Data><Data Name='TargetObject'>HKLM\System\CurrentControlSet\Control\Lsa\ProductType</Data><Data Name='Details'>DWORD (0x00000004)</Data><Data Name='User'>NT AUTHORITY\SYSTEM</Data></EventData></Event>
<Event xmlns='http://schemas.microsoft.com/win/2004/08/events/event'><System><Provider Name='Microsoft-Windows-Sysmon' Guid='{5770385f-c22a-43e0-bf4c-06f5698ffbd9}'/><EventID>1</EventID><Version>5</Version><Level>4</Level><Task>1</Task><Opcode>0</Opcode><Keywords>0x8000000000000000</Keywords><TimeCreated SystemTime='2026-03-30T02:57:16.2359070Z'/><EventRecordID>47</EventRecordID><Correlation/><Execution ProcessID='2832' ThreadID='3692'/><Channel>Microsoft-Windows-Sysmon/Operational</Channel><Computer>DESKTOP-7JEP204</Computer><Security UserID='S-1-5-18'/></System><EventData><Data Name='RuleName'>-</Data><Data Name='UtcTime'>2026-03-30 10:57:08.460</Data><Data Name='ProcessGuid'>{2c24d1db-5704-69ca-0d00-000000001400}</Data><Data Name='ProcessId'>780</Data><Data Name='Image'>C:\Windows\System32\svchost.exe</Data><Data Name='FileVersion'>10.0.19041.1806 (WinBuild.160101.0800)</Data><Data Name='Description'>Host Process for Windows Services</Data><Data Name='Product'>Microsoft® Windows® Operating System</Data><Data Name='Company'>Microsoft Corporation</Data><Data Name='OriginalFileName'>svchost.exe</Data><Data Name='CommandLine'>C:\Windows\system32\svchost.exe -k DcomLaunch -p</Data><Data Name='CurrentDirectory'>C:\Windows\system32\</Data><Data Name='User'>NT AUTHORITY\SYSTEM</Data><Data Name='LogonGuid'>{2c24d1db-5703-69ca-e703-000000000000}</Data><Data Name='LogonId'>0x3e7</Data><Data Name='TerminalSessionId'>0</Data><Data Name='IntegrityLevel'>System</Data><Data Name='Hashes'>MD5=B7F884C1B74A263F746EE12A5F7C9F6A,SHA256=ADD683A6910ABBBF0E28B557FAD0BA998166394932AE2ACA069D9AA19EA8FE88,IMPHASH=247B9220E5D9B720A82B2C8B5069AD69</Data><Data Name='ParentProcessGuid'>{2c24d1db-5702-69ca-0b00-000000001400}</Data><Data Name='ParentProcessId'>660</Data><Data Name='ParentImage'>C:\Windows\System32\services.exe</Data><Data Name='ParentCommandLine'>C:\Windows\system32\services.exe</Data><Data Name='ParentUser'>NT AUTHORITY\SYSTEM</Data></EventData></Event>
<Event xmlns='http://schemas.microsoft.com/win/2004/08/events/event'><System><Provider Name='Microsoft-Windows-Sysmon' Guid='{5770385f-c22a-43e0-bf4c-06f5698ffbd9}'/><EventID>1</EventID><Version>5</Version><Level>4</Level><Task>1</Task><Opcode>0</Opcode><Keywords>0x8000000000000000</Keywords><TimeCreated SystemTime='2026-03-30T02:57:16.2400876Z'/><EventRecordID>48</EventRecordID><Correlation/><Execution ProcessID='2832' ThreadID='3692'/><Channel>Microsoft-Windows-Sysmon/Operational</Channel><Computer>DESKTOP-7JEP204</Computer><Security UserID='S-1-5-18'/></System><EventData><Data Name='RuleName'>-</Data><Data Name='UtcTime'>2026-03-30 10:57:08.757</Data><Data Name='ProcessGuid'>{2c24d1db-5704-69ca-1000-000000001400}</Data><Data Name='ProcessId'>900</Data><Data Name='Image'>C:\Windows\System32\svchost.exe</Data><Data Name='FileVersion'>10.0.19041.1806 (WinBuild.160101.0800)</Data><Data Name='Description'>Host Process for Windows Services</Data><Data Name='Product'>Microsoft® Windows® Operating System</Data><Data Name='Company'>Microsoft Corporation</Data><Data Name='OriginalFileName'>svchost.exe</Data><Data Name='CommandLine'>C:\Windows\system32\svchost.exe -k RPCSS -p</Data><Data Name='CurrentDirectory'>C:\Windows\system32\</Data><Data Name='User'>NT AUTHORITY\NETWORK SERVICE</Data><Data Name='LogonGuid'>{2c24d1db-5704-69ca-e403-000000000000}</Data><Data Name='LogonId'>0x3e4</Data><Data Name='TerminalSessionId'>0</Data><Data Name='IntegrityLevel'>System</Data><Data Name='Hashes'>MD5=B7F884C1B74A263F746EE12A5F7C9F6A,SHA256=ADD683A6910ABBBF0E28B557FAD0BA998166394932AE2ACA069D9AA19EA8FE88,IMPHASH=247B9220E5D9B720A82B2C8B5069AD69</Data><Data Name='ParentProcessGuid'>{2c24d1db-5702-69ca-0b00-000000001400}</Data><Data Name='ParentProcessId'>660</Data><Data Name='ParentImage'>C:\Windows\System32\services.exe</Data><Data Name='ParentCommandLine'>C:\Windows\system32\services.exe</Data><Data Name='ParentUser'>NT AUTHORITY\SYSTEM</Data></EventData></Event>
<Event xmlns='http://schemas.microsoft.com/win/2004/08/events/event'><System><Provider Name='Microsoft-Windows-Sysmon' Guid='{5770385f-c22a-43e0-bf4c-06f5698ffbd9}'/><EventID>1</EventID><Version>5</Version><Level>4</Level><Task>1</Task><Opcode>0</Opcode><Keywords>0x8000000000000000</Keywords><TimeCreated SystemTime='2026-03-30T02:57:16.2405956Z'/><EventRecordID>49</EventRecordID><Correlation/><Execution ProcessID='2832' ThreadID='3692'/><Channel>Microsoft-Windows-Sysmon/Operational</Channel><Computer>DESKTOP-7JEP204</Computer><Security UserID='S-1-5-18'/></System><EventData><Data Name='RuleName'>-</Data><Data Name='UtcTime'>2026-03-30 10:57:08.804</Data><Data Name='ProcessGuid'>{2c24d1db-5704-69ca-1100-000000001400}</Data><Data Name='ProcessId'>948</Data><Data Name='Image'>C:\Windows\System32\svchost.exe</Data><Data Name='FileVersion'>10.0.19041.1806 (WinBuild.160101.0800)</Data><Data Name='Description'>Host Process for Windows Services</Data><Data Name='Product'>Microsoft® Windows® Operating System</Data><Data Name='Company'>Microsoft Corporation</Data><Data Name='OriginalFileName'>svchost.exe</Data><Data Name='CommandLine'>C:\Windows\system32\svchost.exe -k DcomLaunch -p -s LSM</Data><Data Name='CurrentDirectory'>C:\Windows\system32\</Data><Data Name='User'>NT AUTHORITY\SYSTEM</Data><Data Name='LogonGuid'>{2c24d1db-5703-69ca-e703-000000000000}</Data><Data Name='LogonId'>0x3e7</Data><Data Name='TerminalSessionId'>0</Data><Data Name='IntegrityLevel'>System</Data><Data Name='Hashes'>MD5=B7F884C1B74A263F746EE12A5F7C9F6A,SHA256=ADD683A6910ABBBF0E28B557FAD0BA998166394932AE2ACA069D9AA19EA8FE88,IMPHASH=247B9220E5D9B720A82B2C8B5069AD69</Data><Data Name='ParentProcessGuid'>{2c24d1db-5702-69ca-0b00-000000001400}</Data><Data Name='ParentProcessId'>660</Data><Data Name='ParentImage'>C:\Windows\System32\services.exe</Data><Data Name='ParentCommandLine'>C:\Windows\system32\services.exe</Data><Data Name='ParentUser'>NT AUTHORITY\SYSTEM</Data></EventData></Event>
<Event xmlns='http://schemas.microsoft.com/win/2004/08/events/event'><System><Provider Name='Microsoft-Windows-Sysmon' Guid='{5770385f-c22a-43e0-bf4c-06f5698ffbd9}'/><EventID>1</EventID><Version>5</Version><Level>4</Level><Task>1</Task><Opcode>0</Opcode><Keywords>0x8000000000000000</Keywords><TimeCreated SystemTime='2026-03-30T02:57:16.2565662Z'/><EventRecordID>50</EventRecordID><Correlation/><Execution ProcessID='2832' ThreadID='3692'/><Channel>Microsoft-Windows-Sysmon/Operational</Channel><Computer>DESKTOP-7JEP204</Computer><Security UserID='S-1-5-18'/></System><EventData><Data Name='RuleName'>-</Data><Data Name='UtcTime'>2026-03-30 10:57:08.913</Data><Data Name='ProcessGuid'>{2c24d1db-5704-69ca-1200-000000001400}</Data><Data Name='ProcessId'>328</Data><Data Name='Image'>C:\Windows\System32\LogonUI.exe</Data><Data Name='FileVersion'>10.0.19041.1 (WinBuild.160101.0800)</Data><Data Name='Description'>Windows Logon User Interface Host</Data><Data Name='Product'>Microsoft® Windows® Operating System</Data><Data Name='Company'>Microsoft Corporation</Data><Data Name='OriginalFileName'>logonui.exe</Data><Data Name='CommandLine'>"LogonUI.exe" /flags:0x2 /state0:0xa3b81855 /state1:0x41c64e6d</Data><Data Name='CurrentDirectory'>C:\Windows\system32\</Data><Data Name='User'>NT AUTHORITY\SYSTEM</Data><Data Name='LogonGuid'>{2c24d1db-5703-69ca-e703-000000000000}</Data><Data Name='LogonId'>0x3e7</Data><Data Name='TerminalSessionId'>1</Data><Data Name='IntegrityLevel'>System</Data><Data Name='Hashes'>MD5=893144FE49AA16124B5BD3034E79BBC6,SHA256=CF01E46C146699F6C0E3DD447043F59BC9438DBBCB9563AF6C60EBC6D82727F2,IMPHASH=B9B0B64B08B38276711093CA94348D39</Data><Data Name='ParentProcessGuid'>{2c24d1db-5702-69ca-0a00-000000001400}</Data><Data Name='ParentProcessId'>592</Data><Data Name='ParentImage'>C:\Windows\System32\winlogon.exe</Data><Data Name='ParentCommandLine'>winlogon.exe</Data><Data Name='ParentUser'>NT AUTHORITY\SYSTEM</Data></EventData></Event>
<Event xmlns='http://schemas.microsoft.com/win/2004/08/events/event'><System><Provider Name='Microsoft-Windows-Sysmon' Guid='{5770385f-c22a-43e0-bf4c-06f5698ffbd9}'/><EventID>1</EventID><Version>5</Version><Level>4</Level><Task>1</Task><Opcode>0</Opcode><Keywords>0x8000000000000000</Keywords><TimeCreated SystemTime='2026-03-30T02:57:16.2571083Z'/><EventRecordID>51</EventRecordID><Correlation/><Execution ProcessID='2832' ThreadID='3692'/><Channel>Microsoft-Windows-Sysmon/Operational</Channel><Computer>DESKTOP-7JEP204</Computer><Security UserID='S-1-5-18'/></System><EventData><Data Name='RuleName'>-</Data><Data Name='UtcTime'>2026-03-30 10:57:08.915</Data><Data Name='ProcessGuid'>{2c24d1db-5704-69ca-1300-000000001400}</Data><Data Name='ProcessId'>384</Data><Data Name='Image'>C:\Windows\System32\dwm.exe</Data><Data Name='FileVersion'>10.0.19041.746 (WinBuild.160101.0800)</Data><Data Name='Description'>Desktop Window Manager</Data><Data Name='Product'>Microsoft® Windows® Operating System</Data><Data Name='Company'>Microsoft Corporation</Data><Data Name='OriginalFileName'>dwm.exe</Data><Data Name='CommandLine'>"dwm.exe"</Data><Data Name='CurrentDirectory'>C:\Windows\system32\</Data><Data Name='User'>Window Manager\DWM-1</Data><Data Name='LogonGuid'>{2c24d1db-5704-69ca-7cd6-000000000000}</Data><Data Name='LogonId'>0xd67c</Data><Data Name='TerminalSessionId'>1</Data><Data Name='IntegrityLevel'>System</Data><Data Name='Hashes'>MD5=5C27608411832C5B39BA04E33D53536C,SHA256=0AC827C9E35CDAA492DDD435079415805DCC276352112B040BCD34EF122CF565,IMPHASH=154ED7B525A399CB7070EB8FD0DFC4DE</Data><Data Name='ParentProcessGuid'>{2c24d1db-5702-69ca-0a00-000000001400}</Data><Data Name='ParentProcessId'>592</Data><Data Name='ParentImage'>C:\Windows\System32\winlogon.exe</Data><Data Name='ParentCommandLine'>winlogon.exe</Data><Data Name='ParentUser'>NT AUTHORITY\SYSTEM</Data></EventData></Event>
<Event xmlns='http://schemas.microsoft.com/win/2004/08/events/event'><System><Provider Name='Microsoft-Windows-Sysmon' Guid='{5770385f-c22a-43e0-bf4c-06f5698ffbd9}'/><EventID>1</EventID><Version>5</Version><Level>4</Level><Task>1</Task><Opcode>0</Opcode><Keywords>0x8000000000000000</Keywords><TimeCreated SystemTime='2026-03-30T02:57:16.2590955Z'/><EventRecordID>52</EventRecordID><Correlation/><Execution ProcessID='2832' ThreadID='3692'/><Channel>Microsoft-Windows-Sysmon/Operational</Channel><Computer>DESKTOP-7JEP204</Computer><Security UserID='S-1-5-18'/></System><EventData><Data Name='RuleName'>-</Data><Data Name='UtcTime'>2026-03-30 10:57:09.086</Data><Data Name='ProcessGuid'>{2c24d1db-5705-69ca-1400-000000001400}</Data><Data Name='ProcessId'>716</Data><Data Name='Image'>C:\Windows\System32\svchost.exe</Data><Data Name='FileVersion'>10.0.19041.1806 (WinBuild.160101.0800)</Data><Data Name='Description'>Host Process for Windows Services</Data><Data Name='Product'>Microsoft® Windows® Operating System</Data><Data Name='Company'>Microsoft Corporation</Data><Data Name='OriginalFileName'>svchost.exe</Data><Data Name='CommandLine'>C:\Windows\system32\svchost.exe -k netsvcs -p -s gpsvc</Data><Data Name='CurrentDirectory'>C:\Windows\system32\</Data><Data Name='User'>NT AUTHORITY\SYSTEM</Data><Data Name='LogonGuid'>{2c24d1db-5703-69ca-e703-000000000000}</Data><Data Name='LogonId'>0x3e7</Data><Data Name='TerminalSessionId'>0</Data><Data Name='IntegrityLevel'>System</Data><Data Name='Hashes'>MD5=B7F884C1B74A263F746EE12A5F7C9F6A,SHA256=ADD683A6910ABBBF0E28B557FAD0BA998166394932AE2ACA069D9AA19EA8FE88,IMPHASH=247B9220E5D9B720A82B2C8B5069AD69</Data><Data Name='ParentProcessGuid'>{2c24d1db-5702-69ca-0b00-000000001400}</Data><Data Name='ParentProcessId'>660</Data><Data Name='ParentImage'>C:\Windows\System32\services.exe</Data><Data Name='ParentCommandLine'>C:\Windows\system32\services.exe</Data><Data Name='ParentUser'>NT AUTHORITY\SYSTEM</Data></EventData></Event>
<Event xmlns='http://schemas.microsoft.com/win/2004/08/events/event'><System><Provider Name='Microsoft-Windows-Sysmon' Guid='{5770385f-c22a-43e0-bf4c-06f5698ffbd9}'/><EventID>1</EventID><Version>5</Version><Level>4</Level><Task>1</Task><Opcode>0</Opcode><Keywords>0x8000000000000000</Keywords><TimeCreated SystemTime='2026-03-30T02:57:16.2593037Z'/><EventRecordID>53</EventRecordID><Correlation/><Execution ProcessID='2832' ThreadID='3692'/><Channel>Microsoft-Windows-Sysmon/Operational</Channel><Computer>DESKTOP-7JEP204</Computer><Security UserID='S-1-5-18'/></System><EventData><Data Name='RuleName'>-</Data><Data Name='UtcTime'>2026-03-30 10:57:09.092</Data><Data Name='ProcessGuid'>{2c24d1db-5705-69ca-1500-000000001400}</Data><Data Name='ProcessId'>684</Data><Data Name='Image'>C:\Windows\System32\svchost.exe</Data><Data Name='FileVersion'>10.0.19041.1806 (WinBuild.160101.0800)</Data><Data Name='Description'>Host Process for Windows Services</Data><Data Name='Product'>Microsoft® Windows® Operating System</Data><Data Name='Company'>Microsoft Corporation</Data><Data Name='OriginalFileName'>svchost.exe</Data><Data Name='CommandLine'>C:\Windows\system32\svchost.exe -k netsvcs -p -s DsmSvc</Data><Data Name='CurrentDirectory'>C:\Windows\system32\</Data><Data Name='User'>NT AUTHORITY\SYSTEM</Data><Data Name='LogonGuid'>{2c24d1db-5703-69ca-e703-000000000000}</Data><Data Name='LogonId'>0x3e7</Data><Data Name='TerminalSessionId'>0</Data><Data Name='IntegrityLevel'>System</Data><Data Name='Hashes'>MD5=B7F884C1B74A263F746EE12A5F7C9F6A,SHA256=ADD683A6910ABBBF0E28B557FAD0BA998166394932AE2ACA069D9AA19EA8FE88,IMPHASH=247B9220E5D9B720A82B2C8B5069AD69</Data><Data Name='ParentProcessGuid'>{2c24d1db-5702-69ca-0b00-000000001400}</Data><Data Name='ParentProcessId'>660</Data><Data Name='ParentImage'>C:\Windows\System32\services.exe</Data><Data Name='ParentCommandLine'>C:\Windows\system32\services.exe</Data><Data Name='ParentUser'>NT AUTHORITY\SYSTEM</Data></EventData></Event>
<Event xmlns='http://schemas.microsoft.com/win/2004/08/events/event'><System><Provider Name='Microsoft-Windows-Sysmon' Guid='{5770385f-c22a-43e0-bf4c-06f5698ffbd9}'/><EventID>1</EventID><Version>5</Version><Level>4</Level><Task>1</Task><Opcode>0</Opcode><Keywords>0x8000000000000000</Keywords><TimeCreated SystemTime='2026-03-30T02:57:16.2596452Z'/><EventRecordID>54</EventRecordID><Correlation/><Execution ProcessID='2832' ThreadID='3692'/><Channel>Microsoft-Windows-Sysmon/Operational</Channel><Computer>DESKTOP-7JEP204</Computer><Security UserID='S-1-5-18'/></System><EventData><Data Name='RuleName'>-</Data><Data Name='UtcTime'>2026-03-30 10:57:09.141</Data><Data Name='ProcessGuid'>{2c24d1db-5705-69ca-1600-000000001400}</Data><Data Name='ProcessId'>992</Data><Data Name='Image'>C:\Windows\System32\svchost.exe</Data><Data Name='FileVersion'>10.0.19041.1806 (WinBuild.160101.0800)</Data><Data Name='Description'>Host Process for Windows Services</Data><Data Name='Product'>Microsoft® Windows® Operating System</Data><Data Name='Company'>Microsoft Corporation</Data><Data Name='OriginalFileName'>svchost.exe</Data><Data Name='CommandLine'>C:\Windows\system32\svchost.exe -k LocalServiceNoNetwork -p</Data><Data Name='CurrentDirectory'>C:\Windows\system32\</Data><Data Name='User'>NT AUTHORITY\LOCAL SERVICE</Data><Data Name='LogonGuid'>{2c24d1db-5705-69ca-e503-000000000000}</Data><Data Name='LogonId'>0x3e5</Data><Data Name='TerminalSessionId'>0</Data><Data Name='IntegrityLevel'>System</Data><Data Name='Hashes'>MD5=B7F884C1B74A263F746EE12A5F7C9F6A,SHA256=ADD683A6910ABBBF0E28B557FAD0BA998166394932AE2ACA069D9AA19EA8FE88,IMPHASH=247B9220E5D9B720A82B2C8B5069AD69</Data><Data Name='ParentProcessGuid'>{2c24d1db-5702-69ca-0b00-000000001400}</Data><Data Name='ParentProcessId'>660</Data><Data Name='ParentImage'>C:\Windows\System32\services.exe</Data><Data Name='ParentCommandLine'>C:\Windows\system32\services.exe</Data><Data Name='ParentUser'>NT AUTHORITY\SYSTEM</Data></EventData></Event>
<Event xmlns='http://schemas.microsoft.com/win/2004/08/events/event'><System><Provider Name='Microsoft-Windows-Sysmon' Guid='{5770385f-c22a-43e0-bf4c-06f5698ffbd9}'/><EventID>1</EventID><Version>5</Version><Level>4</Level><Task>1</Task><Opcode>0</Opcode><Keywords>0x8000000000000000</Keywords><TimeCreated SystemTime='2026-03-30T02:57:16.2599542Z'/><EventRecordID>55</EventRecordID><Correlation/><Execution ProcessID='2832' ThreadID='3692'/><Channel>Microsoft-Windows-Sysmon/Operational</Channel><Computer>DESKTOP-7JEP204</Computer><Security UserID='S-1-5-18'/></System><EventData><Data Name='RuleName'>-</Data><Data Name='UtcTime'>2026-03-30 10:57:09.149</Data><Data Name='ProcessGuid'>{2c24d1db-5705-69ca-1700-000000001400}</Data><Data Name='ProcessId'>1028</Data><Data Name='Image'>C:\Windows\System32\svchost.exe</Data><Data Name='FileVersion'>10.0.19041.1806 (WinBuild.160101.0800)</Data><Data Name='Description'>Host Process for Windows Services</Data><Data Name='Product'>Microsoft® Windows® Operating System</Data><Data Name='Company'>Microsoft Corporation</Data><Data Name='OriginalFileName'>svchost.exe</Data><Data Name='CommandLine'>C:\Windows\System32\svchost.exe -k LocalServiceNetworkRestricted -p -s lmhosts</Data><Data Name='CurrentDirectory'>C:\Windows\system32\</Data><Data Name='User'>NT AUTHORITY\LOCAL SERVICE</Data><Data Name='LogonGuid'>{2c24d1db-5705-69ca-e503-000000000000}</Data><Data Name='LogonId'>0x3e5</Data><Data Name='TerminalSessionId'>0</Data><Data Name='IntegrityLevel'>System</Data><Data Name='Hashes'>MD5=B7F884C1B74A263F746EE12A5F7C9F6A,SHA256=ADD683A6910ABBBF0E28B557FAD0BA998166394932AE2ACA069D9AA19EA8FE88,IMPHASH=247B9220E5D9B720A82B2C8B5069AD69</Data><Data Name='ParentProcessGuid'>{2c24d1db-5702-69ca-0b00-000000001400}</Data><Data Name='ParentProcessId'>660</Data><Data Name='ParentImage'>C:\Windows\System32\services.exe</Data><Data Name='ParentCommandLine'>C:\Windows\system32\services.exe</Data><Data Name='ParentUser'>NT AUTHORITY\SYSTEM</Data></EventData></Event>
<Event xmlns='http://schemas.microsoft.com/win/2004/08/events/event'><System><Provider Name='Microsoft-Windows-Sysmon' Guid='{5770385f-c22a-43e0-bf4c-06f5698ffbd9}'/><EventID>1</EventID><Version>5</Version><Level>4</Level><Task>1</Task><Opcode>0</Opcode><Keywords>0x8000000000000000</Keywords><TimeCreated SystemTime='2026-03-30T02:57:16.2608676Z'/><EventRecordID>56</EventRecordID><Correlation/><Execution ProcessID='2832' ThreadID='3692'/><Channel>Microsoft-Windows-Sysmon/Operational</Channel><Computer>DESKTOP-7JEP204</Computer><Security UserID='S-1-5-18'/></System><EventData><Data Name='RuleName'>-</Data><Data Name='UtcTime'>2026-03-30 10:57:09.230</Data><Data Name='ProcessGuid'>{2c24d1db-5705-69ca-1900-000000001400}</Data><Data Name='ProcessId'>1116</Data><Data Name='Image'>C:\Windows\System32\svchost.exe</Data><Data Name='FileVersion'>10.0.19041.1806 (WinBuild.160101.0800)</Data><Data Name='Description'>Host Process for Windows Services</Data><Data Name='Product'>Microsoft® Windows® Operating System</Data><Data Name='Company'>Microsoft Corporation</Data><Data Name='OriginalFileName'>svchost.exe</Data><Data Name='CommandLine'>C:\Windows\system32\svchost.exe -k LocalServiceNetworkRestricted -p -s TimeBrokerSvc</Data><Data Name='CurrentDirectory'>C:\Windows\system32\</Data><Data Name='User'>NT AUTHORITY\LOCAL SERVICE</Data><Data Name='LogonGuid'>{2c24d1db-5705-69ca-e503-000000000000}</Data><Data Name='LogonId'>0x3e5</Data><Data Name='TerminalSessionId'>0</Data><Data Name='IntegrityLevel'>System</Data><Data Name='Hashes'>MD5=B7F884C1B74A263F746EE12A5F7C9F6A,SHA256=ADD683A6910ABBBF0E28B557FAD0BA998166394932AE2ACA069D9AA19EA8FE88,IMPHASH=247B9220E5D9B720A82B2C8B5069AD69</Data><Data Name='ParentProcessGuid'>{2c24d1db-5702-69ca-0b00-000000001400}</Data><Data Name='ParentProcessId'>660</Data><Data Name='ParentImage'>C:\Windows\System32\services.exe</Data><Data Name='ParentCommandLine'>C:\Windows\system32\services.exe</Data><Data Name='ParentUser'>NT AUTHORITY\SYSTEM</Data></EventData></Event>
<Event xmlns='http://schemas.microsoft.com/win/2004/08/events/event'><System><Provider Name='Microsoft-Windows-Sysmon' Guid='{5770385f-c22a-43e0-bf4c-06f5698ffbd9}'/><EventID>1</EventID><Version>5</Version><Level>4</Level><Task>1</Task><Opcode>0</Opcode><Keywords>0x8000000000000000</Keywords><TimeCreated SystemTime='2026-03-30T02:57:16.2617740Z'/><EventRecordID>57</EventRecordID><Correlation/><Execution ProcessID='2832' ThreadID='3692'/><Channel>Microsoft-Windows-Sysmon/Operational</Channel><Computer>DESKTOP-7JEP204</Computer><Security UserID='S-1-5-18'/></System><EventData><Data Name='RuleName'>-</Data><Data Name='UtcTime'>2026-03-30 10:57:09.322</Data><Data Name='ProcessGuid'>{2c24d1db-5705-69ca-1a00-000000001400}</Data><Data Name='ProcessId'>1168</Data><Data Name='Image'>C:\Windows\System32\svchost.exe</Data><Data Name='FileVersion'>10.0.19041.1806 (WinBuild.160101.0800)</Data><Data Name='Description'>Host Process for Windows Services</Data><Data Name='Product'>Microsoft® Windows® Operating System</Data><Data Name='Company'>Microsoft Corporation</Data><Data Name='OriginalFileName'>svchost.exe</Data><Data Name='CommandLine'>C:\Windows\system32\svchost.exe -k netsvcs -p -s Schedule</Data><Data Name='CurrentDirectory'>C:\Windows\system32\</Data><Data Name='User'>NT AUTHORITY\SYSTEM</Data><Data Name='LogonGuid'>{2c24d1db-5703-69ca-e703-000000000000}</Data><Data Name='LogonId'>0x3e7</Data><Data Name='TerminalSessionId'>0</Data><Data Name='IntegrityLevel'>System</Data><Data Name='Hashes'>MD5=B7F884C1B74A263F746EE12A5F7C9F6A,SHA256=ADD683A6910ABBBF0E28B557FAD0BA998166394932AE2ACA069D9AA19EA8FE88,IMPHASH=247B9220E5D9B720A82B2C8B5069AD69</Data><Data Name='ParentProcessGuid'>{2c24d1db-5702-69ca-0b00-000000001400}</Data><Data Name='ParentProcessId'>660</Data><Data Name='ParentImage'>C:\Windows\System32\services.exe</Data><Data Name='ParentCommandLine'>C:\Windows\system32\services.exe</Data><Data Name='ParentUser'>NT AUTHORITY\SYSTEM</Data></EventData></Event>
