<Event xmlns='http://schemas.microsoft.com/win/2004/08/events/event'><System><Provider Name='Microsoft-Windows-Sysmon' Guid='{5770385f-c22a-43e0-bf4c-06f5698ffbd9}'/><EventID>1</EventID><Version>5</Version><Level>4</Level><Task>1</Task><Opcode>0</Opcode><Keywords>0x8000000000000000</Keywords><TimeCreated SystemTime='2026-03-30T02:57:48.9817399Z'/><EventRecordID>216</EventRecordID><Correlation/><Execution ProcessID='2832' ThreadID='3692'/><Channel>Microsoft-Windows-Sysmon/Operational</Channel><Computer>DESKTOP-7JEP204</Computer><Security UserID='S-1-5-18'/></System><EventData><Data Name='RuleName'>-</Data><Data Name='UtcTime'>2026-03-30 02:57:48.233</Data><Data Name='ProcessGuid'>{2c24d1db-e6ac-69c9-8e00-000000001400}</Data><Data Name='ProcessId'>5056</Data><Data Name='Image'>C:\Windows\System32\VBoxTray.exe</Data><Data Name='FileVersion'>7.2.2.170484</Data><Data Name='Description'>VirtualBox Guest Additions Tray Application</Data><Data Name='Product'>Oracle VirtualBox Guest Additions</Data><Data Name='Company'>Oracle and/or its affiliates</Data><Data Name='OriginalFileName'>-</Data><Data Name='CommandLine'>"C:\Windows\System32\VBoxTray.exe" </Data><Data Name='CurrentDirectory'>C:\Windows\system32\</Data><Data Name='User'>DESKTOP-7JEP204\User</Data><Data Name='LogonGuid'>{2c24d1db-e697-69c9-1653-050000000000}</Data><Data Name='LogonId'>0x55316</Data><Data Name='TerminalSessionId'>1</Data><Data Name='IntegrityLevel'>Medium</Data><Data Name='Hashes'>MD5=9671650B1BCCE83A4AB9E7CDC1759D6A,SHA256=15A31ED3A6DF4A6D6B0BB08ADA552348630F5C256CF41B62F637DAEE6116C0A6,IMPHASH=8A80E14ACCF88B9BF05ED11E78CB26E3</Data><Data Name='ParentProcessGuid'>{2c24d1db-e699-69c9-7900-000000001400}</Data><Data Name='ParentProcessId'>4412</Data><Data Name='ParentImage'>C:\Windows\explorer.exe</Data><Data Name='ParentCommandLine'>C:\Windows\Explorer.EXE</Data><Data Name='ParentUser'>DESKTOP-7JEP204\User</Data></EventData></Event>
<Event xmlns='http://schemas.microsoft.com/win/2004/08/events/event'><System><Provider Name='Microsoft-Windows-Sysmon' Guid='{5770385f-c22a-43e0-bf4c-06f5698ffbd9}'/><EventID>1</EventID><Version>5</Version><Level>4</Level><Task>1</Task><Opcode>0</Opcode><Keywords>0x8000000000000000</Keywords><TimeCreated SystemTime='2026-03-30T02:57:49.7159180Z'/><EventRecordID>217</EventRecordID><Correlation/><Execution ProcessID='2832' ThreadID='3692'/><Channel>Microsoft-Windows-Sysmon/Operational</Channel><Computer>DESKTOP-7JEP204</Computer><Security UserID='S-1-5-18'/></System><EventData><Data Name='RuleName'>-</Data><Data Name='UtcTime'>2026-03-30 02:57:49.510</Data><Data Name='ProcessGuid'>{2c24d1db-e6ad-69c9-9300-000000001400}</Data><Data Name='ProcessId'>5988</Data><Data Name='Image'>C:\Users\User\AppData\Local\Microsoft\OneDrive\OneDrive.exe</Data><Data Name='FileVersion'>26.040.0301.0001</Data><Data Name='Description'>Microsoft OneDrive</Data><Data Name='Product'>Microsoft OneDrive</Data><Data Name='Company'>Microsoft Corporation</Data><Data Name='OriginalFileName'>OneDrive.exe</Data><Data Name='CommandLine'>"C:\Users\User\AppData\Local\Microsoft\OneDrive\OneDrive.exe" /background</Data><Data Name='CurrentDirectory'>C:\Windows\system32\</Data><Data Name='User'>DESKTOP-7JEP204\User</Data><Data Name='LogonGuid'>{2c24d1db-e697-69c9-1653-050000000000}</Data><Data Name='LogonId'>0x55316</Data><Data Name='TerminalSessionId'>1</Data><Data Name='IntegrityLevel'>Medium</Data><Data Name='Hashes'>MD5=93AC4B9FAF47E1C16894AF16EB6B4F80,SHA256=2E149DBCD1F730D017963499C90560D201F1C11C1F58440FF755C17A58A3A41C,IMPHASH=4727C83D05CD09D2F22E2769CFBB25D7</Data><Data Name='ParentProcessGuid'>{2c24d1db-e699-69c9-7900-000000001400}</Data><Data Name='ParentProcessId'>4412</Data><Data Name='ParentImage'>C:\Windows\explorer.exe</Data><Data Name='ParentCommandLine'>C:\Windows\Explorer.EXE</Data><Data Name='ParentUser'>DESKTOP-7JEP204\User</Data></EventData></Event>
<Event xmlns='http://schemas.microsoft.com/win/2004/08/events/event'><System><Provider Name='Microsoft-Windows-Sysmon' Guid='{5770385f-c22a-43e0-bf4c-06f5698ffbd9}'/><EventID>13</EventID><Version>2</Version><Level>4</Level><Task>13</Task><Opcode>0</Opcode><Keywords>0x8000000000000000</Keywords><TimeCreated SystemTime='2026-03-30T02:57:51.3700011Z'/><EventRecordID>218</EventRecordID><Correlation/><Execution ProcessID='2832' ThreadID='3692'/><Channel>Microsoft-Windows-Sysmon/Operational</Channel><Computer>DESKTOP-7JEP204</Computer><Security UserID='S-1-5-18'/></System><EventData><Data Name='RuleName'>T1122</Data><Data Name='EventType'>SetValue</Data><Data Name='UtcTime'>2026-03-30 02:57:51.319</Data><Data Name='ProcessGuid'>{2c24d1db-e6ad-69c9-9300-000000001400}</Data><Data Name='ProcessId'>5988</Data><Data Name='Image'>C:\Users\User\AppData\Local\Microsoft\OneDrive\OneDrive.exe</Data><Data Name='TargetObject'>HKU\S-1-5-21-1667249613-324410992-874209505-1001_Classes\CLSID\{BBACC218-34EA-4666-9D7A-C78F2274A524}\InprocServer32\(Default)</Data><Data Name='Details'>C:\Users\User\AppData\Local\Microsoft\OneDrive\26.040.0301.0001\FileSyncShell64.dll</Data><Data Name='User'>DESKTOP-7JEP204\User</Data></EventData></Event>
<Event xmlns='http://schemas.microsoft.com/win/2004/08/events/event'><System><Provider Name='Microsoft-Windows-Sysmon' Guid='{5770385f-c22a-43e0-bf4c-06f5698ffbd9}'/><EventID>13</EventID><Version>2</Version><Level>4</Level><Task>13</Task><Opcode>0</Opcode><Keywords>0x8000000000000000</Keywords><TimeCreated SystemTime='2026-03-30T02:57:51.3700508Z'/><EventRecordID>219</EventRecordID><Correlation/><Execution ProcessID='2832' ThreadID='3692'/><Channel>Microsoft-Windows-Sysmon/Operational</Channel><Computer>DESKTOP-7JEP204</Computer><Security UserID='S-1-5-18'/></System><EventData><Data Name='RuleName'>T1122</Data><Data Name='EventType'>SetValue</Data><Data Name='UtcTime'>2026-03-30 02:57:51.319</Data><Data Name='ProcessGuid'>{2c24d1db-e6ad-69c9-9300-000000001400}</Data><Data Name='ProcessId'>5988</Data><Data Name='Image'>C:\Users\User\AppData\Local\Microsoft\OneDrive\OneDrive.exe</Data><Data Name='TargetObject'>HKU\S-1-5-21-1667249613-324410992-874209505-1001_Classes\WOW6432Node\CLSID\{BBACC218-34EA-4666-9D7A-C78F2274A524}\InprocServer32\(Default)</Data><Data Name='Details'>C:\Users\User\AppData\Local\Microsoft\OneDrive\26.040.0301.0001\i386\FileSyncShell.dll</Data><Data Name='User'>DESKTOP-7JEP204\User</Data></EventData></Event>
<Event xmlns='http://schemas.microsoft.com/win/2004/08/events/event'><System><Provider Name='Microsoft-Windows-Sysmon' Guid='{5770385f-c22a-43e0-bf4c-06f5698ffbd9}'/><EventID>13</EventID><Version>2</Version><Level>4</Level><Task>13</Task><Opcode>0</Opcode><Keywords>0x8000000000000000</Keywords><TimeCreated SystemTime='2026-03-30T02:57:51.3703824Z'/><EventRecordID>220</EventRecordID><Correlation/><Execution ProcessID='2832' ThreadID='3692'/><Channel>Microsoft-Windows-Sysmon/Operational</Channel><Computer>DESKTOP-7JEP204</Computer><Security UserID='S-1-5-18'/></System><EventData><Data Name='RuleName'>T1122</Data><Data Name='EventType'>SetValue</Data><Data Name='UtcTime'>2026-03-30 02:57:51.319</Data><Data Name='ProcessGuid'>{2c24d1db-e6ad-69c9-9300-000000001400}</Data><Data Name='ProcessId'>5988</Data><Data Name='Image'>C:\Users\User\AppData\Local\Microsoft\OneDrive\OneDrive.exe</Data><Data Name='TargetObject'>HKU\S-1-5-21-1667249613-324410992-874209505-1001_Classes\CLSID\{5AB7172C-9C11-405C-8DD5-AF20F3606282}\InprocServer32\(Default)</Data><Data Name='Details'>C:\Users\User\AppData\Local\Microsoft\OneDrive\26.040.0301.0001\FileSyncShell64.dll</Data><Data Name='User'>DESKTOP-7JEP204\User</Data></EventData></Event>
<Event xmlns='http://schemas.microsoft.com/win/2004/08/events/event'><System><Provider Name='Microsoft-Windows-Sysmon' Guid='{5770385f-c22a-43e0-bf4c-06f5698ffbd9}'/><EventID>13</EventID><Version>2</Version><Level>4</Level><Task>13</Task><Opcode>0</Opcode><Keywords>0x8000000000000000</Keywords><TimeCreated SystemTime='2026-03-30T02:57:51.3704292Z'/><EventRecordID>221</EventRecordID><Correlation/><Execution ProcessID='2832' ThreadID='3692'/><Channel>Microsoft-Windows-Sysmon/Operational</Channel><Computer>DESKTOP-7JEP204</Computer><Security UserID='S-1-5-18'/></System><EventData><Data Name='RuleName'>T1122</Data><Data Name='EventType'>SetValue</Data><Data Name='UtcTime'>2026-03-30 02:57:51.319</Data><Data Name='ProcessGuid'>{2c24d1db-e6ad-69c9-9300-000000001400}</Data><Data Name='ProcessId'>5988</Data><Data Name='Image'>C:\Users\User\AppData\Local\Microsoft\OneDrive\OneDrive.exe</Data><Data Name='TargetObject'>HKU\S-1-5-21-1667249613-324410992-874209505-1001_Classes\WOW6432Node\CLSID\{5AB7172C-9C11-405C-8DD5-AF20F3606282}\InprocServer32\(Default)</Data><Data Name='Details'>C:\Users\User\AppData\Local\Microsoft\OneDrive\26.040.0301.0001\i386\FileSyncShell.dll</Data><Data Name='User'>DESKTOP-7JEP204\User</Data></EventData></Event>
<Event xmlns='http://schemas.microsoft.com/win/2004/08/events/event'><System><Provider Name='Microsoft-Windows-Sysmon' Guid='{5770385f-c22a-43e0-bf4c-06f5698ffbd9}'/><EventID>13</EventID><Version>2</Version><Level>4</Level><Task>13</Task><Opcode>0</Opcode><Keywords>0x8000000000000000</Keywords><TimeCreated SystemTime='2026-03-30T02:57:51.3707358Z'/><EventRecordID>222</EventRecordID><Correlation/><Execution ProcessID='2832' ThreadID='3692'/><Channel>Microsoft-Windows-Sysmon/Operational</Channel><Computer>DESKTOP-7JEP204</Computer><Security UserID='S-1-5-18'/></System><EventData><Data Name='RuleName'>T1122</Data><Data Name='EventType'>SetValue</Data><Data Name='UtcTime'>2026-03-30 02:57:51.319</Data><Data Name='ProcessGuid'>{2c24d1db-e6ad-69c9-9300-000000001400}</Data><Data Name='ProcessId'>5988</Data><Data Name='Image'>C:\Users\User\AppData\Local\Microsoft\OneDrive\OneDrive.exe</Data><Data Name='TargetObject'>HKU\S-1-5-21-1667249613-324410992-874209505-1001_Classes\CLSID\{A78ED123-AB77-406B-9962-2A5D9D2F7F30}\InprocServer32\(Default)</Data><Data Name='Details'>C:\Users\User\AppData\Local\Microsoft\OneDrive\26.040.0301.0001\FileSyncShell64.dll</Data><Data Name='User'>DESKTOP-7JEP204\User</Data></EventData></Event>
<Event xmlns='http://schemas.microsoft.com/win/2004/08/events/event'><System><Provider Name='Microsoft-Windows-Sysmon' Guid='{5770385f-c22a-43e0-bf4c-06f5698ffbd9}'/><EventID>13</EventID><Version>2</Version><Level>4</Level><Task>13</Task><Opcode>0</Opcode><Keywords>0x8000000000000000</Keywords><TimeCreated SystemTime='2026-03-30T02:57:51.3707823Z'/><EventRecordID>223</EventRecordID><Correlation/><Execution ProcessID='2832' ThreadID='3692'/><Channel>Microsoft-Windows-Sysmon/Operational</Channel><Computer>DESKTOP-7JEP204</Computer><Security UserID='S-1-5-18'/></System><EventData><Data Name='RuleName'>T1122</Data><Data Name='EventType'>SetValue</Data><Data Name='UtcTime'>2026-03-30 02:57:51.319</Data><Data Name='ProcessGuid'>{2c24d1db-e6ad-69c9-9300-000000001400}</Data><Data Name='ProcessId'>5988</Data><Data Name='Image'>C:\Users\User\AppData\Local\Microsoft\OneDrive\OneDrive.exe</Data><Data Name='TargetObject'>HKU\S-1-5-21-1667249613-324410992-874209505-1001_Classes\WOW6432Node\CLSID\{A78ED123-AB77-406B-9962-2A5D9D2F7F30}\InprocServer32\(Default)</Data><Data Name='Details'>C:\Users\User\AppData\Local\Microsoft\OneDrive\26.040.0301.0001\i386\FileSyncShell.dll</Data><Data Name='User'>DESKTOP-7JEP204\User</Data></EventData></Event>
<Event xmlns='http://schemas.microsoft.com/win/2004/08/events/event'><System><Provider Name='Microsoft-Windows-Sysmon' Guid='{5770385f-c22a-43e0-bf4c-06f5698ffbd9}'/><EventID>13</EventID><Version>2</Version><Level>4</Level><Task>13</Task><Opcode>0</Opcode><Keywords>0x8000000000000000</Keywords><TimeCreated SystemTime='2026-03-30T02:57:51.3710930Z'/><EventRecordID>224</EventRecordID><Correlation/><Execution ProcessID='2832' ThreadID='3692'/><Channel>Microsoft-Windows-Sysmon/Operational</Channel><Computer>DESKTOP-7JEP204</Computer><Security UserID='S-1-5-18'/></System><EventData><Data Name='RuleName'>T1122</Data><Data Name='EventType'>SetValue</Data><Data Name='UtcTime'>2026-03-30 02:57:51.319</Data><Data Name='ProcessGuid'>{2c24d1db-e6ad-69c9-9300-000000001400}</Data><Data Name='ProcessId'>5988</Data><Data Name='Image'>C:\Users\User\AppData\Local\Microsoft\OneDrive\OneDrive.exe</Data><Data Name='TargetObject'>HKU\S-1-5-21-1667249613-324410992-874209505-1001_Classes\CLSID\{A0396A93-DC06-4AEF-BEE9-95FFCCAEF20E}\InprocServer32\(Default)</Data><Data Name='Details'>C:\Users\User\AppData\Local\Microsoft\OneDrive\26.040.0301.0001\FileSyncShell64.dll</Data><Data Name='User'>DESKTOP-7JEP204\User</Data></EventData></Event>
<Event xmlns='http://schemas.microsoft.com/win/2004/08/events/event'><System><Provider Name='Microsoft-Windows-Sysmon' Guid='{5770385f-c22a-43e0-bf4c-06f5698ffbd9}'/><EventID>13</EventID><Version>2</Version><Level>4</Level><Task>13</Task><Opcode>0</Opcode><Keywords>0x8000000000000000</Keywords><TimeCreated SystemTime='2026-03-30T02:57:51.3711402Z'/><EventRecordID>225</EventRecordID><Correlation/><Execution ProcessID='2832' ThreadID='3692'/><Channel>Microsoft-Windows-Sysmon/Operational</Channel><Computer>DESKTOP-7JEP204</Computer><Security UserID='S-1-5-18'/></System><EventData><Data Name='RuleName'>T1122</Data><Data Name='EventType'>SetValue</Data><Data Name='UtcTime'>2026-03-30 02:57:51.319</Data><Data Name='ProcessGuid'>{2c24d1db-e6ad-69c9-9300-000000001400}</Data><Data Name='ProcessId'>5988</Data><Data Name='Image'>C:\Users\User\AppData\Local\Microsoft\OneDrive\OneDrive.exe</Data><Data Name='TargetObject'>HKU\S-1-5-21-1667249613-324410992-874209505-1001_Classes\WOW6432Node\CLSID\{A0396A93-DC06-4AEF-BEE9-95FFCCAEF20E}\InprocServer32\(Default)</Data><Data Name='Details'>C:\Users\User\AppData\Local\Microsoft\OneDrive\26.040.0301.0001\i386\FileSyncShell.dll</Data><Data Name='User'>DESKTOP-7JEP204\User</Data></EventData></Event>
<Event xmlns='http://schemas.microsoft.com/win/2004/08/events/event'><System><Provider Name='Microsoft-Windows-Sysmon' Guid='{5770385f-c22a-43e0-bf4c-06f5698ffbd9}'/><EventID>13</EventID><Version>2</Version><Level>4</Level><Task>13</Task><Opcode>0</Opcode><Keywords>0x8000000000000000</Keywords><TimeCreated SystemTime='2026-03-30T02:57:51.3714446Z'/><EventRecordID>226</EventRecordID><Correlation/><Execution ProcessID='2832' ThreadID='3692'/><Channel>Microsoft-Windows-Sysmon/Operational</Channel><Computer>DESKTOP-7JEP204</Computer><Security UserID='S-1-5-18'/></System><EventData><Data Name='RuleName'>T1122</Data><Data Name='EventType'>SetValue</Data><Data Name='UtcTime'>2026-03-30 02:57:51.319</Data><Data Name='ProcessGuid'>{2c24d1db-e6ad-69c9-9300-000000001400}</Data><Data Name='ProcessId'>5988</Data><Data Name='Image'>C:\Users\User\AppData\Local\Microsoft\OneDrive\OneDrive.exe</Data><Data Name='TargetObject'>HKU\S-1-5-21-1667249613-324410992-874209505-1001_Classes\CLSID\{F241C880-6982-4CE5-8CF7-7085BA96DA5A}\InprocServer32\(Default)</Data><Data Name='Details'>C:\Users\User\AppData\Local\Microsoft\OneDrive\26.040.0301.0001\FileSyncShell64.dll</Data><Data Name='User'>DESKTOP-7JEP204\User</Data></EventData></Event>
<Event xmlns='http://schemas.microsoft.com/win/2004/08/events/event'><System><Provider Name='Microsoft-Windows-Sysmon' Guid='{5770385f-c22a-43e0-bf4c-06f5698ffbd9}'/><EventID>13</EventID><Version>2</Version><Level>4</Level><Task>13</Task><Opcode>0</Opcode><Keywords>0x8000000000000000</Keywords><TimeCreated SystemTime='2026-03-30T02:57:51.3714908Z'/><EventRecordID>227</EventRecordID><Correlation/><Execution ProcessID='2832' ThreadID='3692'/><Channel>Microsoft-Windows-Sysmon/Operational</Channel><Computer>DESKTOP-7JEP204</Computer><Security UserID='S-1-5-18'/></System><EventData><Data Name='RuleName'>T1122</Data><Data Name='EventType'>SetValue</Data><Data Name='UtcTime'>2026-03-30 02:57:51.319</Data><Data Name='ProcessGuid'>{2c24d1db-e6ad-69c9-9300-000000001400}</Data><Data Name='ProcessId'>5988</Data><Data Name='Image'>C:\Users\User\AppData\Local\Microsoft\OneDrive\OneDrive.exe</Data><Data Name='TargetObject'>HKU\S-1-5-21-1667249613-324410992-874209505-1001_Classes\WOW6432Node\CLSID\{F241C880-6982-4CE5-8CF7-7085BA96DA5A}\InprocServer32\(Default)</Data><Data Name='Details'>C:\Users\User\AppData\Local\Microsoft\OneDrive\26.040.0301.0001\i386\FileSyncShell.dll</Data><Data Name='User'>DESKTOP-7JEP204\User</Data></EventData></Event>
<Event xmlns='http://schemas.microsoft.com/win/2004/08/events/event'><System><Provider Name='Microsoft-Windows-Sysmon' Guid='{5770385f-c22a-43e0-bf4c-06f5698ffbd9}'/><EventID>13</EventID><Version>2</Version><Level>4</Level><Task>13</Task><Opcode>0</Opcode><Keywords>0x8000000000000000</Keywords><TimeCreated SystemTime='2026-03-30T02:57:51.3717984Z'/><EventRecordID>228</EventRecordID><Correlation/><Execution ProcessID='2832' ThreadID='3692'/><Channel>Microsoft-Windows-Sysmon/Operational</Channel><Computer>DESKTOP-7JEP204</Computer><Security UserID='S-1-5-18'/></System><EventData><Data Name='RuleName'>T1122</Data><Data Name='EventType'>SetValue</Data><Data Name='UtcTime'>2026-03-30 02:57:51.319</Data><Data Name='ProcessGuid'>{2c24d1db-e6ad-69c9-9300-000000001400}</Data><Data Name='ProcessId'>5988</Data><Data Name='Image'>C:\Users\User\AppData\Local\Microsoft\OneDrive\OneDrive.exe</Data><Data Name='TargetObject'>HKU\S-1-5-21-1667249613-324410992-874209505-1001_Classes\CLSID\{9AA2F32D-362A-42D9-9328-24A483E2CCC3}\InprocServer32\(Default)</Data><Data Name='Details'>C:\Users\User\AppData\Local\Microsoft\OneDrive\26.040.0301.0001\FileSyncShell64.dll</Data><Data Name='User'>DESKTOP-7JEP204\User</Data></EventData></Event>
<Event xmlns='http://schemas.microsoft.com/win/2004/08/events/event'><System><Provider Name='Microsoft-Windows-Sysmon' Guid='{5770385f-c22a-43e0-bf4c-06f5698ffbd9}'/><EventID>13</EventID><Version>2</Version><Level>4</Level><Task>13</Task><Opcode>0</Opcode><Keywords>0x8000000000000000</Keywords><TimeCreated SystemTime='2026-03-30T02:57:51.3718441Z'/><EventRecordID>229</EventRecordID><Correlation/><Execution ProcessID='2832' ThreadID='3692'/><Channel>Microsoft-Windows-Sysmon/Operational</Channel><Computer>DESKTOP-7JEP204</Computer><Security UserID='S-1-5-18'/></System><EventData><Data Name='RuleName'>T1122</Data><Data Name='EventType'>SetValue</Data><Data Name='UtcTime'>2026-03-30 02:57:51.319</Data><Data Name='ProcessGuid'>{2c24d1db-e6ad-69c9-9300-000000001400}</Data><Data Name='ProcessId'>5988</Data><Data Name='Image'>C:\Users\User\AppData\Local\Microsoft\OneDrive\OneDrive.exe</Data><Data Name='TargetObject'>HKU\S-1-5-21-1667249613-324410992-874209505-1001_Classes\WOW6432Node\CLSID\{9AA2F32D-362A-42D9-9328-24A483E2CCC3}\InprocServer32\(Default)</Data><Data Name='Details'>C:\Users\User\AppData\Local\Microsoft\OneDrive\26.040.0301.0001\i386\FileSyncShell.dll</Data><Data Name='User'>DESKTOP-7JEP204\User</Data></EventData></Event>
<Event xmlns='http://schemas.microsoft.com/win/2004/08/events/event'><System><Provider Name='Microsoft-Windows-Sysmon' Guid='{5770385f-c22a-43e0-bf4c-06f5698ffbd9}'/><EventID>13</EventID><Version>2</Version><Level>4</Level><Task>13</Task><Opcode>0</Opcode><Keywords>0x8000000000000000</Keywords><TimeCreated SystemTime='2026-03-30T02:57:51.3721759Z'/><EventRecordID>230</EventRecordID><Correlation/><Execution ProcessID='2832' ThreadID='3692'/><Channel>Microsoft-Windows-Sysmon/Operational</Channel><Computer>DESKTOP-7JEP204</Computer><Security UserID='S-1-5-18'/></System><EventData><Data Name='RuleName'>T1122</Data><Data Name='EventType'>SetValue</Data><Data Name='UtcTime'>2026-03-30 02:57:51.319</Data><Data Name='ProcessGuid'>{2c24d1db-e6ad-69c9-9300-000000001400}</Data><Data Name='ProcessId'>5988</Data><Data Name='Image'>C:\Users\User\AppData\Local\Microsoft\OneDrive\OneDrive.exe</Data><Data Name='TargetObject'>HKU\S-1-5-21-1667249613-324410992-874209505-1001_Classes\CLSID\{C5FF006E-2AE9-408C-B85B-2DFDD5449D9C}\InprocServer32\(Default)</Data><Data Name='Details'>C:\Users\User\AppData\Local\Microsoft\OneDrive\26.040.0301.0001\FileSyncShell64.dll</Data><Data Name='User'>DESKTOP-7JEP204\User</Data></EventData></Event>
<Event xmlns='http://schemas.microsoft.com/win/2004/08/events/event'><System><Provider Name='Microsoft-Windows-Sysmon' Guid='{5770385f-c22a-43e0-bf4c-06f5698ffbd9}'/><EventID>13</EventID><Version>2</Version><Level>4</Level><Task>13</Task><Opcode>0</Opcode><Keywords>0x8000000000000000</Keywords><TimeCreated SystemTime='2026-03-30T02:57:51.3722998Z'/><EventRecordID>231</EventRecordID><Correlation/><Execution ProcessID='2832' ThreadID='3692'/><Channel>Microsoft-Windows-Sysmon/Operational</Channel><Computer>DESKTOP-7JEP204</Computer><Security UserID='S-1-5-18'/></System><EventData><Data Name='RuleName'>T1122</Data><Data Name='EventType'>SetValue</Data><Data Name='UtcTime'>2026-03-30 02:57:51.319</Data><Data Name='ProcessGuid'>{2c24d1db-e6ad-69c9-9300-000000001400}</Data><Data Name='ProcessId'>5988</Data><Data Name='Image'>C:\Users\User\AppData\Local\Microsoft\OneDrive\OneDrive.exe</Data><Data Name='TargetObject'>HKU\S-1-5-21-1667249613-324410992-874209505-1001_Classes\WOW6432Node\CLSID\{C5FF006E-2AE9-408C-B85B-2DFDD5449D9C}\InprocServer32\(Default)</Data><Data Name='Details'>C:\Users\User\AppData\Local\Microsoft\OneDrive\26.040.0301.0001\i386\FileSyncShell.dll</Data><Data Name='User'>DESKTOP-7JEP204\User</Data></EventData></Event>
<Event xmlns='http://schemas.microsoft.com/win/2004/08/events/event'><System><Provider Name='Microsoft-Windows-Sysmon' Guid='{5770385f-c22a-43e0-bf4c-06f5698ffbd9}'/><EventID>13</EventID><Version>2</Version><Level>4</Level><Task>13</Task><Opcode>0</Opcode><Keywords>0x8000000000000000</Keywords><TimeCreated SystemTime='2026-03-30T02:57:51.3726436Z'/><EventRecordID>232</EventRecordID><Correlation/><Execution ProcessID='2832' ThreadID='3692'/><Channel>Microsoft-Windows-Sysmon/Operational</Channel><Computer>DESKTOP-7JEP204</Computer><Security UserID='S-1-5-18'/></System><EventData><Data Name='RuleName'>T1122</Data><Data Name='EventType'>SetValue</Data><Data Name='UtcTime'>2026-03-30 02:57:51.319</Data><Data Name='ProcessGuid'>{2c24d1db-e6ad-69c9-9300-000000001400}</Data><Data Name='ProcessId'>5988</Data><Data Name='Image'>C:\Users\User\AppData\Local\Microsoft\OneDrive\OneDrive.exe</Data><Data Name='TargetObject'>HKU\S-1-5-21-1667249613-324410992-874209505-1001_Classes\CLSID\{7AFDFDDB-F914-11E4-8377-6C3BE50D980C}\InprocServer32\(Default)</Data><Data Name='Details'>C:\Users\User\AppData\Local\Microsoft\OneDrive\26.040.0301.0001\FileSyncShell64.dll</Data><Data Name='User'>DESKTOP-7JEP204\User</Data></EventData></Event>
<Event xmlns='http://schemas.microsoft.com/win/2004/08/events/event'><System><Provider Name='Microsoft-Windows-Sysmon' Guid='{5770385f-c22a-43e0-bf4c-06f5698ffbd9}'/><EventID>13</EventID><Version>2</Version><Level>4</Level><Task>13</Task><Opcode>0</Opcode><Keywords>0x8000000000000000</Keywords><TimeCreated SystemTime='2026-03-30T02:57:51.3726988Z'/><EventRecordID>233</EventRecordID><Correlation/><Execution ProcessID='2832' ThreadID='3692'/><Channel>Microsoft-Windows-Sysmon/Operational</Channel><Computer>DESKTOP-7JEP204</Computer><Security UserID='S-1-5-18'/></System><EventData><Data Name='RuleName'>T1122</Data><Data Name='EventType'>SetValue</Data><Data Name='UtcTime'>2026-03-30 02:57:51.319</Data><Data Name='ProcessGuid'>{2c24d1db-e6ad-69c9-9300-000000001400}</Data><Data Name='ProcessId'>5988</Data><Data Name='Image'>C:\Users\User\AppData\Local\Microsoft\OneDrive\OneDrive.exe</Data><Data Name='TargetObject'>HKU\S-1-5-21-1667249613-324410992-874209505-1001_Classes\WOW6432Node\CLSID\{7AFDFDDB-F914-11E4-8377-6C3BE50D980C}\InprocServer32\(Default)</Data><Data Name='Details'>C:\Users\User\AppData\Local\Microsoft\OneDrive\26.040.0301.0001\i386\FileSyncShell.dll</Data><Data Name='User'>DESKTOP-7JEP204\User</Data></EventData></Event>
<Event xmlns='http://schemas.microsoft.com/win/2004/08/events/event'><System><Provider Name='Microsoft-Windows-Sysmon' Guid='{5770385f-c22a-43e0-bf4c-06f5698ffbd9}'/><EventID>13</EventID><Version>2</Version><Level>4</Level><Task>13</Task><Opcode>0</Opcode><Keywords>0x8000000000000000</Keywords><TimeCreated SystemTime='2026-03-30T02:57:51.3730433Z'/><EventRecordID>234</EventRecordID><Correlation/><Execution ProcessID='2832' ThreadID='3692'/><Channel>Microsoft-Windows-Sysmon/Operational</Channel><Computer>DESKTOP-7JEP204</Computer><Security UserID='S-1-5-18'/></System><EventData><Data Name='RuleName'>T1122</Data><Data Name='EventType'>SetValue</Data><Data Name='UtcTime'>2026-03-30 02:57:51.319</Data><Data Name='ProcessGuid'>{2c24d1db-e6ad-69c9-9300-000000001400}</Data><Data Name='ProcessId'>5988</Data><Data Name='Image'>C:\Users\User\AppData\Local\Microsoft\OneDrive\OneDrive.exe</Data><Data Name='TargetObject'>HKU\S-1-5-21-1667249613-324410992-874209505-1001_Classes\CLSID\{82CA8DE3-01AD-4CEA-9D75-BE4C51810A9E}\InprocServer32\(Default)</Data><Data Name='Details'>C:\Users\User\AppData\Local\Microsoft\OneDrive\26.040.0301.0001\FileSyncShell64.dll</Data><Data Name='User'>DESKTOP-7JEP204\User</Data></EventData></Event>
<Event xmlns='http://schemas.microsoft.com/win/2004/08/events/event'><System><Provider Name='Microsoft-Windows-Sysmon' Guid='{5770385f-c22a-43e0-bf4c-06f5698ffbd9}'/><EventID>13</EventID><Version>2</Version><Level>4</Level><Task>13</Task><Opcode>0</Opcode><Keywords>0x8000000000000000</Keywords><TimeCreated SystemTime='2026-03-30T02:57:51.3730952Z'/><EventRecordID>235</EventRecordID><Correlation/><Execution ProcessID='2832' ThreadID='3692'/><Channel>Microsoft-Windows-Sysmon/Operational</Channel><Computer>DESKTOP-7JEP204</Computer><Security UserID='S-1-5-18'/></System><EventData><Data Name='RuleName'>T1122</Data><Data Name='EventType'>SetValue</Data><Data Name='UtcTime'>2026-03-30 02:57:51.319</Data><Data Name='ProcessGuid'>{2c24d1db-e6ad-69c9-9300-000000001400}</Data><Data Name='ProcessId'>5988</Data><Data Name='Image'>C:\Users\User\AppData\Local\Microsoft\OneDrive\OneDrive.exe</Data><Data Name='TargetObject'>HKU\S-1-5-21-1667249613-324410992-874209505-1001_Classes\WOW6432Node\CLSID\{82CA8DE3-01AD-4CEA-9D75-BE4C51810A9E}\InprocServer32\(Default)</Data><Data Name='Details'>C:\Users\User\AppData\Local\Microsoft\OneDrive\26.040.0301.0001\i386\FileSyncShell.dll</Data><Data Name='User'>DESKTOP-7JEP204\User</Data></EventData></Event>
<Event xmlns='http://schemas.microsoft.com/win/2004/08/events/event'><System><Provider Name='Microsoft-Windows-Sysmon' Guid='{5770385f-c22a-43e0-bf4c-06f5698ffbd9}'/><EventID>13</EventID><Version>2</Version><Level>4</Level><Task>13</Task><Opcode>0</Opcode><Keywords>0x8000000000000000</Keywords><TimeCreated SystemTime='2026-03-30T02:57:51.3734060Z'/><EventRecordID>236</EventRecordID><Correlation/><Execution ProcessID='2832' ThreadID='3692'/><Channel>Microsoft-Windows-Sysmon/Operational</Channel><Computer>DESKTOP-7JEP204</Computer><Security UserID='S-1-5-18'/></System><EventData><Data Name='RuleName'>T1122</Data><Data Name='EventType'>SetValue</Data><Data Name='UtcTime'>2026-03-30 02:57:51.319</Data><Data Name='ProcessGuid'>{2c24d1db-e6ad-69c9-9300-000000001400}</Data><Data Name='ProcessId'>5988</Data><Data Name='Image'>C:\Users\User\AppData\Local\Microsoft\OneDrive\OneDrive.exe</Data><Data Name='TargetObject'>HKU\S-1-5-21-1667249613-324410992-874209505-1001_Classes\CLSID\{1BF42E4C-4AF4-4CFD-A1A0-CF2960B8F63E}\InprocServer32\(Default)</Data><Data Name='Details'>C:\Users\User\AppData\Local\Microsoft\OneDrive\26.040.0301.0001\FileSyncShell64.dll</Data><Data Name='User'>DESKTOP-7JEP204\User</Data></EventData></Event>
<Event xmlns='http://schemas.microsoft.com/win/2004/08/events/event'><System><Provider Name='Microsoft-Windows-Sysmon' Guid='{5770385f-c22a-43e0-bf4c-06f5698ffbd9}'/><EventID>13</EventID><Version>2</Version><Level>4</Level><Task>13</Task><Opcode>0</Opcode><Keywords>0x8000000000000000</Keywords><TimeCreated SystemTime='2026-03-30T02:57:51.3734530Z'/><EventRecordID>237</EventRecordID><Correlation/><Execution ProcessID='2832' ThreadID='3692'/><Channel>Microsoft-Windows-Sysmon/Operational</Channel><Computer>DESKTOP-7JEP204</Computer><Security UserID='S-1-5-18'/></System><EventData><Data Name='RuleName'>T1122</Data><Data Name='EventType'>SetValue</Data><Data Name='UtcTime'>2026-03-30 02:57:51.319</Data><Data Name='ProcessGuid'>{2c24d1db-e6ad-69c9-9300-000000001400}</Data><Data Name='ProcessId'>5988</Data><Data Name='Image'>C:\Users\User\AppData\Local\Microsoft\OneDrive\OneDrive.exe</Data><Data Name='TargetObject'>HKU\S-1-5-21-1667249613-324410992-874209505-1001_Classes\WOW6432Node\CLSID\{1BF42E4C-4AF4-4CFD-A1A0-CF2960B8F63E}\InprocServer32\(Default)</Data><Data Name='Details'>C:\Users\User\AppData\Local\Microsoft\OneDrive\26.040.0301.0001\i386\FileSyncShell.dll</Data><Data Name='User'>DESKTOP-7JEP204\User</Data></EventData></Event>
<Event xmlns='http://schemas.microsoft.com/win/2004/08/events/event'><System><Provider Name='Microsoft-Windows-Sysmon' Guid='{5770385f-c22a-43e0-bf4c-06f5698ffbd9}'/><EventID>13</EventID><Version>2</Version><Level>4</Level><Task>13</Task><Opcode>0</Opcode><Keywords>0x8000000000000000</Keywords><TimeCreated SystemTime='2026-03-30T02:57:51.3737634Z'/><EventRecordID>238</EventRecordID><Correlation/><Execution ProcessID='2832' ThreadID='3692'/><Channel>Microsoft-Windows-Sysmon/Operational</Channel><Computer>DESKTOP-7JEP204</Computer><Security UserID='S-1-5-18'/></System><EventData><Data Name='RuleName'>T1122</Data><Data Name='EventType'>SetValue</Data><Data Name='UtcTime'>2026-03-30 02:57:51.319</Data><Data Name='ProcessGuid'>{2c24d1db-e6ad-69c9-9300-000000001400}</Data><Data Name='ProcessId'>5988</Data><Data Name='Image'>C:\Users\User\AppData\Local\Microsoft\OneDrive\OneDrive.exe</Data><Data Name='TargetObject'>HKU\S-1-5-21-1667249613-324410992-874209505-1001_Classes\CLSID\{20894375-46AE-46E2-BAFD-CB38975CDCE6}\InprocServer32\(Default)</Data><Data Name='Details'>C:\Users\User\AppData\Local\Microsoft\OneDrive\26.040.0301.0001\FileSyncShell64.dll</Data><Data Name='User'>DESKTOP-7JEP204\User</Data></EventData></Event>
<Event xmlns='http://schemas.microsoft.com/win/2004/08/events/event'><System><Provider Name='Microsoft-Windows-Sysmon' Guid='{5770385f-c22a-43e0-bf4c-06f5698ffbd9}'/><EventID>13</EventID><Version>2</Version><Level>4</Level><Task>13</Task><Opcode>0</Opcode><Keywords>0x8000000000000000</Keywords><TimeCreated SystemTime='2026-03-30T02:57:51.3738107Z'/><EventRecordID>239</EventRecordID><Correlation/><Execution ProcessID='2832' ThreadID='3692'/><Channel>Microsoft-Windows-Sysmon/Operational</Channel><Computer>DESKTOP-7JEP204</Computer><Security UserID='S-1-5-18'/></System><EventData><Data Name='RuleName'>T1122</Data><Data Name='EventType'>SetValue</Data><Data Name='UtcTime'>2026-03-30 02:57:51.319</Data><Data Name='ProcessGuid'>{2c24d1db-e6ad-69c9-9300-000000001400}</Data><Data Name='ProcessId'>5988</Data><Data Name='Image'>C:\Users\User\AppData\Local\Microsoft\OneDrive\OneDrive.exe</Data><Data Name='TargetObject'>HKU\S-1-5-21-1667249613-324410992-874209505-1001_Classes\WOW6432Node\CLSID\{20894375-46AE-46E2-BAFD-CB38975CDCE6}\InprocServer32\(Default)</Data><Data Name='Details'>C:\Users\User\AppData\Local\Microsoft\OneDrive\26.040.0301.0001\i386\FileSyncShell.dll</Data><Data Name='User'>DESKTOP-7JEP204\User</Data></EventData></Event>
<Event xmlns='http://schemas.microsoft.com/win/2004/08/events/event'><System><Provider Name='Microsoft-Windows-Sysmon' Guid='{5770385f-c22a-43e0-bf4c-06f5698ffbd9}'/><EventID>13</EventID><Version>2</Version><Level>4</Level><Task>13</Task><Opcode>0</Opcode><Keywords>0x8000000000000000</Keywords><TimeCreated SystemTime='2026-03-30T02:57:51.3741192Z'/><EventRecordID>240</EventRecordID><Correlation/><Execution ProcessID='2832' ThreadID='3692'/><Channel>Microsoft-Windows-Sysmon/Operational</Channel><Computer>DESKTOP-7JEP204</Computer><Security UserID='S-1-5-18'/></System><EventData><Data Name='RuleName'>T1122</Data><Data Name='EventType'>SetValue</Data><Data Name='UtcTime'>2026-03-30 02:57:51.319</Data><Data Name='ProcessGuid'>{2c24d1db-e6ad-69c9-9300-000000001400}</Data><Data Name='ProcessId'>5988</Data><Data Name='Image'>C:\Users\User\AppData\Local\Microsoft\OneDrive\OneDrive.exe</Data><Data Name='TargetObject'>HKU\S-1-5-21-1667249613-324410992-874209505-1001_Classes\CLSID\{CB3D0F55-BC2C-4C1A-85ED-23ED75B5106B}\InprocServer32\(Default)</Data><Data Name='Details'>C:\Users\User\AppData\Local\Microsoft\OneDrive\26.040.0301.0001\FileSyncShell64.dll</Data><Data Name='User'>DESKTOP-7JEP204\User</Data></EventData></Event>
<Event xmlns='http://schemas.microsoft.com/win/2004/08/events/event'><System><Provider Name='Microsoft-Windows-Sysmon' Guid='{5770385f-c22a-43e0-bf4c-06f5698ffbd9}'/><EventID>13</EventID><Version>2</Version><Level>4</Level><Task>13</Task><Opcode>0</Opcode><Keywords>0x8000000000000000</Keywords><TimeCreated SystemTime='2026-03-30T02:57:51.3750953Z'/><EventRecordID>241</EventRecordID><Correlation/><Execution ProcessID='2832' ThreadID='3692'/><Channel>Microsoft-Windows-Sysmon/Operational</Channel><Computer>DESKTOP-7JEP204</Computer><Security UserID='S-1-5-18'/></System><EventData><Data Name='RuleName'>T1122</Data><Data Name='EventType'>SetValue</Data><Data Name='UtcTime'>2026-03-30 02:57:51.319</Data><Data Name='ProcessGuid'>{2c24d1db-e6ad-69c9-9300-000000001400}</Data><Data Name='ProcessId'>5988</Data><Data Name='Image'>C:\Users\User\AppData\Local\Microsoft\OneDrive\OneDrive.exe</Data><Data Name='TargetObject'>HKU\S-1-5-21-1667249613-324410992-874209505-1001_Classes\WOW6432Node\CLSID\{CB3D0F55-BC2C-4C1A-85ED-23ED75B5106B}\InprocServer32\(Default)</Data><Data Name='Details'>C:\Users\User\AppData\Local\Microsoft\OneDrive\26.040.0301.0001\i386\FileSyncShell.dll</Data><Data Name='User'>DESKTOP-7JEP204\User</Data></EventData></Event>
<Event xmlns='http://schemas.microsoft.com/win/2004/08/events/event'><System><Provider Name='Microsoft-Windows-Sysmon' Guid='{5770385f-c22a-43e0-bf4c-06f5698ffbd9}'/><EventID>13</EventID><Version>2</Version><Level>4</Level><Task>13</Task><Opcode>0</Opcode><Keywords>0x8000000000000000</Keywords><TimeCreated SystemTime='2026-03-30T02:57:51.3751419Z'/><EventRecordID>242</EventRecordID><Correlation/><Execution ProcessID='2832' ThreadID='3692'/><Channel>Microsoft-Windows-Sysmon/Operational</Channel><Computer>DESKTOP-7JEP204</Computer><Security UserID='S-1-5-18'/></System><EventData><Data Name='RuleName'>-</Data><Data Name='EventType'>SetValue</Data><Data Name='UtcTime'>2026-03-30 02:57:51.319</Data><Data Name='ProcessGuid'>{2c24d1db-e6ad-69c9-9300-000000001400}</Data><Data Name='ProcessId'>5988</Data><Data Name='Image'>C:\Users\User\AppData\Local\Microsoft\OneDrive\OneDrive.exe</Data><Data Name='TargetObject'>HKU\S-1-5-21-1667249613-324410992-874209505-1001_Classes\*\shellex\ContextMenuHandlers\ FileSyncEx\(Default)</Data><Data Name='Details'>{CB3D0F55-BC2C-4C1A-85ED-23ED75B5106B}</Data><Data Name='User'>DESKTOP-7JEP204\User</Data></EventData></Event>
<Event xmlns='http://schemas.microsoft.com/win/2004/08/events/event'><System><Provider Name='Microsoft-Windows-Sysmon' Guid='{5770385f-c22a-43e0-bf4c-06f5698ffbd9}'/><EventID>13</EventID><Version>2</Version><Level>4</Level><Task>13</Task><Opcode>0</Opcode><Keywords>0x8000000000000000</Keywords><TimeCreated SystemTime='2026-03-30T02:57:51.3751839Z'/><EventRecordID>243</EventRecordID><Correlation/><Execution ProcessID='2832' ThreadID='3692'/><Channel>Microsoft-Windows-Sysmon/Operational</Channel><Computer>DESKTOP-7JEP204</Computer><Security UserID='S-1-5-18'/></System><EventData><Data Name='RuleName'>-</Data><Data Name='EventType'>SetValue</Data><Data Name='UtcTime'>2026-03-30 02:57:51.319</Data><Data Name='ProcessGuid'>{2c24d1db-e6ad-69c9-9300-000000001400}</Data><Data Name='ProcessId'>5988</Data><Data Name='Image'>C:\Users\User\AppData\Local\Microsoft\OneDrive\OneDrive.exe</Data><Data Name='TargetObject'>HKU\S-1-5-21-1667249613-324410992-874209505-1001_Classes\*\shellex\ContextMenuHandlers\ FileSyncEx\(Default)</Data><Data Name='Details'>{CB3D0F55-BC2C-4C1A-85ED-23ED75B5106B}</Data><Data Name='User'>DESKTOP-7JEP204\User</Data></EventData></Event>
<Event xmlns='http://schemas.microsoft.com/win/2004/08/events/event'><System><Provider Name='Microsoft-Windows-Sysmon' Guid='{5770385f-c22a-43e0-bf4c-06f5698ffbd9}'/><EventID>13</EventID><Version>2</Version><Level>4</Level><Task>13</Task><Opcode>0</Opcode><Keywords>0x8000000000000000</Keywords><TimeCreated SystemTime='2026-03-30T02:57:51.3752331Z'/><EventRecordID>244</EventRecordID><Correlation/><Execution ProcessID='2832' ThreadID='3692'/><Channel>Microsoft-Windows-Sysmon/Operational</Channel><Computer>DESKTOP-7JEP204</Computer><Security UserID='S-1-5-18'/></System><EventData><Data Name='RuleName'>-</Data><Data Name='EventType'>SetValue</Data><Data Name='UtcTime'>2026-03-30 02:57:51.319</Data><Data Name='ProcessGuid'>{2c24d1db-e6ad-69c9-9300-000000001400}</Data><Data Name='ProcessId'>5988</Data><Data Name='Image'>C:\Users\User\AppData\Local\Microsoft\OneDrive\OneDrive.exe</Data><Data Name='TargetObject'>HKU\S-1-5-21-1667249613-324410992-874209505-1001_Classes\Directory\Background\shellex\ContextMenuHandlers\ FileSyncEx\(Default)</Data><Data Name='Details'>{CB3D0F55-BC2C-4C1A-85ED-23ED75B5106B}</Data><Data Name='User'>DESKTOP-7JEP204\User</Data></EventData></Event>
<Event xmlns='http://schemas.microsoft.com/win/2004/08/events/event'><System><Provider Name='Microsoft-Windows-Sysmon' Guid='{5770385f-c22a-43e0-bf4c-06f5698ffbd9}'/><EventID>13</EventID><Version>2</Version><Level>4</Level><Task>13</Task><Opcode>0</Opcode><Keywords>0x8000000000000000</Keywords><TimeCreated SystemTime='2026-03-30T02:57:51.3752804Z'/><EventRecordID>245</EventRecordID><Correlation/><Execution ProcessID='2832' ThreadID='3692'/><Channel>Microsoft-Windows-Sysmon/Operational</Channel><Computer>DESKTOP-7JEP204</Computer><Security UserID='S-1-5-18'/></System><EventData><Data Name='RuleName'>-</Data><Data Name='EventType'>SetValue</Data><Data Name='UtcTime'>2026-03-30 02:57:51.319</Data><Data Name='ProcessGuid'>{2c24d1db-e6ad-69c9-9300-000000001400}</Data><Data Name='ProcessId'>5988</Data><Data Name='Image'>C:\Users\User\AppData\Local\Microsoft\OneDrive\OneDrive.exe</Data><Data Name='TargetObject'>HKU\S-1-5-21-1667249613-324410992-874209505-1001_Classes\Directory\Background\shellex\ContextMenuHandlers\ FileSyncEx\(Default)</Data><Data Name='Details'>{CB3D0F55-BC2C-4C1A-85ED-23ED75B5106B}</Data><Data Name='User'>DESKTOP-7JEP204\User</Data></EventData></Event>
<Event xmlns='http://schemas.microsoft.com/win/2004/08/events/event'><System><Provider Name='Microsoft-Windows-Sysmon' Guid='{5770385f-c22a-43e0-bf4c-06f5698ffbd9}'/><EventID>13</EventID><Version>2</Version><Level>4</Level><Task>13</Task><Opcode>0</Opcode><Keywords>0x8000000000000000</Keywords><TimeCreated SystemTime='2026-03-30T02:57:51.3753244Z'/><EventRecordID>246</EventRecordID><Correlation/><Execution ProcessID='2832' ThreadID='3692'/><Channel>Microsoft-Windows-Sysmon/Operational</Channel><Computer>DESKTOP-7JEP204</Computer><Security UserID='S-1-5-18'/></System><EventData><Data Name='RuleName'>-</Data><Data Name='EventType'>SetValue</Data><Data Name='UtcTime'>2026-03-30 02:57:51.319</Data><Data Name='ProcessGuid'>{2c24d1db-e6ad-69c9-9300-000000001400}</Data><Data Name='ProcessId'>5988</Data><Data Name='Image'>C:\Users\User\AppData\Local\Microsoft\OneDrive\OneDrive.exe</Data><Data Name='TargetObject'>HKU\S-1-5-21-1667249613-324410992-874209505-1001_Classes\Directory\shellex\ContextMenuHandlers\ FileSyncEx\(Default)</Data><Data Name='Details'>{CB3D0F55-BC2C-4C1A-85ED-23ED75B5106B}</Data><Data Name='User'>DESKTOP-7JEP204\User</Data></EventData></Event>
<Event xmlns='http://schemas.microsoft.com/win/2004/08/events/event'><System><Provider Name='Microsoft-Windows-Sysmon' Guid='{5770385f-c22a-43e0-bf4c-06f5698ffbd9}'/><EventID>13</EventID><Version>2</Version><Level>4</Level><Task>13</Task><Opcode>0</Opcode><Keywords>0x8000000000000000</Keywords><TimeCreated SystemTime='2026-03-30T02:57:51.3753683Z'/><EventRecordID>247</EventRecordID><Correlation/><Execution ProcessID='2832' ThreadID='3692'/><Channel>Microsoft-Windows-Sysmon/Operational</Channel><Computer>DESKTOP-7JEP204</Computer><Security UserID='S-1-5-18'/></System><EventData><Data Name='RuleName'>-</Data><Data Name='EventType'>SetValue</Data><Data Name='UtcTime'>2026-03-30 02:57:51.319</Data><Data Name='ProcessGuid'>{2c24d1db-e6ad-69c9-9300-000000001400}</Data><Data Name='ProcessId'>5988</Data><Data Name='Image'>C:\Users\User\AppData\Local\Microsoft\OneDrive\OneDrive.exe</Data><Data Name='TargetObject'>HKU\S-1-5-21-1667249613-324410992-874209505-1001_Classes\Directory\shellex\ContextMenuHandlers\ FileSyncEx\(Default)</Data><Data Name='Details'>{CB3D0F55-BC2C-4C1A-85ED-23ED75B5106B}</Data><Data Name='User'>DESKTOP-7JEP204\User</Data></EventData></Event>
<Event xmlns='http://schemas.microsoft.com/win/2004/08/events/event'><System><Provider Name='Microsoft-Windows-Sysmon' Guid='{5770385f-c22a-43e0-bf4c-06f5698ffbd9}'/><EventID>13</EventID><Version>2</Version><Level>4</Level><Task>13</Task><Opcode>0</Opcode><Keywords>0x8000000000000000</Keywords><TimeCreated SystemTime='2026-03-30T02:57:51.3754198Z'/><EventRecordID>248</EventRecordID><Correlation/><Execution ProcessID='2832' ThreadID='3692'/><Channel>Microsoft-Windows-Sysmon/Operational</Channel><Computer>DESKTOP-7JEP204</Computer><Security UserID='S-1-5-18'/></System><EventData><Data Name='RuleName'>-</Data><Data Name='EventType'>SetValue</Data><Data Name='UtcTime'>2026-03-30 02:57:51.319</Data><Data Name='ProcessGuid'>{2c24d1db-e6ad-69c9-9300-000000001400}</Data><Data Name='ProcessId'>5988</Data><Data Name='Image'>C:\Users\User\AppData\Local\Microsoft\OneDrive\OneDrive.exe</Data><Data Name='TargetObject'>HKU\S-1-5-21-1667249613-324410992-874209505-1001_Classes\IE.AssocFile.URL\shellex\ContextMenuHandlers\ FileSyncEx\(Default)</Data><Data Name='Details'>{CB3D0F55-BC2C-4C1A-85ED-23ED75B5106B}</Data><Data Name='User'>DESKTOP-7JEP204\User</Data></EventData></Event>
<Event xmlns='http://schemas.microsoft.com/win/2004/08/events/event'><System><Provider Name='Microsoft-Windows-Sysmon' Guid='{5770385f-c22a-43e0-bf4c-06f5698ffbd9}'/><EventID>13</EventID><Version>2</Version><Level>4</Level><Task>13</Task><Opcode>0</Opcode><Keywords>0x8000000000000000</Keywords><TimeCreated SystemTime='2026-03-30T02:57:51.3754685Z'/><EventRecordID>249</EventRecordID><Correlation/><Execution ProcessID='2832' ThreadID='3692'/><Channel>Microsoft-Windows-Sysmon/Operational</Channel><Computer>DESKTOP-7JEP204</Computer><Security UserID='S-1-5-18'/></System><EventData><Data Name='RuleName'>-</Data><Data Name='EventType'>SetValue</Data><Data Name='UtcTime'>2026-03-30 02:57:51.319</Data><Data Name='ProcessGuid'>{2c24d1db-e6ad-69c9-9300-000000001400}</Data><Data Name='ProcessId'>5988</Data><Data Name='Image'>C:\Users\User\AppData\Local\Microsoft\OneDrive\OneDrive.exe</Data><Data Name='TargetObject'>HKU\S-1-5-21-1667249613-324410992-874209505-1001_Classes\IE.AssocFile.URL\shellex\ContextMenuHandlers\ FileSyncEx\(Default)</Data><Data Name='Details'>{CB3D0F55-BC2C-4C1A-85ED-23ED75B5106B}</Data><Data Name='User'>DESKTOP-7JEP204\User</Data></EventData></Event>
<Event xmlns='http://schemas.microsoft.com/win/2004/08/events/event'><System><Provider Name='Microsoft-Windows-Sysmon' Guid='{5770385f-c22a-43e0-bf4c-06f5698ffbd9}'/><EventID>13</EventID><Version>2</Version><Level>4</Level><Task>13</Task><Opcode>0</Opcode><Keywords>0x8000000000000000</Keywords><TimeCreated SystemTime='2026-03-30T02:57:51.3755167Z'/><EventRecordID>250</EventRecordID><Correlation/><Execution ProcessID='2832' ThreadID='3692'/><Channel>Microsoft-Windows-Sysmon/Operational</Channel><Computer>DESKTOP-7JEP204</Computer><Security UserID='S-1-5-18'/></System><EventData><Data Name='RuleName'>-</Data><Data Name='EventType'>SetValue</Data><Data Name='UtcTime'>2026-03-30 02:57:51.319</Data><Data Name='ProcessGuid'>{2c24d1db-e6ad-69c9-9300-000000001400}</Data><Data Name='ProcessId'>5988</Data><Data Name='Image'>C:\Users\User\AppData\Local\Microsoft\OneDrive\OneDrive.exe</Data><Data Name='TargetObject'>HKU\S-1-5-21-1667249613-324410992-874209505-1001_Classes\lnkfile\shellex\ContextMenuHandlers\ FileSyncEx\(Default)</Data><Data Name='Details'>{CB3D0F55-BC2C-4C1A-85ED-23ED75B5106B}</Data><Data Name='User'>DESKTOP-7JEP204\User</Data></EventData></Event>
<Event xmlns='http://schemas.microsoft.com/win/2004/08/events/event'><System><Provider Name='Microsoft-Windows-Sysmon' Guid='{5770385f-c22a-43e0-bf4c-06f5698ffbd9}'/><EventID>13</EventID><Version>2</Version><Level>4</Level><Task>13</Task><Opcode>0</Opcode><Keywords>0x8000000000000000</Keywords><TimeCreated SystemTime='2026-03-30T02:57:51.3755665Z'/><EventRecordID>251</EventRecordID><Correlation/><Execution ProcessID='2832' ThreadID='3692'/><Channel>Microsoft-Windows-Sysmon/Operational</Channel><Computer>DESKTOP-7JEP204</Computer><Security UserID='S-1-5-18'/></System><EventData><Data Name='RuleName'>-</Data><Data Name='EventType'>SetValue</Data><Data Name='UtcTime'>2026-03-30 02:57:51.319</Data><Data Name='ProcessGuid'>{2c24d1db-e6ad-69c9-9300-000000001400}</Data><Data Name='ProcessId'>5988</Data><Data Name='Image'>C:\Users\User\AppData\Local\Microsoft\OneDrive\OneDrive.exe</Data><Data Name='TargetObject'>HKU\S-1-5-21-1667249613-324410992-874209505-1001_Classes\lnkfile\shellex\ContextMenuHandlers\ FileSyncEx\(Default)</Data><Data Name='Details'>{CB3D0F55-BC2C-4C1A-85ED-23ED75B5106B}</Data><Data Name='User'>DESKTOP-7JEP204\User</Data></EventData></Event>
<Event xmlns='http://schemas.microsoft.com/win/2004/08/events/event'><System><Provider Name='Microsoft-Windows-Sysmon' Guid='{5770385f-c22a-43e0-bf4c-06f5698ffbd9}'/><EventID>13</EventID><Version>2</Version><Level>4</Level><Task>13</Task><Opcode>0</Opcode><Keywords>0x8000000000000000</Keywords><TimeCreated SystemTime='2026-03-30T02:57:51.3862162Z'/><EventRecordID>252</EventRecordID><Correlation/><Execution ProcessID='2832' ThreadID='3692'/><Channel>Microsoft-Windows-Sysmon/Operational</Channel><Computer>DESKTOP-7JEP204</Computer><Security UserID='S-1-5-18'/></System><EventData><Data Name='RuleName'>T1122</Data><Data Name='EventType'>SetValue</Data><Data Name='UtcTime'>2026-03-30 02:57:51.319</Data><Data Name='ProcessGuid'>{2c24d1db-e6ad-69c9-9300-000000001400}</Data><Data Name='ProcessId'>5988</Data><Data Name='Image'>C:\Users\User\AppData\Local\Microsoft\OneDrive\OneDrive.exe</Data><Data Name='TargetObject'>HKU\S-1-5-21-1667249613-324410992-874209505-1001_Classes\WOW6432Node\CLSID\{4410DC33-BC7C-496B-AA84-4AEA3EEE75F7}\InProcServer32\(Default)</Data><Data Name='Details'>C:\Users\User\AppData\Local\Microsoft\OneDrive\26.040.0301.0001\i386\FileCoAuthLib.dll</Data><Data Name='User'>DESKTOP-7JEP204\User</Data></EventData></Event>
<Event xmlns='http://schemas.microsoft.com/win/2004/08/events/event'><System><Provider Name='Microsoft-Windows-Sysmon' Guid='{5770385f-c22a-43e0-bf4c-06f5698ffbd9}'/><EventID>13</EventID><Version>2</Version><Level>4</Level><Task>13</Task><Opcode>0</Opcode><Keywords>0x8000000000000000</Keywords><TimeCreated SystemTime='2026-03-30T02:57:51.3917575Z'/><EventRecordID>253</EventRecordID><Correlation/><Execution ProcessID='2832' ThreadID='3692'/><Channel>Microsoft-Windows-Sysmon/Operational</Channel><Computer>DESKTOP-7JEP204</Computer><Security UserID='S-1-5-18'/></System><EventData><Data Name='RuleName'>T1122</Data><Data Name='EventType'>SetValue</Data><Data Name='UtcTime'>2026-03-30 02:57:51.319</Data><Data Name='ProcessGuid'>{2c24d1db-e6ad-69c9-9300-000000001400}</Data><Data Name='ProcessId'>5988</Data><Data Name='Image'>C:\Users\User\AppData\Local\Microsoft\OneDrive\OneDrive.exe</Data><Data Name='TargetObject'>HKU\S-1-5-21-1667249613-324410992-874209505-1001_Classes\CLSID\{4410DC33-BC7C-496B-AA84-4AEA3EEE75F7}\InProcServer32\(Default)</Data><Data Name='Details'>C:\Users\User\AppData\Local\Microsoft\OneDrive\26.040.0301.0001\FileCoAuthLib64.dll</Data><Data Name='User'>DESKTOP-7JEP204\User</Data></EventData></Event>
<Event xmlns='http://schemas.microsoft.com/win/2004/08/events/event'><System><Provider Name='Microsoft-Windows-Sysmon' Guid='{5770385f-c22a-43e0-bf4c-06f5698ffbd9}'/><EventID>13</EventID><Version>2</Version><Level>4</Level><Task>13</Task><Opcode>0</Opcode><Keywords>0x8000000000000000</Keywords><TimeCreated SystemTime='2026-03-30T02:57:51.3925448Z'/><EventRecordID>254</EventRecordID><Correlation/><Execution ProcessID='2832' ThreadID='3692'/><Channel>Microsoft-Windows-Sysmon/Operational</Channel><Computer>DESKTOP-7JEP204</Computer><Security UserID='S-1-5-18'/></System><EventData><Data Name='RuleName'>T1042</Data><Data Name='EventType'>SetValue</Data><Data Name='UtcTime'>2026-03-30 02:57:51.319</Data><Data Name='ProcessGuid'>{2c24d1db-e6ad-69c9-9300-000000001400}</Data><Data Name='ProcessId'>5988</Data><Data Name='Image'>C:\Users\User\AppData\Local\Microsoft\OneDrive\OneDrive.exe</Data><Data Name='TargetObject'>HKU\S-1-5-21-1667249613-324410992-874209505-1001_Classes\odopen\shell\open\command\(Default)</Data><Data Name='Details'>"C:\Users\User\AppData\Local\Microsoft\OneDrive\OneDrive.exe" /url:"%%1"</Data><Data Name='User'>DESKTOP-7JEP204\User</Data></EventData></Event>
