<Event xmlns='http://schemas.microsoft.com/win/2004/08/events/event'><System><Provider Name='Microsoft-Windows-Sysmon' Guid='{5770385f-c22a-43e0-bf4c-06f5698ffbd9}'/><EventID>1</EventID><Version>5</Version><Level>4</Level><Task>1</Task><Opcode>0</Opcode><Keywords>0x8000000000000000</Keywords><TimeCreated SystemTime='2026-03-30T02:57:16.3259776Z'/><EventRecordID>84</EventRecordID><Correlation/><Execution ProcessID='2832' ThreadID='3692'/><Channel>Microsoft-Windows-Sysmon/Operational</Channel><Computer>DESKTOP-7JEP204</Computer><Security UserID='S-1-5-18'/></System><EventData><Data Name='RuleName'>-</Data><Data Name='UtcTime'>2026-03-30 02:57:12.996</Data><Data Name='ProcessGuid'>{2c24d1db-e688-69c9-3600-000000001400}</Data><Data Name='ProcessId'>2348</Data><Data Name='Image'>C:\Windows\System32\svchost.exe</Data><Data Name='FileVersion'>10.0.19041.1806 (WinBuild.160101.0800)</Data><Data Name='Description'>Host Process for Windows Services</Data><Data Name='Product'>Microsoft® Windows® Operating System</Data><Data Name='Company'>Microsoft Corporation</Data><Data Name='OriginalFileName'>svchost.exe</Data><Data Name='CommandLine'>C:\Windows\System32\svchost.exe -k netsvcs -p -s ShellHWDetection</Data><Data Name='CurrentDirectory'>C:\Windows\system32\</Data><Data Name='User'>NT AUTHORITY\SYSTEM</Data><Data Name='LogonGuid'>{2c24d1db-5703-69ca-e703-000000000000}</Data><Data Name='LogonId'>0x3e7</Data><Data Name='TerminalSessionId'>0</Data><Data Name='IntegrityLevel'>System</Data><Data Name='Hashes'>MD5=B7F884C1B74A263F746EE12A5F7C9F6A,SHA256=ADD683A6910ABBBF0E28B557FAD0BA998166394932AE2ACA069D9AA19EA8FE88,IMPHASH=247B9220E5D9B720A82B2C8B5069AD69</Data><Data Name='ParentProcessGuid'>{00000000-0000-0000-0000-000000000000}</Data><Data Name='ParentProcessId'>660</Data><Data Name='ParentImage'>-</Data><Data Name='ParentCommandLine'>-</Data><Data Name='ParentUser'>-</Data></EventData></Event>
<Event xmlns='http://schemas.microsoft.com/win/2004/08/events/event'><System><Provider Name='Microsoft-Windows-Sysmon' Guid='{5770385f-c22a-43e0-bf4c-06f5698ffbd9}'/><EventID>1</EventID><Version>5</Version><Level>4</Level><Task>1</Task><Opcode>0</Opcode><Keywords>0x8000000000000000</Keywords><TimeCreated SystemTime='2026-03-30T02:57:16.3268059Z'/><EventRecordID>85</EventRecordID><Correlation/><Execution ProcessID='2832' ThreadID='3692'/><Channel>Microsoft-Windows-Sysmon/Operational</Channel><Computer>DESKTOP-7JEP204</Computer><Security UserID='S-1-5-18'/></System><EventData><Data Name='RuleName'>-</Data><Data Name='UtcTime'>2026-03-30 02:57:13.235</Data><Data Name='ProcessGuid'>{2c24d1db-e689-69c9-3700-000000001400}</Data><Data Name='ProcessId'>2420</Data><Data Name='Image'>C:\Windows\System32\spoolsv.exe</Data><Data Name='FileVersion'>10.0.19041.2006 (WinBuild.160101.0800)</Data><Data Name='Description'>Spooler SubSystem App</Data><Data Name='Product'>Microsoft® Windows® Operating System</Data><Data Name='Company'>Microsoft Corporation</Data><Data Name='OriginalFileName'>spoolsv.exe</Data><Data Name='CommandLine'>C:\Windows\System32\spoolsv.exe</Data><Data Name='CurrentDirectory'>C:\Windows\system32\</Data><Data Name='User'>NT AUTHORITY\SYSTEM</Data><Data Name='LogonGuid'>{2c24d1db-5703-69ca-e703-000000000000}</Data><Data Name='LogonId'>0x3e7</Data><Data Name='TerminalSessionId'>0</Data><Data Name='IntegrityLevel'>System</Data><Data Name='Hashes'>MD5=0D4B1E3E4488E9BDC035F23E1F4FE22F,SHA256=7C8C60C6DA97F9505AC8C035F742E9DF963F1102C6183185E07A931AE8F82B84,IMPHASH=A73ACEC9E3E3E98034374977A7639495</Data><Data Name='ParentProcessGuid'>{00000000-0000-0000-0000-000000000000}</Data><Data Name='ParentProcessId'>660</Data><Data Name='ParentImage'>-</Data><Data Name='ParentCommandLine'>-</Data><Data Name='ParentUser'>-</Data></EventData></Event>
<Event xmlns='http://schemas.microsoft.com/win/2004/08/events/event'><System><Provider Name='Microsoft-Windows-Sysmon' Guid='{5770385f-c22a-43e0-bf4c-06f5698ffbd9}'/><EventID>1</EventID><Version>5</Version><Level>4</Level><Task>1</Task><Opcode>0</Opcode><Keywords>0x8000000000000000</Keywords><TimeCreated SystemTime='2026-03-30T02:57:16.3285492Z'/><EventRecordID>86</EventRecordID><Correlation/><Execution ProcessID='2832' ThreadID='3692'/><Channel>Microsoft-Windows-Sysmon/Operational</Channel><Computer>DESKTOP-7JEP204</Computer><Security UserID='S-1-5-18'/></System><EventData><Data Name='RuleName'>-</Data><Data Name='UtcTime'>2026-03-30 02:57:13.290</Data><Data Name='ProcessGuid'>{2c24d1db-e689-69c9-3800-000000001400}</Data><Data Name='ProcessId'>2444</Data><Data Name='Image'>C:\Windows\System32\svchost.exe</Data><Data Name='FileVersion'>10.0.19041.1806 (WinBuild.160101.0800)</Data><Data Name='Description'>Host Process for Windows Services</Data><Data Name='Product'>Microsoft® Windows® Operating System</Data><Data Name='Company'>Microsoft Corporation</Data><Data Name='OriginalFileName'>svchost.exe</Data><Data Name='CommandLine'>C:\Windows\system32\svchost.exe -k LocalServiceNoNetworkFirewall -p</Data><Data Name='CurrentDirectory'>C:\Windows\system32\</Data><Data Name='User'>NT AUTHORITY\LOCAL SERVICE</Data><Data Name='LogonGuid'>{2c24d1db-5705-69ca-e503-000000000000}</Data><Data Name='LogonId'>0x3e5</Data><Data Name='TerminalSessionId'>0</Data><Data Name='IntegrityLevel'>System</Data><Data Name='Hashes'>MD5=B7F884C1B74A263F746EE12A5F7C9F6A,SHA256=ADD683A6910ABBBF0E28B557FAD0BA998166394932AE2ACA069D9AA19EA8FE88,IMPHASH=247B9220E5D9B720A82B2C8B5069AD69</Data><Data Name='ParentProcessGuid'>{00000000-0000-0000-0000-000000000000}</Data><Data Name='ParentProcessId'>660</Data><Data Name='ParentImage'>-</Data><Data Name='ParentCommandLine'>-</Data><Data Name='ParentUser'>-</Data></EventData></Event>
<Event xmlns='http://schemas.microsoft.com/win/2004/08/events/event'><System><Provider Name='Microsoft-Windows-Sysmon' Guid='{5770385f-c22a-43e0-bf4c-06f5698ffbd9}'/><EventID>1</EventID><Version>5</Version><Level>4</Level><Task>1</Task><Opcode>0</Opcode><Keywords>0x8000000000000000</Keywords><TimeCreated SystemTime='2026-03-30T02:57:16.3300453Z'/><EventRecordID>87</EventRecordID><Correlation/><Execution ProcessID='2832' ThreadID='3692'/><Channel>Microsoft-Windows-Sysmon/Operational</Channel><Computer>DESKTOP-7JEP204</Computer><Security UserID='S-1-5-18'/></System><EventData><Data Name='RuleName'>-</Data><Data Name='UtcTime'>2026-03-30 02:57:13.448</Data><Data Name='ProcessGuid'>{2c24d1db-e689-69c9-3900-000000001400}</Data><Data Name='ProcessId'>2480</Data><Data Name='Image'>C:\Windows\System32\svchost.exe</Data><Data Name='FileVersion'>10.0.19041.1806 (WinBuild.160101.0800)</Data><Data Name='Description'>Host Process for Windows Services</Data><Data Name='Product'>Microsoft® Windows® Operating System</Data><Data Name='Company'>Microsoft Corporation</Data><Data Name='OriginalFileName'>svchost.exe</Data><Data Name='CommandLine'>C:\Windows\System32\svchost.exe -k NetworkService -p -s LanmanWorkstation</Data><Data Name='CurrentDirectory'>C:\Windows\system32\</Data><Data Name='User'>NT AUTHORITY\NETWORK SERVICE</Data><Data Name='LogonGuid'>{2c24d1db-5704-69ca-e403-000000000000}</Data><Data Name='LogonId'>0x3e4</Data><Data Name='TerminalSessionId'>0</Data><Data Name='IntegrityLevel'>System</Data><Data Name='Hashes'>MD5=B7F884C1B74A263F746EE12A5F7C9F6A,SHA256=ADD683A6910ABBBF0E28B557FAD0BA998166394932AE2ACA069D9AA19EA8FE88,IMPHASH=247B9220E5D9B720A82B2C8B5069AD69</Data><Data Name='ParentProcessGuid'>{00000000-0000-0000-0000-000000000000}</Data><Data Name='ParentProcessId'>660</Data><Data Name='ParentImage'>-</Data><Data Name='ParentCommandLine'>-</Data><Data Name='ParentUser'>-</Data></EventData></Event>
<Event xmlns='http://schemas.microsoft.com/win/2004/08/events/event'><System><Provider Name='Microsoft-Windows-Sysmon' Guid='{5770385f-c22a-43e0-bf4c-06f5698ffbd9}'/><EventID>1</EventID><Version>5</Version><Level>4</Level><Task>1</Task><Opcode>0</Opcode><Keywords>0x8000000000000000</Keywords><TimeCreated SystemTime='2026-03-30T02:57:16.4620321Z'/><EventRecordID>88</EventRecordID><Correlation/><Execution ProcessID='2832' ThreadID='3692'/><Channel>Microsoft-Windows-Sysmon/Operational</Channel><Computer>DESKTOP-7JEP204</Computer><Security UserID='S-1-5-18'/></System><EventData><Data Name='RuleName'>-</Data><Data Name='UtcTime'>2026-03-30 02:57:13.771</Data><Data Name='ProcessGuid'>{2c24d1db-e689-69c9-3a00-000000001400}</Data><Data Name='ProcessId'>2584</Data><Data Name='Image'>C:\Windows\System32\svchost.exe</Data><Data Name='FileVersion'>10.0.19041.1806 (WinBuild.160101.0800)</Data><Data Name='Description'>Host Process for Windows Services</Data><Data Name='Product'>Microsoft® Windows® Operating System</Data><Data Name='Company'>Microsoft Corporation</Data><Data Name='OriginalFileName'>svchost.exe</Data><Data Name='CommandLine'>C:\Windows\system32\svchost.exe -k NetworkServiceNetworkRestricted -p -s PolicyAgent</Data><Data Name='CurrentDirectory'>C:\Windows\system32\</Data><Data Name='User'>NT AUTHORITY\NETWORK SERVICE</Data><Data Name='LogonGuid'>{2c24d1db-5704-69ca-e403-000000000000}</Data><Data Name='LogonId'>0x3e4</Data><Data Name='TerminalSessionId'>0</Data><Data Name='IntegrityLevel'>System</Data><Data Name='Hashes'>MD5=B7F884C1B74A263F746EE12A5F7C9F6A,SHA256=ADD683A6910ABBBF0E28B557FAD0BA998166394932AE2ACA069D9AA19EA8FE88,IMPHASH=247B9220E5D9B720A82B2C8B5069AD69</Data><Data Name='ParentProcessGuid'>{00000000-0000-0000-0000-000000000000}</Data><Data Name='ParentProcessId'>660</Data><Data Name='ParentImage'>-</Data><Data Name='ParentCommandLine'>-</Data><Data Name='ParentUser'>-</Data></EventData></Event>
<Event xmlns='http://schemas.microsoft.com/win/2004/08/events/event'><System><Provider Name='Microsoft-Windows-Sysmon' Guid='{5770385f-c22a-43e0-bf4c-06f5698ffbd9}'/><EventID>1</EventID><Version>5</Version><Level>4</Level><Task>1</Task><Opcode>0</Opcode><Keywords>0x8000000000000000</Keywords><TimeCreated SystemTime='2026-03-30T02:57:16.4634102Z'/><EventRecordID>89</EventRecordID><Correlation/><Execution ProcessID='2832' ThreadID='3692'/><Channel>Microsoft-Windows-Sysmon/Operational</Channel><Computer>DESKTOP-7JEP204</Computer><Security UserID='S-1-5-18'/></System><EventData><Data Name='RuleName'>-</Data><Data Name='UtcTime'>2026-03-30 02:57:13.773</Data><Data Name='ProcessGuid'>{2c24d1db-e689-69c9-3b00-000000001400}</Data><Data Name='ProcessId'>2592</Data><Data Name='Image'>C:\Windows\System32\svchost.exe</Data><Data Name='FileVersion'>10.0.19041.1806 (WinBuild.160101.0800)</Data><Data Name='Description'>Host Process for Windows Services</Data><Data Name='Product'>Microsoft® Windows® Operating System</Data><Data Name='Company'>Microsoft Corporation</Data><Data Name='OriginalFileName'>svchost.exe</Data><Data Name='CommandLine'>C:\Windows\system32\svchost.exe -k netsvcs -p -s IKEEXT</Data><Data Name='CurrentDirectory'>C:\Windows\system32\</Data><Data Name='User'>NT AUTHORITY\SYSTEM</Data><Data Name='LogonGuid'>{2c24d1db-5703-69ca-e703-000000000000}</Data><Data Name='LogonId'>0x3e7</Data><Data Name='TerminalSessionId'>0</Data><Data Name='IntegrityLevel'>System</Data><Data Name='Hashes'>MD5=B7F884C1B74A263F746EE12A5F7C9F6A,SHA256=ADD683A6910ABBBF0E28B557FAD0BA998166394932AE2ACA069D9AA19EA8FE88,IMPHASH=247B9220E5D9B720A82B2C8B5069AD69</Data><Data Name='ParentProcessGuid'>{00000000-0000-0000-0000-000000000000}</Data><Data Name='ParentProcessId'>660</Data><Data Name='ParentImage'>-</Data><Data Name='ParentCommandLine'>-</Data><Data Name='ParentUser'>-</Data></EventData></Event>
<Event xmlns='http://schemas.microsoft.com/win/2004/08/events/event'><System><Provider Name='Microsoft-Windows-Sysmon' Guid='{5770385f-c22a-43e0-bf4c-06f5698ffbd9}'/><EventID>1</EventID><Version>5</Version><Level>4</Level><Task>1</Task><Opcode>0</Opcode><Keywords>0x8000000000000000</Keywords><TimeCreated SystemTime='2026-03-30T02:57:16.5614750Z'/><EventRecordID>90</EventRecordID><Correlation/><Execution ProcessID='2832' ThreadID='3692'/><Channel>Microsoft-Windows-Sysmon/Operational</Channel><Computer>DESKTOP-7JEP204</Computer><Security UserID='S-1-5-18'/></System><EventData><Data Name='RuleName'>-</Data><Data Name='UtcTime'>2026-03-30 02:57:13.852</Data><Data Name='ProcessGuid'>{2c24d1db-e689-69c9-3c00-000000001400}</Data><Data Name='ProcessId'>2684</Data><Data Name='Image'>C:\Windows\System32\svchost.exe</Data><Data Name='FileVersion'>10.0.19041.1806 (WinBuild.160101.0800)</Data><Data Name='Description'>Host Process for Windows Services</Data><Data Name='Product'>Microsoft® Windows® Operating System</Data><Data Name='Company'>Microsoft Corporation</Data><Data Name='OriginalFileName'>svchost.exe</Data><Data Name='CommandLine'>C:\Windows\system32\svchost.exe -k NetworkService -p -s CryptSvc</Data><Data Name='CurrentDirectory'>C:\Windows\system32\</Data><Data Name='User'>NT AUTHORITY\NETWORK SERVICE</Data><Data Name='LogonGuid'>{2c24d1db-5704-69ca-e403-000000000000}</Data><Data Name='LogonId'>0x3e4</Data><Data Name='TerminalSessionId'>0</Data><Data Name='IntegrityLevel'>System</Data><Data Name='Hashes'>MD5=B7F884C1B74A263F746EE12A5F7C9F6A,SHA256=ADD683A6910ABBBF0E28B557FAD0BA998166394932AE2ACA069D9AA19EA8FE88,IMPHASH=247B9220E5D9B720A82B2C8B5069AD69</Data><Data Name='ParentProcessGuid'>{00000000-0000-0000-0000-000000000000}</Data><Data Name='ParentProcessId'>660</Data><Data Name='ParentImage'>-</Data><Data Name='ParentCommandLine'>-</Data><Data Name='ParentUser'>-</Data></EventData></Event>
<Event xmlns='http://schemas.microsoft.com/win/2004/08/events/event'><System><Provider Name='Microsoft-Windows-Sysmon' Guid='{5770385f-c22a-43e0-bf4c-06f5698ffbd9}'/><EventID>1</EventID><Version>5</Version><Level>4</Level><Task>1</Task><Opcode>0</Opcode><Keywords>0x8000000000000000</Keywords><TimeCreated SystemTime='2026-03-30T02:57:16.5623097Z'/><EventRecordID>91</EventRecordID><Correlation/><Execution ProcessID='2832' ThreadID='3692'/><Channel>Microsoft-Windows-Sysmon/Operational</Channel><Computer>DESKTOP-7JEP204</Computer><Security UserID='S-1-5-18'/></System><EventData><Data Name='RuleName'>-</Data><Data Name='UtcTime'>2026-03-30 02:57:13.857</Data><Data Name='ProcessGuid'>{2c24d1db-e689-69c9-3d00-000000001400}</Data><Data Name='ProcessId'>2692</Data><Data Name='Image'>C:\Windows\System32\svchost.exe</Data><Data Name='FileVersion'>10.0.19041.1806 (WinBuild.160101.0800)</Data><Data Name='Description'>Host Process for Windows Services</Data><Data Name='Product'>Microsoft® Windows® Operating System</Data><Data Name='Company'>Microsoft Corporation</Data><Data Name='OriginalFileName'>svchost.exe</Data><Data Name='CommandLine'>C:\Windows\System32\svchost.exe -k utcsvc -p</Data><Data Name='CurrentDirectory'>C:\Windows\system32\</Data><Data Name='User'>NT AUTHORITY\SYSTEM</Data><Data Name='LogonGuid'>{2c24d1db-5703-69ca-e703-000000000000}</Data><Data Name='LogonId'>0x3e7</Data><Data Name='TerminalSessionId'>0</Data><Data Name='IntegrityLevel'>System</Data><Data Name='Hashes'>MD5=B7F884C1B74A263F746EE12A5F7C9F6A,SHA256=ADD683A6910ABBBF0E28B557FAD0BA998166394932AE2ACA069D9AA19EA8FE88,IMPHASH=247B9220E5D9B720A82B2C8B5069AD69</Data><Data Name='ParentProcessGuid'>{00000000-0000-0000-0000-000000000000}</Data><Data Name='ParentProcessId'>660</Data><Data Name='ParentImage'>-</Data><Data Name='ParentCommandLine'>-</Data><Data Name='ParentUser'>-</Data></EventData></Event>
<Event xmlns='http://schemas.microsoft.com/win/2004/08/events/event'><System><Provider Name='Microsoft-Windows-Sysmon' Guid='{5770385f-c22a-43e0-bf4c-06f5698ffbd9}'/><EventID>1</EventID><Version>5</Version><Level>4</Level><Task>1</Task><Opcode>0</Opcode><Keywords>0x8000000000000000</Keywords><TimeCreated SystemTime='2026-03-30T02:57:16.5643422Z'/><EventRecordID>92</EventRecordID><Correlation/><Execution ProcessID='2832' ThreadID='3692'/><Channel>Microsoft-Windows-Sysmon/Operational</Channel><Computer>DESKTOP-7JEP204</Computer><Security UserID='S-1-5-18'/></System><EventData><Data Name='RuleName'>-</Data><Data Name='UtcTime'>2026-03-30 02:57:13.874</Data><Data Name='ProcessGuid'>{2c24d1db-e689-69c9-3e00-000000001400}</Data><Data Name='ProcessId'>2704</Data><Data Name='Image'>C:\Windows\System32\svchost.exe</Data><Data Name='FileVersion'>10.0.19041.1806 (WinBuild.160101.0800)</Data><Data Name='Description'>Host Process for Windows Services</Data><Data Name='Product'>Microsoft® Windows® Operating System</Data><Data Name='Company'>Microsoft Corporation</Data><Data Name='OriginalFileName'>svchost.exe</Data><Data Name='CommandLine'>C:\Windows\System32\svchost.exe -k LocalServiceNoNetwork -p -s DPS</Data><Data Name='CurrentDirectory'>C:\Windows\system32\</Data><Data Name='User'>NT AUTHORITY\LOCAL SERVICE</Data><Data Name='LogonGuid'>{2c24d1db-5705-69ca-e503-000000000000}</Data><Data Name='LogonId'>0x3e5</Data><Data Name='TerminalSessionId'>0</Data><Data Name='IntegrityLevel'>System</Data><Data Name='Hashes'>MD5=B7F884C1B74A263F746EE12A5F7C9F6A,SHA256=ADD683A6910ABBBF0E28B557FAD0BA998166394932AE2ACA069D9AA19EA8FE88,IMPHASH=247B9220E5D9B720A82B2C8B5069AD69</Data><Data Name='ParentProcessGuid'>{00000000-0000-0000-0000-000000000000}</Data><Data Name='ParentProcessId'>660</Data><Data Name='ParentImage'>-</Data><Data Name='ParentCommandLine'>-</Data><Data Name='ParentUser'>-</Data></EventData></Event>
<Event xmlns='http://schemas.microsoft.com/win/2004/08/events/event'><System><Provider Name='Microsoft-Windows-Sysmon' Guid='{5770385f-c22a-43e0-bf4c-06f5698ffbd9}'/><EventID>1</EventID><Version>5</Version><Level>4</Level><Task>1</Task><Opcode>0</Opcode><Keywords>0x8000000000000000</Keywords><TimeCreated SystemTime='2026-03-30T02:57:16.5658437Z'/><EventRecordID>93</EventRecordID><Correlation/><Execution ProcessID='2832' ThreadID='3692'/><Channel>Microsoft-Windows-Sysmon/Operational</Channel><Computer>DESKTOP-7JEP204</Computer><Security UserID='S-1-5-18'/></System><EventData><Data Name='RuleName'>-</Data><Data Name='UtcTime'>2026-03-30 02:57:13.881</Data><Data Name='ProcessGuid'>{2c24d1db-e689-69c9-3f00-000000001400}</Data><Data Name='ProcessId'>2716</Data><Data Name='Image'>C:\Windows\System32\svchost.exe</Data><Data Name='FileVersion'>10.0.19041.1806 (WinBuild.160101.0800)</Data><Data Name='Description'>Host Process for Windows Services</Data><Data Name='Product'>Microsoft® Windows® Operating System</Data><Data Name='Company'>Microsoft Corporation</Data><Data Name='OriginalFileName'>svchost.exe</Data><Data Name='CommandLine'>C:\Windows\system32\svchost.exe -k netsvcs -p -s Winmgmt</Data><Data Name='CurrentDirectory'>C:\Windows\system32\</Data><Data Name='User'>NT AUTHORITY\SYSTEM</Data><Data Name='LogonGuid'>{2c24d1db-5703-69ca-e703-000000000000}</Data><Data Name='LogonId'>0x3e7</Data><Data Name='TerminalSessionId'>0</Data><Data Name='IntegrityLevel'>System</Data><Data Name='Hashes'>MD5=B7F884C1B74A263F746EE12A5F7C9F6A,SHA256=ADD683A6910ABBBF0E28B557FAD0BA998166394932AE2ACA069D9AA19EA8FE88,IMPHASH=247B9220E5D9B720A82B2C8B5069AD69</Data><Data Name='ParentProcessGuid'>{00000000-0000-0000-0000-000000000000}</Data><Data Name='ParentProcessId'>660</Data><Data Name='ParentImage'>-</Data><Data Name='ParentCommandLine'>-</Data><Data Name='ParentUser'>-</Data></EventData></Event>
<Event xmlns='http://schemas.microsoft.com/win/2004/08/events/event'><System><Provider Name='Microsoft-Windows-Sysmon' Guid='{5770385f-c22a-43e0-bf4c-06f5698ffbd9}'/><EventID>1</EventID><Version>5</Version><Level>4</Level><Task>1</Task><Opcode>0</Opcode><Keywords>0x8000000000000000</Keywords><TimeCreated SystemTime='2026-03-30T02:57:16.5674990Z'/><EventRecordID>94</EventRecordID><Correlation/><Execution ProcessID='2832' ThreadID='3692'/><Channel>Microsoft-Windows-Sysmon/Operational</Channel><Computer>DESKTOP-7JEP204</Computer><Security UserID='S-1-5-18'/></System><EventData><Data Name='RuleName'>-</Data><Data Name='UtcTime'>2026-03-30 02:57:13.908</Data><Data Name='ProcessGuid'>{2c24d1db-e689-69c9-4000-000000001400}</Data><Data Name='ProcessId'>2748</Data><Data Name='Image'>C:\ProgramData\Microsoft\Windows Defender\Platform\4.18.26020.6-0\MpDefenderCoreService.exe</Data><Data Name='FileVersion'>4.18.26020.6 (cd0aebd7c18a68cd2e3af14a117b45b178d088f4)</Data><Data Name='Description'>Antimalware Core Service</Data><Data Name='Product'>Microsoft® Windows® Operating System</Data><Data Name='Company'>Microsoft Corporation</Data><Data Name='OriginalFileName'>MpDefenderCoreService.exe</Data><Data Name='CommandLine'>"C:\ProgramData\Microsoft\Windows Defender\platform\4.18.26020.6-0\MpDefenderCoreService.exe"</Data><Data Name='CurrentDirectory'>C:\Windows\system32\</Data><Data Name='User'>NT AUTHORITY\SYSTEM</Data><Data Name='LogonGuid'>{2c24d1db-5703-69ca-e703-000000000000}</Data><Data Name='LogonId'>0x3e7</Data><Data Name='TerminalSessionId'>0</Data><Data Name='IntegrityLevel'>System</Data><Data Name='Hashes'>MD5=694784D86777BE207799EE7BF42314DF,SHA256=A5B33494BF5631932672F781C2EB3D720E9CC582AD299051CE3A16468278987D,IMPHASH=19A96598F7C079AC7FBBB7A790117D9B</Data><Data Name='ParentProcessGuid'>{00000000-0000-0000-0000-000000000000}</Data><Data Name='ParentProcessId'>660</Data><Data Name='ParentImage'>-</Data><Data Name='ParentCommandLine'>-</Data><Data Name='ParentUser'>-</Data></EventData></Event>
<Event xmlns='http://schemas.microsoft.com/win/2004/08/events/event'><System><Provider Name='Microsoft-Windows-Sysmon' Guid='{5770385f-c22a-43e0-bf4c-06f5698ffbd9}'/><EventID>1</EventID><Version>5</Version><Level>4</Level><Task>1</Task><Opcode>0</Opcode><Keywords>0x8000000000000000</Keywords><TimeCreated SystemTime='2026-03-30T02:57:16.5678703Z'/><EventRecordID>95</EventRecordID><Correlation/><Execution ProcessID='2832' ThreadID='3692'/><Channel>Microsoft-Windows-Sysmon/Operational</Channel><Computer>DESKTOP-7JEP204</Computer><Security UserID='S-1-5-18'/></System><EventData><Data Name='RuleName'>-</Data><Data Name='UtcTime'>2026-03-30 02:57:13.936</Data><Data Name='ProcessGuid'>{2c24d1db-e689-69c9-4100-000000001400}</Data><Data Name='ProcessId'>2772</Data><Data Name='Image'>C:\Windows\System32\svchost.exe</Data><Data Name='FileVersion'>10.0.19041.1806 (WinBuild.160101.0800)</Data><Data Name='Description'>Host Process for Windows Services</Data><Data Name='Product'>Microsoft® Windows® Operating System</Data><Data Name='Company'>Microsoft Corporation</Data><Data Name='OriginalFileName'>svchost.exe</Data><Data Name='CommandLine'>C:\Windows\system32\svchost.exe -k netsvcs -p -s LanmanServer</Data><Data Name='CurrentDirectory'>C:\Windows\system32\</Data><Data Name='User'>NT AUTHORITY\SYSTEM</Data><Data Name='LogonGuid'>{2c24d1db-5703-69ca-e703-000000000000}</Data><Data Name='LogonId'>0x3e7</Data><Data Name='TerminalSessionId'>0</Data><Data Name='IntegrityLevel'>System</Data><Data Name='Hashes'>MD5=B7F884C1B74A263F746EE12A5F7C9F6A,SHA256=ADD683A6910ABBBF0E28B557FAD0BA998166394932AE2ACA069D9AA19EA8FE88,IMPHASH=247B9220E5D9B720A82B2C8B5069AD69</Data><Data Name='ParentProcessGuid'>{00000000-0000-0000-0000-000000000000}</Data><Data Name='ParentProcessId'>660</Data><Data Name='ParentImage'>-</Data><Data Name='ParentCommandLine'>-</Data><Data Name='ParentUser'>-</Data></EventData></Event>
<Event xmlns='http://schemas.microsoft.com/win/2004/08/events/event'><System><Provider Name='Microsoft-Windows-Sysmon' Guid='{5770385f-c22a-43e0-bf4c-06f5698ffbd9}'/><EventID>1</EventID><Version>5</Version><Level>4</Level><Task>1</Task><Opcode>0</Opcode><Keywords>0x8000000000000000</Keywords><TimeCreated SystemTime='2026-03-30T02:57:16.5731283Z'/><EventRecordID>96</EventRecordID><Correlation/><Execution ProcessID='2832' ThreadID='3692'/><Channel>Microsoft-Windows-Sysmon/Operational</Channel><Computer>DESKTOP-7JEP204</Computer><Security UserID='S-1-5-18'/></System><EventData><Data Name='RuleName'>-</Data><Data Name='UtcTime'>2026-03-30 02:57:14.011</Data><Data Name='ProcessGuid'>{2c24d1db-e68a-69c9-4200-000000001400}</Data><Data Name='ProcessId'>2824</Data><Data Name='Image'>C:\Windows\System32\OpenSSH\sshd.exe</Data><Data Name='FileVersion'>7.7.2.3</Data><Data Name='Description'>-</Data><Data Name='Product'>OpenSSH for Windows</Data><Data Name='Company'>-</Data><Data Name='OriginalFileName'>-</Data><Data Name='CommandLine'>C:\Windows\System32\OpenSSH\sshd.exe</Data><Data Name='CurrentDirectory'>C:\Windows\system32\</Data><Data Name='User'>NT AUTHORITY\SYSTEM</Data><Data Name='LogonGuid'>{2c24d1db-5703-69ca-e703-000000000000}</Data><Data Name='LogonId'>0x3e7</Data><Data Name='TerminalSessionId'>0</Data><Data Name='IntegrityLevel'>System</Data><Data Name='Hashes'>MD5=BCFDD6927990AE7156026EDC32393740,SHA256=7D4F44FC14E9096032A4966FBE804E8827F7DDF8BB72687E0763D16D01FE949D,IMPHASH=E6B3B7A27E62B10DFD65C0DB931FE660</Data><Data Name='ParentProcessGuid'>{00000000-0000-0000-0000-000000000000}</Data><Data Name='ParentProcessId'>660</Data><Data Name='ParentImage'>-</Data><Data Name='ParentCommandLine'>-</Data><Data Name='ParentUser'>-</Data></EventData></Event>
<Event xmlns='http://schemas.microsoft.com/win/2004/08/events/event'><System><Provider Name='Microsoft-Windows-Sysmon' Guid='{5770385f-c22a-43e0-bf4c-06f5698ffbd9}'/><EventID>1</EventID><Version>5</Version><Level>4</Level><Task>1</Task><Opcode>0</Opcode><Keywords>0x8000000000000000</Keywords><TimeCreated SystemTime='2026-03-30T02:57:16.5789138Z'/><EventRecordID>97</EventRecordID><Correlation/><Execution ProcessID='2832' ThreadID='3692'/><Channel>Microsoft-Windows-Sysmon/Operational</Channel><Computer>DESKTOP-7JEP204</Computer><Security UserID='S-1-5-18'/></System><EventData><Data Name='RuleName'>-</Data><Data Name='UtcTime'>2026-03-30 02:57:14.097</Data><Data Name='ProcessGuid'>{2c24d1db-e68a-69c9-4400-000000001400}</Data><Data Name='ProcessId'>2848</Data><Data Name='Image'>C:\Windows\System32\svchost.exe</Data><Data Name='FileVersion'>10.0.19041.1806 (WinBuild.160101.0800)</Data><Data Name='Description'>Host Process for Windows Services</Data><Data Name='Product'>Microsoft® Windows® Operating System</Data><Data Name='Company'>Microsoft Corporation</Data><Data Name='OriginalFileName'>svchost.exe</Data><Data Name='CommandLine'>C:\Windows\System32\svchost.exe -k LocalSystemNetworkRestricted -p -s TrkWks</Data><Data Name='CurrentDirectory'>C:\Windows\system32\</Data><Data Name='User'>NT AUTHORITY\SYSTEM</Data><Data Name='LogonGuid'>{2c24d1db-5703-69ca-e703-000000000000}</Data><Data Name='LogonId'>0x3e7</Data><Data Name='TerminalSessionId'>0</Data><Data Name='IntegrityLevel'>System</Data><Data Name='Hashes'>MD5=B7F884C1B74A263F746EE12A5F7C9F6A,SHA256=ADD683A6910ABBBF0E28B557FAD0BA998166394932AE2ACA069D9AA19EA8FE88,IMPHASH=247B9220E5D9B720A82B2C8B5069AD69</Data><Data Name='ParentProcessGuid'>{00000000-0000-0000-0000-000000000000}</Data><Data Name='ParentProcessId'>660</Data><Data Name='ParentImage'>-</Data><Data Name='ParentCommandLine'>-</Data><Data Name='ParentUser'>-</Data></EventData></Event>
<Event xmlns='http://schemas.microsoft.com/win/2004/08/events/event'><System><Provider Name='Microsoft-Windows-Sysmon' Guid='{5770385f-c22a-43e0-bf4c-06f5698ffbd9}'/><EventID>1</EventID><Version>5</Version><Level>4</Level><Task>1</Task><Opcode>0</Opcode><Keywords>0x8000000000000000</Keywords><TimeCreated SystemTime='2026-03-30T02:57:16.5791899Z'/><EventRecordID>98</EventRecordID><Correlation/><Execution ProcessID='2832' ThreadID='3692'/><Channel>Microsoft-Windows-Sysmon/Operational</Channel><Computer>DESKTOP-7JEP204</Computer><Security UserID='S-1-5-18'/></System><EventData><Data Name='RuleName'>-</Data><Data Name='UtcTime'>2026-03-30 02:57:14.108</Data><Data Name='ProcessGuid'>{2c24d1db-e68a-69c9-4500-000000001400}</Data><Data Name='ProcessId'>2864</Data><Data Name='Image'>C:\Windows\System32\wlms\wlms.exe</Data><Data Name='FileVersion'>10.0.19041.1 (WinBuild.160101.0800)</Data><Data Name='Description'>Windows License Monitoring Service</Data><Data Name='Product'>Microsoft® Windows® Operating System</Data><Data Name='Company'>Microsoft Corporation</Data><Data Name='OriginalFileName'>wlms.exe</Data><Data Name='CommandLine'>C:\Windows\system32\wlms\wlms.exe</Data><Data Name='CurrentDirectory'>C:\Windows\system32\</Data><Data Name='User'>NT AUTHORITY\SYSTEM</Data><Data Name='LogonGuid'>{2c24d1db-5703-69ca-e703-000000000000}</Data><Data Name='LogonId'>0x3e7</Data><Data Name='TerminalSessionId'>0</Data><Data Name='IntegrityLevel'>System</Data><Data Name='Hashes'>MD5=1DC6AB0E3063973866D24AFDB5CBB9F1,SHA256=B8CA06E71F3014DB30D8D98D934B10DE2F6A69E19108AABBBFD0C163B0BCCD31,IMPHASH=C4858787B32BE55BB0085C7B777727C2</Data><Data Name='ParentProcessGuid'>{00000000-0000-0000-0000-000000000000}</Data><Data Name='ParentProcessId'>660</Data><Data Name='ParentImage'>-</Data><Data Name='ParentCommandLine'>-</Data><Data Name='ParentUser'>-</Data></EventData></Event>
<Event xmlns='http://schemas.microsoft.com/win/2004/08/events/event'><System><Provider Name='Microsoft-Windows-Sysmon' Guid='{5770385f-c22a-43e0-bf4c-06f5698ffbd9}'/><EventID>1</EventID><Version>5</Version><Level>4</Level><Task>1</Task><Opcode>0</Opcode><Keywords>0x8000000000000000</Keywords><TimeCreated SystemTime='2026-03-30T02:57:16.5801829Z'/><EventRecordID>99</EventRecordID><Correlation/><Execution ProcessID='2832' ThreadID='3692'/><Channel>Microsoft-Windows-Sysmon/Operational</Channel><Computer>DESKTOP-7JEP204</Computer><Security UserID='S-1-5-18'/></System><EventData><Data Name='RuleName'>-</Data><Data Name='UtcTime'>2026-03-30 02:57:14.039</Data><Data Name='ProcessGuid'>{2c24d1db-e68a-69c9-4300-000000001400}</Data><Data Name='ProcessId'>2832</Data><Data Name='Image'>C:\Windows\Sysmon64.exe</Data><Data Name='FileVersion'>15.20</Data><Data Name='Description'>System activity monitor</Data><Data Name='Product'>Sysinternals Sysmon</Data><Data Name='Company'>Sysinternals - www.sysinternals.com</Data><Data Name='OriginalFileName'>-</Data><Data Name='CommandLine'>C:\Windows\Sysmon64.exe</Data><Data Name='CurrentDirectory'>C:\Windows\system32\</Data><Data Name='User'>NT AUTHORITY\SYSTEM</Data><Data Name='LogonGuid'>{2c24d1db-5703-69ca-e703-000000000000}</Data><Data Name='LogonId'>0x3e7</Data><Data Name='TerminalSessionId'>0</Data><Data Name='IntegrityLevel'>System</Data><Data Name='Hashes'>MD5=B1581E884727B450C4DBFA9360F3DB7C,SHA256=D8115212A7747010593DE813404B02D05B915E4B1D0231502B856B9ACE9274E8,IMPHASH=5C31CFDE3181A762CA91D21902DEF1B4</Data><Data Name='ParentProcessGuid'>{00000000-0000-0000-0000-000000000000}</Data><Data Name='ParentProcessId'>660</Data><Data Name='ParentImage'>-</Data><Data Name='ParentCommandLine'>-</Data><Data Name='ParentUser'>-</Data></EventData></Event>
<Event xmlns='http://schemas.microsoft.com/win/2004/08/events/event'><System><Provider Name='Microsoft-Windows-Sysmon' Guid='{5770385f-c22a-43e0-bf4c-06f5698ffbd9}'/><EventID>1</EventID><Version>5</Version><Level>4</Level><Task>1</Task><Opcode>0</Opcode><Keywords>0x8000000000000000</Keywords><TimeCreated SystemTime='2026-03-30T02:57:16.5900554Z'/><EventRecordID>100</EventRecordID><Correlation/><Execution ProcessID='2832' ThreadID='3692'/><Channel>Microsoft-Windows-Sysmon/Operational</Channel><Computer>DESKTOP-7JEP204</Computer><Security UserID='S-1-5-18'/></System><EventData><Data Name='RuleName'>-</Data><Data Name='UtcTime'>2026-03-30 02:57:14.143</Data><Data Name='ProcessGuid'>{2c24d1db-e68a-69c9-4600-000000001400}</Data><Data Name='ProcessId'>2892</Data><Data Name='Image'>C:\Windows\System32\svchost.exe</Data><Data Name='FileVersion'>10.0.19041.1806 (WinBuild.160101.0800)</Data><Data Name='Description'>Host Process for Windows Services</Data><Data Name='Product'>Microsoft® Windows® Operating System</Data><Data Name='Company'>Microsoft Corporation</Data><Data Name='OriginalFileName'>svchost.exe</Data><Data Name='CommandLine'>C:\Windows\system32\svchost.exe -k netsvcs -p -s WpnService</Data><Data Name='CurrentDirectory'>C:\Windows\system32\</Data><Data Name='User'>NT AUTHORITY\SYSTEM</Data><Data Name='LogonGuid'>{2c24d1db-5703-69ca-e703-000000000000}</Data><Data Name='LogonId'>0x3e7</Data><Data Name='TerminalSessionId'>0</Data><Data Name='IntegrityLevel'>System</Data><Data Name='Hashes'>MD5=B7F884C1B74A263F746EE12A5F7C9F6A,SHA256=ADD683A6910ABBBF0E28B557FAD0BA998166394932AE2ACA069D9AA19EA8FE88,IMPHASH=247B9220E5D9B720A82B2C8B5069AD69</Data><Data Name='ParentProcessGuid'>{00000000-0000-0000-0000-000000000000}</Data><Data Name='ParentProcessId'>660</Data><Data Name='ParentImage'>-</Data><Data Name='ParentCommandLine'>-</Data><Data Name='ParentUser'>-</Data></EventData></Event>
<Event xmlns='http://schemas.microsoft.com/win/2004/08/events/event'><System><Provider Name='Microsoft-Windows-Sysmon' Guid='{5770385f-c22a-43e0-bf4c-06f5698ffbd9}'/><EventID>1</EventID><Version>5</Version><Level>4</Level><Task>1</Task><Opcode>0</Opcode><Keywords>0x8000000000000000</Keywords><TimeCreated SystemTime='2026-03-30T02:57:16.5951142Z'/><EventRecordID>101</EventRecordID><Correlation/><Execution ProcessID='2832' ThreadID='3692'/><Channel>Microsoft-Windows-Sysmon/Operational</Channel><Computer>DESKTOP-7JEP204</Computer><Security UserID='S-1-5-18'/></System><EventData><Data Name='RuleName'>-</Data><Data Name='UtcTime'>2026-03-30 02:57:14.188</Data><Data Name='ProcessGuid'>{2c24d1db-e68a-69c9-4700-000000001400}</Data><Data Name='ProcessId'>2920</Data><Data Name='Image'>C:\ProgramData\Microsoft\Windows Defender\Platform\4.18.26020.6-0\MsMpEng.exe</Data><Data Name='FileVersion'>4.18.26020.6 (cd0aebd7c18a68cd2e3af14a117b45b178d088f4)</Data><Data Name='Description'>Antimalware Service Executable</Data><Data Name='Product'>Microsoft® Windows® Operating System</Data><Data Name='Company'>Microsoft Corporation</Data><Data Name='OriginalFileName'>MsMpEng.exe</Data><Data Name='CommandLine'>"C:\ProgramData\Microsoft\Windows Defender\platform\4.18.26020.6-0\MsMpEng.exe"</Data><Data Name='CurrentDirectory'>C:\Windows\system32\</Data><Data Name='User'>NT AUTHORITY\SYSTEM</Data><Data Name='LogonGuid'>{2c24d1db-5703-69ca-e703-000000000000}</Data><Data Name='LogonId'>0x3e7</Data><Data Name='TerminalSessionId'>0</Data><Data Name='IntegrityLevel'>System</Data><Data Name='Hashes'>MD5=A1C2318D318CB120555AC46351B5E426,SHA256=E6DF61405204F85417456E7BEB2D2ECCC81AE45E2869DF6518EF476178F43C67,IMPHASH=75AA09157E03E8930197125FB1114E25</Data><Data Name='ParentProcessGuid'>{00000000-0000-0000-0000-000000000000}</Data><Data Name='ParentProcessId'>660</Data><Data Name='ParentImage'>-</Data><Data Name='ParentCommandLine'>-</Data><Data Name='ParentUser'>-</Data></EventData></Event>
<Event xmlns='http://schemas.microsoft.com/win/2004/08/events/event'><System><Provider Name='Microsoft-Windows-Sysmon' Guid='{5770385f-c22a-43e0-bf4c-06f5698ffbd9}'/><EventID>1</EventID><Version>5</Version><Level>4</Level><Task>1</Task><Opcode>0</Opcode><Keywords>0x8000000000000000</Keywords><TimeCreated SystemTime='2026-03-30T02:57:16.5961746Z'/><EventRecordID>102</EventRecordID><Correlation/><Execution ProcessID='2832' ThreadID='3692'/><Channel>Microsoft-Windows-Sysmon/Operational</Channel><Computer>DESKTOP-7JEP204</Computer><Security UserID='S-1-5-18'/></System><EventData><Data Name='RuleName'>-</Data><Data Name='UtcTime'>2026-03-30 02:57:14.211</Data><Data Name='ProcessGuid'>{2c24d1db-e68a-69c9-4800-000000001400}</Data><Data Name='ProcessId'>2940</Data><Data Name='Image'>C:\Windows\System32\svchost.exe</Data><Data Name='FileVersion'>10.0.19041.1806 (WinBuild.160101.0800)</Data><Data Name='Description'>Host Process for Windows Services</Data><Data Name='Product'>Microsoft® Windows® Operating System</Data><Data Name='Company'>Microsoft Corporation</Data><Data Name='OriginalFileName'>svchost.exe</Data><Data Name='CommandLine'>C:\Windows\System32\svchost.exe -k NetSvcs -p -s iphlpsvc</Data><Data Name='CurrentDirectory'>C:\Windows\system32\</Data><Data Name='User'>NT AUTHORITY\SYSTEM</Data><Data Name='LogonGuid'>{2c24d1db-5703-69ca-e703-000000000000}</Data><Data Name='LogonId'>0x3e7</Data><Data Name='TerminalSessionId'>0</Data><Data Name='IntegrityLevel'>System</Data><Data Name='Hashes'>MD5=B7F884C1B74A263F746EE12A5F7C9F6A,SHA256=ADD683A6910ABBBF0E28B557FAD0BA998166394932AE2ACA069D9AA19EA8FE88,IMPHASH=247B9220E5D9B720A82B2C8B5069AD69</Data><Data Name='ParentProcessGuid'>{00000000-0000-0000-0000-000000000000}</Data><Data Name='ParentProcessId'>660</Data><Data Name='ParentImage'>-</Data><Data Name='ParentCommandLine'>-</Data><Data Name='ParentUser'>-</Data></EventData></Event>
<Event xmlns='http://schemas.microsoft.com/win/2004/08/events/event'><System><Provider Name='Microsoft-Windows-Sysmon' Guid='{5770385f-c22a-43e0-bf4c-06f5698ffbd9}'/><EventID>1</EventID><Version>5</Version><Level>4</Level><Task>1</Task><Opcode>0</Opcode><Keywords>0x8000000000000000</Keywords><TimeCreated SystemTime='2026-03-30T02:57:16.5975694Z'/><EventRecordID>103</EventRecordID><Correlation/><Execution ProcessID='2832' ThreadID='3692'/><Channel>Microsoft-Windows-Sysmon/Operational</Channel><Computer>DESKTOP-7JEP204</Computer><Security UserID='S-1-5-18'/></System><EventData><Data Name='RuleName'>-</Data><Data Name='UtcTime'>2026-03-30 02:57:14.267</Data><Data Name='ProcessGuid'>{2c24d1db-e68a-69c9-4900-000000001400}</Data><Data Name='ProcessId'>3008</Data><Data Name='Image'>C:\Windows\System32\svchost.exe</Data><Data Name='FileVersion'>10.0.19041.1806 (WinBuild.160101.0800)</Data><Data Name='Description'>Host Process for Windows Services</Data><Data Name='Product'>Microsoft® Windows® Operating System</Data><Data Name='Company'>Microsoft Corporation</Data><Data Name='OriginalFileName'>svchost.exe</Data><Data Name='CommandLine'>C:\Windows\System32\svchost.exe -k LocalService -p -s WdiServiceHost</Data><Data Name='CurrentDirectory'>C:\Windows\system32\</Data><Data Name='User'>NT AUTHORITY\LOCAL SERVICE</Data><Data Name='LogonGuid'>{2c24d1db-5705-69ca-e503-000000000000}</Data><Data Name='LogonId'>0x3e5</Data><Data Name='TerminalSessionId'>0</Data><Data Name='IntegrityLevel'>System</Data><Data Name='Hashes'>MD5=B7F884C1B74A263F746EE12A5F7C9F6A,SHA256=ADD683A6910ABBBF0E28B557FAD0BA998166394932AE2ACA069D9AA19EA8FE88,IMPHASH=247B9220E5D9B720A82B2C8B5069AD69</Data><Data Name='ParentProcessGuid'>{00000000-0000-0000-0000-000000000000}</Data><Data Name='ParentProcessId'>660</Data><Data Name='ParentImage'>-</Data><Data Name='ParentCommandLine'>-</Data><Data Name='ParentUser'>-</Data></EventData></Event>
<Event xmlns='http://schemas.microsoft.com/win/2004/08/events/event'><System><Provider Name='Microsoft-Windows-Sysmon' Guid='{5770385f-c22a-43e0-bf4c-06f5698ffbd9}'/><EventID>1</EventID><Version>5</Version><Level>4</Level><Task>1</Task><Opcode>0</Opcode><Keywords>0x8000000000000000</Keywords><TimeCreated SystemTime='2026-03-30T02:57:16.5989655Z'/><EventRecordID>104</EventRecordID><Correlation/><Execution ProcessID='2832' ThreadID='3692'/><Channel>Microsoft-Windows-Sysmon/Operational</Channel><Computer>DESKTOP-7JEP204</Computer><Security UserID='S-1-5-18'/></System><EventData><Data Name='RuleName'>-</Data><Data Name='UtcTime'>2026-03-30 02:57:14.281</Data><Data Name='ProcessGuid'>{2c24d1db-e68a-69c9-4a00-000000001400}</Data><Data Name='ProcessId'>3032</Data><Data Name='Image'>C:\Windows\System32\OpenSSH\ssh-keygen.exe</Data><Data Name='FileVersion'>8.1.0.1</Data><Data Name='Description'>-</Data><Data Name='Product'>OpenSSH for Windows</Data><Data Name='Company'>-</Data><Data Name='OriginalFileName'>-</Data><Data Name='CommandLine'>ssh-keygen -A</Data><Data Name='CurrentDirectory'>C:\Windows\System32\OpenSSH\</Data><Data Name='User'>NT AUTHORITY\SYSTEM</Data><Data Name='LogonGuid'>{2c24d1db-5703-69ca-e703-000000000000}</Data><Data Name='LogonId'>0x3e7</Data><Data Name='TerminalSessionId'>0</Data><Data Name='IntegrityLevel'>System</Data><Data Name='Hashes'>MD5=F22288EF90CC363E97BDC9261A491EAC,SHA256=731BEFCB1A1655FE46EF91B3A02982B71D841E439DE362EF3B1ECA5644FC8DAE,IMPHASH=3521BE309D673737C666AE104349D5D8</Data><Data Name='ParentProcessGuid'>{2c24d1db-e68a-69c9-4200-000000001400}</Data><Data Name='ParentProcessId'>2824</Data><Data Name='ParentImage'>C:\Windows\System32\OpenSSH\sshd.exe</Data><Data Name='ParentCommandLine'>C:\Windows\System32\OpenSSH\sshd.exe</Data><Data Name='ParentUser'>NT AUTHORITY\SYSTEM</Data></EventData></Event>
<Event xmlns='http://schemas.microsoft.com/win/2004/08/events/event'><System><Provider Name='Microsoft-Windows-Sysmon' Guid='{5770385f-c22a-43e0-bf4c-06f5698ffbd9}'/><EventID>11</EventID><Version>2</Version><Level>4</Level><Task>11</Task><Opcode>0</Opcode><Keywords>0x8000000000000000</Keywords><TimeCreated SystemTime='2026-03-30T02:57:16.7862401Z'/><EventRecordID>105</EventRecordID><Correlation/><Execution ProcessID='2832' ThreadID='3692'/><Channel>Microsoft-Windows-Sysmon/Operational</Channel><Computer>DESKTOP-7JEP204</Computer><Security UserID='S-1-5-18'/></System><EventData><Data Name='RuleName'>-</Data><Data Name='UtcTime'>2026-03-30 02:57:15.228</Data><Data Name='ProcessGuid'>{2c24d1db-e689-69c9-3f00-000000001400}</Data><Data Name='ProcessId'>2716</Data><Data Name='Image'>C:\Windows\system32\svchost.exe</Data><Data Name='TargetFilename'>C:\Windows\System32\wbem\Repository\WRITABLE.TST</Data><Data Name='CreationUtcTime'>2026-03-30 02:57:15.228</Data><Data Name='User'>NT AUTHORITY\SYSTEM</Data></EventData></Event>
<Event xmlns='http://schemas.microsoft.com/win/2004/08/events/event'><System><Provider Name='Microsoft-Windows-Sysmon' Guid='{5770385f-c22a-43e0-bf4c-06f5698ffbd9}'/><EventID>13</EventID><Version>2</Version><Level>4</Level><Task>13</Task><Opcode>0</Opcode><Keywords>0x8000000000000000</Keywords><TimeCreated SystemTime='2026-03-30T02:57:16.8315323Z'/><EventRecordID>106</EventRecordID><Correlation/><Execution ProcessID='2832' ThreadID='3692'/><Channel>Microsoft-Windows-Sysmon/Operational</Channel><Computer>DESKTOP-7JEP204</Computer><Security UserID='S-1-5-18'/></System><EventData><Data Name='RuleName'>T1031,T1050</Data><Data Name='EventType'>SetValue</Data><Data Name='UtcTime'>2026-03-30 02:57:15.540</Data><Data Name='ProcessGuid'>{2c24d1db-5702-69ca-0b00-000000001400}</Data><Data Name='ProcessId'>660</Data><Data Name='Image'>C:\Windows\system32\services.exe</Data><Data Name='TargetObject'>HKLM\System\CurrentControlSet\Services\MDCoreSvc\Start</Data><Data Name='Details'>DWORD (0x00000002)</Data><Data Name='User'>NT AUTHORITY\SYSTEM</Data></EventData></Event>
<Event xmlns='http://schemas.microsoft.com/win/2004/08/events/event'><System><Provider Name='Microsoft-Windows-Sysmon' Guid='{5770385f-c22a-43e0-bf4c-06f5698ffbd9}'/><EventID>1</EventID><Version>5</Version><Level>4</Level><Task>1</Task><Opcode>0</Opcode><Keywords>0x8000000000000000</Keywords><TimeCreated SystemTime='2026-03-30T02:57:16.8368123Z'/><EventRecordID>107</EventRecordID><Correlation/><Execution ProcessID='2832' ThreadID='3692'/><Channel>Microsoft-Windows-Sysmon/Operational</Channel><Computer>DESKTOP-7JEP204</Computer><Security UserID='S-1-5-18'/></System><EventData><Data Name='RuleName'>-</Data><Data Name='UtcTime'>2026-03-30 02:57:15.571</Data><Data Name='ProcessGuid'>{2c24d1db-e68b-69c9-4d00-000000001400}</Data><Data Name='ProcessId'>3368</Data><Data Name='Image'>C:\Windows\System32\wevtutil.exe</Data><Data Name='FileVersion'>10.0.19041.1682 (WinBuild.160101.0800)</Data><Data Name='Description'>Eventing Command Line Utility</Data><Data Name='Product'>Microsoft® Windows® Operating System</Data><Data Name='Company'>Microsoft Corporation</Data><Data Name='OriginalFileName'>wevtutil.exe</Data><Data Name='CommandLine'>C:\Windows\system32\wevtutil.exe uninstall-manifest "C:\ProgramData\Microsoft\Windows Defender\platform\4.18.26020.6-0\Microsoft-Antimalware-AMFilter.man"</Data><Data Name='CurrentDirectory'>C:\Windows\system32\</Data><Data Name='User'>NT AUTHORITY\SYSTEM</Data><Data Name='LogonGuid'>{2c24d1db-5703-69ca-e703-000000000000}</Data><Data Name='LogonId'>0x3e7</Data><Data Name='TerminalSessionId'>0</Data><Data Name='IntegrityLevel'>System</Data><Data Name='Hashes'>MD5=1AAE26BD68B911D0420626A27070EB8D,SHA256=1256A1E89815AA5ADE26A8FDDDDEEBF056EB3D3A81EBFE0DD73636CC677A3D38,IMPHASH=ED2979722859B770F49D66059479B256</Data><Data Name='ParentProcessGuid'>{2c24d1db-e68a-69c9-4700-000000001400}</Data><Data Name='ParentProcessId'>2920</Data><Data Name='ParentImage'>C:\ProgramData\Microsoft\Windows Defender\Platform\4.18.26020.6-0\MsMpEng.exe</Data><Data Name='ParentCommandLine'>"C:\ProgramData\Microsoft\Windows Defender\platform\4.18.26020.6-0\MsMpEng.exe"</Data><Data Name='ParentUser'>NT AUTHORITY\SYSTEM</Data></EventData></Event>
<Event xmlns='http://schemas.microsoft.com/win/2004/08/events/event'><System><Provider Name='Microsoft-Windows-Sysmon' Guid='{5770385f-c22a-43e0-bf4c-06f5698ffbd9}'/><EventID>1</EventID><Version>5</Version><Level>4</Level><Task>1</Task><Opcode>0</Opcode><Keywords>0x8000000000000000</Keywords><TimeCreated SystemTime='2026-03-30T02:57:16.8410584Z'/><EventRecordID>108</EventRecordID><Correlation/><Execution ProcessID='2832' ThreadID='3692'/><Channel>Microsoft-Windows-Sysmon/Operational</Channel><Computer>DESKTOP-7JEP204</Computer><Security UserID='S-1-5-18'/></System><EventData><Data Name='RuleName'>-</Data><Data Name='UtcTime'>2026-03-30 02:57:15.902</Data><Data Name='ProcessGuid'>{2c24d1db-e68b-69c9-5000-000000001400}</Data><Data Name='ProcessId'>3524</Data><Data Name='Image'>C:\Windows\System32\wbem\unsecapp.exe</Data><Data Name='FileVersion'>10.0.19041.1320 (WinBuild.160101.0800)</Data><Data Name='Description'>Sink to receive asynchronous callbacks for WMI client application</Data><Data Name='Product'>Microsoft® Windows® Operating System</Data><Data Name='Company'>Microsoft Corporation</Data><Data Name='OriginalFileName'>unsecapp.dll</Data><Data Name='CommandLine'>C:\Windows\system32\wbem\unsecapp.exe -Embedding</Data><Data Name='CurrentDirectory'>C:\Windows\system32\</Data><Data Name='User'>NT AUTHORITY\SYSTEM</Data><Data Name='LogonGuid'>{2c24d1db-5703-69ca-e703-000000000000}</Data><Data Name='LogonId'>0x3e7</Data><Data Name='TerminalSessionId'>0</Data><Data Name='IntegrityLevel'>System</Data><Data Name='Hashes'>MD5=9B782B1E1D7A2C28302755F963EAC907,SHA256=FABB8CC6DE82A79F1EED0976E5CE741FF3B9D5B1B40D90146052F4393CCA80A3,IMPHASH=87E54E3D04D772F26002D8B564B2426C</Data><Data Name='ParentProcessGuid'>{00000000-0000-0000-0000-000000000000}</Data><Data Name='ParentProcessId'>780</Data><Data Name='ParentImage'>-</Data><Data Name='ParentCommandLine'>-</Data><Data Name='ParentUser'>-</Data></EventData></Event>
<Event xmlns='http://schemas.microsoft.com/win/2004/08/events/event'><System><Provider Name='Microsoft-Windows-Sysmon' Guid='{5770385f-c22a-43e0-bf4c-06f5698ffbd9}'/><EventID>1</EventID><Version>5</Version><Level>4</Level><Task>1</Task><Opcode>0</Opcode><Keywords>0x8000000000000000</Keywords><TimeCreated SystemTime='2026-03-30T02:57:16.8431237Z'/><EventRecordID>109</EventRecordID><Correlation/><Execution ProcessID='2832' ThreadID='3692'/><Channel>Microsoft-Windows-Sysmon/Operational</Channel><Computer>DESKTOP-7JEP204</Computer><Security UserID='S-1-5-18'/></System><EventData><Data Name='RuleName'>-</Data><Data Name='UtcTime'>2026-03-30 02:57:16.033</Data><Data Name='ProcessGuid'>{2c24d1db-e68c-69c9-5100-000000001400}</Data><Data Name='ProcessId'>3612</Data><Data Name='Image'>C:\Windows\System32\wevtutil.exe</Data><Data Name='FileVersion'>10.0.19041.1682 (WinBuild.160101.0800)</Data><Data Name='Description'>Eventing Command Line Utility</Data><Data Name='Product'>Microsoft® Windows® Operating System</Data><Data Name='Company'>Microsoft Corporation</Data><Data Name='OriginalFileName'>wevtutil.exe</Data><Data Name='CommandLine'>C:\Windows\system32\wevtutil.exe install-manifest "C:\ProgramData\Microsoft\Windows Defender\platform\4.18.26020.6-0\Microsoft-Antimalware-AMFilter.man" "/resourceFilePath:C:\ProgramData\Microsoft\Windows Defender\platform\4.18.26020.6-0\Drivers\WdFilter.sys" "/messageFilePath:C:\ProgramData\Microsoft\Windows Defender\platform\4.18.26020.6-0\Drivers\WdFilter.sys" "/parameterFilePath:C:\ProgramData\Microsoft\Windows Defender\platform\4.18.26020.6-0\Drivers\WdFilter.sys"</Data><Data Name='CurrentDirectory'>C:\Windows\system32\</Data><Data Name='User'>NT AUTHORITY\SYSTEM</Data><Data Name='LogonGuid'>{2c24d1db-5703-69ca-e703-000000000000}</Data><Data Name='LogonId'>0x3e7</Data><Data Name='TerminalSessionId'>0</Data><Data Name='IntegrityLevel'>System</Data><Data Name='Hashes'>MD5=1AAE26BD68B911D0420626A27070EB8D,SHA256=1256A1E89815AA5ADE26A8FDDDDEEBF056EB3D3A81EBFE0DD73636CC677A3D38,IMPHASH=ED2979722859B770F49D66059479B256</Data><Data Name='ParentProcessGuid'>{2c24d1db-e68a-69c9-4700-000000001400}</Data><Data Name='ParentProcessId'>2920</Data><Data Name='ParentImage'>C:\ProgramData\Microsoft\Windows Defender\Platform\4.18.26020.6-0\MsMpEng.exe</Data><Data Name='ParentCommandLine'>"C:\ProgramData\Microsoft\Windows Defender\platform\4.18.26020.6-0\MsMpEng.exe"</Data><Data Name='ParentUser'>NT AUTHORITY\SYSTEM</Data></EventData></Event>
