<Event xmlns='http://schemas.microsoft.com/win/2004/08/events/event'><System><Provider Name='Microsoft-Windows-Sysmon' Guid='{5770385f-c22a-43e0-bf4c-06f5698ffbd9}'/><EventID>1</EventID><Version>5</Version><Level>4</Level><Task>1</Task><Opcode>0</Opcode><Keywords>0x8000000000000000</Keywords><TimeCreated SystemTime='2026-04-25T16:30:57.1815921Z'/><EventRecordID>1049</EventRecordID><Correlation/><Execution ProcessID='2848' ThreadID='3924'/><Channel>Microsoft-Windows-Sysmon/Operational</Channel><Computer>DESKTOP-7JEP204</Computer><Security UserID='S-1-5-18'/></System><EventData><Data Name='RuleName'>-</Data><Data Name='UtcTime'>2026-04-25 16:30:57.124</Data><Data Name='ProcessGuid'>{2c24d1db-ec41-69ec-8000-000000001600}</Data><Data Name='ProcessId'>4904</Data><Data Name='Image'>C:\Windows\explorer.exe</Data><Data Name='FileVersion'>10.0.19041.2006 (WinBuild.160101.0800)</Data><Data Name='Description'>Windows Explorer</Data><Data Name='Product'>Microsoft® Windows® Operating System</Data><Data Name='Company'>Microsoft Corporation</Data><Data Name='OriginalFileName'>EXPLORER.EXE</Data><Data Name='CommandLine'>C:\Windows\Explorer.EXE</Data><Data Name='CurrentDirectory'>C:\Windows\system32\</Data><Data Name='User'>DESKTOP-7JEP204\User</Data><Data Name='LogonGuid'>{2c24d1db-ec3e-69ec-9d2f-050000000000}</Data><Data Name='LogonId'>0x52f9d</Data><Data Name='TerminalSessionId'>1</Data><Data Name='IntegrityLevel'>Medium</Data><Data Name='Hashes'>MD5=662F4F92FDE3557E86D110526BB578D5,SHA256=5C6A56B62949B563E64F7F8AC15ECAA13F435EF767F98DCC7D9EDEB68AA3D690,IMPHASH=5F945E0B0296C3CBCAA153DC554D53DF</Data><Data Name='ParentProcessGuid'>{2c24d1db-ec40-69ec-7f00-000000001600}</Data><Data Name='ParentProcessId'>4872</Data><Data Name='ParentImage'>C:\Windows\System32\userinit.exe</Data><Data Name='ParentCommandLine'>C:\Windows\system32\userinit.exe</Data><Data Name='ParentUser'>DESKTOP-7JEP204\User</Data></EventData></Event>
<Event xmlns='http://schemas.microsoft.com/win/2004/08/events/event'><System><Provider Name='Microsoft-Windows-Sysmon' Guid='{5770385f-c22a-43e0-bf4c-06f5698ffbd9}'/><EventID>22</EventID><Version>5</Version><Level>4</Level><Task>22</Task><Opcode>0</Opcode><Keywords>0x8000000000000000</Keywords><TimeCreated SystemTime='2026-04-25T16:30:57.2459829Z'/><EventRecordID>1050</EventRecordID><Correlation/><Execution ProcessID='2848' ThreadID='3940'/><Channel>Microsoft-Windows-Sysmon/Operational</Channel><Computer>DESKTOP-7JEP204</Computer><Security UserID='S-1-5-18'/></System><EventData><Data Name='RuleName'>-</Data><Data Name='UtcTime'>2026-04-25 16:30:55.545</Data><Data Name='ProcessGuid'>{2c24d1db-ec31-69ec-3300-000000001600}</Data><Data Name='ProcessId'>2056</Data><Data Name='QueryName'>ecs.office.com</Data><Data Name='QueryStatus'>1460</Data><Data Name='QueryResults'>-</Data><Data Name='Image'>C:\Windows\System32\svchost.exe</Data><Data Name='User'>NT AUTHORITY\NETWORK SERVICE</Data></EventData></Event>
<Event xmlns='http://schemas.microsoft.com/win/2004/08/events/event'><System><Provider Name='Microsoft-Windows-Sysmon' Guid='{5770385f-c22a-43e0-bf4c-06f5698ffbd9}'/><EventID>22</EventID><Version>5</Version><Level>4</Level><Task>22</Task><Opcode>0</Opcode><Keywords>0x8000000000000000</Keywords><TimeCreated SystemTime='2026-04-25T16:30:57.2460186Z'/><EventRecordID>1051</EventRecordID><Correlation/><Execution ProcessID='2848' ThreadID='3940'/><Channel>Microsoft-Windows-Sysmon/Operational</Channel><Computer>DESKTOP-7JEP204</Computer><Security UserID='S-1-5-18'/></System><EventData><Data Name='RuleName'>-</Data><Data Name='UtcTime'>2026-04-25 16:30:55.887</Data><Data Name='ProcessGuid'>{2c24d1db-ec31-69ec-3700-000000001600}</Data><Data Name='ProcessId'>2372</Data><Data Name='QueryName'>DESKTOP-7JEP204</Data><Data Name='QueryStatus'>0</Data><Data Name='QueryResults'>fe80::6c8c:4bf2:5e85:270c;::ffff:192.168.56.103;</Data><Data Name='Image'>C:\Windows\System32\spoolsv.exe</Data><Data Name='User'>NT AUTHORITY\SYSTEM</Data></EventData></Event>
<Event xmlns='http://schemas.microsoft.com/win/2004/08/events/event'><System><Provider Name='Microsoft-Windows-Sysmon' Guid='{5770385f-c22a-43e0-bf4c-06f5698ffbd9}'/><EventID>22</EventID><Version>5</Version><Level>4</Level><Task>22</Task><Opcode>0</Opcode><Keywords>0x8000000000000000</Keywords><TimeCreated SystemTime='2026-04-25T16:30:58.2447798Z'/><EventRecordID>1052</EventRecordID><Correlation/><Execution ProcessID='2848' ThreadID='3940'/><Channel>Microsoft-Windows-Sysmon/Operational</Channel><Computer>DESKTOP-7JEP204</Computer><Security UserID='S-1-5-18'/></System><EventData><Data Name='RuleName'>-</Data><Data Name='UtcTime'>2026-04-25 16:30:56.704</Data><Data Name='ProcessGuid'>{2c24d1db-ec31-69ec-3700-000000001600}</Data><Data Name='ProcessId'>2372</Data><Data Name='QueryName'>DESKTOP-7JEP204</Data><Data Name='QueryStatus'>0</Data><Data Name='QueryResults'>192.168.56.103;</Data><Data Name='Image'>C:\Windows\System32\spoolsv.exe</Data><Data Name='User'>NT AUTHORITY\SYSTEM</Data></EventData></Event>
<Event xmlns='http://schemas.microsoft.com/win/2004/08/events/event'><System><Provider Name='Microsoft-Windows-Sysmon' Guid='{5770385f-c22a-43e0-bf4c-06f5698ffbd9}'/><EventID>22</EventID><Version>5</Version><Level>4</Level><Task>22</Task><Opcode>0</Opcode><Keywords>0x8000000000000000</Keywords><TimeCreated SystemTime='2026-04-25T16:30:58.2448129Z'/><EventRecordID>1053</EventRecordID><Correlation/><Execution ProcessID='2848' ThreadID='3940'/><Channel>Microsoft-Windows-Sysmon/Operational</Channel><Computer>DESKTOP-7JEP204</Computer><Security UserID='S-1-5-18'/></System><EventData><Data Name='RuleName'>-</Data><Data Name='UtcTime'>2026-04-25 16:30:56.704</Data><Data Name='ProcessGuid'>{2c24d1db-ec31-69ec-3700-000000001600}</Data><Data Name='ProcessId'>2372</Data><Data Name='QueryName'>DESKTOP-7JEP204</Data><Data Name='QueryStatus'>0</Data><Data Name='QueryResults'>fe80::6c8c:4bf2:5e85:270c;</Data><Data Name='Image'>C:\Windows\System32\spoolsv.exe</Data><Data Name='User'>NT AUTHORITY\SYSTEM</Data></EventData></Event>
<Event xmlns='http://schemas.microsoft.com/win/2004/08/events/event'><System><Provider Name='Microsoft-Windows-Sysmon' Guid='{5770385f-c22a-43e0-bf4c-06f5698ffbd9}'/><EventID>1</EventID><Version>5</Version><Level>4</Level><Task>1</Task><Opcode>0</Opcode><Keywords>0x8000000000000000</Keywords><TimeCreated SystemTime='2026-04-25T16:30:58.3585061Z'/><EventRecordID>1054</EventRecordID><Correlation/><Execution ProcessID='2848' ThreadID='3924'/><Channel>Microsoft-Windows-Sysmon/Operational</Channel><Computer>DESKTOP-7JEP204</Computer><Security UserID='S-1-5-18'/></System><EventData><Data Name='RuleName'>-</Data><Data Name='UtcTime'>2026-04-25 16:30:58.348</Data><Data Name='ProcessGuid'>{2c24d1db-ec42-69ec-8100-000000001600}</Data><Data Name='ProcessId'>5052</Data><Data Name='Image'>C:\Windows\System32\svchost.exe</Data><Data Name='FileVersion'>10.0.19041.1806 (WinBuild.160101.0800)</Data><Data Name='Description'>Host Process for Windows Services</Data><Data Name='Product'>Microsoft® Windows® Operating System</Data><Data Name='Company'>Microsoft Corporation</Data><Data Name='OriginalFileName'>svchost.exe</Data><Data Name='CommandLine'>C:\Windows\system32\svchost.exe -k ClipboardSvcGroup -p -s cbdhsvc</Data><Data Name='CurrentDirectory'>C:\Windows\system32\</Data><Data Name='User'>DESKTOP-7JEP204\User</Data><Data Name='LogonGuid'>{2c24d1db-ec3e-69ec-9d2f-050000000000}</Data><Data Name='LogonId'>0x52f9d</Data><Data Name='TerminalSessionId'>1</Data><Data Name='IntegrityLevel'>Medium</Data><Data Name='Hashes'>MD5=B7F884C1B74A263F746EE12A5F7C9F6A,SHA256=ADD683A6910ABBBF0E28B557FAD0BA998166394932AE2ACA069D9AA19EA8FE88,IMPHASH=247B9220E5D9B720A82B2C8B5069AD69</Data><Data Name='ParentProcessGuid'>{00000000-0000-0000-0000-000000000000}</Data><Data Name='ParentProcessId'>672</Data><Data Name='ParentImage'>-</Data><Data Name='ParentCommandLine'>-</Data><Data Name='ParentUser'>-</Data></EventData></Event>
<Event xmlns='http://schemas.microsoft.com/win/2004/08/events/event'><System><Provider Name='Microsoft-Windows-Sysmon' Guid='{5770385f-c22a-43e0-bf4c-06f5698ffbd9}'/><EventID>1</EventID><Version>5</Version><Level>4</Level><Task>1</Task><Opcode>0</Opcode><Keywords>0x8000000000000000</Keywords><TimeCreated SystemTime='2026-04-25T16:30:59.8952849Z'/><EventRecordID>1055</EventRecordID><Correlation/><Execution ProcessID='2848' ThreadID='3924'/><Channel>Microsoft-Windows-Sysmon/Operational</Channel><Computer>DESKTOP-7JEP204</Computer><Security UserID='S-1-5-18'/></System><EventData><Data Name='RuleName'>-</Data><Data Name='UtcTime'>2026-04-25 16:30:59.841</Data><Data Name='ProcessGuid'>{2c24d1db-ec43-69ec-8400-000000001600}</Data><Data Name='ProcessId'>4364</Data><Data Name='Image'>C:\ProgramData\Microsoft\Windows Defender\Platform\4.18.26020.6-0\MpCmdRun.exe</Data><Data Name='FileVersion'>4.18.26020.6 (cd0aebd7c18a68cd2e3af14a117b45b178d088f4)</Data><Data Name='Description'>Microsoft Malware Protection Command Line Utility</Data><Data Name='Product'>Microsoft® Windows® Operating System</Data><Data Name='Company'>Microsoft Corporation</Data><Data Name='OriginalFileName'>MpCmdRun.exe</Data><Data Name='CommandLine'>"C:\ProgramData\Microsoft\Windows Defender\platform\4.18.26020.6-0\MpCmdRun.exe" SignatureUpdate -ScheduleJob -RestrictPrivileges</Data><Data Name='CurrentDirectory'>C:\Windows\system32\</Data><Data Name='User'>NT AUTHORITY\SYSTEM</Data><Data Name='LogonGuid'>{2c24d1db-5cac-69ed-e703-000000000000}</Data><Data Name='LogonId'>0x3e7</Data><Data Name='TerminalSessionId'>0</Data><Data Name='IntegrityLevel'>System</Data><Data Name='Hashes'>MD5=08DCF3821C3A4CB3BD7C8D70C854417A,SHA256=3B5B209292376581B6EFFA0037A37CD5F431C9626F079D385761454C039A9912,IMPHASH=89F7FEA336DD2A0A8925B65181B71EB1</Data><Data Name='ParentProcessGuid'>{2c24d1db-ec32-69ec-4700-000000001600}</Data><Data Name='ParentProcessId'>2892</Data><Data Name='ParentImage'>C:\ProgramData\Microsoft\Windows Defender\Platform\4.18.26020.6-0\MsMpEng.exe</Data><Data Name='ParentCommandLine'>"C:\ProgramData\Microsoft\Windows Defender\platform\4.18.26020.6-0\MsMpEng.exe"</Data><Data Name='ParentUser'>NT AUTHORITY\SYSTEM</Data></EventData></Event>
<Event xmlns='http://schemas.microsoft.com/win/2004/08/events/event'><System><Provider Name='Microsoft-Windows-Sysmon' Guid='{5770385f-c22a-43e0-bf4c-06f5698ffbd9}'/><EventID>1</EventID><Version>5</Version><Level>4</Level><Task>1</Task><Opcode>0</Opcode><Keywords>0x8000000000000000</Keywords><TimeCreated SystemTime='2026-04-25T16:31:00.0454893Z'/><EventRecordID>1056</EventRecordID><Correlation/><Execution ProcessID='2848' ThreadID='3924'/><Channel>Microsoft-Windows-Sysmon/Operational</Channel><Computer>DESKTOP-7JEP204</Computer><Security UserID='S-1-5-18'/></System><EventData><Data Name='RuleName'>-</Data><Data Name='UtcTime'>2026-04-25 16:31:00.036</Data><Data Name='ProcessGuid'>{2c24d1db-ec44-69ec-8600-000000001600}</Data><Data Name='ProcessId'>5192</Data><Data Name='Image'>C:\ProgramData\Microsoft\Windows Defender\Platform\4.18.26020.6-0\MpCmdRun.exe</Data><Data Name='FileVersion'>4.18.26020.6 (cd0aebd7c18a68cd2e3af14a117b45b178d088f4)</Data><Data Name='Description'>Microsoft Malware Protection Command Line Utility</Data><Data Name='Product'>Microsoft® Windows® Operating System</Data><Data Name='Company'>Microsoft Corporation</Data><Data Name='OriginalFileName'>MpCmdRun.exe</Data><Data Name='CommandLine'>"C:\ProgramData\Microsoft\Windows Defender\platform\4.18.26020.6-0\MpCmdRun.exe" -RegisterWmiSchema -Root "C:\ProgramData\Microsoft\Windows Defender\platform\4.18.26020.6-0"</Data><Data Name='CurrentDirectory'>C:\Windows\system32\</Data><Data Name='User'>NT AUTHORITY\SYSTEM</Data><Data Name='LogonGuid'>{2c24d1db-5cac-69ed-e703-000000000000}</Data><Data Name='LogonId'>0x3e7</Data><Data Name='TerminalSessionId'>0</Data><Data Name='IntegrityLevel'>System</Data><Data Name='Hashes'>MD5=08DCF3821C3A4CB3BD7C8D70C854417A,SHA256=3B5B209292376581B6EFFA0037A37CD5F431C9626F079D385761454C039A9912,IMPHASH=89F7FEA336DD2A0A8925B65181B71EB1</Data><Data Name='ParentProcessGuid'>{2c24d1db-ec32-69ec-4700-000000001600}</Data><Data Name='ParentProcessId'>2892</Data><Data Name='ParentImage'>C:\ProgramData\Microsoft\Windows Defender\Platform\4.18.26020.6-0\MsMpEng.exe</Data><Data Name='ParentCommandLine'>"C:\ProgramData\Microsoft\Windows Defender\platform\4.18.26020.6-0\MsMpEng.exe"</Data><Data Name='ParentUser'>NT AUTHORITY\SYSTEM</Data></EventData></Event>
<Event xmlns='http://schemas.microsoft.com/win/2004/08/events/event'><System><Provider Name='Microsoft-Windows-Sysmon' Guid='{5770385f-c22a-43e0-bf4c-06f5698ffbd9}'/><EventID>1</EventID><Version>5</Version><Level>4</Level><Task>1</Task><Opcode>0</Opcode><Keywords>0x8000000000000000</Keywords><TimeCreated SystemTime='2026-04-25T16:31:00.2977171Z'/><EventRecordID>1057</EventRecordID><Correlation/><Execution ProcessID='2848' ThreadID='3924'/><Channel>Microsoft-Windows-Sysmon/Operational</Channel><Computer>DESKTOP-7JEP204</Computer><Security UserID='S-1-5-18'/></System><EventData><Data Name='RuleName'>-</Data><Data Name='UtcTime'>2026-04-25 16:31:00.150</Data><Data Name='ProcessGuid'>{2c24d1db-ec44-69ec-8800-000000001600}</Data><Data Name='ProcessId'>5268</Data><Data Name='Image'>C:\ProgramData\Microsoft\Windows Defender\Platform\4.18.26020.6-0\NisSrv.exe</Data><Data Name='FileVersion'>4.18.26020.6 (cd0aebd7c18a68cd2e3af14a117b45b178d088f4)</Data><Data Name='Description'>Microsoft Network Realtime Inspection Service</Data><Data Name='Product'>Microsoft® Windows® Operating System</Data><Data Name='Company'>Microsoft Corporation</Data><Data Name='OriginalFileName'>NisSrv.exe</Data><Data Name='CommandLine'>"C:\ProgramData\Microsoft\Windows Defender\platform\4.18.26020.6-0\NisSrv.exe"</Data><Data Name='CurrentDirectory'>C:\Windows\system32\</Data><Data Name='User'>NT AUTHORITY\LOCAL SERVICE</Data><Data Name='LogonGuid'>{2c24d1db-5cad-69ed-e503-000000000000}</Data><Data Name='LogonId'>0x3e5</Data><Data Name='TerminalSessionId'>0</Data><Data Name='IntegrityLevel'>System</Data><Data Name='Hashes'>MD5=4F24611BD06BC2F1B8149DCB14D6B846,SHA256=28825CAFBD9B10716201DCC272E986309F130BEE4759DD11AA3812448AB0907F,IMPHASH=66F5E1CF50A18CDA3AF997287F7A5204</Data><Data Name='ParentProcessGuid'>{00000000-0000-0000-0000-000000000000}</Data><Data Name='ParentProcessId'>672</Data><Data Name='ParentImage'>-</Data><Data Name='ParentCommandLine'>-</Data><Data Name='ParentUser'>-</Data></EventData></Event>
<Event xmlns='http://schemas.microsoft.com/win/2004/08/events/event'><System><Provider Name='Microsoft-Windows-Sysmon' Guid='{5770385f-c22a-43e0-bf4c-06f5698ffbd9}'/><EventID>1</EventID><Version>5</Version><Level>4</Level><Task>1</Task><Opcode>0</Opcode><Keywords>0x8000000000000000</Keywords><TimeCreated SystemTime='2026-04-25T16:31:00.5694363Z'/><EventRecordID>1058</EventRecordID><Correlation/><Execution ProcessID='2848' ThreadID='3924'/><Channel>Microsoft-Windows-Sysmon/Operational</Channel><Computer>DESKTOP-7JEP204</Computer><Security UserID='S-1-5-18'/></System><EventData><Data Name='RuleName'>-</Data><Data Name='UtcTime'>2026-04-25 16:31:00.546</Data><Data Name='ProcessGuid'>{2c24d1db-ec44-69ec-8900-000000001600}</Data><Data Name='ProcessId'>5392</Data><Data Name='Image'>C:\ProgramData\Microsoft\Windows Defender\Platform\4.18.26020.6-0\MpCmdRun.exe</Data><Data Name='FileVersion'>4.18.26020.6 (cd0aebd7c18a68cd2e3af14a117b45b178d088f4)</Data><Data Name='Description'>Microsoft Malware Protection Command Line Utility</Data><Data Name='Product'>Microsoft® Windows® Operating System</Data><Data Name='Company'>Microsoft Corporation</Data><Data Name='OriginalFileName'>MpCmdRun.exe</Data><Data Name='CommandLine'>"C:\ProgramData\Microsoft\Windows Defender\platform\4.18.26020.6-0\MpCmdRun.exe" SignaturesUpdateService -ScheduleJob -UnmanagedUpdate</Data><Data Name='CurrentDirectory'>C:\Windows\system32\</Data><Data Name='User'>NT AUTHORITY\SYSTEM</Data><Data Name='LogonGuid'>{2c24d1db-5cac-69ed-e703-000000000000}</Data><Data Name='LogonId'>0x3e7</Data><Data Name='TerminalSessionId'>0</Data><Data Name='IntegrityLevel'>System</Data><Data Name='Hashes'>MD5=08DCF3821C3A4CB3BD7C8D70C854417A,SHA256=3B5B209292376581B6EFFA0037A37CD5F431C9626F079D385761454C039A9912,IMPHASH=89F7FEA336DD2A0A8925B65181B71EB1</Data><Data Name='ParentProcessGuid'>{2c24d1db-ec32-69ec-4700-000000001600}</Data><Data Name='ParentProcessId'>2892</Data><Data Name='ParentImage'>C:\ProgramData\Microsoft\Windows Defender\Platform\4.18.26020.6-0\MsMpEng.exe</Data><Data Name='ParentCommandLine'>"C:\ProgramData\Microsoft\Windows Defender\platform\4.18.26020.6-0\MsMpEng.exe"</Data><Data Name='ParentUser'>NT AUTHORITY\SYSTEM</Data></EventData></Event>
<Event xmlns='http://schemas.microsoft.com/win/2004/08/events/event'><System><Provider Name='Microsoft-Windows-Sysmon' Guid='{5770385f-c22a-43e0-bf4c-06f5698ffbd9}'/><EventID>1</EventID><Version>5</Version><Level>4</Level><Task>1</Task><Opcode>0</Opcode><Keywords>0x8000000000000000</Keywords><TimeCreated SystemTime='2026-04-25T16:31:05.6440474Z'/><EventRecordID>1059</EventRecordID><Correlation/><Execution ProcessID='2848' ThreadID='3924'/><Channel>Microsoft-Windows-Sysmon/Operational</Channel><Computer>DESKTOP-7JEP204</Computer><Security UserID='S-1-5-18'/></System><EventData><Data Name='RuleName'>-</Data><Data Name='UtcTime'>2026-04-25 16:31:05.627</Data><Data Name='ProcessGuid'>{2c24d1db-ec49-69ec-9600-000000001600}</Data><Data Name='ProcessId'>6260</Data><Data Name='Image'>C:\Windows\System32\svchost.exe</Data><Data Name='FileVersion'>10.0.19041.1806 (WinBuild.160101.0800)</Data><Data Name='Description'>Host Process for Windows Services</Data><Data Name='Product'>Microsoft® Windows® Operating System</Data><Data Name='Company'>Microsoft Corporation</Data><Data Name='OriginalFileName'>svchost.exe</Data><Data Name='CommandLine'>C:\Windows\System32\svchost.exe -k LocalSystemNetworkRestricted -p -s StorSvc</Data><Data Name='CurrentDirectory'>C:\Windows\system32\</Data><Data Name='User'>NT AUTHORITY\SYSTEM</Data><Data Name='LogonGuid'>{2c24d1db-5cac-69ed-e703-000000000000}</Data><Data Name='LogonId'>0x3e7</Data><Data Name='TerminalSessionId'>0</Data><Data Name='IntegrityLevel'>System</Data><Data Name='Hashes'>MD5=B7F884C1B74A263F746EE12A5F7C9F6A,SHA256=ADD683A6910ABBBF0E28B557FAD0BA998166394932AE2ACA069D9AA19EA8FE88,IMPHASH=247B9220E5D9B720A82B2C8B5069AD69</Data><Data Name='ParentProcessGuid'>{00000000-0000-0000-0000-000000000000}</Data><Data Name='ParentProcessId'>672</Data><Data Name='ParentImage'>-</Data><Data Name='ParentCommandLine'>-</Data><Data Name='ParentUser'>-</Data></EventData></Event>
<Event xmlns='http://schemas.microsoft.com/win/2004/08/events/event'><System><Provider Name='Microsoft-Windows-Sysmon' Guid='{5770385f-c22a-43e0-bf4c-06f5698ffbd9}'/><EventID>1</EventID><Version>5</Version><Level>4</Level><Task>1</Task><Opcode>0</Opcode><Keywords>0x8000000000000000</Keywords><TimeCreated SystemTime='2026-04-25T16:31:14.5457095Z'/><EventRecordID>1060</EventRecordID><Correlation/><Execution ProcessID='2848' ThreadID='3924'/><Channel>Microsoft-Windows-Sysmon/Operational</Channel><Computer>DESKTOP-7JEP204</Computer><Security UserID='S-1-5-18'/></System><EventData><Data Name='RuleName'>-</Data><Data Name='UtcTime'>2026-04-25 16:31:14.535</Data><Data Name='ProcessGuid'>{2c24d1db-ec52-69ec-9e00-000000001600}</Data><Data Name='ProcessId'>7152</Data><Data Name='Image'>C:\ProgramData\Microsoft\Windows Defender\Platform\4.18.26020.6-0\MpCmdRun.exe</Data><Data Name='FileVersion'>4.18.26020.6 (cd0aebd7c18a68cd2e3af14a117b45b178d088f4)</Data><Data Name='Description'>Microsoft Malware Protection Command Line Utility</Data><Data Name='Product'>Microsoft® Windows® Operating System</Data><Data Name='Company'>Microsoft Corporation</Data><Data Name='OriginalFileName'>MpCmdRun.exe</Data><Data Name='CommandLine'>"C:\ProgramData\Microsoft\Windows Defender\platform\4.18.26020.6-0\MpCmdRun.exe" SignaturesUpdateService -ScheduleJob -HttpDownload -RestrictPrivileges</Data><Data Name='CurrentDirectory'>C:\Windows\system32\</Data><Data Name='User'>NT AUTHORITY\SYSTEM</Data><Data Name='LogonGuid'>{2c24d1db-5cac-69ed-e703-000000000000}</Data><Data Name='LogonId'>0x3e7</Data><Data Name='TerminalSessionId'>0</Data><Data Name='IntegrityLevel'>System</Data><Data Name='Hashes'>MD5=08DCF3821C3A4CB3BD7C8D70C854417A,SHA256=3B5B209292376581B6EFFA0037A37CD5F431C9626F079D385761454C039A9912,IMPHASH=89F7FEA336DD2A0A8925B65181B71EB1</Data><Data Name='ParentProcessGuid'>{2c24d1db-ec32-69ec-4700-000000001600}</Data><Data Name='ParentProcessId'>2892</Data><Data Name='ParentImage'>C:\ProgramData\Microsoft\Windows Defender\Platform\4.18.26020.6-0\MsMpEng.exe</Data><Data Name='ParentCommandLine'>"C:\ProgramData\Microsoft\Windows Defender\platform\4.18.26020.6-0\MsMpEng.exe"</Data><Data Name='ParentUser'>NT AUTHORITY\SYSTEM</Data></EventData></Event>
<Event xmlns='http://schemas.microsoft.com/win/2004/08/events/event'><System><Provider Name='Microsoft-Windows-Sysmon' Guid='{5770385f-c22a-43e0-bf4c-06f5698ffbd9}'/><EventID>11</EventID><Version>2</Version><Level>4</Level><Task>11</Task><Opcode>0</Opcode><Keywords>0x8000000000000000</Keywords><TimeCreated SystemTime='2026-04-25T16:31:15.0433077Z'/><EventRecordID>1061</EventRecordID><Correlation/><Execution ProcessID='2848' ThreadID='3924'/><Channel>Microsoft-Windows-Sysmon/Operational</Channel><Computer>DESKTOP-7JEP204</Computer><Security UserID='S-1-5-18'/></System><EventData><Data Name='RuleName'>EXE</Data><Data Name='UtcTime'>2026-04-25 16:31:15.019</Data><Data Name='ProcessGuid'>{2c24d1db-ec52-69ec-9e00-000000001600}</Data><Data Name='ProcessId'>7152</Data><Data Name='Image'>C:\ProgramData\Microsoft\Windows Defender\platform\4.18.26020.6-0\MpCmdRun.exe</Data><Data Name='TargetFilename'>C:\Windows\Temp\AF0F152A-D019-499B-9186-33C06BDF3E03MpCommU\mpam-48133ed0.exe</Data><Data Name='CreationUtcTime'>2026-04-25 16:31:15.019</Data><Data Name='User'>NT AUTHORITY\SYSTEM</Data></EventData></Event>
<Event xmlns='http://schemas.microsoft.com/win/2004/08/events/event'><System><Provider Name='Microsoft-Windows-Sysmon' Guid='{5770385f-c22a-43e0-bf4c-06f5698ffbd9}'/><EventID>1</EventID><Version>5</Version><Level>4</Level><Task>1</Task><Opcode>0</Opcode><Keywords>0x8000000000000000</Keywords><TimeCreated SystemTime='2026-04-25T16:31:15.2667029Z'/><EventRecordID>1062</EventRecordID><Correlation/><Execution ProcessID='2848' ThreadID='3924'/><Channel>Microsoft-Windows-Sysmon/Operational</Channel><Computer>DESKTOP-7JEP204</Computer><Security UserID='S-1-5-18'/></System><EventData><Data Name='RuleName'>-</Data><Data Name='UtcTime'>2026-04-25 16:31:15.233</Data><Data Name='ProcessGuid'>{2c24d1db-ec53-69ec-a000-000000001600}</Data><Data Name='ProcessId'>4000</Data><Data Name='Image'>C:\Windows\System32\smartscreen.exe</Data><Data Name='FileVersion'>10.0.19041.1682 (WinBuild.160101.0800)</Data><Data Name='Description'>Windows Defender SmartScreen</Data><Data Name='Product'>Microsoft® Windows® Operating System</Data><Data Name='Company'>Microsoft Corporation</Data><Data Name='OriginalFileName'>smartscreen.exe</Data><Data Name='CommandLine'>C:\Windows\System32\smartscreen.exe -Embedding</Data><Data Name='CurrentDirectory'>C:\Windows\system32\</Data><Data Name='User'>DESKTOP-7JEP204\User</Data><Data Name='LogonGuid'>{2c24d1db-ec3e-69ec-9d2f-050000000000}</Data><Data Name='LogonId'>0x52f9d</Data><Data Name='TerminalSessionId'>1</Data><Data Name='IntegrityLevel'>Medium</Data><Data Name='Hashes'>MD5=02FB7069B8D8426DC72C9D8A495AF55A,SHA256=320213E0E9CA58BF5DE4B1B69DED1E06DF191D99866FAD26255A4D3FCAD2F124,IMPHASH=6DFBF12753AF176E3C203C407493A5B9</Data><Data Name='ParentProcessGuid'>{00000000-0000-0000-0000-000000000000}</Data><Data Name='ParentProcessId'>792</Data><Data Name='ParentImage'>-</Data><Data Name='ParentCommandLine'>-</Data><Data Name='ParentUser'>-</Data></EventData></Event>
<Event xmlns='http://schemas.microsoft.com/win/2004/08/events/event'><System><Provider Name='Microsoft-Windows-Sysmon' Guid='{5770385f-c22a-43e0-bf4c-06f5698ffbd9}'/><EventID>11</EventID><Version>2</Version><Level>4</Level><Task>11</Task><Opcode>0</Opcode><Keywords>0x8000000000000000</Keywords><TimeCreated SystemTime='2026-04-25T16:31:15.4945304Z'/><EventRecordID>1063</EventRecordID><Correlation/><Execution ProcessID='2848' ThreadID='3924'/><Channel>Microsoft-Windows-Sysmon/Operational</Channel><Computer>DESKTOP-7JEP204</Computer><Security UserID='S-1-5-18'/></System><EventData><Data Name='RuleName'>EXE</Data><Data Name='UtcTime'>2026-04-25 16:31:15.478</Data><Data Name='ProcessGuid'>{2c24d1db-ec52-69ec-9e00-000000001600}</Data><Data Name='ProcessId'>7152</Data><Data Name='Image'>C:\ProgramData\Microsoft\Windows Defender\platform\4.18.26020.6-0\MpCmdRun.exe</Data><Data Name='TargetFilename'>C:\Windows\Temp\0FFA90EE-E7A2-4C4D-903B-570F66EBBA2FMpCommU\UpdatePlatform.exe</Data><Data Name='CreationUtcTime'>2026-04-25 16:31:15.478</Data><Data Name='User'>NT AUTHORITY\SYSTEM</Data></EventData></Event>
<Event xmlns='http://schemas.microsoft.com/win/2004/08/events/event'><System><Provider Name='Microsoft-Windows-Sysmon' Guid='{5770385f-c22a-43e0-bf4c-06f5698ffbd9}'/><EventID>1</EventID><Version>5</Version><Level>4</Level><Task>1</Task><Opcode>0</Opcode><Keywords>0x8000000000000000</Keywords><TimeCreated SystemTime='2026-04-25T16:31:15.5852775Z'/><EventRecordID>1064</EventRecordID><Correlation/><Execution ProcessID='2848' ThreadID='3924'/><Channel>Microsoft-Windows-Sysmon/Operational</Channel><Computer>DESKTOP-7JEP204</Computer><Security UserID='S-1-5-18'/></System><EventData><Data Name='RuleName'>-</Data><Data Name='UtcTime'>2026-04-25 16:31:15.574</Data><Data Name='ProcessGuid'>{2c24d1db-ec53-69ec-a100-000000001600}</Data><Data Name='ProcessId'>788</Data><Data Name='Image'>C:\Windows\System32\SecurityHealthSystray.exe</Data><Data Name='FileVersion'>10.0.19041.1 (WinBuild.160101.0800)</Data><Data Name='Description'>Windows Security notification icon</Data><Data Name='Product'>Microsoft® Windows® Operating System</Data><Data Name='Company'>Microsoft Corporation</Data><Data Name='OriginalFileName'>SecurityHealthSystray.exe</Data><Data Name='CommandLine'>"C:\Windows\System32\SecurityHealthSystray.exe" </Data><Data Name='CurrentDirectory'>C:\Windows\system32\</Data><Data Name='User'>DESKTOP-7JEP204\User</Data><Data Name='LogonGuid'>{2c24d1db-ec3e-69ec-9d2f-050000000000}</Data><Data Name='LogonId'>0x52f9d</Data><Data Name='TerminalSessionId'>1</Data><Data Name='IntegrityLevel'>Medium</Data><Data Name='Hashes'>MD5=783C99AFD4C2AE6950FA5694389D2CFA,SHA256=570B37A7A3FFDAFCCECCC33CBC1968FEB857B73CA3CB4DFFEDC2E67E9ABD0878,IMPHASH=E6B44B525767F585EB30F35172497CB0</Data><Data Name='ParentProcessGuid'>{2c24d1db-ec41-69ec-8000-000000001600}</Data><Data Name='ParentProcessId'>4904</Data><Data Name='ParentImage'>C:\Windows\explorer.exe</Data><Data Name='ParentCommandLine'>C:\Windows\Explorer.EXE</Data><Data Name='ParentUser'>DESKTOP-7JEP204\User</Data></EventData></Event>
<Event xmlns='http://schemas.microsoft.com/win/2004/08/events/event'><System><Provider Name='Microsoft-Windows-Sysmon' Guid='{5770385f-c22a-43e0-bf4c-06f5698ffbd9}'/><EventID>1</EventID><Version>5</Version><Level>4</Level><Task>1</Task><Opcode>0</Opcode><Keywords>0x8000000000000000</Keywords><TimeCreated SystemTime='2026-04-25T16:31:15.8667139Z'/><EventRecordID>1065</EventRecordID><Correlation/><Execution ProcessID='2848' ThreadID='3924'/><Channel>Microsoft-Windows-Sysmon/Operational</Channel><Computer>DESKTOP-7JEP204</Computer><Security UserID='S-1-5-18'/></System><EventData><Data Name='RuleName'>-</Data><Data Name='UtcTime'>2026-04-25 16:31:15.833</Data><Data Name='ProcessGuid'>{2c24d1db-ec53-69ec-a200-000000001600}</Data><Data Name='ProcessId'>6376</Data><Data Name='Image'>C:\Windows\System32\SecurityHealthService.exe</Data><Data Name='FileVersion'>4.18.1907.16384 (WinBuild.160101.0800)</Data><Data Name='Description'>Windows Security Health Service</Data><Data Name='Product'>Microsoft® Windows® Operating System</Data><Data Name='Company'>Microsoft Corporation</Data><Data Name='OriginalFileName'>SecurityHealthService.exe</Data><Data Name='CommandLine'>C:\Windows\system32\SecurityHealthService.exe</Data><Data Name='CurrentDirectory'>C:\Windows\system32\</Data><Data Name='User'>NT AUTHORITY\SYSTEM</Data><Data Name='LogonGuid'>{2c24d1db-5cac-69ed-e703-000000000000}</Data><Data Name='LogonId'>0x3e7</Data><Data Name='TerminalSessionId'>0</Data><Data Name='IntegrityLevel'>System</Data><Data Name='Hashes'>MD5=F5D2559BE41874ECF79D507689B53717,SHA256=9CC7953399C722DB4FC87B09D43D5DB8BB31E1116587A88DE24142F40FB569BE,IMPHASH=7DFC7478D6668760D96E18604ED6AB6E</Data><Data Name='ParentProcessGuid'>{00000000-0000-0000-0000-000000000000}</Data><Data Name='ParentProcessId'>672</Data><Data Name='ParentImage'>-</Data><Data Name='ParentCommandLine'>-</Data><Data Name='ParentUser'>-</Data></EventData></Event>
<Event xmlns='http://schemas.microsoft.com/win/2004/08/events/event'><System><Provider Name='Microsoft-Windows-Sysmon' Guid='{5770385f-c22a-43e0-bf4c-06f5698ffbd9}'/><EventID>1</EventID><Version>5</Version><Level>4</Level><Task>1</Task><Opcode>0</Opcode><Keywords>0x8000000000000000</Keywords><TimeCreated SystemTime='2026-04-25T16:31:16.5572420Z'/><EventRecordID>1066</EventRecordID><Correlation/><Execution ProcessID='2848' ThreadID='3924'/><Channel>Microsoft-Windows-Sysmon/Operational</Channel><Computer>DESKTOP-7JEP204</Computer><Security UserID='S-1-5-18'/></System><EventData><Data Name='RuleName'>-</Data><Data Name='UtcTime'>2026-04-25 16:31:16.527</Data><Data Name='ProcessGuid'>{2c24d1db-ec54-69ec-a300-000000001600}</Data><Data Name='ProcessId'>5876</Data><Data Name='Image'>C:\Windows\System32\VBoxTray.exe</Data><Data Name='FileVersion'>7.2.2.170484</Data><Data Name='Description'>VirtualBox Guest Additions Tray Application</Data><Data Name='Product'>Oracle VirtualBox Guest Additions</Data><Data Name='Company'>Oracle and/or its affiliates</Data><Data Name='OriginalFileName'>-</Data><Data Name='CommandLine'>"C:\Windows\System32\VBoxTray.exe" </Data><Data Name='CurrentDirectory'>C:\Windows\system32\</Data><Data Name='User'>DESKTOP-7JEP204\User</Data><Data Name='LogonGuid'>{2c24d1db-ec3e-69ec-9d2f-050000000000}</Data><Data Name='LogonId'>0x52f9d</Data><Data Name='TerminalSessionId'>1</Data><Data Name='IntegrityLevel'>Medium</Data><Data Name='Hashes'>MD5=9671650B1BCCE83A4AB9E7CDC1759D6A,SHA256=15A31ED3A6DF4A6D6B0BB08ADA552348630F5C256CF41B62F637DAEE6116C0A6,IMPHASH=8A80E14ACCF88B9BF05ED11E78CB26E3</Data><Data Name='ParentProcessGuid'>{2c24d1db-ec41-69ec-8000-000000001600}</Data><Data Name='ParentProcessId'>4904</Data><Data Name='ParentImage'>C:\Windows\explorer.exe</Data><Data Name='ParentCommandLine'>C:\Windows\Explorer.EXE</Data><Data Name='ParentUser'>DESKTOP-7JEP204\User</Data></EventData></Event>
<Event xmlns='http://schemas.microsoft.com/win/2004/08/events/event'><System><Provider Name='Microsoft-Windows-Sysmon' Guid='{5770385f-c22a-43e0-bf4c-06f5698ffbd9}'/><EventID>1</EventID><Version>5</Version><Level>4</Level><Task>1</Task><Opcode>0</Opcode><Keywords>0x8000000000000000</Keywords><TimeCreated SystemTime='2026-04-25T16:31:18.0801144Z'/><EventRecordID>1067</EventRecordID><Correlation/><Execution ProcessID='2848' ThreadID='3924'/><Channel>Microsoft-Windows-Sysmon/Operational</Channel><Computer>DESKTOP-7JEP204</Computer><Security UserID='S-1-5-18'/></System><EventData><Data Name='RuleName'>-</Data><Data Name='UtcTime'>2026-04-25 16:31:18.012</Data><Data Name='ProcessGuid'>{2c24d1db-ec56-69ec-a500-000000001600}</Data><Data Name='ProcessId'>5148</Data><Data Name='Image'>C:\Users\User\AppData\Local\Microsoft\OneDrive\OneDrive.exe</Data><Data Name='FileVersion'>26.040.0301.0001</Data><Data Name='Description'>Microsoft OneDrive</Data><Data Name='Product'>Microsoft OneDrive</Data><Data Name='Company'>Microsoft Corporation</Data><Data Name='OriginalFileName'>OneDrive.exe</Data><Data Name='CommandLine'>"C:\Users\User\AppData\Local\Microsoft\OneDrive\OneDrive.exe" /background</Data><Data Name='CurrentDirectory'>C:\Windows\system32\</Data><Data Name='User'>DESKTOP-7JEP204\User</Data><Data Name='LogonGuid'>{2c24d1db-ec3e-69ec-9d2f-050000000000}</Data><Data Name='LogonId'>0x52f9d</Data><Data Name='TerminalSessionId'>1</Data><Data Name='IntegrityLevel'>Medium</Data><Data Name='Hashes'>MD5=93AC4B9FAF47E1C16894AF16EB6B4F80,SHA256=2E149DBCD1F730D017963499C90560D201F1C11C1F58440FF755C17A58A3A41C,IMPHASH=4727C83D05CD09D2F22E2769CFBB25D7</Data><Data Name='ParentProcessGuid'>{2c24d1db-ec41-69ec-8000-000000001600}</Data><Data Name='ParentProcessId'>4904</Data><Data Name='ParentImage'>C:\Windows\explorer.exe</Data><Data Name='ParentCommandLine'>C:\Windows\Explorer.EXE</Data><Data Name='ParentUser'>DESKTOP-7JEP204\User</Data></EventData></Event>
<Event xmlns='http://schemas.microsoft.com/win/2004/08/events/event'><System><Provider Name='Microsoft-Windows-Sysmon' Guid='{5770385f-c22a-43e0-bf4c-06f5698ffbd9}'/><EventID>13</EventID><Version>2</Version><Level>4</Level><Task>13</Task><Opcode>0</Opcode><Keywords>0x8000000000000000</Keywords><TimeCreated SystemTime='2026-04-25T16:31:19.7341793Z'/><EventRecordID>1068</EventRecordID><Correlation/><Execution ProcessID='2848' ThreadID='3924'/><Channel>Microsoft-Windows-Sysmon/Operational</Channel><Computer>DESKTOP-7JEP204</Computer><Security UserID='S-1-5-18'/></System><EventData><Data Name='RuleName'>T1122</Data><Data Name='EventType'>SetValue</Data><Data Name='UtcTime'>2026-04-25 16:31:19.675</Data><Data Name='ProcessGuid'>{2c24d1db-ec56-69ec-a500-000000001600}</Data><Data Name='ProcessId'>5148</Data><Data Name='Image'>C:\Users\User\AppData\Local\Microsoft\OneDrive\OneDrive.exe</Data><Data Name='TargetObject'>HKU\S-1-5-21-1667249613-324410992-874209505-1001_Classes\CLSID\{BBACC218-34EA-4666-9D7A-C78F2274A524}\InprocServer32\(Default)</Data><Data Name='Details'>C:\Users\User\AppData\Local\Microsoft\OneDrive\26.040.0301.0001\FileSyncShell64.dll</Data><Data Name='User'>DESKTOP-7JEP204\User</Data></EventData></Event>
<Event xmlns='http://schemas.microsoft.com/win/2004/08/events/event'><System><Provider Name='Microsoft-Windows-Sysmon' Guid='{5770385f-c22a-43e0-bf4c-06f5698ffbd9}'/><EventID>13</EventID><Version>2</Version><Level>4</Level><Task>13</Task><Opcode>0</Opcode><Keywords>0x8000000000000000</Keywords><TimeCreated SystemTime='2026-04-25T16:31:19.7342405Z'/><EventRecordID>1069</EventRecordID><Correlation/><Execution ProcessID='2848' ThreadID='3924'/><Channel>Microsoft-Windows-Sysmon/Operational</Channel><Computer>DESKTOP-7JEP204</Computer><Security UserID='S-1-5-18'/></System><EventData><Data Name='RuleName'>T1122</Data><Data Name='EventType'>SetValue</Data><Data Name='UtcTime'>2026-04-25 16:31:19.675</Data><Data Name='ProcessGuid'>{2c24d1db-ec56-69ec-a500-000000001600}</Data><Data Name='ProcessId'>5148</Data><Data Name='Image'>C:\Users\User\AppData\Local\Microsoft\OneDrive\OneDrive.exe</Data><Data Name='TargetObject'>HKU\S-1-5-21-1667249613-324410992-874209505-1001_Classes\WOW6432Node\CLSID\{BBACC218-34EA-4666-9D7A-C78F2274A524}\InprocServer32\(Default)</Data><Data Name='Details'>C:\Users\User\AppData\Local\Microsoft\OneDrive\26.040.0301.0001\i386\FileSyncShell.dll</Data><Data Name='User'>DESKTOP-7JEP204\User</Data></EventData></Event>
<Event xmlns='http://schemas.microsoft.com/win/2004/08/events/event'><System><Provider Name='Microsoft-Windows-Sysmon' Guid='{5770385f-c22a-43e0-bf4c-06f5698ffbd9}'/><EventID>13</EventID><Version>2</Version><Level>4</Level><Task>13</Task><Opcode>0</Opcode><Keywords>0x8000000000000000</Keywords><TimeCreated SystemTime='2026-04-25T16:31:19.7346229Z'/><EventRecordID>1070</EventRecordID><Correlation/><Execution ProcessID='2848' ThreadID='3924'/><Channel>Microsoft-Windows-Sysmon/Operational</Channel><Computer>DESKTOP-7JEP204</Computer><Security UserID='S-1-5-18'/></System><EventData><Data Name='RuleName'>T1122</Data><Data Name='EventType'>SetValue</Data><Data Name='UtcTime'>2026-04-25 16:31:19.675</Data><Data Name='ProcessGuid'>{2c24d1db-ec56-69ec-a500-000000001600}</Data><Data Name='ProcessId'>5148</Data><Data Name='Image'>C:\Users\User\AppData\Local\Microsoft\OneDrive\OneDrive.exe</Data><Data Name='TargetObject'>HKU\S-1-5-21-1667249613-324410992-874209505-1001_Classes\CLSID\{5AB7172C-9C11-405C-8DD5-AF20F3606282}\InprocServer32\(Default)</Data><Data Name='Details'>C:\Users\User\AppData\Local\Microsoft\OneDrive\26.040.0301.0001\FileSyncShell64.dll</Data><Data Name='User'>DESKTOP-7JEP204\User</Data></EventData></Event>
<Event xmlns='http://schemas.microsoft.com/win/2004/08/events/event'><System><Provider Name='Microsoft-Windows-Sysmon' Guid='{5770385f-c22a-43e0-bf4c-06f5698ffbd9}'/><EventID>13</EventID><Version>2</Version><Level>4</Level><Task>13</Task><Opcode>0</Opcode><Keywords>0x8000000000000000</Keywords><TimeCreated SystemTime='2026-04-25T16:31:19.7346831Z'/><EventRecordID>1071</EventRecordID><Correlation/><Execution ProcessID='2848' ThreadID='3924'/><Channel>Microsoft-Windows-Sysmon/Operational</Channel><Computer>DESKTOP-7JEP204</Computer><Security UserID='S-1-5-18'/></System><EventData><Data Name='RuleName'>T1122</Data><Data Name='EventType'>SetValue</Data><Data Name='UtcTime'>2026-04-25 16:31:19.675</Data><Data Name='ProcessGuid'>{2c24d1db-ec56-69ec-a500-000000001600}</Data><Data Name='ProcessId'>5148</Data><Data Name='Image'>C:\Users\User\AppData\Local\Microsoft\OneDrive\OneDrive.exe</Data><Data Name='TargetObject'>HKU\S-1-5-21-1667249613-324410992-874209505-1001_Classes\WOW6432Node\CLSID\{5AB7172C-9C11-405C-8DD5-AF20F3606282}\InprocServer32\(Default)</Data><Data Name='Details'>C:\Users\User\AppData\Local\Microsoft\OneDrive\26.040.0301.0001\i386\FileSyncShell.dll</Data><Data Name='User'>DESKTOP-7JEP204\User</Data></EventData></Event>
<Event xmlns='http://schemas.microsoft.com/win/2004/08/events/event'><System><Provider Name='Microsoft-Windows-Sysmon' Guid='{5770385f-c22a-43e0-bf4c-06f5698ffbd9}'/><EventID>13</EventID><Version>2</Version><Level>4</Level><Task>13</Task><Opcode>0</Opcode><Keywords>0x8000000000000000</Keywords><TimeCreated SystemTime='2026-04-25T16:31:19.7354737Z'/><EventRecordID>1072</EventRecordID><Correlation/><Execution ProcessID='2848' ThreadID='3924'/><Channel>Microsoft-Windows-Sysmon/Operational</Channel><Computer>DESKTOP-7JEP204</Computer><Security UserID='S-1-5-18'/></System><EventData><Data Name='RuleName'>T1122</Data><Data Name='EventType'>SetValue</Data><Data Name='UtcTime'>2026-04-25 16:31:19.675</Data><Data Name='ProcessGuid'>{2c24d1db-ec56-69ec-a500-000000001600}</Data><Data Name='ProcessId'>5148</Data><Data Name='Image'>C:\Users\User\AppData\Local\Microsoft\OneDrive\OneDrive.exe</Data><Data Name='TargetObject'>HKU\S-1-5-21-1667249613-324410992-874209505-1001_Classes\CLSID\{A78ED123-AB77-406B-9962-2A5D9D2F7F30}\InprocServer32\(Default)</Data><Data Name='Details'>C:\Users\User\AppData\Local\Microsoft\OneDrive\26.040.0301.0001\FileSyncShell64.dll</Data><Data Name='User'>DESKTOP-7JEP204\User</Data></EventData></Event>
<Event xmlns='http://schemas.microsoft.com/win/2004/08/events/event'><System><Provider Name='Microsoft-Windows-Sysmon' Guid='{5770385f-c22a-43e0-bf4c-06f5698ffbd9}'/><EventID>13</EventID><Version>2</Version><Level>4</Level><Task>13</Task><Opcode>0</Opcode><Keywords>0x8000000000000000</Keywords><TimeCreated SystemTime='2026-04-25T16:31:19.7404943Z'/><EventRecordID>1073</EventRecordID><Correlation/><Execution ProcessID='2848' ThreadID='3924'/><Channel>Microsoft-Windows-Sysmon/Operational</Channel><Computer>DESKTOP-7JEP204</Computer><Security UserID='S-1-5-18'/></System><EventData><Data Name='RuleName'>T1122</Data><Data Name='EventType'>SetValue</Data><Data Name='UtcTime'>2026-04-25 16:31:19.675</Data><Data Name='ProcessGuid'>{2c24d1db-ec56-69ec-a500-000000001600}</Data><Data Name='ProcessId'>5148</Data><Data Name='Image'>C:\Users\User\AppData\Local\Microsoft\OneDrive\OneDrive.exe</Data><Data Name='TargetObject'>HKU\S-1-5-21-1667249613-324410992-874209505-1001_Classes\WOW6432Node\CLSID\{A78ED123-AB77-406B-9962-2A5D9D2F7F30}\InprocServer32\(Default)</Data><Data Name='Details'>C:\Users\User\AppData\Local\Microsoft\OneDrive\26.040.0301.0001\i386\FileSyncShell.dll</Data><Data Name='User'>DESKTOP-7JEP204\User</Data></EventData></Event>
<Event xmlns='http://schemas.microsoft.com/win/2004/08/events/event'><System><Provider Name='Microsoft-Windows-Sysmon' Guid='{5770385f-c22a-43e0-bf4c-06f5698ffbd9}'/><EventID>13</EventID><Version>2</Version><Level>4</Level><Task>13</Task><Opcode>0</Opcode><Keywords>0x8000000000000000</Keywords><TimeCreated SystemTime='2026-04-25T16:31:19.7409224Z'/><EventRecordID>1074</EventRecordID><Correlation/><Execution ProcessID='2848' ThreadID='3924'/><Channel>Microsoft-Windows-Sysmon/Operational</Channel><Computer>DESKTOP-7JEP204</Computer><Security UserID='S-1-5-18'/></System><EventData><Data Name='RuleName'>T1122</Data><Data Name='EventType'>SetValue</Data><Data Name='UtcTime'>2026-04-25 16:31:19.675</Data><Data Name='ProcessGuid'>{2c24d1db-ec56-69ec-a500-000000001600}</Data><Data Name='ProcessId'>5148</Data><Data Name='Image'>C:\Users\User\AppData\Local\Microsoft\OneDrive\OneDrive.exe</Data><Data Name='TargetObject'>HKU\S-1-5-21-1667249613-324410992-874209505-1001_Classes\CLSID\{A0396A93-DC06-4AEF-BEE9-95FFCCAEF20E}\InprocServer32\(Default)</Data><Data Name='Details'>C:\Users\User\AppData\Local\Microsoft\OneDrive\26.040.0301.0001\FileSyncShell64.dll</Data><Data Name='User'>DESKTOP-7JEP204\User</Data></EventData></Event>
<Event xmlns='http://schemas.microsoft.com/win/2004/08/events/event'><System><Provider Name='Microsoft-Windows-Sysmon' Guid='{5770385f-c22a-43e0-bf4c-06f5698ffbd9}'/><EventID>13</EventID><Version>2</Version><Level>4</Level><Task>13</Task><Opcode>0</Opcode><Keywords>0x8000000000000000</Keywords><TimeCreated SystemTime='2026-04-25T16:31:19.7409827Z'/><EventRecordID>1075</EventRecordID><Correlation/><Execution ProcessID='2848' ThreadID='3924'/><Channel>Microsoft-Windows-Sysmon/Operational</Channel><Computer>DESKTOP-7JEP204</Computer><Security UserID='S-1-5-18'/></System><EventData><Data Name='RuleName'>T1122</Data><Data Name='EventType'>SetValue</Data><Data Name='UtcTime'>2026-04-25 16:31:19.675</Data><Data Name='ProcessGuid'>{2c24d1db-ec56-69ec-a500-000000001600}</Data><Data Name='ProcessId'>5148</Data><Data Name='Image'>C:\Users\User\AppData\Local\Microsoft\OneDrive\OneDrive.exe</Data><Data Name='TargetObject'>HKU\S-1-5-21-1667249613-324410992-874209505-1001_Classes\WOW6432Node\CLSID\{A0396A93-DC06-4AEF-BEE9-95FFCCAEF20E}\InprocServer32\(Default)</Data><Data Name='Details'>C:\Users\User\AppData\Local\Microsoft\OneDrive\26.040.0301.0001\i386\FileSyncShell.dll</Data><Data Name='User'>DESKTOP-7JEP204\User</Data></EventData></Event>
<Event xmlns='http://schemas.microsoft.com/win/2004/08/events/event'><System><Provider Name='Microsoft-Windows-Sysmon' Guid='{5770385f-c22a-43e0-bf4c-06f5698ffbd9}'/><EventID>13</EventID><Version>2</Version><Level>4</Level><Task>13</Task><Opcode>0</Opcode><Keywords>0x8000000000000000</Keywords><TimeCreated SystemTime='2026-04-25T16:31:19.7414058Z'/><EventRecordID>1076</EventRecordID><Correlation/><Execution ProcessID='2848' ThreadID='3924'/><Channel>Microsoft-Windows-Sysmon/Operational</Channel><Computer>DESKTOP-7JEP204</Computer><Security UserID='S-1-5-18'/></System><EventData><Data Name='RuleName'>T1122</Data><Data Name='EventType'>SetValue</Data><Data Name='UtcTime'>2026-04-25 16:31:19.675</Data><Data Name='ProcessGuid'>{2c24d1db-ec56-69ec-a500-000000001600}</Data><Data Name='ProcessId'>5148</Data><Data Name='Image'>C:\Users\User\AppData\Local\Microsoft\OneDrive\OneDrive.exe</Data><Data Name='TargetObject'>HKU\S-1-5-21-1667249613-324410992-874209505-1001_Classes\CLSID\{F241C880-6982-4CE5-8CF7-7085BA96DA5A}\InprocServer32\(Default)</Data><Data Name='Details'>C:\Users\User\AppData\Local\Microsoft\OneDrive\26.040.0301.0001\FileSyncShell64.dll</Data><Data Name='User'>DESKTOP-7JEP204\User</Data></EventData></Event>
<Event xmlns='http://schemas.microsoft.com/win/2004/08/events/event'><System><Provider Name='Microsoft-Windows-Sysmon' Guid='{5770385f-c22a-43e0-bf4c-06f5698ffbd9}'/><EventID>13</EventID><Version>2</Version><Level>4</Level><Task>13</Task><Opcode>0</Opcode><Keywords>0x8000000000000000</Keywords><TimeCreated SystemTime='2026-04-25T16:31:19.7414660Z'/><EventRecordID>1077</EventRecordID><Correlation/><Execution ProcessID='2848' ThreadID='3924'/><Channel>Microsoft-Windows-Sysmon/Operational</Channel><Computer>DESKTOP-7JEP204</Computer><Security UserID='S-1-5-18'/></System><EventData><Data Name='RuleName'>T1122</Data><Data Name='EventType'>SetValue</Data><Data Name='UtcTime'>2026-04-25 16:31:19.675</Data><Data Name='ProcessGuid'>{2c24d1db-ec56-69ec-a500-000000001600}</Data><Data Name='ProcessId'>5148</Data><Data Name='Image'>C:\Users\User\AppData\Local\Microsoft\OneDrive\OneDrive.exe</Data><Data Name='TargetObject'>HKU\S-1-5-21-1667249613-324410992-874209505-1001_Classes\WOW6432Node\CLSID\{F241C880-6982-4CE5-8CF7-7085BA96DA5A}\InprocServer32\(Default)</Data><Data Name='Details'>C:\Users\User\AppData\Local\Microsoft\OneDrive\26.040.0301.0001\i386\FileSyncShell.dll</Data><Data Name='User'>DESKTOP-7JEP204\User</Data></EventData></Event>
<Event xmlns='http://schemas.microsoft.com/win/2004/08/events/event'><System><Provider Name='Microsoft-Windows-Sysmon' Guid='{5770385f-c22a-43e0-bf4c-06f5698ffbd9}'/><EventID>13</EventID><Version>2</Version><Level>4</Level><Task>13</Task><Opcode>0</Opcode><Keywords>0x8000000000000000</Keywords><TimeCreated SystemTime='2026-04-25T16:31:19.7418528Z'/><EventRecordID>1078</EventRecordID><Correlation/><Execution ProcessID='2848' ThreadID='3924'/><Channel>Microsoft-Windows-Sysmon/Operational</Channel><Computer>DESKTOP-7JEP204</Computer><Security UserID='S-1-5-18'/></System><EventData><Data Name='RuleName'>T1122</Data><Data Name='EventType'>SetValue</Data><Data Name='UtcTime'>2026-04-25 16:31:19.675</Data><Data Name='ProcessGuid'>{2c24d1db-ec56-69ec-a500-000000001600}</Data><Data Name='ProcessId'>5148</Data><Data Name='Image'>C:\Users\User\AppData\Local\Microsoft\OneDrive\OneDrive.exe</Data><Data Name='TargetObject'>HKU\S-1-5-21-1667249613-324410992-874209505-1001_Classes\CLSID\{9AA2F32D-362A-42D9-9328-24A483E2CCC3}\InprocServer32\(Default)</Data><Data Name='Details'>C:\Users\User\AppData\Local\Microsoft\OneDrive\26.040.0301.0001\FileSyncShell64.dll</Data><Data Name='User'>DESKTOP-7JEP204\User</Data></EventData></Event>
<Event xmlns='http://schemas.microsoft.com/win/2004/08/events/event'><System><Provider Name='Microsoft-Windows-Sysmon' Guid='{5770385f-c22a-43e0-bf4c-06f5698ffbd9}'/><EventID>13</EventID><Version>2</Version><Level>4</Level><Task>13</Task><Opcode>0</Opcode><Keywords>0x8000000000000000</Keywords><TimeCreated SystemTime='2026-04-25T16:31:19.7419134Z'/><EventRecordID>1079</EventRecordID><Correlation/><Execution ProcessID='2848' ThreadID='3924'/><Channel>Microsoft-Windows-Sysmon/Operational</Channel><Computer>DESKTOP-7JEP204</Computer><Security UserID='S-1-5-18'/></System><EventData><Data Name='RuleName'>T1122</Data><Data Name='EventType'>SetValue</Data><Data Name='UtcTime'>2026-04-25 16:31:19.675</Data><Data Name='ProcessGuid'>{2c24d1db-ec56-69ec-a500-000000001600}</Data><Data Name='ProcessId'>5148</Data><Data Name='Image'>C:\Users\User\AppData\Local\Microsoft\OneDrive\OneDrive.exe</Data><Data Name='TargetObject'>HKU\S-1-5-21-1667249613-324410992-874209505-1001_Classes\WOW6432Node\CLSID\{9AA2F32D-362A-42D9-9328-24A483E2CCC3}\InprocServer32\(Default)</Data><Data Name='Details'>C:\Users\User\AppData\Local\Microsoft\OneDrive\26.040.0301.0001\i386\FileSyncShell.dll</Data><Data Name='User'>DESKTOP-7JEP204\User</Data></EventData></Event>
<Event xmlns='http://schemas.microsoft.com/win/2004/08/events/event'><System><Provider Name='Microsoft-Windows-Sysmon' Guid='{5770385f-c22a-43e0-bf4c-06f5698ffbd9}'/><EventID>13</EventID><Version>2</Version><Level>4</Level><Task>13</Task><Opcode>0</Opcode><Keywords>0x8000000000000000</Keywords><TimeCreated SystemTime='2026-04-25T16:31:19.7427627Z'/><EventRecordID>1080</EventRecordID><Correlation/><Execution ProcessID='2848' ThreadID='3924'/><Channel>Microsoft-Windows-Sysmon/Operational</Channel><Computer>DESKTOP-7JEP204</Computer><Security UserID='S-1-5-18'/></System><EventData><Data Name='RuleName'>T1122</Data><Data Name='EventType'>SetValue</Data><Data Name='UtcTime'>2026-04-25 16:31:19.675</Data><Data Name='ProcessGuid'>{2c24d1db-ec56-69ec-a500-000000001600}</Data><Data Name='ProcessId'>5148</Data><Data Name='Image'>C:\Users\User\AppData\Local\Microsoft\OneDrive\OneDrive.exe</Data><Data Name='TargetObject'>HKU\S-1-5-21-1667249613-324410992-874209505-1001_Classes\CLSID\{C5FF006E-2AE9-408C-B85B-2DFDD5449D9C}\InprocServer32\(Default)</Data><Data Name='Details'>C:\Users\User\AppData\Local\Microsoft\OneDrive\26.040.0301.0001\FileSyncShell64.dll</Data><Data Name='User'>DESKTOP-7JEP204\User</Data></EventData></Event>
