<Event xmlns='http://schemas.microsoft.com/win/2004/08/events/event'><System><Provider Name='Microsoft-Windows-Sysmon' Guid='{5770385f-c22a-43e0-bf4c-06f5698ffbd9}'/><EventID>13</EventID><Version>2</Version><Level>4</Level><Task>13</Task><Opcode>0</Opcode><Keywords>0x8000000000000000</Keywords><TimeCreated SystemTime='2026-04-25T16:31:19.7428257Z'/><EventRecordID>1081</EventRecordID><Correlation/><Execution ProcessID='2848' ThreadID='3924'/><Channel>Microsoft-Windows-Sysmon/Operational</Channel><Computer>DESKTOP-7JEP204</Computer><Security UserID='S-1-5-18'/></System><EventData><Data Name='RuleName'>T1122</Data><Data Name='EventType'>SetValue</Data><Data Name='UtcTime'>2026-04-25 16:31:19.675</Data><Data Name='ProcessGuid'>{2c24d1db-ec56-69ec-a500-000000001600}</Data><Data Name='ProcessId'>5148</Data><Data Name='Image'>C:\Users\User\AppData\Local\Microsoft\OneDrive\OneDrive.exe</Data><Data Name='TargetObject'>HKU\S-1-5-21-1667249613-324410992-874209505-1001_Classes\WOW6432Node\CLSID\{C5FF006E-2AE9-408C-B85B-2DFDD5449D9C}\InprocServer32\(Default)</Data><Data Name='Details'>C:\Users\User\AppData\Local\Microsoft\OneDrive\26.040.0301.0001\i386\FileSyncShell.dll</Data><Data Name='User'>DESKTOP-7JEP204\User</Data></EventData></Event>
<Event xmlns='http://schemas.microsoft.com/win/2004/08/events/event'><System><Provider Name='Microsoft-Windows-Sysmon' Guid='{5770385f-c22a-43e0-bf4c-06f5698ffbd9}'/><EventID>13</EventID><Version>2</Version><Level>4</Level><Task>13</Task><Opcode>0</Opcode><Keywords>0x8000000000000000</Keywords><TimeCreated SystemTime='2026-04-25T16:31:19.7444593Z'/><EventRecordID>1082</EventRecordID><Correlation/><Execution ProcessID='2848' ThreadID='3924'/><Channel>Microsoft-Windows-Sysmon/Operational</Channel><Computer>DESKTOP-7JEP204</Computer><Security UserID='S-1-5-18'/></System><EventData><Data Name='RuleName'>T1122</Data><Data Name='EventType'>SetValue</Data><Data Name='UtcTime'>2026-04-25 16:31:19.675</Data><Data Name='ProcessGuid'>{2c24d1db-ec56-69ec-a500-000000001600}</Data><Data Name='ProcessId'>5148</Data><Data Name='Image'>C:\Users\User\AppData\Local\Microsoft\OneDrive\OneDrive.exe</Data><Data Name='TargetObject'>HKU\S-1-5-21-1667249613-324410992-874209505-1001_Classes\CLSID\{7AFDFDDB-F914-11E4-8377-6C3BE50D980C}\InprocServer32\(Default)</Data><Data Name='Details'>C:\Users\User\AppData\Local\Microsoft\OneDrive\26.040.0301.0001\FileSyncShell64.dll</Data><Data Name='User'>DESKTOP-7JEP204\User</Data></EventData></Event>
<Event xmlns='http://schemas.microsoft.com/win/2004/08/events/event'><System><Provider Name='Microsoft-Windows-Sysmon' Guid='{5770385f-c22a-43e0-bf4c-06f5698ffbd9}'/><EventID>13</EventID><Version>2</Version><Level>4</Level><Task>13</Task><Opcode>0</Opcode><Keywords>0x8000000000000000</Keywords><TimeCreated SystemTime='2026-04-25T16:31:19.7445226Z'/><EventRecordID>1083</EventRecordID><Correlation/><Execution ProcessID='2848' ThreadID='3924'/><Channel>Microsoft-Windows-Sysmon/Operational</Channel><Computer>DESKTOP-7JEP204</Computer><Security UserID='S-1-5-18'/></System><EventData><Data Name='RuleName'>T1122</Data><Data Name='EventType'>SetValue</Data><Data Name='UtcTime'>2026-04-25 16:31:19.675</Data><Data Name='ProcessGuid'>{2c24d1db-ec56-69ec-a500-000000001600}</Data><Data Name='ProcessId'>5148</Data><Data Name='Image'>C:\Users\User\AppData\Local\Microsoft\OneDrive\OneDrive.exe</Data><Data Name='TargetObject'>HKU\S-1-5-21-1667249613-324410992-874209505-1001_Classes\WOW6432Node\CLSID\{7AFDFDDB-F914-11E4-8377-6C3BE50D980C}\InprocServer32\(Default)</Data><Data Name='Details'>C:\Users\User\AppData\Local\Microsoft\OneDrive\26.040.0301.0001\i386\FileSyncShell.dll</Data><Data Name='User'>DESKTOP-7JEP204\User</Data></EventData></Event>
<Event xmlns='http://schemas.microsoft.com/win/2004/08/events/event'><System><Provider Name='Microsoft-Windows-Sysmon' Guid='{5770385f-c22a-43e0-bf4c-06f5698ffbd9}'/><EventID>13</EventID><Version>2</Version><Level>4</Level><Task>13</Task><Opcode>0</Opcode><Keywords>0x8000000000000000</Keywords><TimeCreated SystemTime='2026-04-25T16:31:19.7536564Z'/><EventRecordID>1084</EventRecordID><Correlation/><Execution ProcessID='2848' ThreadID='3924'/><Channel>Microsoft-Windows-Sysmon/Operational</Channel><Computer>DESKTOP-7JEP204</Computer><Security UserID='S-1-5-18'/></System><EventData><Data Name='RuleName'>T1122</Data><Data Name='EventType'>SetValue</Data><Data Name='UtcTime'>2026-04-25 16:31:19.675</Data><Data Name='ProcessGuid'>{2c24d1db-ec56-69ec-a500-000000001600}</Data><Data Name='ProcessId'>5148</Data><Data Name='Image'>C:\Users\User\AppData\Local\Microsoft\OneDrive\OneDrive.exe</Data><Data Name='TargetObject'>HKU\S-1-5-21-1667249613-324410992-874209505-1001_Classes\CLSID\{82CA8DE3-01AD-4CEA-9D75-BE4C51810A9E}\InprocServer32\(Default)</Data><Data Name='Details'>C:\Users\User\AppData\Local\Microsoft\OneDrive\26.040.0301.0001\FileSyncShell64.dll</Data><Data Name='User'>DESKTOP-7JEP204\User</Data></EventData></Event>
<Event xmlns='http://schemas.microsoft.com/win/2004/08/events/event'><System><Provider Name='Microsoft-Windows-Sysmon' Guid='{5770385f-c22a-43e0-bf4c-06f5698ffbd9}'/><EventID>13</EventID><Version>2</Version><Level>4</Level><Task>13</Task><Opcode>0</Opcode><Keywords>0x8000000000000000</Keywords><TimeCreated SystemTime='2026-04-25T16:31:19.7537198Z'/><EventRecordID>1085</EventRecordID><Correlation/><Execution ProcessID='2848' ThreadID='3924'/><Channel>Microsoft-Windows-Sysmon/Operational</Channel><Computer>DESKTOP-7JEP204</Computer><Security UserID='S-1-5-18'/></System><EventData><Data Name='RuleName'>T1122</Data><Data Name='EventType'>SetValue</Data><Data Name='UtcTime'>2026-04-25 16:31:19.675</Data><Data Name='ProcessGuid'>{2c24d1db-ec56-69ec-a500-000000001600}</Data><Data Name='ProcessId'>5148</Data><Data Name='Image'>C:\Users\User\AppData\Local\Microsoft\OneDrive\OneDrive.exe</Data><Data Name='TargetObject'>HKU\S-1-5-21-1667249613-324410992-874209505-1001_Classes\WOW6432Node\CLSID\{82CA8DE3-01AD-4CEA-9D75-BE4C51810A9E}\InprocServer32\(Default)</Data><Data Name='Details'>C:\Users\User\AppData\Local\Microsoft\OneDrive\26.040.0301.0001\i386\FileSyncShell.dll</Data><Data Name='User'>DESKTOP-7JEP204\User</Data></EventData></Event>
<Event xmlns='http://schemas.microsoft.com/win/2004/08/events/event'><System><Provider Name='Microsoft-Windows-Sysmon' Guid='{5770385f-c22a-43e0-bf4c-06f5698ffbd9}'/><EventID>13</EventID><Version>2</Version><Level>4</Level><Task>13</Task><Opcode>0</Opcode><Keywords>0x8000000000000000</Keywords><TimeCreated SystemTime='2026-04-25T16:31:19.7555417Z'/><EventRecordID>1086</EventRecordID><Correlation/><Execution ProcessID='2848' ThreadID='3924'/><Channel>Microsoft-Windows-Sysmon/Operational</Channel><Computer>DESKTOP-7JEP204</Computer><Security UserID='S-1-5-18'/></System><EventData><Data Name='RuleName'>T1122</Data><Data Name='EventType'>SetValue</Data><Data Name='UtcTime'>2026-04-25 16:31:19.675</Data><Data Name='ProcessGuid'>{2c24d1db-ec56-69ec-a500-000000001600}</Data><Data Name='ProcessId'>5148</Data><Data Name='Image'>C:\Users\User\AppData\Local\Microsoft\OneDrive\OneDrive.exe</Data><Data Name='TargetObject'>HKU\S-1-5-21-1667249613-324410992-874209505-1001_Classes\CLSID\{1BF42E4C-4AF4-4CFD-A1A0-CF2960B8F63E}\InprocServer32\(Default)</Data><Data Name='Details'>C:\Users\User\AppData\Local\Microsoft\OneDrive\26.040.0301.0001\FileSyncShell64.dll</Data><Data Name='User'>DESKTOP-7JEP204\User</Data></EventData></Event>
<Event xmlns='http://schemas.microsoft.com/win/2004/08/events/event'><System><Provider Name='Microsoft-Windows-Sysmon' Guid='{5770385f-c22a-43e0-bf4c-06f5698ffbd9}'/><EventID>13</EventID><Version>2</Version><Level>4</Level><Task>13</Task><Opcode>0</Opcode><Keywords>0x8000000000000000</Keywords><TimeCreated SystemTime='2026-04-25T16:31:19.7560032Z'/><EventRecordID>1087</EventRecordID><Correlation/><Execution ProcessID='2848' ThreadID='3924'/><Channel>Microsoft-Windows-Sysmon/Operational</Channel><Computer>DESKTOP-7JEP204</Computer><Security UserID='S-1-5-18'/></System><EventData><Data Name='RuleName'>T1122</Data><Data Name='EventType'>SetValue</Data><Data Name='UtcTime'>2026-04-25 16:31:19.675</Data><Data Name='ProcessGuid'>{2c24d1db-ec56-69ec-a500-000000001600}</Data><Data Name='ProcessId'>5148</Data><Data Name='Image'>C:\Users\User\AppData\Local\Microsoft\OneDrive\OneDrive.exe</Data><Data Name='TargetObject'>HKU\S-1-5-21-1667249613-324410992-874209505-1001_Classes\WOW6432Node\CLSID\{1BF42E4C-4AF4-4CFD-A1A0-CF2960B8F63E}\InprocServer32\(Default)</Data><Data Name='Details'>C:\Users\User\AppData\Local\Microsoft\OneDrive\26.040.0301.0001\i386\FileSyncShell.dll</Data><Data Name='User'>DESKTOP-7JEP204\User</Data></EventData></Event>
<Event xmlns='http://schemas.microsoft.com/win/2004/08/events/event'><System><Provider Name='Microsoft-Windows-Sysmon' Guid='{5770385f-c22a-43e0-bf4c-06f5698ffbd9}'/><EventID>13</EventID><Version>2</Version><Level>4</Level><Task>13</Task><Opcode>0</Opcode><Keywords>0x8000000000000000</Keywords><TimeCreated SystemTime='2026-04-25T16:31:19.7590849Z'/><EventRecordID>1088</EventRecordID><Correlation/><Execution ProcessID='2848' ThreadID='3924'/><Channel>Microsoft-Windows-Sysmon/Operational</Channel><Computer>DESKTOP-7JEP204</Computer><Security UserID='S-1-5-18'/></System><EventData><Data Name='RuleName'>T1122</Data><Data Name='EventType'>SetValue</Data><Data Name='UtcTime'>2026-04-25 16:31:19.675</Data><Data Name='ProcessGuid'>{2c24d1db-ec56-69ec-a500-000000001600}</Data><Data Name='ProcessId'>5148</Data><Data Name='Image'>C:\Users\User\AppData\Local\Microsoft\OneDrive\OneDrive.exe</Data><Data Name='TargetObject'>HKU\S-1-5-21-1667249613-324410992-874209505-1001_Classes\CLSID\{20894375-46AE-46E2-BAFD-CB38975CDCE6}\InprocServer32\(Default)</Data><Data Name='Details'>C:\Users\User\AppData\Local\Microsoft\OneDrive\26.040.0301.0001\FileSyncShell64.dll</Data><Data Name='User'>DESKTOP-7JEP204\User</Data></EventData></Event>
<Event xmlns='http://schemas.microsoft.com/win/2004/08/events/event'><System><Provider Name='Microsoft-Windows-Sysmon' Guid='{5770385f-c22a-43e0-bf4c-06f5698ffbd9}'/><EventID>13</EventID><Version>2</Version><Level>4</Level><Task>13</Task><Opcode>0</Opcode><Keywords>0x8000000000000000</Keywords><TimeCreated SystemTime='2026-04-25T16:31:19.7591476Z'/><EventRecordID>1089</EventRecordID><Correlation/><Execution ProcessID='2848' ThreadID='3924'/><Channel>Microsoft-Windows-Sysmon/Operational</Channel><Computer>DESKTOP-7JEP204</Computer><Security UserID='S-1-5-18'/></System><EventData><Data Name='RuleName'>T1122</Data><Data Name='EventType'>SetValue</Data><Data Name='UtcTime'>2026-04-25 16:31:19.675</Data><Data Name='ProcessGuid'>{2c24d1db-ec56-69ec-a500-000000001600}</Data><Data Name='ProcessId'>5148</Data><Data Name='Image'>C:\Users\User\AppData\Local\Microsoft\OneDrive\OneDrive.exe</Data><Data Name='TargetObject'>HKU\S-1-5-21-1667249613-324410992-874209505-1001_Classes\WOW6432Node\CLSID\{20894375-46AE-46E2-BAFD-CB38975CDCE6}\InprocServer32\(Default)</Data><Data Name='Details'>C:\Users\User\AppData\Local\Microsoft\OneDrive\26.040.0301.0001\i386\FileSyncShell.dll</Data><Data Name='User'>DESKTOP-7JEP204\User</Data></EventData></Event>
<Event xmlns='http://schemas.microsoft.com/win/2004/08/events/event'><System><Provider Name='Microsoft-Windows-Sysmon' Guid='{5770385f-c22a-43e0-bf4c-06f5698ffbd9}'/><EventID>13</EventID><Version>2</Version><Level>4</Level><Task>13</Task><Opcode>0</Opcode><Keywords>0x8000000000000000</Keywords><TimeCreated SystemTime='2026-04-25T16:31:19.7595641Z'/><EventRecordID>1090</EventRecordID><Correlation/><Execution ProcessID='2848' ThreadID='3924'/><Channel>Microsoft-Windows-Sysmon/Operational</Channel><Computer>DESKTOP-7JEP204</Computer><Security UserID='S-1-5-18'/></System><EventData><Data Name='RuleName'>T1122</Data><Data Name='EventType'>SetValue</Data><Data Name='UtcTime'>2026-04-25 16:31:19.675</Data><Data Name='ProcessGuid'>{2c24d1db-ec56-69ec-a500-000000001600}</Data><Data Name='ProcessId'>5148</Data><Data Name='Image'>C:\Users\User\AppData\Local\Microsoft\OneDrive\OneDrive.exe</Data><Data Name='TargetObject'>HKU\S-1-5-21-1667249613-324410992-874209505-1001_Classes\CLSID\{CB3D0F55-BC2C-4C1A-85ED-23ED75B5106B}\InprocServer32\(Default)</Data><Data Name='Details'>C:\Users\User\AppData\Local\Microsoft\OneDrive\26.040.0301.0001\FileSyncShell64.dll</Data><Data Name='User'>DESKTOP-7JEP204\User</Data></EventData></Event>
<Event xmlns='http://schemas.microsoft.com/win/2004/08/events/event'><System><Provider Name='Microsoft-Windows-Sysmon' Guid='{5770385f-c22a-43e0-bf4c-06f5698ffbd9}'/><EventID>13</EventID><Version>2</Version><Level>4</Level><Task>13</Task><Opcode>0</Opcode><Keywords>0x8000000000000000</Keywords><TimeCreated SystemTime='2026-04-25T16:31:19.7596251Z'/><EventRecordID>1091</EventRecordID><Correlation/><Execution ProcessID='2848' ThreadID='3924'/><Channel>Microsoft-Windows-Sysmon/Operational</Channel><Computer>DESKTOP-7JEP204</Computer><Security UserID='S-1-5-18'/></System><EventData><Data Name='RuleName'>T1122</Data><Data Name='EventType'>SetValue</Data><Data Name='UtcTime'>2026-04-25 16:31:19.675</Data><Data Name='ProcessGuid'>{2c24d1db-ec56-69ec-a500-000000001600}</Data><Data Name='ProcessId'>5148</Data><Data Name='Image'>C:\Users\User\AppData\Local\Microsoft\OneDrive\OneDrive.exe</Data><Data Name='TargetObject'>HKU\S-1-5-21-1667249613-324410992-874209505-1001_Classes\WOW6432Node\CLSID\{CB3D0F55-BC2C-4C1A-85ED-23ED75B5106B}\InprocServer32\(Default)</Data><Data Name='Details'>C:\Users\User\AppData\Local\Microsoft\OneDrive\26.040.0301.0001\i386\FileSyncShell.dll</Data><Data Name='User'>DESKTOP-7JEP204\User</Data></EventData></Event>
<Event xmlns='http://schemas.microsoft.com/win/2004/08/events/event'><System><Provider Name='Microsoft-Windows-Sysmon' Guid='{5770385f-c22a-43e0-bf4c-06f5698ffbd9}'/><EventID>13</EventID><Version>2</Version><Level>4</Level><Task>13</Task><Opcode>0</Opcode><Keywords>0x8000000000000000</Keywords><TimeCreated SystemTime='2026-04-25T16:31:19.7596835Z'/><EventRecordID>1092</EventRecordID><Correlation/><Execution ProcessID='2848' ThreadID='3924'/><Channel>Microsoft-Windows-Sysmon/Operational</Channel><Computer>DESKTOP-7JEP204</Computer><Security UserID='S-1-5-18'/></System><EventData><Data Name='RuleName'>-</Data><Data Name='EventType'>SetValue</Data><Data Name='UtcTime'>2026-04-25 16:31:19.675</Data><Data Name='ProcessGuid'>{2c24d1db-ec56-69ec-a500-000000001600}</Data><Data Name='ProcessId'>5148</Data><Data Name='Image'>C:\Users\User\AppData\Local\Microsoft\OneDrive\OneDrive.exe</Data><Data Name='TargetObject'>HKU\S-1-5-21-1667249613-324410992-874209505-1001_Classes\*\shellex\ContextMenuHandlers\ FileSyncEx\(Default)</Data><Data Name='Details'>{CB3D0F55-BC2C-4C1A-85ED-23ED75B5106B}</Data><Data Name='User'>DESKTOP-7JEP204\User</Data></EventData></Event>
<Event xmlns='http://schemas.microsoft.com/win/2004/08/events/event'><System><Provider Name='Microsoft-Windows-Sysmon' Guid='{5770385f-c22a-43e0-bf4c-06f5698ffbd9}'/><EventID>13</EventID><Version>2</Version><Level>4</Level><Task>13</Task><Opcode>0</Opcode><Keywords>0x8000000000000000</Keywords><TimeCreated SystemTime='2026-04-25T16:31:19.7597374Z'/><EventRecordID>1093</EventRecordID><Correlation/><Execution ProcessID='2848' ThreadID='3924'/><Channel>Microsoft-Windows-Sysmon/Operational</Channel><Computer>DESKTOP-7JEP204</Computer><Security UserID='S-1-5-18'/></System><EventData><Data Name='RuleName'>-</Data><Data Name='EventType'>SetValue</Data><Data Name='UtcTime'>2026-04-25 16:31:19.675</Data><Data Name='ProcessGuid'>{2c24d1db-ec56-69ec-a500-000000001600}</Data><Data Name='ProcessId'>5148</Data><Data Name='Image'>C:\Users\User\AppData\Local\Microsoft\OneDrive\OneDrive.exe</Data><Data Name='TargetObject'>HKU\S-1-5-21-1667249613-324410992-874209505-1001_Classes\*\shellex\ContextMenuHandlers\ FileSyncEx\(Default)</Data><Data Name='Details'>{CB3D0F55-BC2C-4C1A-85ED-23ED75B5106B}</Data><Data Name='User'>DESKTOP-7JEP204\User</Data></EventData></Event>
<Event xmlns='http://schemas.microsoft.com/win/2004/08/events/event'><System><Provider Name='Microsoft-Windows-Sysmon' Guid='{5770385f-c22a-43e0-bf4c-06f5698ffbd9}'/><EventID>13</EventID><Version>2</Version><Level>4</Level><Task>13</Task><Opcode>0</Opcode><Keywords>0x8000000000000000</Keywords><TimeCreated SystemTime='2026-04-25T16:31:19.7597977Z'/><EventRecordID>1094</EventRecordID><Correlation/><Execution ProcessID='2848' ThreadID='3924'/><Channel>Microsoft-Windows-Sysmon/Operational</Channel><Computer>DESKTOP-7JEP204</Computer><Security UserID='S-1-5-18'/></System><EventData><Data Name='RuleName'>-</Data><Data Name='EventType'>SetValue</Data><Data Name='UtcTime'>2026-04-25 16:31:19.675</Data><Data Name='ProcessGuid'>{2c24d1db-ec56-69ec-a500-000000001600}</Data><Data Name='ProcessId'>5148</Data><Data Name='Image'>C:\Users\User\AppData\Local\Microsoft\OneDrive\OneDrive.exe</Data><Data Name='TargetObject'>HKU\S-1-5-21-1667249613-324410992-874209505-1001_Classes\Directory\Background\shellex\ContextMenuHandlers\ FileSyncEx\(Default)</Data><Data Name='Details'>{CB3D0F55-BC2C-4C1A-85ED-23ED75B5106B}</Data><Data Name='User'>DESKTOP-7JEP204\User</Data></EventData></Event>
<Event xmlns='http://schemas.microsoft.com/win/2004/08/events/event'><System><Provider Name='Microsoft-Windows-Sysmon' Guid='{5770385f-c22a-43e0-bf4c-06f5698ffbd9}'/><EventID>13</EventID><Version>2</Version><Level>4</Level><Task>13</Task><Opcode>0</Opcode><Keywords>0x8000000000000000</Keywords><TimeCreated SystemTime='2026-04-25T16:31:19.7598578Z'/><EventRecordID>1095</EventRecordID><Correlation/><Execution ProcessID='2848' ThreadID='3924'/><Channel>Microsoft-Windows-Sysmon/Operational</Channel><Computer>DESKTOP-7JEP204</Computer><Security UserID='S-1-5-18'/></System><EventData><Data Name='RuleName'>-</Data><Data Name='EventType'>SetValue</Data><Data Name='UtcTime'>2026-04-25 16:31:19.675</Data><Data Name='ProcessGuid'>{2c24d1db-ec56-69ec-a500-000000001600}</Data><Data Name='ProcessId'>5148</Data><Data Name='Image'>C:\Users\User\AppData\Local\Microsoft\OneDrive\OneDrive.exe</Data><Data Name='TargetObject'>HKU\S-1-5-21-1667249613-324410992-874209505-1001_Classes\Directory\Background\shellex\ContextMenuHandlers\ FileSyncEx\(Default)</Data><Data Name='Details'>{CB3D0F55-BC2C-4C1A-85ED-23ED75B5106B}</Data><Data Name='User'>DESKTOP-7JEP204\User</Data></EventData></Event>
<Event xmlns='http://schemas.microsoft.com/win/2004/08/events/event'><System><Provider Name='Microsoft-Windows-Sysmon' Guid='{5770385f-c22a-43e0-bf4c-06f5698ffbd9}'/><EventID>13</EventID><Version>2</Version><Level>4</Level><Task>13</Task><Opcode>0</Opcode><Keywords>0x8000000000000000</Keywords><TimeCreated SystemTime='2026-04-25T16:31:19.7599155Z'/><EventRecordID>1096</EventRecordID><Correlation/><Execution ProcessID='2848' ThreadID='3924'/><Channel>Microsoft-Windows-Sysmon/Operational</Channel><Computer>DESKTOP-7JEP204</Computer><Security UserID='S-1-5-18'/></System><EventData><Data Name='RuleName'>-</Data><Data Name='EventType'>SetValue</Data><Data Name='UtcTime'>2026-04-25 16:31:19.675</Data><Data Name='ProcessGuid'>{2c24d1db-ec56-69ec-a500-000000001600}</Data><Data Name='ProcessId'>5148</Data><Data Name='Image'>C:\Users\User\AppData\Local\Microsoft\OneDrive\OneDrive.exe</Data><Data Name='TargetObject'>HKU\S-1-5-21-1667249613-324410992-874209505-1001_Classes\Directory\shellex\ContextMenuHandlers\ FileSyncEx\(Default)</Data><Data Name='Details'>{CB3D0F55-BC2C-4C1A-85ED-23ED75B5106B}</Data><Data Name='User'>DESKTOP-7JEP204\User</Data></EventData></Event>
<Event xmlns='http://schemas.microsoft.com/win/2004/08/events/event'><System><Provider Name='Microsoft-Windows-Sysmon' Guid='{5770385f-c22a-43e0-bf4c-06f5698ffbd9}'/><EventID>13</EventID><Version>2</Version><Level>4</Level><Task>13</Task><Opcode>0</Opcode><Keywords>0x8000000000000000</Keywords><TimeCreated SystemTime='2026-04-25T16:31:19.7599721Z'/><EventRecordID>1097</EventRecordID><Correlation/><Execution ProcessID='2848' ThreadID='3924'/><Channel>Microsoft-Windows-Sysmon/Operational</Channel><Computer>DESKTOP-7JEP204</Computer><Security UserID='S-1-5-18'/></System><EventData><Data Name='RuleName'>-</Data><Data Name='EventType'>SetValue</Data><Data Name='UtcTime'>2026-04-25 16:31:19.675</Data><Data Name='ProcessGuid'>{2c24d1db-ec56-69ec-a500-000000001600}</Data><Data Name='ProcessId'>5148</Data><Data Name='Image'>C:\Users\User\AppData\Local\Microsoft\OneDrive\OneDrive.exe</Data><Data Name='TargetObject'>HKU\S-1-5-21-1667249613-324410992-874209505-1001_Classes\Directory\shellex\ContextMenuHandlers\ FileSyncEx\(Default)</Data><Data Name='Details'>{CB3D0F55-BC2C-4C1A-85ED-23ED75B5106B}</Data><Data Name='User'>DESKTOP-7JEP204\User</Data></EventData></Event>
<Event xmlns='http://schemas.microsoft.com/win/2004/08/events/event'><System><Provider Name='Microsoft-Windows-Sysmon' Guid='{5770385f-c22a-43e0-bf4c-06f5698ffbd9}'/><EventID>13</EventID><Version>2</Version><Level>4</Level><Task>13</Task><Opcode>0</Opcode><Keywords>0x8000000000000000</Keywords><TimeCreated SystemTime='2026-04-25T16:31:19.7600371Z'/><EventRecordID>1098</EventRecordID><Correlation/><Execution ProcessID='2848' ThreadID='3924'/><Channel>Microsoft-Windows-Sysmon/Operational</Channel><Computer>DESKTOP-7JEP204</Computer><Security UserID='S-1-5-18'/></System><EventData><Data Name='RuleName'>-</Data><Data Name='EventType'>SetValue</Data><Data Name='UtcTime'>2026-04-25 16:31:19.675</Data><Data Name='ProcessGuid'>{2c24d1db-ec56-69ec-a500-000000001600}</Data><Data Name='ProcessId'>5148</Data><Data Name='Image'>C:\Users\User\AppData\Local\Microsoft\OneDrive\OneDrive.exe</Data><Data Name='TargetObject'>HKU\S-1-5-21-1667249613-324410992-874209505-1001_Classes\IE.AssocFile.URL\shellex\ContextMenuHandlers\ FileSyncEx\(Default)</Data><Data Name='Details'>{CB3D0F55-BC2C-4C1A-85ED-23ED75B5106B}</Data><Data Name='User'>DESKTOP-7JEP204\User</Data></EventData></Event>
<Event xmlns='http://schemas.microsoft.com/win/2004/08/events/event'><System><Provider Name='Microsoft-Windows-Sysmon' Guid='{5770385f-c22a-43e0-bf4c-06f5698ffbd9}'/><EventID>13</EventID><Version>2</Version><Level>4</Level><Task>13</Task><Opcode>0</Opcode><Keywords>0x8000000000000000</Keywords><TimeCreated SystemTime='2026-04-25T16:31:19.7601006Z'/><EventRecordID>1099</EventRecordID><Correlation/><Execution ProcessID='2848' ThreadID='3924'/><Channel>Microsoft-Windows-Sysmon/Operational</Channel><Computer>DESKTOP-7JEP204</Computer><Security UserID='S-1-5-18'/></System><EventData><Data Name='RuleName'>-</Data><Data Name='EventType'>SetValue</Data><Data Name='UtcTime'>2026-04-25 16:31:19.675</Data><Data Name='ProcessGuid'>{2c24d1db-ec56-69ec-a500-000000001600}</Data><Data Name='ProcessId'>5148</Data><Data Name='Image'>C:\Users\User\AppData\Local\Microsoft\OneDrive\OneDrive.exe</Data><Data Name='TargetObject'>HKU\S-1-5-21-1667249613-324410992-874209505-1001_Classes\IE.AssocFile.URL\shellex\ContextMenuHandlers\ FileSyncEx\(Default)</Data><Data Name='Details'>{CB3D0F55-BC2C-4C1A-85ED-23ED75B5106B}</Data><Data Name='User'>DESKTOP-7JEP204\User</Data></EventData></Event>
<Event xmlns='http://schemas.microsoft.com/win/2004/08/events/event'><System><Provider Name='Microsoft-Windows-Sysmon' Guid='{5770385f-c22a-43e0-bf4c-06f5698ffbd9}'/><EventID>13</EventID><Version>2</Version><Level>4</Level><Task>13</Task><Opcode>0</Opcode><Keywords>0x8000000000000000</Keywords><TimeCreated SystemTime='2026-04-25T16:31:19.7601610Z'/><EventRecordID>1100</EventRecordID><Correlation/><Execution ProcessID='2848' ThreadID='3924'/><Channel>Microsoft-Windows-Sysmon/Operational</Channel><Computer>DESKTOP-7JEP204</Computer><Security UserID='S-1-5-18'/></System><EventData><Data Name='RuleName'>-</Data><Data Name='EventType'>SetValue</Data><Data Name='UtcTime'>2026-04-25 16:31:19.675</Data><Data Name='ProcessGuid'>{2c24d1db-ec56-69ec-a500-000000001600}</Data><Data Name='ProcessId'>5148</Data><Data Name='Image'>C:\Users\User\AppData\Local\Microsoft\OneDrive\OneDrive.exe</Data><Data Name='TargetObject'>HKU\S-1-5-21-1667249613-324410992-874209505-1001_Classes\lnkfile\shellex\ContextMenuHandlers\ FileSyncEx\(Default)</Data><Data Name='Details'>{CB3D0F55-BC2C-4C1A-85ED-23ED75B5106B}</Data><Data Name='User'>DESKTOP-7JEP204\User</Data></EventData></Event>
<Event xmlns='http://schemas.microsoft.com/win/2004/08/events/event'><System><Provider Name='Microsoft-Windows-Sysmon' Guid='{5770385f-c22a-43e0-bf4c-06f5698ffbd9}'/><EventID>13</EventID><Version>2</Version><Level>4</Level><Task>13</Task><Opcode>0</Opcode><Keywords>0x8000000000000000</Keywords><TimeCreated SystemTime='2026-04-25T16:31:19.7602221Z'/><EventRecordID>1101</EventRecordID><Correlation/><Execution ProcessID='2848' ThreadID='3924'/><Channel>Microsoft-Windows-Sysmon/Operational</Channel><Computer>DESKTOP-7JEP204</Computer><Security UserID='S-1-5-18'/></System><EventData><Data Name='RuleName'>-</Data><Data Name='EventType'>SetValue</Data><Data Name='UtcTime'>2026-04-25 16:31:19.675</Data><Data Name='ProcessGuid'>{2c24d1db-ec56-69ec-a500-000000001600}</Data><Data Name='ProcessId'>5148</Data><Data Name='Image'>C:\Users\User\AppData\Local\Microsoft\OneDrive\OneDrive.exe</Data><Data Name='TargetObject'>HKU\S-1-5-21-1667249613-324410992-874209505-1001_Classes\lnkfile\shellex\ContextMenuHandlers\ FileSyncEx\(Default)</Data><Data Name='Details'>{CB3D0F55-BC2C-4C1A-85ED-23ED75B5106B}</Data><Data Name='User'>DESKTOP-7JEP204\User</Data></EventData></Event>
<Event xmlns='http://schemas.microsoft.com/win/2004/08/events/event'><System><Provider Name='Microsoft-Windows-Sysmon' Guid='{5770385f-c22a-43e0-bf4c-06f5698ffbd9}'/><EventID>13</EventID><Version>2</Version><Level>4</Level><Task>13</Task><Opcode>0</Opcode><Keywords>0x8000000000000000</Keywords><TimeCreated SystemTime='2026-04-25T16:31:19.7940328Z'/><EventRecordID>1102</EventRecordID><Correlation/><Execution ProcessID='2848' ThreadID='3924'/><Channel>Microsoft-Windows-Sysmon/Operational</Channel><Computer>DESKTOP-7JEP204</Computer><Security UserID='S-1-5-18'/></System><EventData><Data Name='RuleName'>T1122</Data><Data Name='EventType'>SetValue</Data><Data Name='UtcTime'>2026-04-25 16:31:19.675</Data><Data Name='ProcessGuid'>{2c24d1db-ec56-69ec-a500-000000001600}</Data><Data Name='ProcessId'>5148</Data><Data Name='Image'>C:\Users\User\AppData\Local\Microsoft\OneDrive\OneDrive.exe</Data><Data Name='TargetObject'>HKU\S-1-5-21-1667249613-324410992-874209505-1001_Classes\WOW6432Node\CLSID\{4410DC33-BC7C-496B-AA84-4AEA3EEE75F7}\InProcServer32\(Default)</Data><Data Name='Details'>C:\Users\User\AppData\Local\Microsoft\OneDrive\26.040.0301.0001\i386\FileCoAuthLib.dll</Data><Data Name='User'>DESKTOP-7JEP204\User</Data></EventData></Event>
<Event xmlns='http://schemas.microsoft.com/win/2004/08/events/event'><System><Provider Name='Microsoft-Windows-Sysmon' Guid='{5770385f-c22a-43e0-bf4c-06f5698ffbd9}'/><EventID>13</EventID><Version>2</Version><Level>4</Level><Task>13</Task><Opcode>0</Opcode><Keywords>0x8000000000000000</Keywords><TimeCreated SystemTime='2026-04-25T16:31:19.8276735Z'/><EventRecordID>1103</EventRecordID><Correlation/><Execution ProcessID='2848' ThreadID='3924'/><Channel>Microsoft-Windows-Sysmon/Operational</Channel><Computer>DESKTOP-7JEP204</Computer><Security UserID='S-1-5-18'/></System><EventData><Data Name='RuleName'>T1122</Data><Data Name='EventType'>SetValue</Data><Data Name='UtcTime'>2026-04-25 16:31:19.675</Data><Data Name='ProcessGuid'>{2c24d1db-ec56-69ec-a500-000000001600}</Data><Data Name='ProcessId'>5148</Data><Data Name='Image'>C:\Users\User\AppData\Local\Microsoft\OneDrive\OneDrive.exe</Data><Data Name='TargetObject'>HKU\S-1-5-21-1667249613-324410992-874209505-1001_Classes\CLSID\{4410DC33-BC7C-496B-AA84-4AEA3EEE75F7}\InProcServer32\(Default)</Data><Data Name='Details'>C:\Users\User\AppData\Local\Microsoft\OneDrive\26.040.0301.0001\FileCoAuthLib64.dll</Data><Data Name='User'>DESKTOP-7JEP204\User</Data></EventData></Event>
<Event xmlns='http://schemas.microsoft.com/win/2004/08/events/event'><System><Provider Name='Microsoft-Windows-Sysmon' Guid='{5770385f-c22a-43e0-bf4c-06f5698ffbd9}'/><EventID>13</EventID><Version>2</Version><Level>4</Level><Task>13</Task><Opcode>0</Opcode><Keywords>0x8000000000000000</Keywords><TimeCreated SystemTime='2026-04-25T16:31:19.8319154Z'/><EventRecordID>1104</EventRecordID><Correlation/><Execution ProcessID='2848' ThreadID='3924'/><Channel>Microsoft-Windows-Sysmon/Operational</Channel><Computer>DESKTOP-7JEP204</Computer><Security UserID='S-1-5-18'/></System><EventData><Data Name='RuleName'>T1042</Data><Data Name='EventType'>SetValue</Data><Data Name='UtcTime'>2026-04-25 16:31:19.746</Data><Data Name='ProcessGuid'>{2c24d1db-ec56-69ec-a500-000000001600}</Data><Data Name='ProcessId'>5148</Data><Data Name='Image'>C:\Users\User\AppData\Local\Microsoft\OneDrive\OneDrive.exe</Data><Data Name='TargetObject'>HKU\S-1-5-21-1667249613-324410992-874209505-1001_Classes\odopen\shell\open\command\(Default)</Data><Data Name='Details'>"C:\Users\User\AppData\Local\Microsoft\OneDrive\OneDrive.exe" /url:"%%1"</Data><Data Name='User'>DESKTOP-7JEP204\User</Data></EventData></Event>
<Event xmlns='http://schemas.microsoft.com/win/2004/08/events/event'><System><Provider Name='Microsoft-Windows-Sysmon' Guid='{5770385f-c22a-43e0-bf4c-06f5698ffbd9}'/><EventID>13</EventID><Version>2</Version><Level>4</Level><Task>13</Task><Opcode>0</Opcode><Keywords>0x8000000000000000</Keywords><TimeCreated SystemTime='2026-04-25T16:31:19.8319826Z'/><EventRecordID>1105</EventRecordID><Correlation/><Execution ProcessID='2848' ThreadID='3924'/><Channel>Microsoft-Windows-Sysmon/Operational</Channel><Computer>DESKTOP-7JEP204</Computer><Security UserID='S-1-5-18'/></System><EventData><Data Name='RuleName'>T1042</Data><Data Name='EventType'>SetValue</Data><Data Name='UtcTime'>2026-04-25 16:31:19.746</Data><Data Name='ProcessGuid'>{2c24d1db-ec56-69ec-a500-000000001600}</Data><Data Name='ProcessId'>5148</Data><Data Name='Image'>C:\Users\User\AppData\Local\Microsoft\OneDrive\OneDrive.exe</Data><Data Name='TargetObject'>HKU\S-1-5-21-1667249613-324410992-874209505-1001_Classes\odopen\shell\open\command\(Default)</Data><Data Name='Details'>"C:\Users\User\AppData\Local\Microsoft\OneDrive\OneDrive.exe" /url:"%%1"</Data><Data Name='User'>DESKTOP-7JEP204\User</Data></EventData></Event>
<Event xmlns='http://schemas.microsoft.com/win/2004/08/events/event'><System><Provider Name='Microsoft-Windows-Sysmon' Guid='{5770385f-c22a-43e0-bf4c-06f5698ffbd9}'/><EventID>13</EventID><Version>2</Version><Level>4</Level><Task>13</Task><Opcode>0</Opcode><Keywords>0x8000000000000000</Keywords><TimeCreated SystemTime='2026-04-25T16:31:19.8321475Z'/><EventRecordID>1106</EventRecordID><Correlation/><Execution ProcessID='2848' ThreadID='3924'/><Channel>Microsoft-Windows-Sysmon/Operational</Channel><Computer>DESKTOP-7JEP204</Computer><Security UserID='S-1-5-18'/></System><EventData><Data Name='RuleName'>T1042</Data><Data Name='EventType'>SetValue</Data><Data Name='UtcTime'>2026-04-25 16:31:19.746</Data><Data Name='ProcessGuid'>{2c24d1db-ec56-69ec-a500-000000001600}</Data><Data Name='ProcessId'>5148</Data><Data Name='Image'>C:\Users\User\AppData\Local\Microsoft\OneDrive\OneDrive.exe</Data><Data Name='TargetObject'>HKU\S-1-5-21-1667249613-324410992-874209505-1001_Classes\grvopen\shell\open\command\(Default)</Data><Data Name='Details'>"C:\Users\User\AppData\Local\Microsoft\OneDrive\OneDrive.exe" /url:"%%1"</Data><Data Name='User'>DESKTOP-7JEP204\User</Data></EventData></Event>
<Event xmlns='http://schemas.microsoft.com/win/2004/08/events/event'><System><Provider Name='Microsoft-Windows-Sysmon' Guid='{5770385f-c22a-43e0-bf4c-06f5698ffbd9}'/><EventID>13</EventID><Version>2</Version><Level>4</Level><Task>13</Task><Opcode>0</Opcode><Keywords>0x8000000000000000</Keywords><TimeCreated SystemTime='2026-04-25T16:31:19.8331915Z'/><EventRecordID>1107</EventRecordID><Correlation/><Execution ProcessID='2848' ThreadID='3924'/><Channel>Microsoft-Windows-Sysmon/Operational</Channel><Computer>DESKTOP-7JEP204</Computer><Security UserID='S-1-5-18'/></System><EventData><Data Name='RuleName'>T1042</Data><Data Name='EventType'>SetValue</Data><Data Name='UtcTime'>2026-04-25 16:31:19.746</Data><Data Name='ProcessGuid'>{2c24d1db-ec56-69ec-a500-000000001600}</Data><Data Name='ProcessId'>5148</Data><Data Name='Image'>C:\Users\User\AppData\Local\Microsoft\OneDrive\OneDrive.exe</Data><Data Name='TargetObject'>HKU\S-1-5-21-1667249613-324410992-874209505-1001_Classes\grvopen\shell\open\command\(Default)</Data><Data Name='Details'>"C:\Users\User\AppData\Local\Microsoft\OneDrive\OneDrive.exe" /url:"%%1"</Data><Data Name='User'>DESKTOP-7JEP204\User</Data></EventData></Event>
<Event xmlns='http://schemas.microsoft.com/win/2004/08/events/event'><System><Provider Name='Microsoft-Windows-Sysmon' Guid='{5770385f-c22a-43e0-bf4c-06f5698ffbd9}'/><EventID>1</EventID><Version>5</Version><Level>4</Level><Task>1</Task><Opcode>0</Opcode><Keywords>0x8000000000000000</Keywords><TimeCreated SystemTime='2026-04-25T16:31:21.1625874Z'/><EventRecordID>1108</EventRecordID><Correlation/><Execution ProcessID='2848' ThreadID='3924'/><Channel>Microsoft-Windows-Sysmon/Operational</Channel><Computer>DESKTOP-7JEP204</Computer><Security UserID='S-1-5-18'/></System><EventData><Data Name='RuleName'>-</Data><Data Name='UtcTime'>2026-04-25 16:31:21.125</Data><Data Name='ProcessGuid'>{2c24d1db-ec59-69ec-a700-000000001600}</Data><Data Name='ProcessId'>3076</Data><Data Name='Image'>C:\Users\User\AppData\Local\Microsoft\OneDrive\26.040.0301.0001\FileCoAuth.exe</Data><Data Name='FileVersion'>26.040.0301.0001</Data><Data Name='Description'>Microsoft OneDriveFile Co-Authoring Executable</Data><Data Name='Product'>Microsoft OneDrive</Data><Data Name='Company'>Microsoft Corporation</Data><Data Name='OriginalFileName'>FileCoAuth.exe</Data><Data Name='CommandLine'>"C:\Users\User\AppData\Local\Microsoft\OneDrive\26.040.0301.0001\FileCoAuth.exe" -Embedding</Data><Data Name='CurrentDirectory'>C:\Windows\system32\</Data><Data Name='User'>DESKTOP-7JEP204\User</Data><Data Name='LogonGuid'>{2c24d1db-ec3e-69ec-9d2f-050000000000}</Data><Data Name='LogonId'>0x52f9d</Data><Data Name='TerminalSessionId'>1</Data><Data Name='IntegrityLevel'>Medium</Data><Data Name='Hashes'>MD5=5ADA66701CADB02707DBCF7C49DCB766,SHA256=649E5932E0FFA5641D9B3D8B6202A0CA3BC1575CE091B26C0291EA0D02C109C1,IMPHASH=CC21A11AC714BA9414CB4F5B95EBFA26</Data><Data Name='ParentProcessGuid'>{00000000-0000-0000-0000-000000000000}</Data><Data Name='ParentProcessId'>792</Data><Data Name='ParentImage'>-</Data><Data Name='ParentCommandLine'>-</Data><Data Name='ParentUser'>-</Data></EventData></Event>
<Event xmlns='http://schemas.microsoft.com/win/2004/08/events/event'><System><Provider Name='Microsoft-Windows-Sysmon' Guid='{5770385f-c22a-43e0-bf4c-06f5698ffbd9}'/><EventID>13</EventID><Version>2</Version><Level>4</Level><Task>13</Task><Opcode>0</Opcode><Keywords>0x8000000000000000</Keywords><TimeCreated SystemTime='2026-04-25T16:31:21.6015774Z'/><EventRecordID>1109</EventRecordID><Correlation/><Execution ProcessID='2848' ThreadID='3924'/><Channel>Microsoft-Windows-Sysmon/Operational</Channel><Computer>DESKTOP-7JEP204</Computer><Security UserID='S-1-5-18'/></System><EventData><Data Name='RuleName'>T1042</Data><Data Name='EventType'>SetValue</Data><Data Name='UtcTime'>2026-04-25 16:31:21.585</Data><Data Name='ProcessGuid'>{2c24d1db-ec56-69ec-a500-000000001600}</Data><Data Name='ProcessId'>5148</Data><Data Name='Image'>C:\Users\User\AppData\Local\Microsoft\OneDrive\OneDrive.exe</Data><Data Name='TargetObject'>HKU\S-1-5-21-1667249613-324410992-874209505-1001_Classes\grvopen\shell\open\command\(Default)</Data><Data Name='Details'>"C:\Users\User\AppData\Local\Microsoft\OneDrive\OneDrive.exe" /url:"%%1"</Data><Data Name='User'>DESKTOP-7JEP204\User</Data></EventData></Event>
<Event xmlns='http://schemas.microsoft.com/win/2004/08/events/event'><System><Provider Name='Microsoft-Windows-Sysmon' Guid='{5770385f-c22a-43e0-bf4c-06f5698ffbd9}'/><EventID>13</EventID><Version>2</Version><Level>4</Level><Task>13</Task><Opcode>0</Opcode><Keywords>0x8000000000000000</Keywords><TimeCreated SystemTime='2026-04-25T16:31:21.6016264Z'/><EventRecordID>1110</EventRecordID><Correlation/><Execution ProcessID='2848' ThreadID='3924'/><Channel>Microsoft-Windows-Sysmon/Operational</Channel><Computer>DESKTOP-7JEP204</Computer><Security UserID='S-1-5-18'/></System><EventData><Data Name='RuleName'>T1042</Data><Data Name='EventType'>SetValue</Data><Data Name='UtcTime'>2026-04-25 16:31:21.585</Data><Data Name='ProcessGuid'>{2c24d1db-ec56-69ec-a500-000000001600}</Data><Data Name='ProcessId'>5148</Data><Data Name='Image'>C:\Users\User\AppData\Local\Microsoft\OneDrive\OneDrive.exe</Data><Data Name='TargetObject'>HKU\S-1-5-21-1667249613-324410992-874209505-1001_Classes\grvopen\shell\open\command\(Default)</Data><Data Name='Details'>"C:\Users\User\AppData\Local\Microsoft\OneDrive\OneDrive.exe" /url:"%%1"</Data><Data Name='User'>DESKTOP-7JEP204\User</Data></EventData></Event>
<Event xmlns='http://schemas.microsoft.com/win/2004/08/events/event'><System><Provider Name='Microsoft-Windows-Sysmon' Guid='{5770385f-c22a-43e0-bf4c-06f5698ffbd9}'/><EventID>22</EventID><Version>5</Version><Level>4</Level><Task>22</Task><Opcode>0</Opcode><Keywords>0x8000000000000000</Keywords><TimeCreated SystemTime='2026-04-25T16:31:21.7868449Z'/><EventRecordID>1111</EventRecordID><Correlation/><Execution ProcessID='2848' ThreadID='3940'/><Channel>Microsoft-Windows-Sysmon/Operational</Channel><Computer>DESKTOP-7JEP204</Computer><Security UserID='S-1-5-18'/></System><EventData><Data Name='RuleName'>-</Data><Data Name='UtcTime'>2026-04-25 16:31:20.757</Data><Data Name='ProcessGuid'>{2c24d1db-ec56-69ec-a500-000000001600}</Data><Data Name='ProcessId'>5148</Data><Data Name='QueryName'>ecs.office.com</Data><Data Name='QueryStatus'>1460</Data><Data Name='QueryResults'>-</Data><Data Name='Image'>C:\Users\User\AppData\Local\Microsoft\OneDrive\OneDrive.exe</Data><Data Name='User'>DESKTOP-7JEP204\User</Data></EventData></Event>
<Event xmlns='http://schemas.microsoft.com/win/2004/08/events/event'><System><Provider Name='Microsoft-Windows-Sysmon' Guid='{5770385f-c22a-43e0-bf4c-06f5698ffbd9}'/><EventID>1</EventID><Version>5</Version><Level>4</Level><Task>1</Task><Opcode>0</Opcode><Keywords>0x8000000000000000</Keywords><TimeCreated SystemTime='2026-04-25T16:31:23.0523941Z'/><EventRecordID>1112</EventRecordID><Correlation/><Execution ProcessID='2848' ThreadID='3924'/><Channel>Microsoft-Windows-Sysmon/Operational</Channel><Computer>DESKTOP-7JEP204</Computer><Security UserID='S-1-5-18'/></System><EventData><Data Name='RuleName'>-</Data><Data Name='UtcTime'>2026-04-25 16:31:23.013</Data><Data Name='ProcessGuid'>{2c24d1db-ec5b-69ec-a900-000000001600}</Data><Data Name='ProcessId'>6940</Data><Data Name='Image'>C:\Windows\System32\cmd.exe</Data><Data Name='FileVersion'>10.0.19041.746 (WinBuild.160101.0800)</Data><Data Name='Description'>Windows Command Processor</Data><Data Name='Product'>Microsoft® Windows® Operating System</Data><Data Name='Company'>Microsoft Corporation</Data><Data Name='OriginalFileName'>Cmd.Exe</Data><Data Name='CommandLine'>C:\Windows\system32\cmd.exe /c ""C:\ProgramData\Microsoft\Windows\Start Menu\Programs\StartUp\sandbox_agent.bat" "</Data><Data Name='CurrentDirectory'>C:\Windows\system32\</Data><Data Name='User'>DESKTOP-7JEP204\User</Data><Data Name='LogonGuid'>{2c24d1db-ec3e-69ec-9d2f-050000000000}</Data><Data Name='LogonId'>0x52f9d</Data><Data Name='TerminalSessionId'>1</Data><Data Name='IntegrityLevel'>Medium</Data><Data Name='Hashes'>MD5=8A2122E8162DBEF04694B9C3E0B6CDEE,SHA256=B99D61D874728EDC0918CA0EB10EAB93D381E7367E377406E65963366C874450,IMPHASH=272245E2988E1E430500B852C4FB5E18</Data><Data Name='ParentProcessGuid'>{2c24d1db-ec41-69ec-8000-000000001600}</Data><Data Name='ParentProcessId'>4904</Data><Data Name='ParentImage'>C:\Windows\explorer.exe</Data><Data Name='ParentCommandLine'>C:\Windows\Explorer.EXE</Data><Data Name='ParentUser'>DESKTOP-7JEP204\User</Data></EventData></Event>
<Event xmlns='http://schemas.microsoft.com/win/2004/08/events/event'><System><Provider Name='Microsoft-Windows-Sysmon' Guid='{5770385f-c22a-43e0-bf4c-06f5698ffbd9}'/><EventID>1</EventID><Version>5</Version><Level>4</Level><Task>1</Task><Opcode>0</Opcode><Keywords>0x8000000000000000</Keywords><TimeCreated SystemTime='2026-04-25T16:31:23.7017167Z'/><EventRecordID>1113</EventRecordID><Correlation/><Execution ProcessID='2848' ThreadID='3924'/><Channel>Microsoft-Windows-Sysmon/Operational</Channel><Computer>DESKTOP-7JEP204</Computer><Security UserID='S-1-5-18'/></System><EventData><Data Name='RuleName'>-</Data><Data Name='UtcTime'>2026-04-25 16:31:23.670</Data><Data Name='ProcessGuid'>{2c24d1db-ec5b-69ec-ab00-000000001600}</Data><Data Name='ProcessId'>7240</Data><Data Name='Image'>C:\Users\User\AppData\Local\Programs\Python\Python314\python.exe</Data><Data Name='FileVersion'>3.14.3</Data><Data Name='Description'>Python</Data><Data Name='Product'>Python</Data><Data Name='Company'>Python Software Foundation</Data><Data Name='OriginalFileName'>python.exe</Data><Data Name='CommandLine'>python  C:\SandboxAgent\vm_server.py </Data><Data Name='CurrentDirectory'>C:\Windows\system32\</Data><Data Name='User'>DESKTOP-7JEP204\User</Data><Data Name='LogonGuid'>{2c24d1db-ec3e-69ec-9d2f-050000000000}</Data><Data Name='LogonId'>0x52f9d</Data><Data Name='TerminalSessionId'>1</Data><Data Name='IntegrityLevel'>Medium</Data><Data Name='Hashes'>MD5=39FB1E3B7EE5BD0EE1300F4824990B06,SHA256=CCE21C0E8710E304273E98AC4B2B0F5ACEB639ACBCD2343CBAA5C4E81619C45B,IMPHASH=A0FAD384DB41CC8B86FA51996BB88AC7</Data><Data Name='ParentProcessGuid'>{2c24d1db-ec5b-69ec-a900-000000001600}</Data><Data Name='ParentProcessId'>6940</Data><Data Name='ParentImage'>C:\Windows\System32\cmd.exe</Data><Data Name='ParentCommandLine'>C:\Windows\system32\cmd.exe /c ""C:\ProgramData\Microsoft\Windows\Start Menu\Programs\StartUp\sandbox_agent.bat" "</Data><Data Name='ParentUser'>DESKTOP-7JEP204\User</Data></EventData></Event>
<Event xmlns='http://schemas.microsoft.com/win/2004/08/events/event'><System><Provider Name='Microsoft-Windows-Sysmon' Guid='{5770385f-c22a-43e0-bf4c-06f5698ffbd9}'/><EventID>22</EventID><Version>5</Version><Level>4</Level><Task>22</Task><Opcode>0</Opcode><Keywords>0x8000000000000000</Keywords><TimeCreated SystemTime='2026-04-25T16:31:25.9699213Z'/><EventRecordID>1114</EventRecordID><Correlation/><Execution ProcessID='2848' ThreadID='3940'/><Channel>Microsoft-Windows-Sysmon/Operational</Channel><Computer>DESKTOP-7JEP204</Computer><Security UserID='S-1-5-18'/></System><EventData><Data Name='RuleName'>-</Data><Data Name='UtcTime'>2026-04-25 16:31:25.193</Data><Data Name='ProcessGuid'>{2c24d1db-ec5b-69ec-ab00-000000001600}</Data><Data Name='ProcessId'>7240</Data><Data Name='QueryName'>DESKTOP-7JEP204</Data><Data Name='QueryStatus'>0</Data><Data Name='QueryResults'>fe80::6c8c:4bf2:5e85:270c;::ffff:192.168.56.103;</Data><Data Name='Image'>C:\Users\User\AppData\Local\Programs\Python\Python314\python.exe</Data><Data Name='User'>DESKTOP-7JEP204\User</Data></EventData></Event>
<Event xmlns='http://schemas.microsoft.com/win/2004/08/events/event'><System><Provider Name='Microsoft-Windows-Sysmon' Guid='{5770385f-c22a-43e0-bf4c-06f5698ffbd9}'/><EventID>1</EventID><Version>5</Version><Level>4</Level><Task>1</Task><Opcode>0</Opcode><Keywords>0x8000000000000000</Keywords><TimeCreated SystemTime='2026-04-25T16:31:25.9781201Z'/><EventRecordID>1115</EventRecordID><Correlation/><Execution ProcessID='2848' ThreadID='3924'/><Channel>Microsoft-Windows-Sysmon/Operational</Channel><Computer>DESKTOP-7JEP204</Computer><Security UserID='S-1-5-18'/></System><EventData><Data Name='RuleName'>-</Data><Data Name='UtcTime'>2026-04-25 16:31:25.972</Data><Data Name='ProcessGuid'>{2c24d1db-ec5d-69ec-ac00-000000001600}</Data><Data Name='ProcessId'>7312</Data><Data Name='Image'>C:\Windows\System32\taskhostw.exe</Data><Data Name='FileVersion'>10.0.19041.1865 (WinBuild.160101.0800)</Data><Data Name='Description'>Host Process for Windows Tasks</Data><Data Name='Product'>Microsoft® Windows® Operating System</Data><Data Name='Company'>Microsoft Corporation</Data><Data Name='OriginalFileName'>taskhostw.exe</Data><Data Name='CommandLine'>taskhostw.exe SyncFromCloud</Data><Data Name='CurrentDirectory'>C:\Windows\system32\</Data><Data Name='User'>DESKTOP-7JEP204\User</Data><Data Name='LogonGuid'>{2c24d1db-ec3e-69ec-9d2f-050000000000}</Data><Data Name='LogonId'>0x52f9d</Data><Data Name='TerminalSessionId'>1</Data><Data Name='IntegrityLevel'>Medium</Data><Data Name='Hashes'>MD5=A00BF82660835224CD6606A248321C5D,SHA256=E63709209D09BC0247E785F075DDB28A98C348206109E2B8BA321AD958402728,IMPHASH=3A0C6863CDE566AF997DB2DEFFF9D924</Data><Data Name='ParentProcessGuid'>{00000000-0000-0000-0000-000000000000}</Data><Data Name='ParentProcessId'>1112</Data><Data Name='ParentImage'>-</Data><Data Name='ParentCommandLine'>-</Data><Data Name='ParentUser'>-</Data></EventData></Event>
<Event xmlns='http://schemas.microsoft.com/win/2004/08/events/event'><System><Provider Name='Microsoft-Windows-Sysmon' Guid='{5770385f-c22a-43e0-bf4c-06f5698ffbd9}'/><EventID>1</EventID><Version>5</Version><Level>4</Level><Task>1</Task><Opcode>0</Opcode><Keywords>0x8000000000000000</Keywords><TimeCreated SystemTime='2026-04-25T16:31:26.9771491Z'/><EventRecordID>1116</EventRecordID><Correlation/><Execution ProcessID='2848' ThreadID='3924'/><Channel>Microsoft-Windows-Sysmon/Operational</Channel><Computer>DESKTOP-7JEP204</Computer><Security UserID='S-1-5-18'/></System><EventData><Data Name='RuleName'>-</Data><Data Name='UtcTime'>2026-04-25 16:31:26.968</Data><Data Name='ProcessGuid'>{2c24d1db-ec5e-69ec-ad00-000000001600}</Data><Data Name='ProcessId'>7356</Data><Data Name='Image'>C:\Windows\System32\wlrmdr.exe</Data><Data Name='FileVersion'>10.0.19041.746 (WinBuild.160101.0800)</Data><Data Name='Description'>Windows logon reminder</Data><Data Name='Product'>Microsoft® Windows® Operating System</Data><Data Name='Company'>Microsoft Corporation</Data><Data Name='OriginalFileName'>WLRMNDR.EXE</Data><Data Name='CommandLine'> -c -s 0 -f 0 -t Empty -m Empty -a 0 -u Empty</Data><Data Name='CurrentDirectory'>C:\Windows\system32\</Data><Data Name='User'>DESKTOP-7JEP204\User</Data><Data Name='LogonGuid'>{2c24d1db-ec3e-69ec-9d2f-050000000000}</Data><Data Name='LogonId'>0x52f9d</Data><Data Name='TerminalSessionId'>1</Data><Data Name='IntegrityLevel'>Medium</Data><Data Name='Hashes'>MD5=EF9BBA7A637A11B224A90BF90A8943AC,SHA256=2FDA95AAFB2E9284C730BF912B93F60A75B151941ADC14445ED1E056140325B1,IMPHASH=0C029EF03BE0DFE4324558843609A28E</Data><Data Name='ParentProcessGuid'>{00000000-0000-0000-0000-000000000000}</Data><Data Name='ParentProcessId'>608</Data><Data Name='ParentImage'>-</Data><Data Name='ParentCommandLine'>-</Data><Data Name='ParentUser'>-</Data></EventData></Event>
<Event xmlns='http://schemas.microsoft.com/win/2004/08/events/event'><System><Provider Name='Microsoft-Windows-Sysmon' Guid='{5770385f-c22a-43e0-bf4c-06f5698ffbd9}'/><EventID>5</EventID><Version>3</Version><Level>4</Level><Task>5</Task><Opcode>0</Opcode><Keywords>0x8000000000000000</Keywords><TimeCreated SystemTime='2026-04-25T16:31:28.1661440Z'/><EventRecordID>1117</EventRecordID><Correlation/><Execution ProcessID='2848' ThreadID='3924'/><Channel>Microsoft-Windows-Sysmon/Operational</Channel><Computer>DESKTOP-7JEP204</Computer><Security UserID='S-1-5-18'/></System><EventData><Data Name='RuleName'>-</Data><Data Name='UtcTime'>2026-04-25 16:31:28.159</Data><Data Name='ProcessGuid'>{2c24d1db-ec59-69ec-a700-000000001600}</Data><Data Name='ProcessId'>3076</Data><Data Name='Image'>C:\Users\User\AppData\Local\Microsoft\OneDrive\26.040.0301.0001\FileCoAuth.exe</Data><Data Name='User'>DESKTOP-7JEP204\User</Data></EventData></Event>
<Event xmlns='http://schemas.microsoft.com/win/2004/08/events/event'><System><Provider Name='Microsoft-Windows-Sysmon' Guid='{5770385f-c22a-43e0-bf4c-06f5698ffbd9}'/><EventID>4</EventID><Version>3</Version><Level>4</Level><Task>4</Task><Opcode>0</Opcode><Keywords>0x8000000000000000</Keywords><TimeCreated SystemTime='2026-04-25T16:34:57.9071020Z'/><EventRecordID>1118</EventRecordID><Correlation/><Execution ProcessID='3064' ThreadID='3992'/><Channel>Microsoft-Windows-Sysmon/Operational</Channel><Computer>DESKTOP-7JEP204</Computer><Security UserID='S-1-5-18'/></System><EventData><Data Name='UtcTime'>2026-04-25 16:34:57.899</Data><Data Name='State'>Started</Data><Data Name='Version'>15.20</Data><Data Name='SchemaVersion'>4.91</Data></EventData></Event>
<Event xmlns='http://schemas.microsoft.com/win/2004/08/events/event'><System><Provider Name='Microsoft-Windows-Sysmon' Guid='{5770385f-c22a-43e0-bf4c-06f5698ffbd9}'/><EventID>13</EventID><Version>2</Version><Level>4</Level><Task>13</Task><Opcode>0</Opcode><Keywords>0x8000000000000000</Keywords><TimeCreated SystemTime='2026-04-25T16:34:58.0465382Z'/><EventRecordID>1119</EventRecordID><Correlation/><Execution ProcessID='3064' ThreadID='3992'/><Channel>Microsoft-Windows-Sysmon/Operational</Channel><Computer>DESKTOP-7JEP204</Computer><Security UserID='S-1-5-18'/></System><EventData><Data Name='RuleName'>Context,DeviceConnectedOrUpdated</Data><Data Name='EventType'>SetValue</Data><Data Name='UtcTime'>2026-04-26 00:33:56.896</Data><Data Name='ProcessGuid'>{2c24d1db-5d74-69ed-eb03-000000000000}</Data><Data Name='ProcessId'>4</Data><Data Name='Image'>System</Data><Data Name='TargetObject'>HKLM\System\CurrentControlSet\Control\DeviceClasses\{0a4252a0-7e70-11d0-a5d6-28db04c10000}\##?#ROOT#SYSTEM#0000#{0a4252a0-7e70-11d0-a5d6-28db04c10000}\#{cfd669f1-9bc2-11d0-8299-0000f822fe8a}&amp;{0A4252A0-7E70-11D0-A5D6-28DB04C10000}\Device Parameters\FriendlyName</Data><Data Name='Details'>Tee/Sink-to-Sink Converter</Data><Data Name='User'>NT AUTHORITY\SYSTEM</Data></EventData></Event>
