<Event xmlns='http://schemas.microsoft.com/win/2004/08/events/event'><System><Provider Name='Microsoft-Windows-Sysmon' Guid='{5770385f-c22a-43e0-bf4c-06f5698ffbd9}'/><EventID>13</EventID><Version>2</Version><Level>4</Level><Task>13</Task><Opcode>0</Opcode><Keywords>0x8000000000000000</Keywords><TimeCreated SystemTime='2026-03-30T02:57:28.2406125Z'/><EventRecordID>185</EventRecordID><Correlation/><Execution ProcessID='2832' ThreadID='3692'/><Channel>Microsoft-Windows-Sysmon/Operational</Channel><Computer>DESKTOP-7JEP204</Computer><Security UserID='S-1-5-18'/></System><EventData><Data Name='RuleName'>T1031,T1050</Data><Data Name='EventType'>SetValue</Data><Data Name='UtcTime'>2026-03-30 02:57:28.228</Data><Data Name='ProcessGuid'>{2c24d1db-5702-69ca-0b00-000000001400}</Data><Data Name='ProcessId'>660</Data><Data Name='Image'>C:\Windows\system32\services.exe</Data><Data Name='TargetObject'>HKLM\System\CurrentControlSet\Services\UdkUserSvc_5685d\ImagePath</Data><Data Name='Details'>C:\Windows\system32\svchost.exe -k UdkSvcGroup</Data><Data Name='User'>NT AUTHORITY\SYSTEM</Data></EventData></Event>
<Event xmlns='http://schemas.microsoft.com/win/2004/08/events/event'><System><Provider Name='Microsoft-Windows-Sysmon' Guid='{5770385f-c22a-43e0-bf4c-06f5698ffbd9}'/><EventID>13</EventID><Version>2</Version><Level>4</Level><Task>13</Task><Opcode>0</Opcode><Keywords>0x8000000000000000</Keywords><TimeCreated SystemTime='2026-03-30T02:57:28.2411320Z'/><EventRecordID>186</EventRecordID><Correlation/><Execution ProcessID='2832' ThreadID='3692'/><Channel>Microsoft-Windows-Sysmon/Operational</Channel><Computer>DESKTOP-7JEP204</Computer><Security UserID='S-1-5-18'/></System><EventData><Data Name='RuleName'>T1031,T1050</Data><Data Name='EventType'>SetValue</Data><Data Name='UtcTime'>2026-03-30 02:57:28.228</Data><Data Name='ProcessGuid'>{2c24d1db-5702-69ca-0b00-000000001400}</Data><Data Name='ProcessId'>660</Data><Data Name='Image'>C:\Windows\system32\services.exe</Data><Data Name='TargetObject'>HKLM\System\CurrentControlSet\Services\UnistoreSvc_5685d\Start</Data><Data Name='Details'>DWORD (0x00000003)</Data><Data Name='User'>NT AUTHORITY\SYSTEM</Data></EventData></Event>
<Event xmlns='http://schemas.microsoft.com/win/2004/08/events/event'><System><Provider Name='Microsoft-Windows-Sysmon' Guid='{5770385f-c22a-43e0-bf4c-06f5698ffbd9}'/><EventID>13</EventID><Version>2</Version><Level>4</Level><Task>13</Task><Opcode>0</Opcode><Keywords>0x8000000000000000</Keywords><TimeCreated SystemTime='2026-03-30T02:57:28.2413493Z'/><EventRecordID>187</EventRecordID><Correlation/><Execution ProcessID='2832' ThreadID='3692'/><Channel>Microsoft-Windows-Sysmon/Operational</Channel><Computer>DESKTOP-7JEP204</Computer><Security UserID='S-1-5-18'/></System><EventData><Data Name='RuleName'>T1031,T1050</Data><Data Name='EventType'>SetValue</Data><Data Name='UtcTime'>2026-03-30 02:57:28.228</Data><Data Name='ProcessGuid'>{2c24d1db-5702-69ca-0b00-000000001400}</Data><Data Name='ProcessId'>660</Data><Data Name='Image'>C:\Windows\system32\services.exe</Data><Data Name='TargetObject'>HKLM\System\CurrentControlSet\Services\UnistoreSvc_5685d\ImagePath</Data><Data Name='Details'>C:\Windows\System32\svchost.exe -k UnistackSvcGroup</Data><Data Name='User'>NT AUTHORITY\SYSTEM</Data></EventData></Event>
<Event xmlns='http://schemas.microsoft.com/win/2004/08/events/event'><System><Provider Name='Microsoft-Windows-Sysmon' Guid='{5770385f-c22a-43e0-bf4c-06f5698ffbd9}'/><EventID>13</EventID><Version>2</Version><Level>4</Level><Task>13</Task><Opcode>0</Opcode><Keywords>0x8000000000000000</Keywords><TimeCreated SystemTime='2026-03-30T02:57:28.2418635Z'/><EventRecordID>188</EventRecordID><Correlation/><Execution ProcessID='2832' ThreadID='3692'/><Channel>Microsoft-Windows-Sysmon/Operational</Channel><Computer>DESKTOP-7JEP204</Computer><Security UserID='S-1-5-18'/></System><EventData><Data Name='RuleName'>T1031,T1050</Data><Data Name='EventType'>SetValue</Data><Data Name='UtcTime'>2026-03-30 02:57:28.228</Data><Data Name='ProcessGuid'>{2c24d1db-5702-69ca-0b00-000000001400}</Data><Data Name='ProcessId'>660</Data><Data Name='Image'>C:\Windows\system32\services.exe</Data><Data Name='TargetObject'>HKLM\System\CurrentControlSet\Services\UserDataSvc_5685d\Start</Data><Data Name='Details'>DWORD (0x00000003)</Data><Data Name='User'>NT AUTHORITY\SYSTEM</Data></EventData></Event>
<Event xmlns='http://schemas.microsoft.com/win/2004/08/events/event'><System><Provider Name='Microsoft-Windows-Sysmon' Guid='{5770385f-c22a-43e0-bf4c-06f5698ffbd9}'/><EventID>13</EventID><Version>2</Version><Level>4</Level><Task>13</Task><Opcode>0</Opcode><Keywords>0x8000000000000000</Keywords><TimeCreated SystemTime='2026-03-30T02:57:28.2420580Z'/><EventRecordID>189</EventRecordID><Correlation/><Execution ProcessID='2832' ThreadID='3692'/><Channel>Microsoft-Windows-Sysmon/Operational</Channel><Computer>DESKTOP-7JEP204</Computer><Security UserID='S-1-5-18'/></System><EventData><Data Name='RuleName'>T1031,T1050</Data><Data Name='EventType'>SetValue</Data><Data Name='UtcTime'>2026-03-30 02:57:28.228</Data><Data Name='ProcessGuid'>{2c24d1db-5702-69ca-0b00-000000001400}</Data><Data Name='ProcessId'>660</Data><Data Name='Image'>C:\Windows\system32\services.exe</Data><Data Name='TargetObject'>HKLM\System\CurrentControlSet\Services\UserDataSvc_5685d\ImagePath</Data><Data Name='Details'>C:\Windows\system32\svchost.exe -k UnistackSvcGroup</Data><Data Name='User'>NT AUTHORITY\SYSTEM</Data></EventData></Event>
<Event xmlns='http://schemas.microsoft.com/win/2004/08/events/event'><System><Provider Name='Microsoft-Windows-Sysmon' Guid='{5770385f-c22a-43e0-bf4c-06f5698ffbd9}'/><EventID>13</EventID><Version>2</Version><Level>4</Level><Task>13</Task><Opcode>0</Opcode><Keywords>0x8000000000000000</Keywords><TimeCreated SystemTime='2026-03-30T02:57:28.2424827Z'/><EventRecordID>190</EventRecordID><Correlation/><Execution ProcessID='2832' ThreadID='3692'/><Channel>Microsoft-Windows-Sysmon/Operational</Channel><Computer>DESKTOP-7JEP204</Computer><Security UserID='S-1-5-18'/></System><EventData><Data Name='RuleName'>T1031,T1050</Data><Data Name='EventType'>SetValue</Data><Data Name='UtcTime'>2026-03-30 02:57:28.228</Data><Data Name='ProcessGuid'>{2c24d1db-5702-69ca-0b00-000000001400}</Data><Data Name='ProcessId'>660</Data><Data Name='Image'>C:\Windows\system32\services.exe</Data><Data Name='TargetObject'>HKLM\System\CurrentControlSet\Services\WpnUserService_5685d\Start</Data><Data Name='Details'>DWORD (0x00000002)</Data><Data Name='User'>NT AUTHORITY\SYSTEM</Data></EventData></Event>
<Event xmlns='http://schemas.microsoft.com/win/2004/08/events/event'><System><Provider Name='Microsoft-Windows-Sysmon' Guid='{5770385f-c22a-43e0-bf4c-06f5698ffbd9}'/><EventID>13</EventID><Version>2</Version><Level>4</Level><Task>13</Task><Opcode>0</Opcode><Keywords>0x8000000000000000</Keywords><TimeCreated SystemTime='2026-03-30T02:57:28.2426838Z'/><EventRecordID>191</EventRecordID><Correlation/><Execution ProcessID='2832' ThreadID='3692'/><Channel>Microsoft-Windows-Sysmon/Operational</Channel><Computer>DESKTOP-7JEP204</Computer><Security UserID='S-1-5-18'/></System><EventData><Data Name='RuleName'>T1031,T1050</Data><Data Name='EventType'>SetValue</Data><Data Name='UtcTime'>2026-03-30 02:57:28.228</Data><Data Name='ProcessGuid'>{2c24d1db-5702-69ca-0b00-000000001400}</Data><Data Name='ProcessId'>660</Data><Data Name='Image'>C:\Windows\system32\services.exe</Data><Data Name='TargetObject'>HKLM\System\CurrentControlSet\Services\WpnUserService_5685d\ImagePath</Data><Data Name='Details'>C:\Windows\system32\svchost.exe -k UnistackSvcGroup</Data><Data Name='User'>NT AUTHORITY\SYSTEM</Data></EventData></Event>
<Event xmlns='http://schemas.microsoft.com/win/2004/08/events/event'><System><Provider Name='Microsoft-Windows-Sysmon' Guid='{5770385f-c22a-43e0-bf4c-06f5698ffbd9}'/><EventID>1</EventID><Version>5</Version><Level>4</Level><Task>1</Task><Opcode>0</Opcode><Keywords>0x8000000000000000</Keywords><TimeCreated SystemTime='2026-03-30T02:57:28.2433655Z'/><EventRecordID>192</EventRecordID><Correlation/><Execution ProcessID='2832' ThreadID='3692'/><Channel>Microsoft-Windows-Sysmon/Operational</Channel><Computer>DESKTOP-7JEP204</Computer><Security UserID='S-1-5-18'/></System><EventData><Data Name='RuleName'>-</Data><Data Name='UtcTime'>2026-03-30 02:57:28.236</Data><Data Name='ProcessGuid'>{2c24d1db-e698-69c9-6e00-000000001400}</Data><Data Name='ProcessId'>4028</Data><Data Name='Image'>C:\Windows\System32\svchost.exe</Data><Data Name='FileVersion'>10.0.19041.1806 (WinBuild.160101.0800)</Data><Data Name='Description'>Host Process for Windows Services</Data><Data Name='Product'>Microsoft® Windows® Operating System</Data><Data Name='Company'>Microsoft Corporation</Data><Data Name='OriginalFileName'>svchost.exe</Data><Data Name='CommandLine'>C:\Windows\system32\svchost.exe -k UnistackSvcGroup -s CDPUserSvc</Data><Data Name='CurrentDirectory'>C:\Windows\system32\</Data><Data Name='User'>DESKTOP-7JEP204\User</Data><Data Name='LogonGuid'>{2c24d1db-e697-69c9-1653-050000000000}</Data><Data Name='LogonId'>0x55316</Data><Data Name='TerminalSessionId'>1</Data><Data Name='IntegrityLevel'>Medium</Data><Data Name='Hashes'>MD5=B7F884C1B74A263F746EE12A5F7C9F6A,SHA256=ADD683A6910ABBBF0E28B557FAD0BA998166394932AE2ACA069D9AA19EA8FE88,IMPHASH=247B9220E5D9B720A82B2C8B5069AD69</Data><Data Name='ParentProcessGuid'>{00000000-0000-0000-0000-000000000000}</Data><Data Name='ParentProcessId'>660</Data><Data Name='ParentImage'>-</Data><Data Name='ParentCommandLine'>-</Data><Data Name='ParentUser'>-</Data></EventData></Event>
<Event xmlns='http://schemas.microsoft.com/win/2004/08/events/event'><System><Provider Name='Microsoft-Windows-Sysmon' Guid='{5770385f-c22a-43e0-bf4c-06f5698ffbd9}'/><EventID>1</EventID><Version>5</Version><Level>4</Level><Task>1</Task><Opcode>0</Opcode><Keywords>0x8000000000000000</Keywords><TimeCreated SystemTime='2026-03-30T02:57:28.2778117Z'/><EventRecordID>193</EventRecordID><Correlation/><Execution ProcessID='2832' ThreadID='3692'/><Channel>Microsoft-Windows-Sysmon/Operational</Channel><Computer>DESKTOP-7JEP204</Computer><Security UserID='S-1-5-18'/></System><EventData><Data Name='RuleName'>-</Data><Data Name='UtcTime'>2026-03-30 02:57:28.275</Data><Data Name='ProcessGuid'>{2c24d1db-e698-69c9-6f00-000000001400}</Data><Data Name='ProcessId'>4064</Data><Data Name='Image'>C:\Windows\System32\svchost.exe</Data><Data Name='FileVersion'>10.0.19041.1806 (WinBuild.160101.0800)</Data><Data Name='Description'>Host Process for Windows Services</Data><Data Name='Product'>Microsoft® Windows® Operating System</Data><Data Name='Company'>Microsoft Corporation</Data><Data Name='OriginalFileName'>svchost.exe</Data><Data Name='CommandLine'>C:\Windows\system32\svchost.exe -k UnistackSvcGroup -s WpnUserService</Data><Data Name='CurrentDirectory'>C:\Windows\system32\</Data><Data Name='User'>DESKTOP-7JEP204\User</Data><Data Name='LogonGuid'>{2c24d1db-e697-69c9-1653-050000000000}</Data><Data Name='LogonId'>0x55316</Data><Data Name='TerminalSessionId'>1</Data><Data Name='IntegrityLevel'>Medium</Data><Data Name='Hashes'>MD5=B7F884C1B74A263F746EE12A5F7C9F6A,SHA256=ADD683A6910ABBBF0E28B557FAD0BA998166394932AE2ACA069D9AA19EA8FE88,IMPHASH=247B9220E5D9B720A82B2C8B5069AD69</Data><Data Name='ParentProcessGuid'>{00000000-0000-0000-0000-000000000000}</Data><Data Name='ParentProcessId'>660</Data><Data Name='ParentImage'>-</Data><Data Name='ParentCommandLine'>-</Data><Data Name='ParentUser'>-</Data></EventData></Event>
<Event xmlns='http://schemas.microsoft.com/win/2004/08/events/event'><System><Provider Name='Microsoft-Windows-Sysmon' Guid='{5770385f-c22a-43e0-bf4c-06f5698ffbd9}'/><EventID>1</EventID><Version>5</Version><Level>4</Level><Task>1</Task><Opcode>0</Opcode><Keywords>0x8000000000000000</Keywords><TimeCreated SystemTime='2026-03-30T02:57:28.3592505Z'/><EventRecordID>194</EventRecordID><Correlation/><Execution ProcessID='2832' ThreadID='3692'/><Channel>Microsoft-Windows-Sysmon/Operational</Channel><Computer>DESKTOP-7JEP204</Computer><Security UserID='S-1-5-18'/></System><EventData><Data Name='RuleName'>-</Data><Data Name='UtcTime'>2026-03-30 02:57:28.332</Data><Data Name='ProcessGuid'>{2c24d1db-e698-69c9-7000-000000001400}</Data><Data Name='ProcessId'>2100</Data><Data Name='Image'>C:\Program Files (x86)\Microsoft\EdgeUpdate\MicrosoftEdgeUpdate.exe</Data><Data Name='FileVersion'>1.3.225.7</Data><Data Name='Description'>Microsoft Edge Update</Data><Data Name='Product'>Microsoft Edge Update</Data><Data Name='Company'>Microsoft Corporation</Data><Data Name='OriginalFileName'>MicrosoftEdgeUpdate.exe</Data><Data Name='CommandLine'>"C:\Program Files (x86)\Microsoft\EdgeUpdate\MicrosoftEdgeUpdate.exe" /c</Data><Data Name='CurrentDirectory'>C:\Windows\system32\</Data><Data Name='User'>NT AUTHORITY\SYSTEM</Data><Data Name='LogonGuid'>{2c24d1db-5703-69ca-e703-000000000000}</Data><Data Name='LogonId'>0x3e7</Data><Data Name='TerminalSessionId'>0</Data><Data Name='IntegrityLevel'>System</Data><Data Name='Hashes'>MD5=352C33641CBBD193AF127D306CB960C8,SHA256=F56701783D22D0E17E126D09ACA62B1969259D4B7B00DEDD9A0001C6D1ABEAD2,IMPHASH=CD3B2D99C6655A5D4A14E30E380F5BF9</Data><Data Name='ParentProcessGuid'>{00000000-0000-0000-0000-000000000000}</Data><Data Name='ParentProcessId'>1168</Data><Data Name='ParentImage'>-</Data><Data Name='ParentCommandLine'>-</Data><Data Name='ParentUser'>-</Data></EventData></Event>
<Event xmlns='http://schemas.microsoft.com/win/2004/08/events/event'><System><Provider Name='Microsoft-Windows-Sysmon' Guid='{5770385f-c22a-43e0-bf4c-06f5698ffbd9}'/><EventID>1</EventID><Version>5</Version><Level>4</Level><Task>1</Task><Opcode>0</Opcode><Keywords>0x8000000000000000</Keywords><TimeCreated SystemTime='2026-03-30T02:57:28.3596674Z'/><EventRecordID>195</EventRecordID><Correlation/><Execution ProcessID='2832' ThreadID='3692'/><Channel>Microsoft-Windows-Sysmon/Operational</Channel><Computer>DESKTOP-7JEP204</Computer><Security UserID='S-1-5-18'/></System><EventData><Data Name='RuleName'>-</Data><Data Name='UtcTime'>2026-03-30 02:57:28.348</Data><Data Name='ProcessGuid'>{2c24d1db-e698-69c9-7100-000000001400}</Data><Data Name='ProcessId'>3684</Data><Data Name='Image'>C:\Windows\System32\taskhostw.exe</Data><Data Name='FileVersion'>10.0.19041.1865 (WinBuild.160101.0800)</Data><Data Name='Description'>Host Process for Windows Tasks</Data><Data Name='Product'>Microsoft® Windows® Operating System</Data><Data Name='Company'>Microsoft Corporation</Data><Data Name='OriginalFileName'>taskhostw.exe</Data><Data Name='CommandLine'>taskhostw.exe USER</Data><Data Name='CurrentDirectory'>C:\Windows\system32\</Data><Data Name='User'>DESKTOP-7JEP204\User</Data><Data Name='LogonGuid'>{2c24d1db-e697-69c9-1653-050000000000}</Data><Data Name='LogonId'>0x55316</Data><Data Name='TerminalSessionId'>1</Data><Data Name='IntegrityLevel'>Medium</Data><Data Name='Hashes'>MD5=A00BF82660835224CD6606A248321C5D,SHA256=E63709209D09BC0247E785F075DDB28A98C348206109E2B8BA321AD958402728,IMPHASH=3A0C6863CDE566AF997DB2DEFFF9D924</Data><Data Name='ParentProcessGuid'>{00000000-0000-0000-0000-000000000000}</Data><Data Name='ParentProcessId'>1168</Data><Data Name='ParentImage'>-</Data><Data Name='ParentCommandLine'>-</Data><Data Name='ParentUser'>-</Data></EventData></Event>
<Event xmlns='http://schemas.microsoft.com/win/2004/08/events/event'><System><Provider Name='Microsoft-Windows-Sysmon' Guid='{5770385f-c22a-43e0-bf4c-06f5698ffbd9}'/><EventID>1</EventID><Version>5</Version><Level>4</Level><Task>1</Task><Opcode>0</Opcode><Keywords>0x8000000000000000</Keywords><TimeCreated SystemTime='2026-03-30T02:57:28.3725945Z'/><EventRecordID>196</EventRecordID><Correlation/><Execution ProcessID='2832' ThreadID='3692'/><Channel>Microsoft-Windows-Sysmon/Operational</Channel><Computer>DESKTOP-7JEP204</Computer><Security UserID='S-1-5-18'/></System><EventData><Data Name='RuleName'>-</Data><Data Name='UtcTime'>2026-03-30 02:57:28.362</Data><Data Name='ProcessGuid'>{2c24d1db-e698-69c9-7200-000000001400}</Data><Data Name='ProcessId'>3392</Data><Data Name='Image'>C:\Windows\System32\taskhostw.exe</Data><Data Name='FileVersion'>10.0.19041.1865 (WinBuild.160101.0800)</Data><Data Name='Description'>Host Process for Windows Tasks</Data><Data Name='Product'>Microsoft® Windows® Operating System</Data><Data Name='Company'>Microsoft Corporation</Data><Data Name='OriginalFileName'>taskhostw.exe</Data><Data Name='CommandLine'>taskhostw.exe</Data><Data Name='CurrentDirectory'>C:\Windows\system32\</Data><Data Name='User'>DESKTOP-7JEP204\User</Data><Data Name='LogonGuid'>{2c24d1db-e697-69c9-d952-050000000000}</Data><Data Name='LogonId'>0x552d9</Data><Data Name='TerminalSessionId'>1</Data><Data Name='IntegrityLevel'>High</Data><Data Name='Hashes'>MD5=A00BF82660835224CD6606A248321C5D,SHA256=E63709209D09BC0247E785F075DDB28A98C348206109E2B8BA321AD958402728,IMPHASH=3A0C6863CDE566AF997DB2DEFFF9D924</Data><Data Name='ParentProcessGuid'>{00000000-0000-0000-0000-000000000000}</Data><Data Name='ParentProcessId'>1168</Data><Data Name='ParentImage'>-</Data><Data Name='ParentCommandLine'>-</Data><Data Name='ParentUser'>-</Data></EventData></Event>
<Event xmlns='http://schemas.microsoft.com/win/2004/08/events/event'><System><Provider Name='Microsoft-Windows-Sysmon' Guid='{5770385f-c22a-43e0-bf4c-06f5698ffbd9}'/><EventID>1</EventID><Version>5</Version><Level>4</Level><Task>1</Task><Opcode>0</Opcode><Keywords>0x8000000000000000</Keywords><TimeCreated SystemTime='2026-03-30T02:57:28.3729542Z'/><EventRecordID>197</EventRecordID><Correlation/><Execution ProcessID='2832' ThreadID='3692'/><Channel>Microsoft-Windows-Sysmon/Operational</Channel><Computer>DESKTOP-7JEP204</Computer><Security UserID='S-1-5-18'/></System><EventData><Data Name='RuleName'>-</Data><Data Name='UtcTime'>2026-03-30 02:57:28.366</Data><Data Name='ProcessGuid'>{2c24d1db-e698-69c9-7300-000000001400}</Data><Data Name='ProcessId'>3832</Data><Data Name='Image'>C:\Windows\System32\taskhostw.exe</Data><Data Name='FileVersion'>10.0.19041.1865 (WinBuild.160101.0800)</Data><Data Name='Description'>Host Process for Windows Tasks</Data><Data Name='Product'>Microsoft® Windows® Operating System</Data><Data Name='Company'>Microsoft Corporation</Data><Data Name='OriginalFileName'>taskhostw.exe</Data><Data Name='CommandLine'>taskhostw.exe {222A245B-E637-4AE9-A93F-A59CA119A75E}</Data><Data Name='CurrentDirectory'>C:\Windows\system32\</Data><Data Name='User'>DESKTOP-7JEP204\User</Data><Data Name='LogonGuid'>{2c24d1db-e697-69c9-1653-050000000000}</Data><Data Name='LogonId'>0x55316</Data><Data Name='TerminalSessionId'>1</Data><Data Name='IntegrityLevel'>Medium</Data><Data Name='Hashes'>MD5=A00BF82660835224CD6606A248321C5D,SHA256=E63709209D09BC0247E785F075DDB28A98C348206109E2B8BA321AD958402728,IMPHASH=3A0C6863CDE566AF997DB2DEFFF9D924</Data><Data Name='ParentProcessGuid'>{00000000-0000-0000-0000-000000000000}</Data><Data Name='ParentProcessId'>1168</Data><Data Name='ParentImage'>-</Data><Data Name='ParentCommandLine'>-</Data><Data Name='ParentUser'>-</Data></EventData></Event>
<Event xmlns='http://schemas.microsoft.com/win/2004/08/events/event'><System><Provider Name='Microsoft-Windows-Sysmon' Guid='{5770385f-c22a-43e0-bf4c-06f5698ffbd9}'/><EventID>1</EventID><Version>5</Version><Level>4</Level><Task>1</Task><Opcode>0</Opcode><Keywords>0x8000000000000000</Keywords><TimeCreated SystemTime='2026-03-30T02:57:28.3756682Z'/><EventRecordID>198</EventRecordID><Correlation/><Execution ProcessID='2832' ThreadID='3692'/><Channel>Microsoft-Windows-Sysmon/Operational</Channel><Computer>DESKTOP-7JEP204</Computer><Security UserID='S-1-5-18'/></System><EventData><Data Name='RuleName'>-</Data><Data Name='UtcTime'>2026-03-30 02:57:28.369</Data><Data Name='ProcessGuid'>{2c24d1db-e698-69c9-7400-000000001400}</Data><Data Name='ProcessId'>3724</Data><Data Name='Image'>C:\Windows\System32\svchost.exe</Data><Data Name='FileVersion'>10.0.19041.1806 (WinBuild.160101.0800)</Data><Data Name='Description'>Host Process for Windows Services</Data><Data Name='Product'>Microsoft® Windows® Operating System</Data><Data Name='Company'>Microsoft Corporation</Data><Data Name='OriginalFileName'>svchost.exe</Data><Data Name='CommandLine'>C:\Windows\system32\svchost.exe -k netsvcs -p -s TokenBroker</Data><Data Name='CurrentDirectory'>C:\Windows\system32\</Data><Data Name='User'>NT AUTHORITY\SYSTEM</Data><Data Name='LogonGuid'>{2c24d1db-5703-69ca-e703-000000000000}</Data><Data Name='LogonId'>0x3e7</Data><Data Name='TerminalSessionId'>0</Data><Data Name='IntegrityLevel'>System</Data><Data Name='Hashes'>MD5=B7F884C1B74A263F746EE12A5F7C9F6A,SHA256=ADD683A6910ABBBF0E28B557FAD0BA998166394932AE2ACA069D9AA19EA8FE88,IMPHASH=247B9220E5D9B720A82B2C8B5069AD69</Data><Data Name='ParentProcessGuid'>{00000000-0000-0000-0000-000000000000}</Data><Data Name='ParentProcessId'>660</Data><Data Name='ParentImage'>-</Data><Data Name='ParentCommandLine'>-</Data><Data Name='ParentUser'>-</Data></EventData></Event>
<Event xmlns='http://schemas.microsoft.com/win/2004/08/events/event'><System><Provider Name='Microsoft-Windows-Sysmon' Guid='{5770385f-c22a-43e0-bf4c-06f5698ffbd9}'/><EventID>1</EventID><Version>5</Version><Level>4</Level><Task>1</Task><Opcode>0</Opcode><Keywords>0x8000000000000000</Keywords><TimeCreated SystemTime='2026-03-30T02:57:28.5681831Z'/><EventRecordID>199</EventRecordID><Correlation/><Execution ProcessID='2832' ThreadID='3692'/><Channel>Microsoft-Windows-Sysmon/Operational</Channel><Computer>DESKTOP-7JEP204</Computer><Security UserID='S-1-5-18'/></System><EventData><Data Name='RuleName'>-</Data><Data Name='UtcTime'>2026-03-30 02:57:28.551</Data><Data Name='ProcessGuid'>{2c24d1db-e698-69c9-7500-000000001400}</Data><Data Name='ProcessId'>4164</Data><Data Name='Image'>C:\Windows\System32\svchost.exe</Data><Data Name='FileVersion'>10.0.19041.1806 (WinBuild.160101.0800)</Data><Data Name='Description'>Host Process for Windows Services</Data><Data Name='Product'>Microsoft® Windows® Operating System</Data><Data Name='Company'>Microsoft Corporation</Data><Data Name='OriginalFileName'>svchost.exe</Data><Data Name='CommandLine'>C:\Windows\System32\svchost.exe -k LocalSystemNetworkRestricted -p -s TabletInputService</Data><Data Name='CurrentDirectory'>C:\Windows\system32\</Data><Data Name='User'>NT AUTHORITY\SYSTEM</Data><Data Name='LogonGuid'>{2c24d1db-5703-69ca-e703-000000000000}</Data><Data Name='LogonId'>0x3e7</Data><Data Name='TerminalSessionId'>0</Data><Data Name='IntegrityLevel'>System</Data><Data Name='Hashes'>MD5=B7F884C1B74A263F746EE12A5F7C9F6A,SHA256=ADD683A6910ABBBF0E28B557FAD0BA998166394932AE2ACA069D9AA19EA8FE88,IMPHASH=247B9220E5D9B720A82B2C8B5069AD69</Data><Data Name='ParentProcessGuid'>{00000000-0000-0000-0000-000000000000}</Data><Data Name='ParentProcessId'>660</Data><Data Name='ParentImage'>-</Data><Data Name='ParentCommandLine'>-</Data><Data Name='ParentUser'>-</Data></EventData></Event>
<Event xmlns='http://schemas.microsoft.com/win/2004/08/events/event'><System><Provider Name='Microsoft-Windows-Sysmon' Guid='{5770385f-c22a-43e0-bf4c-06f5698ffbd9}'/><EventID>1</EventID><Version>5</Version><Level>4</Level><Task>1</Task><Opcode>0</Opcode><Keywords>0x8000000000000000</Keywords><TimeCreated SystemTime='2026-03-30T02:57:28.7022888Z'/><EventRecordID>200</EventRecordID><Correlation/><Execution ProcessID='2832' ThreadID='3692'/><Channel>Microsoft-Windows-Sysmon/Operational</Channel><Computer>DESKTOP-7JEP204</Computer><Security UserID='S-1-5-18'/></System><EventData><Data Name='RuleName'>-</Data><Data Name='UtcTime'>2026-03-30 02:57:28.670</Data><Data Name='ProcessGuid'>{2c24d1db-e698-69c9-7600-000000001400}</Data><Data Name='ProcessId'>4228</Data><Data Name='Image'>C:\Windows\System32\ctfmon.exe</Data><Data Name='FileVersion'>10.0.19041.1 (WinBuild.160101.0800)</Data><Data Name='Description'>CTF Loader</Data><Data Name='Product'>Microsoft® Windows® Operating System</Data><Data Name='Company'>Microsoft Corporation</Data><Data Name='OriginalFileName'>CTFMON.EXE</Data><Data Name='CommandLine'>"ctfmon.exe"</Data><Data Name='CurrentDirectory'>C:\Windows\system32\</Data><Data Name='User'>DESKTOP-7JEP204\User</Data><Data Name='LogonGuid'>{2c24d1db-e697-69c9-1653-050000000000}</Data><Data Name='LogonId'>0x55316</Data><Data Name='TerminalSessionId'>1</Data><Data Name='IntegrityLevel'>High</Data><Data Name='Hashes'>MD5=B625C18E177D5BEB5A6F6432CCF46FB3,SHA256=484FED5F039F429ED933931BA607B7EFDA7D1A343D79CFAB60910E1843147012,IMPHASH=6FD43544FB51C12382CAD7C88F550240</Data><Data Name='ParentProcessGuid'>{2c24d1db-e698-69c9-7500-000000001400}</Data><Data Name='ParentProcessId'>4164</Data><Data Name='ParentImage'>C:\Windows\System32\svchost.exe</Data><Data Name='ParentCommandLine'>C:\Windows\System32\svchost.exe -k LocalSystemNetworkRestricted -p -s TabletInputService</Data><Data Name='ParentUser'>NT AUTHORITY\SYSTEM</Data></EventData></Event>
<Event xmlns='http://schemas.microsoft.com/win/2004/08/events/event'><System><Provider Name='Microsoft-Windows-Sysmon' Guid='{5770385f-c22a-43e0-bf4c-06f5698ffbd9}'/><EventID>13</EventID><Version>2</Version><Level>4</Level><Task>13</Task><Opcode>0</Opcode><Keywords>0x8000000000000000</Keywords><TimeCreated SystemTime='2026-03-30T02:57:28.7082089Z'/><EventRecordID>201</EventRecordID><Correlation/><Execution ProcessID='2832' ThreadID='3692'/><Channel>Microsoft-Windows-Sysmon/Operational</Channel><Computer>DESKTOP-7JEP204</Computer><Security UserID='S-1-5-18'/></System><EventData><Data Name='RuleName'>T1031,T1050</Data><Data Name='EventType'>SetValue</Data><Data Name='UtcTime'>2026-03-30 02:57:28.693</Data><Data Name='ProcessGuid'>{2c24d1db-5702-69ca-0b00-000000001400}</Data><Data Name='ProcessId'>660</Data><Data Name='Image'>C:\Windows\system32\services.exe</Data><Data Name='TargetObject'>HKLM\System\CurrentControlSet\Services\TabletInputService\Start</Data><Data Name='Details'>DWORD (0x00000003)</Data><Data Name='User'>NT AUTHORITY\SYSTEM</Data></EventData></Event>
<Event xmlns='http://schemas.microsoft.com/win/2004/08/events/event'><System><Provider Name='Microsoft-Windows-Sysmon' Guid='{5770385f-c22a-43e0-bf4c-06f5698ffbd9}'/><EventID>1</EventID><Version>5</Version><Level>4</Level><Task>1</Task><Opcode>0</Opcode><Keywords>0x8000000000000000</Keywords><TimeCreated SystemTime='2026-03-30T02:57:29.1155060Z'/><EventRecordID>202</EventRecordID><Correlation/><Execution ProcessID='2832' ThreadID='3692'/><Channel>Microsoft-Windows-Sysmon/Operational</Channel><Computer>DESKTOP-7JEP204</Computer><Security UserID='S-1-5-18'/></System><EventData><Data Name='RuleName'>-</Data><Data Name='UtcTime'>2026-03-30 02:57:29.110</Data><Data Name='ProcessGuid'>{2c24d1db-e699-69c9-7700-000000001400}</Data><Data Name='ProcessId'>4336</Data><Data Name='Image'>C:\Windows\System32\svchost.exe</Data><Data Name='FileVersion'>10.0.19041.1806 (WinBuild.160101.0800)</Data><Data Name='Description'>Host Process for Windows Services</Data><Data Name='Product'>Microsoft® Windows® Operating System</Data><Data Name='Company'>Microsoft Corporation</Data><Data Name='OriginalFileName'>svchost.exe</Data><Data Name='CommandLine'>C:\Windows\system32\svchost.exe -k LocalService -p -s CDPSvc</Data><Data Name='CurrentDirectory'>C:\Windows\system32\</Data><Data Name='User'>NT AUTHORITY\LOCAL SERVICE</Data><Data Name='LogonGuid'>{2c24d1db-5705-69ca-e503-000000000000}</Data><Data Name='LogonId'>0x3e5</Data><Data Name='TerminalSessionId'>0</Data><Data Name='IntegrityLevel'>System</Data><Data Name='Hashes'>MD5=B7F884C1B74A263F746EE12A5F7C9F6A,SHA256=ADD683A6910ABBBF0E28B557FAD0BA998166394932AE2ACA069D9AA19EA8FE88,IMPHASH=247B9220E5D9B720A82B2C8B5069AD69</Data><Data Name='ParentProcessGuid'>{00000000-0000-0000-0000-000000000000}</Data><Data Name='ParentProcessId'>660</Data><Data Name='ParentImage'>-</Data><Data Name='ParentCommandLine'>-</Data><Data Name='ParentUser'>-</Data></EventData></Event>
<Event xmlns='http://schemas.microsoft.com/win/2004/08/events/event'><System><Provider Name='Microsoft-Windows-Sysmon' Guid='{5770385f-c22a-43e0-bf4c-06f5698ffbd9}'/><EventID>1</EventID><Version>5</Version><Level>4</Level><Task>1</Task><Opcode>0</Opcode><Keywords>0x8000000000000000</Keywords><TimeCreated SystemTime='2026-03-30T02:57:29.2221898Z'/><EventRecordID>203</EventRecordID><Correlation/><Execution ProcessID='2832' ThreadID='3692'/><Channel>Microsoft-Windows-Sysmon/Operational</Channel><Computer>DESKTOP-7JEP204</Computer><Security UserID='S-1-5-18'/></System><EventData><Data Name='RuleName'>-</Data><Data Name='UtcTime'>2026-03-30 02:57:29.204</Data><Data Name='ProcessGuid'>{2c24d1db-e699-69c9-7800-000000001400}</Data><Data Name='ProcessId'>4372</Data><Data Name='Image'>C:\Windows\System32\userinit.exe</Data><Data Name='FileVersion'>10.0.19041.1741 (WinBuild.160101.0800)</Data><Data Name='Description'>Userinit Logon Application</Data><Data Name='Product'>Microsoft® Windows® Operating System</Data><Data Name='Company'>Microsoft Corporation</Data><Data Name='OriginalFileName'>USERINIT.EXE</Data><Data Name='CommandLine'>C:\Windows\system32\userinit.exe</Data><Data Name='CurrentDirectory'>C:\Windows\system32\</Data><Data Name='User'>DESKTOP-7JEP204\User</Data><Data Name='LogonGuid'>{2c24d1db-e697-69c9-1653-050000000000}</Data><Data Name='LogonId'>0x55316</Data><Data Name='TerminalSessionId'>1</Data><Data Name='IntegrityLevel'>Medium</Data><Data Name='Hashes'>MD5=47BBDBE152A597F4A840C5269ED961E8,SHA256=03C963391D522A764136008A878369C07FCDF05083274A8A9F27348A14E13D55,IMPHASH=F7CE4577C1C3EAEB2841C3E21921D9AA</Data><Data Name='ParentProcessGuid'>{00000000-0000-0000-0000-000000000000}</Data><Data Name='ParentProcessId'>592</Data><Data Name='ParentImage'>-</Data><Data Name='ParentCommandLine'>-</Data><Data Name='ParentUser'>-</Data></EventData></Event>
<Event xmlns='http://schemas.microsoft.com/win/2004/08/events/event'><System><Provider Name='Microsoft-Windows-Sysmon' Guid='{5770385f-c22a-43e0-bf4c-06f5698ffbd9}'/><EventID>22</EventID><Version>5</Version><Level>4</Level><Task>22</Task><Opcode>0</Opcode><Keywords>0x8000000000000000</Keywords><TimeCreated SystemTime='2026-03-30T02:57:29.2252089Z'/><EventRecordID>204</EventRecordID><Correlation/><Execution ProcessID='2832' ThreadID='3732'/><Channel>Microsoft-Windows-Sysmon/Operational</Channel><Computer>DESKTOP-7JEP204</Computer><Security UserID='S-1-5-18'/></System><EventData><Data Name='RuleName'>-</Data><Data Name='UtcTime'>2026-03-30 02:57:27.993</Data><Data Name='ProcessGuid'>{2c24d1db-e688-69c9-2e00-000000001400}</Data><Data Name='ProcessId'>1972</Data><Data Name='QueryName'>wpad</Data><Data Name='QueryStatus'>123</Data><Data Name='QueryResults'>-</Data><Data Name='Image'>C:\Windows\System32\svchost.exe</Data><Data Name='User'>NT AUTHORITY\LOCAL SERVICE</Data></EventData></Event>
<Event xmlns='http://schemas.microsoft.com/win/2004/08/events/event'><System><Provider Name='Microsoft-Windows-Sysmon' Guid='{5770385f-c22a-43e0-bf4c-06f5698ffbd9}'/><EventID>1</EventID><Version>5</Version><Level>4</Level><Task>1</Task><Opcode>0</Opcode><Keywords>0x8000000000000000</Keywords><TimeCreated SystemTime='2026-03-30T02:57:29.3329130Z'/><EventRecordID>205</EventRecordID><Correlation/><Execution ProcessID='2832' ThreadID='3692'/><Channel>Microsoft-Windows-Sysmon/Operational</Channel><Computer>DESKTOP-7JEP204</Computer><Security UserID='S-1-5-18'/></System><EventData><Data Name='RuleName'>-</Data><Data Name='UtcTime'>2026-03-30 02:57:29.286</Data><Data Name='ProcessGuid'>{2c24d1db-e699-69c9-7900-000000001400}</Data><Data Name='ProcessId'>4412</Data><Data Name='Image'>C:\Windows\explorer.exe</Data><Data Name='FileVersion'>10.0.19041.2006 (WinBuild.160101.0800)</Data><Data Name='Description'>Windows Explorer</Data><Data Name='Product'>Microsoft® Windows® Operating System</Data><Data Name='Company'>Microsoft Corporation</Data><Data Name='OriginalFileName'>EXPLORER.EXE</Data><Data Name='CommandLine'>C:\Windows\Explorer.EXE</Data><Data Name='CurrentDirectory'>C:\Windows\system32\</Data><Data Name='User'>DESKTOP-7JEP204\User</Data><Data Name='LogonGuid'>{2c24d1db-e697-69c9-1653-050000000000}</Data><Data Name='LogonId'>0x55316</Data><Data Name='TerminalSessionId'>1</Data><Data Name='IntegrityLevel'>Medium</Data><Data Name='Hashes'>MD5=662F4F92FDE3557E86D110526BB578D5,SHA256=5C6A56B62949B563E64F7F8AC15ECAA13F435EF767F98DCC7D9EDEB68AA3D690,IMPHASH=5F945E0B0296C3CBCAA153DC554D53DF</Data><Data Name='ParentProcessGuid'>{2c24d1db-e699-69c9-7800-000000001400}</Data><Data Name='ParentProcessId'>4372</Data><Data Name='ParentImage'>C:\Windows\System32\userinit.exe</Data><Data Name='ParentCommandLine'>C:\Windows\system32\userinit.exe</Data><Data Name='ParentUser'>DESKTOP-7JEP204\User</Data></EventData></Event>
<Event xmlns='http://schemas.microsoft.com/win/2004/08/events/event'><System><Provider Name='Microsoft-Windows-Sysmon' Guid='{5770385f-c22a-43e0-bf4c-06f5698ffbd9}'/><EventID>1</EventID><Version>5</Version><Level>4</Level><Task>1</Task><Opcode>0</Opcode><Keywords>0x8000000000000000</Keywords><TimeCreated SystemTime='2026-03-30T02:57:30.3188128Z'/><EventRecordID>206</EventRecordID><Correlation/><Execution ProcessID='2832' ThreadID='3692'/><Channel>Microsoft-Windows-Sysmon/Operational</Channel><Computer>DESKTOP-7JEP204</Computer><Security UserID='S-1-5-18'/></System><EventData><Data Name='RuleName'>-</Data><Data Name='UtcTime'>2026-03-30 02:57:30.305</Data><Data Name='ProcessGuid'>{2c24d1db-e69a-69c9-7b00-000000001400}</Data><Data Name='ProcessId'>4684</Data><Data Name='Image'>C:\Windows\System32\svchost.exe</Data><Data Name='FileVersion'>10.0.19041.1806 (WinBuild.160101.0800)</Data><Data Name='Description'>Host Process for Windows Services</Data><Data Name='Product'>Microsoft® Windows® Operating System</Data><Data Name='Company'>Microsoft Corporation</Data><Data Name='OriginalFileName'>svchost.exe</Data><Data Name='CommandLine'>C:\Windows\system32\svchost.exe -k ClipboardSvcGroup -p -s cbdhsvc</Data><Data Name='CurrentDirectory'>C:\Windows\system32\</Data><Data Name='User'>DESKTOP-7JEP204\User</Data><Data Name='LogonGuid'>{2c24d1db-e697-69c9-1653-050000000000}</Data><Data Name='LogonId'>0x55316</Data><Data Name='TerminalSessionId'>1</Data><Data Name='IntegrityLevel'>Medium</Data><Data Name='Hashes'>MD5=B7F884C1B74A263F746EE12A5F7C9F6A,SHA256=ADD683A6910ABBBF0E28B557FAD0BA998166394932AE2ACA069D9AA19EA8FE88,IMPHASH=247B9220E5D9B720A82B2C8B5069AD69</Data><Data Name='ParentProcessGuid'>{00000000-0000-0000-0000-000000000000}</Data><Data Name='ParentProcessId'>660</Data><Data Name='ParentImage'>-</Data><Data Name='ParentCommandLine'>-</Data><Data Name='ParentUser'>-</Data></EventData></Event>
<Event xmlns='http://schemas.microsoft.com/win/2004/08/events/event'><System><Provider Name='Microsoft-Windows-Sysmon' Guid='{5770385f-c22a-43e0-bf4c-06f5698ffbd9}'/><EventID>1</EventID><Version>5</Version><Level>4</Level><Task>1</Task><Opcode>0</Opcode><Keywords>0x8000000000000000</Keywords><TimeCreated SystemTime='2026-03-30T02:57:31.3112662Z'/><EventRecordID>207</EventRecordID><Correlation/><Execution ProcessID='2832' ThreadID='3692'/><Channel>Microsoft-Windows-Sysmon/Operational</Channel><Computer>DESKTOP-7JEP204</Computer><Security UserID='S-1-5-18'/></System><EventData><Data Name='RuleName'>-</Data><Data Name='UtcTime'>2026-03-30 02:57:31.286</Data><Data Name='ProcessGuid'>{2c24d1db-e69b-69c9-7d00-000000001400}</Data><Data Name='ProcessId'>4864</Data><Data Name='Image'>C:\Program Files (x86)\Microsoft\EdgeUpdate\MicrosoftEdgeUpdate.exe</Data><Data Name='FileVersion'>1.3.225.7</Data><Data Name='Description'>Microsoft Edge Update</Data><Data Name='Product'>Microsoft Edge Update</Data><Data Name='Company'>Microsoft Corporation</Data><Data Name='OriginalFileName'>MicrosoftEdgeUpdate.exe</Data><Data Name='CommandLine'>"C:\Program Files (x86)\Microsoft\EdgeUpdate\MicrosoftEdgeUpdate.exe" /ua /installsource core</Data><Data Name='CurrentDirectory'>C:\Program Files (x86)\Microsoft\EdgeUpdate\1.3.225.7\</Data><Data Name='User'>NT AUTHORITY\SYSTEM</Data><Data Name='LogonGuid'>{2c24d1db-5703-69ca-e703-000000000000}</Data><Data Name='LogonId'>0x3e7</Data><Data Name='TerminalSessionId'>0</Data><Data Name='IntegrityLevel'>System</Data><Data Name='Hashes'>MD5=352C33641CBBD193AF127D306CB960C8,SHA256=F56701783D22D0E17E126D09ACA62B1969259D4B7B00DEDD9A0001C6D1ABEAD2,IMPHASH=CD3B2D99C6655A5D4A14E30E380F5BF9</Data><Data Name='ParentProcessGuid'>{2c24d1db-e698-69c9-7000-000000001400}</Data><Data Name='ParentProcessId'>2100</Data><Data Name='ParentImage'>C:\Program Files (x86)\Microsoft\EdgeUpdate\MicrosoftEdgeUpdate.exe</Data><Data Name='ParentCommandLine'>"C:\Program Files (x86)\Microsoft\EdgeUpdate\MicrosoftEdgeUpdate.exe" /c</Data><Data Name='ParentUser'>NT AUTHORITY\SYSTEM</Data></EventData></Event>
<Event xmlns='http://schemas.microsoft.com/win/2004/08/events/event'><System><Provider Name='Microsoft-Windows-Sysmon' Guid='{5770385f-c22a-43e0-bf4c-06f5698ffbd9}'/><EventID>22</EventID><Version>5</Version><Level>4</Level><Task>22</Task><Opcode>0</Opcode><Keywords>0x8000000000000000</Keywords><TimeCreated SystemTime='2026-03-30T02:57:32.4413913Z'/><EventRecordID>208</EventRecordID><Correlation/><Execution ProcessID='2832' ThreadID='3732'/><Channel>Microsoft-Windows-Sysmon/Operational</Channel><Computer>DESKTOP-7JEP204</Computer><Security UserID='S-1-5-18'/></System><EventData><Data Name='RuleName'>-</Data><Data Name='UtcTime'>2026-03-30 02:57:32.602</Data><Data Name='ProcessGuid'>{2c24d1db-e689-69c9-3700-000000001400}</Data><Data Name='ProcessId'>2420</Data><Data Name='QueryName'>DESKTOP-7JEP204</Data><Data Name='QueryStatus'>0</Data><Data Name='QueryResults'>fe80::6c8c:4bf2:5e85:270c;::ffff:192.168.56.103;</Data><Data Name='Image'>C:\Windows\System32\spoolsv.exe</Data><Data Name='User'>NT AUTHORITY\SYSTEM</Data></EventData></Event>
<Event xmlns='http://schemas.microsoft.com/win/2004/08/events/event'><System><Provider Name='Microsoft-Windows-Sysmon' Guid='{5770385f-c22a-43e0-bf4c-06f5698ffbd9}'/><EventID>22</EventID><Version>5</Version><Level>4</Level><Task>22</Task><Opcode>0</Opcode><Keywords>0x8000000000000000</Keywords><TimeCreated SystemTime='2026-03-30T02:57:33.4609525Z'/><EventRecordID>209</EventRecordID><Correlation/><Execution ProcessID='2832' ThreadID='3732'/><Channel>Microsoft-Windows-Sysmon/Operational</Channel><Computer>DESKTOP-7JEP204</Computer><Security UserID='S-1-5-18'/></System><EventData><Data Name='RuleName'>-</Data><Data Name='UtcTime'>2026-03-30 02:57:32.783</Data><Data Name='ProcessGuid'>{2c24d1db-e689-69c9-3700-000000001400}</Data><Data Name='ProcessId'>2420</Data><Data Name='QueryName'>DESKTOP-7JEP204</Data><Data Name='QueryStatus'>0</Data><Data Name='QueryResults'>192.168.56.103;</Data><Data Name='Image'>C:\Windows\System32\spoolsv.exe</Data><Data Name='User'>NT AUTHORITY\SYSTEM</Data></EventData></Event>
<Event xmlns='http://schemas.microsoft.com/win/2004/08/events/event'><System><Provider Name='Microsoft-Windows-Sysmon' Guid='{5770385f-c22a-43e0-bf4c-06f5698ffbd9}'/><EventID>22</EventID><Version>5</Version><Level>4</Level><Task>22</Task><Opcode>0</Opcode><Keywords>0x8000000000000000</Keywords><TimeCreated SystemTime='2026-03-30T02:57:33.4609752Z'/><EventRecordID>210</EventRecordID><Correlation/><Execution ProcessID='2832' ThreadID='3732'/><Channel>Microsoft-Windows-Sysmon/Operational</Channel><Computer>DESKTOP-7JEP204</Computer><Security UserID='S-1-5-18'/></System><EventData><Data Name='RuleName'>-</Data><Data Name='UtcTime'>2026-03-30 02:57:32.783</Data><Data Name='ProcessGuid'>{2c24d1db-e689-69c9-3700-000000001400}</Data><Data Name='ProcessId'>2420</Data><Data Name='QueryName'>DESKTOP-7JEP204</Data><Data Name='QueryStatus'>0</Data><Data Name='QueryResults'>fe80::6c8c:4bf2:5e85:270c;</Data><Data Name='Image'>C:\Windows\System32\spoolsv.exe</Data><Data Name='User'>NT AUTHORITY\SYSTEM</Data></EventData></Event>
<Event xmlns='http://schemas.microsoft.com/win/2004/08/events/event'><System><Provider Name='Microsoft-Windows-Sysmon' Guid='{5770385f-c22a-43e0-bf4c-06f5698ffbd9}'/><EventID>1</EventID><Version>5</Version><Level>4</Level><Task>1</Task><Opcode>0</Opcode><Keywords>0x8000000000000000</Keywords><TimeCreated SystemTime='2026-03-30T02:57:47.4370019Z'/><EventRecordID>211</EventRecordID><Correlation/><Execution ProcessID='2832' ThreadID='3692'/><Channel>Microsoft-Windows-Sysmon/Operational</Channel><Computer>DESKTOP-7JEP204</Computer><Security UserID='S-1-5-18'/></System><EventData><Data Name='RuleName'>-</Data><Data Name='UtcTime'>2026-03-30 02:57:47.419</Data><Data Name='ProcessGuid'>{2c24d1db-e6ab-69c9-8b00-000000001400}</Data><Data Name='ProcessId'>6088</Data><Data Name='Image'>C:\Windows\System32\smartscreen.exe</Data><Data Name='FileVersion'>10.0.19041.1682 (WinBuild.160101.0800)</Data><Data Name='Description'>Windows Defender SmartScreen</Data><Data Name='Product'>Microsoft® Windows® Operating System</Data><Data Name='Company'>Microsoft Corporation</Data><Data Name='OriginalFileName'>smartscreen.exe</Data><Data Name='CommandLine'>C:\Windows\System32\smartscreen.exe -Embedding</Data><Data Name='CurrentDirectory'>C:\Windows\system32\</Data><Data Name='User'>DESKTOP-7JEP204\User</Data><Data Name='LogonGuid'>{2c24d1db-e697-69c9-1653-050000000000}</Data><Data Name='LogonId'>0x55316</Data><Data Name='TerminalSessionId'>1</Data><Data Name='IntegrityLevel'>Medium</Data><Data Name='Hashes'>MD5=02FB7069B8D8426DC72C9D8A495AF55A,SHA256=320213E0E9CA58BF5DE4B1B69DED1E06DF191D99866FAD26255A4D3FCAD2F124,IMPHASH=6DFBF12753AF176E3C203C407493A5B9</Data><Data Name='ParentProcessGuid'>{00000000-0000-0000-0000-000000000000}</Data><Data Name='ParentProcessId'>780</Data><Data Name='ParentImage'>-</Data><Data Name='ParentCommandLine'>-</Data><Data Name='ParentUser'>-</Data></EventData></Event>
<Event xmlns='http://schemas.microsoft.com/win/2004/08/events/event'><System><Provider Name='Microsoft-Windows-Sysmon' Guid='{5770385f-c22a-43e0-bf4c-06f5698ffbd9}'/><EventID>1</EventID><Version>5</Version><Level>4</Level><Task>1</Task><Opcode>0</Opcode><Keywords>0x8000000000000000</Keywords><TimeCreated SystemTime='2026-03-30T02:57:47.7059040Z'/><EventRecordID>212</EventRecordID><Correlation/><Execution ProcessID='2832' ThreadID='3692'/><Channel>Microsoft-Windows-Sysmon/Operational</Channel><Computer>DESKTOP-7JEP204</Computer><Security UserID='S-1-5-18'/></System><EventData><Data Name='RuleName'>-</Data><Data Name='UtcTime'>2026-03-30 02:57:47.523</Data><Data Name='ProcessGuid'>{2c24d1db-e6ab-69c9-8c00-000000001400}</Data><Data Name='ProcessId'>6136</Data><Data Name='Image'>C:\Windows\System32\SecurityHealthSystray.exe</Data><Data Name='FileVersion'>10.0.19041.1 (WinBuild.160101.0800)</Data><Data Name='Description'>Windows Security notification icon</Data><Data Name='Product'>Microsoft® Windows® Operating System</Data><Data Name='Company'>Microsoft Corporation</Data><Data Name='OriginalFileName'>SecurityHealthSystray.exe</Data><Data Name='CommandLine'>"C:\Windows\System32\SecurityHealthSystray.exe" </Data><Data Name='CurrentDirectory'>C:\Windows\system32\</Data><Data Name='User'>DESKTOP-7JEP204\User</Data><Data Name='LogonGuid'>{2c24d1db-e697-69c9-1653-050000000000}</Data><Data Name='LogonId'>0x55316</Data><Data Name='TerminalSessionId'>1</Data><Data Name='IntegrityLevel'>Medium</Data><Data Name='Hashes'>MD5=783C99AFD4C2AE6950FA5694389D2CFA,SHA256=570B37A7A3FFDAFCCECCC33CBC1968FEB857B73CA3CB4DFFEDC2E67E9ABD0878,IMPHASH=E6B44B525767F585EB30F35172497CB0</Data><Data Name='ParentProcessGuid'>{2c24d1db-e699-69c9-7900-000000001400}</Data><Data Name='ParentProcessId'>4412</Data><Data Name='ParentImage'>C:\Windows\explorer.exe</Data><Data Name='ParentCommandLine'>C:\Windows\Explorer.EXE</Data><Data Name='ParentUser'>DESKTOP-7JEP204\User</Data></EventData></Event>
<Event xmlns='http://schemas.microsoft.com/win/2004/08/events/event'><System><Provider Name='Microsoft-Windows-Sysmon' Guid='{5770385f-c22a-43e0-bf4c-06f5698ffbd9}'/><EventID>1</EventID><Version>5</Version><Level>4</Level><Task>1</Task><Opcode>0</Opcode><Keywords>0x8000000000000000</Keywords><TimeCreated SystemTime='2026-03-30T02:57:47.7757936Z'/><EventRecordID>213</EventRecordID><Correlation/><Execution ProcessID='2832' ThreadID='3692'/><Channel>Microsoft-Windows-Sysmon/Operational</Channel><Computer>DESKTOP-7JEP204</Computer><Security UserID='S-1-5-18'/></System><EventData><Data Name='RuleName'>-</Data><Data Name='UtcTime'>2026-03-30 02:57:47.761</Data><Data Name='ProcessGuid'>{2c24d1db-e6ab-69c9-8d00-000000001400}</Data><Data Name='ProcessId'>3888</Data><Data Name='Image'>C:\Windows\System32\SecurityHealthService.exe</Data><Data Name='FileVersion'>4.18.1907.16384 (WinBuild.160101.0800)</Data><Data Name='Description'>Windows Security Health Service</Data><Data Name='Product'>Microsoft® Windows® Operating System</Data><Data Name='Company'>Microsoft Corporation</Data><Data Name='OriginalFileName'>SecurityHealthService.exe</Data><Data Name='CommandLine'>C:\Windows\system32\SecurityHealthService.exe</Data><Data Name='CurrentDirectory'>C:\Windows\system32\</Data><Data Name='User'>NT AUTHORITY\SYSTEM</Data><Data Name='LogonGuid'>{2c24d1db-5703-69ca-e703-000000000000}</Data><Data Name='LogonId'>0x3e7</Data><Data Name='TerminalSessionId'>0</Data><Data Name='IntegrityLevel'>System</Data><Data Name='Hashes'>MD5=F5D2559BE41874ECF79D507689B53717,SHA256=9CC7953399C722DB4FC87B09D43D5DB8BB31E1116587A88DE24142F40FB569BE,IMPHASH=7DFC7478D6668760D96E18604ED6AB6E</Data><Data Name='ParentProcessGuid'>{00000000-0000-0000-0000-000000000000}</Data><Data Name='ParentProcessId'>660</Data><Data Name='ParentImage'>-</Data><Data Name='ParentCommandLine'>-</Data><Data Name='ParentUser'>-</Data></EventData></Event>
<Event xmlns='http://schemas.microsoft.com/win/2004/08/events/event'><System><Provider Name='Microsoft-Windows-Sysmon' Guid='{5770385f-c22a-43e0-bf4c-06f5698ffbd9}'/><EventID>1</EventID><Version>5</Version><Level>4</Level><Task>1</Task><Opcode>0</Opcode><Keywords>0x8000000000000000</Keywords><TimeCreated SystemTime='2026-03-30T02:57:48.5095794Z'/><EventRecordID>214</EventRecordID><Correlation/><Execution ProcessID='2832' ThreadID='3692'/><Channel>Microsoft-Windows-Sysmon/Operational</Channel><Computer>DESKTOP-7JEP204</Computer><Security UserID='S-1-5-18'/></System><EventData><Data Name='RuleName'>-</Data><Data Name='UtcTime'>2026-03-30 02:57:48.498</Data><Data Name='ProcessGuid'>{2c24d1db-e6ac-69c9-9000-000000001400}</Data><Data Name='ProcessId'>2428</Data><Data Name='Image'>C:\Windows\System32\consent.exe</Data><Data Name='FileVersion'>10.0.19041.1865 (WinBuild.160101.0800)</Data><Data Name='Description'>Consent UI for administrative applications</Data><Data Name='Product'>Microsoft® Windows® Operating System</Data><Data Name='Company'>Microsoft Corporation</Data><Data Name='OriginalFileName'>consent.exe</Data><Data Name='CommandLine'>consent.exe 408 288 000002616FC29EA0</Data><Data Name='CurrentDirectory'>C:\Windows\system32\</Data><Data Name='User'>NT AUTHORITY\SYSTEM</Data><Data Name='LogonGuid'>{2c24d1db-5703-69ca-e703-000000000000}</Data><Data Name='LogonId'>0x3e7</Data><Data Name='TerminalSessionId'>1</Data><Data Name='IntegrityLevel'>System</Data><Data Name='Hashes'>MD5=DD5032EF160209E470E2612A8A3D5F59,SHA256=7FF00DE6D57E83E0A3D566935C7557F11F9B12270529582987FF14EE65502EA6,IMPHASH=7001337914CFB426620F508E54CDF72F</Data><Data Name='ParentProcessGuid'>{2c24d1db-e6ac-69c9-8f00-000000001400}</Data><Data Name='ParentProcessId'>408</Data><Data Name='ParentImage'>C:\Windows\System32\svchost.exe</Data><Data Name='ParentCommandLine'>C:\Windows\system32\svchost.exe -k netsvcs -p -s Appinfo</Data><Data Name='ParentUser'>NT AUTHORITY\SYSTEM</Data></EventData></Event>
<Event xmlns='http://schemas.microsoft.com/win/2004/08/events/event'><System><Provider Name='Microsoft-Windows-Sysmon' Guid='{5770385f-c22a-43e0-bf4c-06f5698ffbd9}'/><EventID>1</EventID><Version>5</Version><Level>4</Level><Task>1</Task><Opcode>0</Opcode><Keywords>0x8000000000000000</Keywords><TimeCreated SystemTime='2026-03-30T02:57:48.6759047Z'/><EventRecordID>215</EventRecordID><Correlation/><Execution ProcessID='2832' ThreadID='3692'/><Channel>Microsoft-Windows-Sysmon/Operational</Channel><Computer>DESKTOP-7JEP204</Computer><Security UserID='S-1-5-18'/></System><EventData><Data Name='RuleName'>-</Data><Data Name='UtcTime'>2026-03-30 02:57:48.665</Data><Data Name='ProcessGuid'>{2c24d1db-e6ac-69c9-9100-000000001400}</Data><Data Name='ProcessId'>3600</Data><Data Name='Image'>C:\Windows\System32\cmd.exe</Data><Data Name='FileVersion'>10.0.19041.746 (WinBuild.160101.0800)</Data><Data Name='Description'>Windows Command Processor</Data><Data Name='Product'>Microsoft® Windows® Operating System</Data><Data Name='Company'>Microsoft Corporation</Data><Data Name='OriginalFileName'>Cmd.Exe</Data><Data Name='CommandLine'>"C:\Windows\system32\cmd.exe" </Data><Data Name='CurrentDirectory'>C:\Windows\system32\</Data><Data Name='User'>DESKTOP-7JEP204\User</Data><Data Name='LogonGuid'>{2c24d1db-e697-69c9-d952-050000000000}</Data><Data Name='LogonId'>0x552d9</Data><Data Name='TerminalSessionId'>1</Data><Data Name='IntegrityLevel'>High</Data><Data Name='Hashes'>MD5=8A2122E8162DBEF04694B9C3E0B6CDEE,SHA256=B99D61D874728EDC0918CA0EB10EAB93D381E7367E377406E65963366C874450,IMPHASH=272245E2988E1E430500B852C4FB5E18</Data><Data Name='ParentProcessGuid'>{2c24d1db-e699-69c9-7900-000000001400}</Data><Data Name='ParentProcessId'>4412</Data><Data Name='ParentImage'>C:\Windows\explorer.exe</Data><Data Name='ParentCommandLine'>C:\Windows\Explorer.EXE</Data><Data Name='ParentUser'>DESKTOP-7JEP204\User</Data></EventData></Event>
